2024-12-15 22:17:19,788 - INFO: Successfully loaded problem from input/example-min.mps
2024-12-15 22:17:19,789 - INFO: Problem Details:
2024-12-15 22:17:19,790 - INFO: - Variables: 18
2024-12-15 22:17:19,790 - INFO: - Constraints: 18
2024-12-15 22:17:19,791 - INFO: - Objective Sense: Minimize
2024-12-15 22:17:19,791 - INFO: Starting Optimization Experiment
2024-12-15 22:17:19,792 - INFO: Solving Original Problem
2024-12-15 22:17:19,804 - INFO: Solve Status: Optimal solution found
2024-12-15 22:17:19,804 - INFO: Solve Time: 0.0110 seconds
2024-12-15 22:17:19,805 - INFO: Objective Value: 1201500.0
2024-12-15 22:17:19,806 - INFO: Creating Permuted Problem
2024-12-15 22:17:19,809 - INFO: Creating permuted problem:
2024-12-15 22:17:19,809 - INFO: Permutation: [11  0 17  9 14  5  6  3 16  1 10 13 12  7  4  2  8 15]
2024-12-15 22:17:19,812 - INFO: Permuted problem created successfully.
2024-12-15 22:17:19,813 - INFO: Solving Permuted Problem
2024-12-15 22:17:19,824 - INFO: Solve Status: Optimal solution found
2024-12-15 22:17:19,825 - INFO: Solve Time: 0.0110 seconds
2024-12-15 22:17:19,826 - INFO: Objective Value: 1201500.0
2024-12-15 22:17:19,827 - INFO: Comparing Results
2024-12-15 22:17:19,828 - INFO: Original Objective: 1201500.0
2024-12-15 22:17:19,829 - INFO: Permuted Objective: 1201500.0
2024-12-15 22:17:19,829 - INFO: Original Solve Time: 0.0110135078 seconds
2024-12-15 22:17:19,830 - INFO: Permuted Solve Time: 0.0109965801 seconds
2024-12-15 22:17:19,830 - INFO: Absolute Objective Difference: 0.0
2024-12-15 22:17:19,831 - INFO: Relative Objective Difference: 0.0000%
2024-12-15 22:17:19,831 - INFO: Absolute Time Difference: 0.0000169277 seconds
2024-12-15 22:17:19,832 - INFO: Experiment Completed
