2025-01-27 18:42:19,899 - INFO: Successfully loaded problem from input/dummy_with_bounds.mps
2025-01-27 18:42:19,900 - INFO: Problem Details:
2025-01-27 18:42:19,900 - INFO: - Variables: 4
2025-01-27 18:42:19,901 - INFO: - Constraints: 3
2025-01-27 18:42:19,901 - INFO: - Objective Sense: Minimize
2025-01-27 18:42:19,905 - DEBUG: 
Objective:
    +4 x1 + +5 x2 + +2 x3 + +3 x4 (minimize)

Variables:
    x1 [0, 5] (Integer)
    x2 [1, 10] (Integer)
    x3 [0, 7.5] (Continuous)
    x4 [-2, 2] (Continuous)

Constraints:
    +2 x1 + +3 x3 <= 6
    +1 x2 - 1 x4 <= 0
    +1 x1 + +1 x2 + +1 x3 + +1 x4 <= 10
2025-01-27 18:42:19,910 - INFO: Solving Original Problem
2025-01-27 18:42:19,921 - INFO: Solve Status: Optimal solution found
2025-01-27 18:42:19,922 - INFO: Solve Time: 0.0089 seconds
2025-01-27 18:42:19,923 - INFO: Objective Value: 8.0
2025-01-27 18:42:19,925 - INFO: Original Problem Results:
2025-01-27 18:42:19,925 - INFO: - Objective Value: 8.0
2025-01-27 18:42:19,926 - INFO: - Solve Time: 0.0088698864 seconds
2025-01-27 18:42:19,926 - DEBUG: Generating canonical form for the original model...
2025-01-27 18:42:19,927 - DEBUG: Starting normalization...
2025-01-27 18:42:19,929 - DEBUG: Column norms before scaling:
2025-01-27 18:42:19,929 - DEBUG: Col 0: 2.23606797749979
2025-01-27 18:42:19,930 - DEBUG: Col 1: 1.4142135623730951
2025-01-27 18:42:19,930 - DEBUG: Col 2: 3.1622776601683795
2025-01-27 18:42:19,931 - DEBUG: Col 3: 1.4142135623730951
2025-01-27 18:42:19,933 - DEBUG: Normalization completed.
2025-01-27 18:42:19,934 - DEBUG: Normalized matrix shape: (3, 4), nnz: 8
2025-01-27 18:42:19,934 - DEBUG: Variable scores before ordering:
2025-01-27 18:42:19,935 - DEBUG: Var 0 score: 8.94427190999916
2025-01-27 18:42:19,935 - DEBUG: Var 1 score: 7.0710678118654755
2025-01-27 18:42:19,936 - DEBUG: Var 2 score: 6.324555320336759
2025-01-27 18:42:19,936 - DEBUG: Var 3 score: 4.242640687119286
2025-01-27 18:42:19,937 - DEBUG: Variable ordering:
2025-01-27 18:42:19,938 - DEBUG: Order: [3 2 1 0]
2025-01-27 18:42:19,939 - DEBUG: Original bounds before reordering:
2025-01-27 18:42:19,940 - DEBUG: Var 0: [0.0, 5.0]
2025-01-27 18:42:19,941 - DEBUG: Var 1: [1.0, 10.0]
2025-01-27 18:42:19,941 - DEBUG: Var 2: [0.0, 7.5]
2025-01-27 18:42:19,942 - DEBUG: Var 3: [-2.0, 2.0]
2025-01-27 18:42:19,942 - DEBUG: Original bounds before reordering:
2025-01-27 18:42:19,943 - DEBUG: Var 0: [0.0, 2.23606797749979]
2025-01-27 18:42:19,943 - DEBUG: Var 1: [0.7071067811865475, 7.071067811865475]
2025-01-27 18:42:19,944 - DEBUG: Var 2: [0.0, 2.3717082451262845]
2025-01-27 18:42:19,945 - DEBUG: Var 3: [-1.414213562373095, 1.414213562373095]
2025-01-27 18:42:19,948 - DEBUG: 
Objective:
    +4.24264 x1 + +6.32456 x2 + +7.07107 x3 + +8.94427 x4 (minimize)

Variables:
    x1 [-1.41421, 1.41421] (Continuous)
    x2 [0, 2.37171] (Continuous)
    x3 [1, 7] (Integer)
    x4 [-0, 2] (Integer)

Constraints:
    +0.263117 x2 + +0.248069 x4 <= 1.6641
    -0.5 x1 + +0.5 x3 <= 0
    +0.353553 x1 + +0.158114 x2 + +0.353553 x3 + +0.223607 x4 <= 5
2025-01-27 18:42:19,952 - INFO: Running iteration 1/4
2025-01-27 18:42:19,953 - DEBUG: Starting new iteration...
2025-01-27 18:42:19,954 - INFO: Creating Permuted Problem
2025-01-27 18:42:19,955 - DEBUG: 
Objective:
    +2 x0 + +4 x1 + +5 x2 + +3 x3 (minimize)

Variables:
    x0 [0, 7.5] (Continuous)
    x1 [-0, 5] (Integer)
    x2 [1, 10] (Integer)
    x3 [-2, 2] (Continuous)

Constraints:
    +3 x0 + +2 x1 <= 6
    +1 x2 - 1 x3 <= 0
    +1 x0 + +1 x1 + +1 x2 + +1 x3 <= 10
2025-01-27 18:42:19,958 - INFO: Solving Permuted Problem
2025-01-27 18:42:20,055 - INFO: Solve Status: Optimal solution found
2025-01-27 18:42:20,063 - INFO: Solve Time: 0.0970 seconds
2025-01-27 18:42:20,065 - INFO: Objective Value: 8.0
2025-01-27 18:42:20,066 - INFO: Permuted Problem Results:
2025-01-27 18:42:20,068 - INFO: - Objective Value: 8.0
2025-01-27 18:42:20,069 - INFO: - Solve Time: 0.0969951153 seconds
2025-01-27 18:42:20,069 - DEBUG: Before canonicalization:
2025-01-27 18:42:20,070 - DEBUG: Original matrix: shape=(3, 4), nnz=8
2025-01-27 18:42:20,084 - DEBUG: Permuted matrix: shape=(3, 4), nnz=8
2025-01-27 18:42:20,084 - DEBUG: Generating canonical form for permuted model...
2025-01-27 18:42:20,086 - DEBUG: Starting normalization...
2025-01-27 18:42:20,087 - DEBUG: Column norms before scaling:
2025-01-27 18:42:20,088 - DEBUG: Col 0: 3.1622776601683795
2025-01-27 18:42:20,088 - DEBUG: Col 1: 2.23606797749979
2025-01-27 18:42:20,089 - DEBUG: Col 2: 1.4142135623730951
2025-01-27 18:42:20,089 - DEBUG: Col 3: 1.4142135623730951
2025-01-27 18:42:20,091 - DEBUG: Normalization completed.
2025-01-27 18:42:20,091 - DEBUG: Normalized matrix shape: (3, 4), nnz: 8
2025-01-27 18:42:20,092 - DEBUG: Variable scores before ordering:
2025-01-27 18:42:20,092 - DEBUG: Var 0 score: 6.324555320336759
2025-01-27 18:42:20,093 - DEBUG: Var 1 score: 8.94427190999916
2025-01-27 18:42:20,093 - DEBUG: Var 2 score: 7.0710678118654755
2025-01-27 18:42:20,094 - DEBUG: Var 3 score: 4.242640687119286
2025-01-27 18:42:20,094 - DEBUG: Variable ordering:
2025-01-27 18:42:20,095 - DEBUG: Order: [3 0 2 1]
2025-01-27 18:42:20,096 - DEBUG: Original bounds before reordering:
2025-01-27 18:42:20,096 - DEBUG: Var 0: [0.0, 7.5]
2025-01-27 18:42:20,097 - DEBUG: Var 1: [-0.0, 5.0]
2025-01-27 18:42:20,097 - DEBUG: Var 2: [1.0, 10.0]
2025-01-27 18:42:20,098 - DEBUG: Var 3: [-2.0, 2.0]
2025-01-27 18:42:20,098 - DEBUG: Original bounds before reordering:
2025-01-27 18:42:20,098 - DEBUG: Var 0: [0.0, 2.3717082451262845]
2025-01-27 18:42:20,099 - DEBUG: Var 1: [-0.0, 2.23606797749979]
2025-01-27 18:42:20,099 - DEBUG: Var 2: [0.7071067811865475, 7.071067811865475]
2025-01-27 18:42:20,099 - DEBUG: Var 3: [-1.414213562373095, 1.414213562373095]
2025-01-27 18:42:20,101 - DEBUG: 
Objective:
    +4.24264 x1 + +6.32456 x2 + +7.07107 x3 + +8.94427 x4 (minimize)

Variables:
    x1 [-1.41421, 1.41421] (Continuous)
    x2 [0, 2.37171] (Continuous)
    x3 [1, 7] (Integer)
    x4 [-0, 2] (Integer)

Constraints:
    +0.263117 x2 + +0.248069 x4 <= 1.6641
    -0.5 x1 + +0.5 x3 <= 0
    +0.353553 x1 + +0.158114 x2 + +0.353553 x3 + +0.223607 x4 <= 5
2025-01-27 18:42:20,120 - INFO: Solving Canonical Form from Original Model
2025-01-27 18:42:20,134 - INFO: Solve Status: Optimal solution found
2025-01-27 18:42:20,135 - INFO: Solve Time: 0.0090 seconds
2025-01-27 18:42:20,135 - INFO: Objective Value: 11.313708498984761
2025-01-27 18:42:20,135 - INFO: Solving Canonical Form from Permuted Model
2025-01-27 18:42:20,142 - INFO: Solve Status: Optimal solution found
2025-01-27 18:42:20,142 - INFO: Solve Time: 0.0060 seconds
2025-01-27 18:42:20,143 - INFO: Objective Value: 11.313708498984761
2025-01-27 18:42:20,143 - DEBUG: Starting model validation...
2025-01-27 18:42:20,144 - DEBUG: Original canonical matrix: shape=(3, 4), nnz=8
2025-01-27 18:42:20,145 - DEBUG: Permuted canonical matrix: shape=(3, 4), nnz=8
2025-01-27 18:42:20,146 - DEBUG: Starting detailed model comparison...
2025-01-27 18:42:20,148 - DEBUG: Models are equivalent within tolerance
2025-01-27 18:42:20,149 - DEBUG: Validation result: True
2025-01-27 18:42:20,149 - INFO: Iteration 1 Results:
2025-01-27 18:42:20,150 - INFO: - Models equivalent: True
2025-01-27 18:42:20,150 - INFO: - Variable counts match: True
2025-01-27 18:42:20,151 - INFO: - Constraint counts match: True
2025-01-27 18:42:20,151 - INFO: - Original Objective Value: 8.0
2025-01-27 18:42:20,151 - INFO: - Permuted Objective Value: 8.0
2025-01-27 18:42:20,151 - INFO: - Canonical from Original Objective Value: 11.313708498984761
2025-01-27 18:42:20,152 - INFO: - Canonical from Permuted Objective Value: 11.313708498984761
2025-01-27 18:42:20,152 - INFO: - Original Solve Time: 0.0088698864 seconds
2025-01-27 18:42:20,152 - INFO: - Permuted Solve Time: 0.0969951153 seconds
2025-01-27 18:42:20,153 - INFO: - Canonical from Original Solve Time: 0.0089995861 seconds
2025-01-27 18:42:20,153 - INFO: - Canonical from Permuted Solve Time: 0.0059981346 seconds
2025-01-27 18:42:20,153 - INFO: Running iteration 2/4
2025-01-27 18:42:20,154 - DEBUG: Starting new iteration...
2025-01-27 18:42:20,154 - INFO: Creating Permuted Problem
2025-01-27 18:42:20,155 - DEBUG: 
Objective:
    +5 x0 + +3 x1 + +4 x2 + +2 x3 (minimize)

Variables:
    x0 [1, 10] (Integer)
    x1 [-2, 2] (Continuous)
    x2 [-0, 5] (Integer)
    x3 [0, 7.5] (Continuous)

Constraints:
    +2 x2 + +3 x3 <= 6
    +1 x0 - 1 x1 <= 0
    +1 x0 + +1 x1 + +1 x2 + +1 x3 <= 10
2025-01-27 18:42:20,158 - INFO: Solving Permuted Problem
2025-01-27 18:42:20,166 - INFO: Solve Status: Optimal solution found
2025-01-27 18:42:20,167 - INFO: Solve Time: 0.0080 seconds
2025-01-27 18:42:20,167 - INFO: Objective Value: 8.0
2025-01-27 18:42:20,168 - INFO: Permuted Problem Results:
2025-01-27 18:42:20,168 - INFO: - Objective Value: 8.0
2025-01-27 18:42:20,168 - INFO: - Solve Time: 0.0079843998 seconds
2025-01-27 18:42:20,169 - DEBUG: Before canonicalization:
2025-01-27 18:42:20,170 - DEBUG: Original matrix: shape=(3, 4), nnz=8
2025-01-27 18:42:20,170 - DEBUG: Permuted matrix: shape=(3, 4), nnz=8
2025-01-27 18:42:20,171 - DEBUG: Generating canonical form for permuted model...
2025-01-27 18:42:20,172 - DEBUG: Starting normalization...
2025-01-27 18:42:20,173 - DEBUG: Column norms before scaling:
2025-01-27 18:42:20,173 - DEBUG: Col 0: 1.4142135623730951
2025-01-27 18:42:20,174 - DEBUG: Col 1: 1.4142135623730951
2025-01-27 18:42:20,174 - DEBUG: Col 2: 2.23606797749979
2025-01-27 18:42:20,174 - DEBUG: Col 3: 3.1622776601683795
2025-01-27 18:42:20,177 - DEBUG: Normalization completed.
2025-01-27 18:42:20,178 - DEBUG: Normalized matrix shape: (3, 4), nnz: 8
2025-01-27 18:42:20,179 - DEBUG: Variable scores before ordering:
2025-01-27 18:42:20,179 - DEBUG: Var 0 score: 7.0710678118654755
2025-01-27 18:42:20,181 - DEBUG: Var 1 score: 4.242640687119286
2025-01-27 18:42:20,181 - DEBUG: Var 2 score: 8.94427190999916
2025-01-27 18:42:20,182 - DEBUG: Var 3 score: 6.324555320336759
2025-01-27 18:42:20,183 - DEBUG: Variable ordering:
2025-01-27 18:42:20,183 - DEBUG: Order: [1 3 0 2]
2025-01-27 18:42:20,184 - DEBUG: Original bounds before reordering:
2025-01-27 18:42:20,184 - DEBUG: Var 0: [1.0, 10.0]
2025-01-27 18:42:20,184 - DEBUG: Var 1: [-2.0, 2.0]
2025-01-27 18:42:20,185 - DEBUG: Var 2: [-0.0, 5.0]
2025-01-27 18:42:20,185 - DEBUG: Var 3: [0.0, 7.5]
2025-01-27 18:42:20,185 - DEBUG: Original bounds before reordering:
2025-01-27 18:42:20,186 - DEBUG: Var 0: [0.7071067811865475, 7.071067811865475]
2025-01-27 18:42:20,186 - DEBUG: Var 1: [-1.414213562373095, 1.414213562373095]
2025-01-27 18:42:20,186 - DEBUG: Var 2: [-0.0, 2.23606797749979]
2025-01-27 18:42:20,187 - DEBUG: Var 3: [0.0, 2.3717082451262845]
2025-01-27 18:42:20,188 - DEBUG: 
Objective:
    +4.24264 x1 + +6.32456 x2 + +7.07107 x3 + +8.94427 x4 (minimize)

Variables:
    x1 [-1.41421, 1.41421] (Continuous)
    x2 [0, 2.37171] (Continuous)
    x3 [1, 7] (Integer)
    x4 [-0, 2] (Integer)

Constraints:
    +0.263117 x2 + +0.248069 x4 <= 1.6641
    -0.5 x1 + +0.5 x3 <= 0
    +0.353553 x1 + +0.158114 x2 + +0.353553 x3 + +0.223607 x4 <= 5
2025-01-27 18:42:20,191 - INFO: Solving Canonical Form from Original Model
2025-01-27 18:42:20,201 - INFO: Solve Status: Optimal solution found
2025-01-27 18:42:20,202 - INFO: Solve Time: 0.0100 seconds
2025-01-27 18:42:20,202 - INFO: Objective Value: 11.313708498984761
2025-01-27 18:42:20,203 - INFO: Solving Canonical Form from Permuted Model
2025-01-27 18:42:20,212 - INFO: Solve Status: Optimal solution found
2025-01-27 18:42:20,213 - INFO: Solve Time: 0.0090 seconds
2025-01-27 18:42:20,215 - INFO: Objective Value: 11.313708498984761
2025-01-27 18:42:20,215 - DEBUG: Starting model validation...
2025-01-27 18:42:20,216 - DEBUG: Original canonical matrix: shape=(3, 4), nnz=8
2025-01-27 18:42:20,217 - DEBUG: Permuted canonical matrix: shape=(3, 4), nnz=8
2025-01-27 18:42:20,217 - DEBUG: Starting detailed model comparison...
2025-01-27 18:42:20,220 - DEBUG: Models are equivalent within tolerance
2025-01-27 18:42:20,222 - DEBUG: Validation result: True
2025-01-27 18:42:20,223 - INFO: Iteration 2 Results:
2025-01-27 18:42:20,224 - INFO: - Models equivalent: True
2025-01-27 18:42:20,224 - INFO: - Variable counts match: True
2025-01-27 18:42:20,225 - INFO: - Constraint counts match: True
2025-01-27 18:42:20,225 - INFO: - Original Objective Value: 8.0
2025-01-27 18:42:20,226 - INFO: - Permuted Objective Value: 8.0
2025-01-27 18:42:20,226 - INFO: - Canonical from Original Objective Value: 11.313708498984761
2025-01-27 18:42:20,227 - INFO: - Canonical from Permuted Objective Value: 11.313708498984761
2025-01-27 18:42:20,228 - INFO: - Original Solve Time: 0.0088698864 seconds
2025-01-27 18:42:20,229 - INFO: - Permuted Solve Time: 0.0079843998 seconds
2025-01-27 18:42:20,230 - INFO: - Canonical from Original Solve Time: 0.0099995136 seconds
2025-01-27 18:42:20,231 - INFO: - Canonical from Permuted Solve Time: 0.0090026855 seconds
2025-01-27 18:42:20,232 - INFO: Running iteration 3/4
2025-01-27 18:42:20,232 - DEBUG: Starting new iteration...
2025-01-27 18:42:20,233 - INFO: Creating Permuted Problem
2025-01-27 18:42:20,236 - DEBUG: 
Objective:
    +3 x0 + +4 x1 + +2 x2 + +5 x3 (minimize)

Variables:
    x0 [-2, 2] (Continuous)
    x1 [-0, 5] (Integer)
    x2 [0, 7.5] (Continuous)
    x3 [1, 10] (Integer)

Constraints:
    +2 x1 + +3 x2 <= 6
    -1 x0 + +1 x3 <= 0
    +1 x0 + +1 x1 + +1 x2 + +1 x3 <= 10
2025-01-27 18:42:20,238 - INFO: Solving Permuted Problem
2025-01-27 18:42:20,246 - INFO: Solve Status: Optimal solution found
2025-01-27 18:42:20,246 - INFO: Solve Time: 0.0070 seconds
2025-01-27 18:42:20,247 - INFO: Objective Value: 8.0
2025-01-27 18:42:20,247 - INFO: Permuted Problem Results:
2025-01-27 18:42:20,248 - INFO: - Objective Value: 8.0
2025-01-27 18:42:20,248 - INFO: - Solve Time: 0.0069992542 seconds
2025-01-27 18:42:20,249 - DEBUG: Before canonicalization:
2025-01-27 18:42:20,250 - DEBUG: Original matrix: shape=(3, 4), nnz=8
2025-01-27 18:42:20,250 - DEBUG: Permuted matrix: shape=(3, 4), nnz=8
2025-01-27 18:42:20,251 - DEBUG: Generating canonical form for permuted model...
2025-01-27 18:42:20,252 - DEBUG: Starting normalization...
2025-01-27 18:42:20,253 - DEBUG: Column norms before scaling:
2025-01-27 18:42:20,253 - DEBUG: Col 0: 1.4142135623730951
2025-01-27 18:42:20,254 - DEBUG: Col 1: 2.23606797749979
2025-01-27 18:42:20,254 - DEBUG: Col 2: 3.1622776601683795
2025-01-27 18:42:20,254 - DEBUG: Col 3: 1.4142135623730951
2025-01-27 18:42:20,256 - DEBUG: Normalization completed.
2025-01-27 18:42:20,256 - DEBUG: Normalized matrix shape: (3, 4), nnz: 8
2025-01-27 18:42:20,257 - DEBUG: Variable scores before ordering:
2025-01-27 18:42:20,257 - DEBUG: Var 0 score: 4.242640687119286
2025-01-27 18:42:20,257 - DEBUG: Var 1 score: 8.94427190999916
2025-01-27 18:42:20,258 - DEBUG: Var 2 score: 6.324555320336759
2025-01-27 18:42:20,258 - DEBUG: Var 3 score: 7.0710678118654755
2025-01-27 18:42:20,259 - DEBUG: Variable ordering:
2025-01-27 18:42:20,259 - DEBUG: Order: [0 2 3 1]
2025-01-27 18:42:20,260 - DEBUG: Original bounds before reordering:
2025-01-27 18:42:20,260 - DEBUG: Var 0: [-2.0, 2.0]
2025-01-27 18:42:20,261 - DEBUG: Var 1: [-0.0, 5.0]
2025-01-27 18:42:20,261 - DEBUG: Var 2: [0.0, 7.5]
2025-01-27 18:42:20,262 - DEBUG: Var 3: [1.0, 10.0]
2025-01-27 18:42:20,262 - DEBUG: Original bounds before reordering:
2025-01-27 18:42:20,262 - DEBUG: Var 0: [-1.414213562373095, 1.414213562373095]
2025-01-27 18:42:20,263 - DEBUG: Var 1: [-0.0, 2.23606797749979]
2025-01-27 18:42:20,263 - DEBUG: Var 2: [0.0, 2.3717082451262845]
2025-01-27 18:42:20,264 - DEBUG: Var 3: [0.7071067811865475, 7.071067811865475]
2025-01-27 18:42:20,265 - DEBUG: 
Objective:
    +4.24264 x1 + +6.32456 x2 + +7.07107 x3 + +8.94427 x4 (minimize)

Variables:
    x1 [-1.41421, 1.41421] (Continuous)
    x2 [0, 2.37171] (Continuous)
    x3 [1, 7] (Integer)
    x4 [-0, 2] (Integer)

Constraints:
    +0.263117 x2 + +0.248069 x4 <= 1.6641
    -0.5 x1 + +0.5 x3 <= 0
    +0.353553 x1 + +0.158114 x2 + +0.353553 x3 + +0.223607 x4 <= 5
2025-01-27 18:42:20,269 - INFO: Solving Canonical Form from Original Model
2025-01-27 18:42:20,278 - INFO: Solve Status: Optimal solution found
2025-01-27 18:42:20,279 - INFO: Solve Time: 0.0090 seconds
2025-01-27 18:42:20,280 - INFO: Objective Value: 11.313708498984761
2025-01-27 18:42:20,281 - INFO: Solving Canonical Form from Permuted Model
2025-01-27 18:42:20,290 - INFO: Solve Status: Optimal solution found
2025-01-27 18:42:20,291 - INFO: Solve Time: 0.0080 seconds
2025-01-27 18:42:20,291 - INFO: Objective Value: 11.313708498984761
2025-01-27 18:42:20,292 - DEBUG: Starting model validation...
2025-01-27 18:42:20,293 - DEBUG: Original canonical matrix: shape=(3, 4), nnz=8
2025-01-27 18:42:20,293 - DEBUG: Permuted canonical matrix: shape=(3, 4), nnz=8
2025-01-27 18:42:20,294 - DEBUG: Starting detailed model comparison...
2025-01-27 18:42:20,300 - DEBUG: Models are equivalent within tolerance
2025-01-27 18:42:20,302 - DEBUG: Validation result: True
2025-01-27 18:42:20,303 - INFO: Iteration 3 Results:
2025-01-27 18:42:20,303 - INFO: - Models equivalent: True
2025-01-27 18:42:20,304 - INFO: - Variable counts match: True
2025-01-27 18:42:20,304 - INFO: - Constraint counts match: True
2025-01-27 18:42:20,304 - INFO: - Original Objective Value: 8.0
2025-01-27 18:42:20,304 - INFO: - Permuted Objective Value: 8.0
2025-01-27 18:42:20,305 - INFO: - Canonical from Original Objective Value: 11.313708498984761
2025-01-27 18:42:20,305 - INFO: - Canonical from Permuted Objective Value: 11.313708498984761
2025-01-27 18:42:20,305 - INFO: - Original Solve Time: 0.0088698864 seconds
2025-01-27 18:42:20,306 - INFO: - Permuted Solve Time: 0.0069992542 seconds
2025-01-27 18:42:20,306 - INFO: - Canonical from Original Solve Time: 0.0089995861 seconds
2025-01-27 18:42:20,306 - INFO: - Canonical from Permuted Solve Time: 0.0079996586 seconds
2025-01-27 18:42:20,307 - INFO: Running iteration 4/4
2025-01-27 18:42:20,307 - DEBUG: Starting new iteration...
2025-01-27 18:42:20,307 - INFO: Creating Permuted Problem
2025-01-27 18:42:20,309 - DEBUG: 
Objective:
    +2 x0 + +3 x1 + +5 x2 + +4 x3 (minimize)

Variables:
    x0 [0, 7.5] (Continuous)
    x1 [-2, 2] (Continuous)
    x2 [1, 10] (Integer)
    x3 [-0, 5] (Integer)

Constraints:
    +3 x0 + +2 x3 <= 6
    -1 x1 + +1 x2 <= 0
    +1 x0 + +1 x1 + +1 x2 + +1 x3 <= 10
2025-01-27 18:42:20,318 - INFO: Solving Permuted Problem
2025-01-27 18:42:20,325 - INFO: Solve Status: Optimal solution found
2025-01-27 18:42:20,326 - INFO: Solve Time: 0.0060 seconds
2025-01-27 18:42:20,326 - INFO: Objective Value: 8.0
2025-01-27 18:42:20,326 - INFO: Permuted Problem Results:
2025-01-27 18:42:20,327 - INFO: - Objective Value: 8.0
2025-01-27 18:42:20,327 - INFO: - Solve Time: 0.0059978962 seconds
2025-01-27 18:42:20,329 - DEBUG: Before canonicalization:
2025-01-27 18:42:20,330 - DEBUG: Original matrix: shape=(3, 4), nnz=8
2025-01-27 18:42:20,332 - DEBUG: Permuted matrix: shape=(3, 4), nnz=8
2025-01-27 18:42:20,334 - DEBUG: Generating canonical form for permuted model...
2025-01-27 18:42:20,337 - DEBUG: Starting normalization...
2025-01-27 18:42:20,337 - DEBUG: Column norms before scaling:
2025-01-27 18:42:20,338 - DEBUG: Col 0: 3.1622776601683795
2025-01-27 18:42:20,338 - DEBUG: Col 1: 1.4142135623730951
2025-01-27 18:42:20,339 - DEBUG: Col 2: 1.4142135623730951
2025-01-27 18:42:20,339 - DEBUG: Col 3: 2.23606797749979
2025-01-27 18:42:20,341 - DEBUG: Normalization completed.
2025-01-27 18:42:20,342 - DEBUG: Normalized matrix shape: (3, 4), nnz: 8
2025-01-27 18:42:20,342 - DEBUG: Variable scores before ordering:
2025-01-27 18:42:20,343 - DEBUG: Var 0 score: 6.324555320336759
2025-01-27 18:42:20,343 - DEBUG: Var 1 score: 4.242640687119286
2025-01-27 18:42:20,343 - DEBUG: Var 2 score: 7.0710678118654755
2025-01-27 18:42:20,344 - DEBUG: Var 3 score: 8.94427190999916
2025-01-27 18:42:20,345 - DEBUG: Variable ordering:
2025-01-27 18:42:20,346 - DEBUG: Order: [1 0 2 3]
2025-01-27 18:42:20,347 - DEBUG: Original bounds before reordering:
2025-01-27 18:42:20,347 - DEBUG: Var 0: [0.0, 7.5]
2025-01-27 18:42:20,350 - DEBUG: Var 1: [-2.0, 2.0]
2025-01-27 18:42:20,350 - DEBUG: Var 2: [1.0, 10.0]
2025-01-27 18:42:20,351 - DEBUG: Var 3: [-0.0, 5.0]
2025-01-27 18:42:20,352 - DEBUG: Original bounds before reordering:
2025-01-27 18:42:20,352 - DEBUG: Var 0: [0.0, 2.3717082451262845]
2025-01-27 18:42:20,352 - DEBUG: Var 1: [-1.414213562373095, 1.414213562373095]
2025-01-27 18:42:20,353 - DEBUG: Var 2: [0.7071067811865475, 7.071067811865475]
2025-01-27 18:42:20,353 - DEBUG: Var 3: [-0.0, 2.23606797749979]
2025-01-27 18:42:20,355 - DEBUG: 
Objective:
    +4.24264 x1 + +6.32456 x2 + +7.07107 x3 + +8.94427 x4 (minimize)

Variables:
    x1 [-1.41421, 1.41421] (Continuous)
    x2 [0, 2.37171] (Continuous)
    x3 [1, 7] (Integer)
    x4 [-0, 2] (Integer)

Constraints:
    +0.263117 x2 + +0.248069 x4 <= 1.6641
    -0.5 x1 + +0.5 x3 <= 0
    +0.353553 x1 + +0.158114 x2 + +0.353553 x3 + +0.223607 x4 <= 5
2025-01-27 18:42:20,358 - INFO: Solving Canonical Form from Original Model
2025-01-27 18:42:20,369 - INFO: Solve Status: Optimal solution found
2025-01-27 18:42:20,369 - INFO: Solve Time: 0.0110 seconds
2025-01-27 18:42:20,370 - INFO: Objective Value: 11.313708498984761
2025-01-27 18:42:20,370 - INFO: Solving Canonical Form from Permuted Model
2025-01-27 18:42:20,376 - INFO: Solve Status: Optimal solution found
2025-01-27 18:42:20,377 - INFO: Solve Time: 0.0060 seconds
2025-01-27 18:42:20,378 - INFO: Objective Value: 11.313708498984761
2025-01-27 18:42:20,379 - DEBUG: Starting model validation...
2025-01-27 18:42:20,380 - DEBUG: Original canonical matrix: shape=(3, 4), nnz=8
2025-01-27 18:42:20,381 - DEBUG: Permuted canonical matrix: shape=(3, 4), nnz=8
2025-01-27 18:42:20,383 - DEBUG: Starting detailed model comparison...
2025-01-27 18:42:20,385 - DEBUG: Models are equivalent within tolerance
2025-01-27 18:42:20,385 - DEBUG: Validation result: True
2025-01-27 18:42:20,386 - INFO: Iteration 4 Results:
2025-01-27 18:42:20,386 - INFO: - Models equivalent: True
2025-01-27 18:42:20,387 - INFO: - Variable counts match: True
2025-01-27 18:42:20,387 - INFO: - Constraint counts match: True
2025-01-27 18:42:20,388 - INFO: - Original Objective Value: 8.0
2025-01-27 18:42:20,388 - INFO: - Permuted Objective Value: 8.0
2025-01-27 18:42:20,389 - INFO: - Canonical from Original Objective Value: 11.313708498984761
2025-01-27 18:42:20,389 - INFO: - Canonical from Permuted Objective Value: 11.313708498984761
2025-01-27 18:42:20,390 - INFO: - Original Solve Time: 0.0088698864 seconds
2025-01-27 18:42:20,390 - INFO: - Permuted Solve Time: 0.0059978962 seconds
2025-01-27 18:42:20,390 - INFO: - Canonical from Original Solve Time: 0.0109977722 seconds
2025-01-27 18:42:20,391 - INFO: - Canonical from Permuted Solve Time: 0.0060043335 seconds
