2025-01-29 09:55:01,919 - INFO: Successfully loaded problem from input/example-min.mps
2025-01-29 09:55:01,920 - INFO: Problem Details:
2025-01-29 09:55:01,921 - INFO: - Variables: 18
2025-01-29 09:55:01,921 - INFO: - Constraints: 18
2025-01-29 09:55:01,922 - INFO: - Objective Sense: Minimize
2025-01-29 09:55:01,927 - DEBUG: 
Objective:
    +2700 STM1 + +1500 ANM1 + +30 UE1 + +2700 STM2 + +1500 ANM2 + +30 UE2 + +2700 STM3 + +1500 ANM3 + +30 UE3 + +2700 STM4 + +1500 ANM4 + +30 UE4 + +2700 STM5 + +1500 ANM5 + +30 UE5 + +2700 STM6 + +1500 ANM6 + +30 UE6 (minimize)

Variables:
    STM1 [0, inf] (Continuous)
    ANM1 [0, 18] (Integer)
    UE1 [0, inf] (Continuous)
    STM2 [57, 75] (Integer)
    ANM2 [0, 18] (Integer)
    UE2 [0, inf] (Continuous)
    STM3 [57, 75] (Integer)
    ANM3 [0, 18] (Integer)
    UE3 [0, inf] (Continuous)
    STM4 [57, 75] (Integer)
    ANM4 [0, 18] (Integer)
    UE4 [0, inf] (Continuous)
    STM5 [57, 75] (Integer)
    ANM5 [0, 18] (Integer)
    UE5 [0, inf] (Continuous)
    STM6 [57, 75] (Integer)
    ANM6 [0, 18] (Integer)
    UE6 [0, inf] (Continuous)

Constraints:
    +1 STM1 = 60
    +150 STM1 - 100 ANM1 + +1 UE1 >= 8000
    -20 STM1 + +1 UE1 <= 0
    +0.9 STM1 + +1 ANM1 - 1 STM2 = 0
    +150 STM2 - 100 ANM2 + +1 UE2 >= 9000
    -20 STM2 + +1 UE2 <= 0
    +0.9 STM2 + +1 ANM2 - 1 STM3 = 0
    +150 STM3 - 100 ANM3 + +1 UE3 >= 8000
    -20 STM3 + +1 UE3 <= 0
    +0.9 STM3 + +1 ANM3 - 1 STM4 = 0
    +150 STM4 - 100 ANM4 + +1 UE4 >= 10000
    -20 STM4 + +1 UE4 <= 0
    +0.9 STM4 + +1 ANM4 - 1 STM5 = 0
    +150 STM5 - 100 ANM5 + +1 UE5 >= 9000
    -20 STM5 + +1 UE5 <= 0
    +0.9 STM5 + +1 ANM5 - 1 STM6 = 0
    +150 STM6 - 100 ANM6 + +1 UE6 >= 12000
    -20 STM6 + +1 UE6 <= 0
2025-01-29 09:55:01,937 - INFO: Solving Original Problem
2025-01-29 09:55:01,947 - INFO: Solve Status: Optimal solution found
2025-01-29 09:55:01,948 - INFO: Solve Time: 0.0100 seconds
2025-01-29 09:55:01,948 - INFO: Objective Value: 1201500.0
2025-01-29 09:55:01,949 - INFO: Original Problem Results:
2025-01-29 09:55:01,949 - INFO: - Objective Value: 1201500.0
2025-01-29 09:55:01,950 - INFO: - Solve Time: 0.0099847317 seconds
2025-01-29 09:55:01,950 - DEBUG: Generating canonical form for the original model...
2025-01-29 09:55:01,953 - DEBUG: Variable scores before ordering:
2025-01-29 09:55:01,953 - DEBUG: Var 0 score: 1899.6186942569375
2025-01-29 09:55:01,954 - DEBUG: Var 1 score: 2795.4301574834963
2025-01-29 09:55:01,954 - DEBUG: Var 2 score: 1368.2204614057289
2025-01-29 09:55:01,955 - DEBUG: Var 3 score: 2899.618694256937
2025-01-29 09:55:01,955 - DEBUG: Var 4 score: 2795.4301574834963
2025-01-29 09:55:01,956 - DEBUG: Var 5 score: 1368.2204614057289
2025-01-29 09:55:01,956 - DEBUG: Var 6 score: 2899.618694256937
2025-01-29 09:55:01,956 - DEBUG: Var 7 score: 2795.4301574834963
2025-01-29 09:55:01,957 - DEBUG: Var 8 score: 1368.2204614057289
2025-01-29 09:55:01,957 - DEBUG: Var 9 score: 2899.618694256937
2025-01-29 09:55:01,958 - DEBUG: Var 10 score: 2795.4301574834963
2025-01-29 09:55:01,958 - DEBUG: Var 11 score: 1368.2204614057289
2025-01-29 09:55:01,958 - DEBUG: Var 12 score: 2899.618694256937
2025-01-29 09:55:01,959 - DEBUG: Var 13 score: 2795.4301574834963
2025-01-29 09:55:01,960 - DEBUG: Var 14 score: 1368.2204614057289
2025-01-29 09:55:01,961 - DEBUG: Var 15 score: 2891.084437638642
2025-01-29 09:55:01,962 - DEBUG: Var 16 score: 2785.471360137356
2025-01-29 09:55:01,964 - DEBUG: Var 17 score: 1368.2204614057289
2025-01-29 09:55:01,965 - DEBUG: Variable ordering:
2025-01-29 09:55:01,966 - DEBUG: Order: [ 8 14 11  5 17  2  0 16  7 10 13  1  4 15  3  6  9 12]
2025-01-29 09:55:01,966 - DEBUG: Original bounds before reordering:
2025-01-29 09:55:01,966 - DEBUG: Var 0 (Type: Continuous): [0.0, inf]
2025-01-29 09:55:01,967 - DEBUG: Var 1 (Type: Integer): [0.0, 18.0]
2025-01-29 09:55:01,967 - DEBUG: Var 2 (Type: Continuous): [0.0, inf]
2025-01-29 09:55:01,968 - DEBUG: Var 3 (Type: Integer): [57.0, 75.0]
2025-01-29 09:55:01,968 - DEBUG: Var 4 (Type: Integer): [0.0, 18.0]
2025-01-29 09:55:01,968 - DEBUG: Var 5 (Type: Continuous): [0.0, inf]
2025-01-29 09:55:01,969 - DEBUG: Var 6 (Type: Integer): [57.0, 75.0]
2025-01-29 09:55:01,969 - DEBUG: Var 7 (Type: Integer): [0.0, 18.0]
2025-01-29 09:55:01,969 - DEBUG: Var 8 (Type: Continuous): [0.0, inf]
2025-01-29 09:55:01,970 - DEBUG: Var 9 (Type: Integer): [57.0, 75.0]
2025-01-29 09:55:01,970 - DEBUG: Var 10 (Type: Integer): [0.0, 18.0]
2025-01-29 09:55:01,971 - DEBUG: Var 11 (Type: Continuous): [0.0, inf]
2025-01-29 09:55:01,971 - DEBUG: Var 12 (Type: Integer): [57.0, 75.0]
2025-01-29 09:55:01,972 - DEBUG: Var 13 (Type: Integer): [0.0, 18.0]
2025-01-29 09:55:01,972 - DEBUG: Var 14 (Type: Continuous): [0.0, inf]
2025-01-29 09:55:01,972 - DEBUG: Var 15 (Type: Integer): [57.0, 75.0]
2025-01-29 09:55:01,973 - DEBUG: Var 16 (Type: Integer): [0.0, 18.0]
2025-01-29 09:55:01,973 - DEBUG: Var 17 (Type: Continuous): [0.0, inf]
2025-01-29 09:55:01,976 - DEBUG: Constraint scores before ordering:
2025-01-29 09:55:01,977 - DEBUG: Constr 0: Score: 2418.7120054034904
2025-01-29 09:55:01,977 - DEBUG: Constr 1: Score: 4007.5131095663055
2025-01-29 09:55:01,979 - DEBUG: Constr 2: Score: 1040.467738636192
2025-01-29 09:55:01,981 - DEBUG: Constr 3: Score: 2021.380094761591
2025-01-29 09:55:01,981 - DEBUG: Constr 4: Score: 4019.2900244070015
2025-01-29 09:55:01,982 - DEBUG: Constr 5: Score: 1040.467738636192
2025-01-29 09:55:01,982 - DEBUG: Constr 6: Score: 2021.380094761591
2025-01-29 09:55:01,982 - DEBUG: Constr 7: Score: 4007.5131095663055
2025-01-29 09:55:01,983 - DEBUG: Constr 8: Score: 1040.467738636192
2025-01-29 09:55:01,983 - DEBUG: Constr 9: Score: 2021.380094761591
2025-01-29 09:55:01,984 - DEBUG: Constr 10: Score: 4029.824964978945
2025-01-29 09:55:01,984 - DEBUG: Constr 11: Score: 1040.467738636192
2025-01-29 09:55:01,985 - DEBUG: Constr 12: Score: 2021.380094761591
2025-01-29 09:55:01,985 - DEBUG: Constr 13: Score: 4019.2900244070015
2025-01-29 09:55:01,985 - DEBUG: Constr 14: Score: 1040.467738636192
2025-01-29 09:55:01,986 - DEBUG: Constr 15: Score: 2021.380094761591
2025-01-29 09:55:01,986 - DEBUG: Constr 16: Score: 4048.055454144437
2025-01-29 09:55:01,986 - DEBUG: Constr 17: Score: 1040.467738636192
2025-01-29 09:55:01,987 - DEBUG: Constraint ordering:
2025-01-29 09:55:01,988 - DEBUG: Order: [ 8 14 11  5 17  2  3  6  9 12 15  0  7  1 13  4 10 16]
2025-01-29 09:55:01,988 - DEBUG: Original constraints before reordering:
2025-01-29 09:55:01,989 - DEBUG: Constr 0: = 60.0
2025-01-29 09:55:01,989 - DEBUG: Constr 1: >= 8000.0
2025-01-29 09:55:01,989 - DEBUG: Constr 2: <= 0.0
2025-01-29 09:55:01,990 - DEBUG: Constr 3: = 0.0
2025-01-29 09:55:01,990 - DEBUG: Constr 4: >= 9000.0
2025-01-29 09:55:01,990 - DEBUG: Constr 5: <= 0.0
2025-01-29 09:55:01,991 - DEBUG: Constr 6: = 0.0
2025-01-29 09:55:01,991 - DEBUG: Constr 7: >= 8000.0
2025-01-29 09:55:01,991 - DEBUG: Constr 8: <= 0.0
2025-01-29 09:55:01,992 - DEBUG: Constr 9: = 0.0
2025-01-29 09:55:01,993 - DEBUG: Constr 10: >= 10000.0
2025-01-29 09:55:01,994 - DEBUG: Constr 11: <= 0.0
2025-01-29 09:55:01,995 - DEBUG: Constr 12: = 0.0
2025-01-29 09:55:01,998 - DEBUG: Constr 13: >= 9000.0
2025-01-29 09:55:01,998 - DEBUG: Constr 14: <= 0.0
2025-01-29 09:55:01,998 - DEBUG: Constr 15: = 0.0
2025-01-29 09:55:01,999 - DEBUG: Constr 16: >= 12000.0
2025-01-29 09:55:02,000 - DEBUG: Constr 17: <= 0.0
2025-01-29 09:55:02,004 - DEBUG: 
Objective:
    +30 x1 + +30 x2 + +30 x3 + +30 x4 + +30 x5 + +30 x6 + +2700 x7 + +1500 x8 + +1500 x9 + +1500 x10 + +1500 x11 + +1500 x12 + +1500 x13 + +2700 x14 + +2700 x15 + +2700 x16 + +2700 x17 + +2700 x18 (minimize)

Variables:
    x1 [0, inf] (Continuous)
    x2 [0, inf] (Continuous)
    x3 [0, inf] (Continuous)
    x4 [0, inf] (Continuous)
    x5 [0, inf] (Continuous)
    x6 [0, inf] (Continuous)
    x7 [0, inf] (Continuous)
    x8 [-0, 18] (Integer)
    x9 [-0, 18] (Integer)
    x10 [-0, 18] (Integer)
    x11 [-0, 18] (Integer)
    x12 [-0, 18] (Integer)
    x13 [-0, 18] (Integer)
    x14 [57, 75] (Integer)
    x15 [57, 75] (Integer)
    x16 [57, 75] (Integer)
    x17 [57, 75] (Integer)
    x18 [57, 75] (Integer)

Constraints:
    +1 x1 - 20 x16 <= 0
    +1 x2 - 20 x18 <= 0
    +1 x3 - 20 x17 <= 0
    +1 x4 - 20 x15 <= 0
    +1 x5 - 20 x14 <= 0
    +1 x6 - 20 x7 <= 0
    +0.9 x7 + +1 x12 - 1 x15 = 0
    +1 x13 + +0.9 x15 - 1 x16 = 0
    +1 x9 + +0.9 x16 - 1 x17 = 0
    +1 x10 + +0.9 x17 - 1 x18 = 0
    +1 x11 - 1 x14 + +0.9 x18 = 0
    +1 x7 = 60
    +1 x1 - 100 x9 + +150 x16 >= 8000
    +1 x6 + +150 x7 - 100 x12 >= 8000
    +1 x2 - 100 x11 + +150 x18 >= 9000
    +1 x4 - 100 x13 + +150 x15 >= 9000
    +1 x3 - 100 x10 + +150 x17 >= 10000
    +1 x5 - 100 x8 + +150 x14 >= 12000
2025-01-29 09:55:02,014 - INFO: Running iteration 1/4
2025-01-29 09:55:02,015 - DEBUG: Starting new iteration...
2025-01-29 09:55:02,015 - INFO: Creating Permuted Problem
2025-01-29 09:55:02,019 - DEBUG: 
Objective:
    +1500 x0 + +2700 x1 + +30 x2 + +2700 x3 + +30 x4 + +1500 x5 + +1500 x6 + +1500 x7 + +1500 x8 + +30 x9 + +2700 x10 + +30 x11 + +2700 x12 + +30 x13 + +2700 x14 + +1500 x15 + +30 x16 + +2700 x17 (minimize)

Variables:
    x0 [-0, 18] (Integer)
    x1 [0, inf] (Continuous)
    x2 [0, inf] (Continuous)
    x3 [57, 75] (Integer)
    x4 [0, inf] (Continuous)
    x5 [-0, 18] (Integer)
    x6 [-0, 18] (Integer)
    x7 [-0, 18] (Integer)
    x8 [-0, 18] (Integer)
    x9 [0, inf] (Continuous)
    x10 [57, 75] (Integer)
    x11 [0, inf] (Continuous)
    x12 [57, 75] (Integer)
    x13 [0, inf] (Continuous)
    x14 [57, 75] (Integer)
    x15 [-0, 18] (Integer)
    x16 [0, inf] (Continuous)
    x17 [57, 75] (Integer)

Constraints:
    +1 x1 = 60
    +150 x1 - 100 x5 + +1 x11 >= 8000
    -20 x1 + +1 x11 <= 0
    +0.9 x1 + +1 x5 - 1 x10 = 0
    +1 x2 - 100 x7 + +150 x10 >= 9000
    +1 x2 - 20 x10 <= 0
    +1 x7 + +0.9 x10 - 1 x17 = 0
    +1 x9 - 100 x15 + +150 x17 >= 8000
    +1 x9 - 20 x17 <= 0
    -1 x14 + +1 x15 + +0.9 x17 = 0
    +1 x4 - 100 x8 + +150 x14 >= 10000
    +1 x4 - 20 x14 <= 0
    +1 x8 - 1 x12 + +0.9 x14 = 0
    -100 x6 + +150 x12 + +1 x13 >= 9000
    -20 x12 + +1 x13 <= 0
    -1 x3 + +1 x6 + +0.9 x12 = 0
    -100 x0 + +150 x3 + +1 x16 >= 12000
    -20 x3 + +1 x16 <= 0
2025-01-29 09:55:02,028 - INFO: Solving Permuted Problem
2025-01-29 09:55:02,039 - INFO: Solve Status: Optimal solution found
2025-01-29 09:55:02,039 - INFO: Solve Time: 0.0089 seconds
2025-01-29 09:55:02,040 - INFO: Objective Value: 1201500.0
2025-01-29 09:55:02,040 - INFO: Permuted Problem Results:
2025-01-29 09:55:02,040 - INFO: - Objective Value: 1201500.0
2025-01-29 09:55:02,041 - INFO: - Solve Time: 0.0089192390 seconds
2025-01-29 09:55:02,041 - DEBUG: Before canonicalization:
2025-01-29 09:55:02,042 - DEBUG: Original matrix: shape=(18, 18), nnz=46
2025-01-29 09:55:02,043 - DEBUG: Permuted matrix: shape=(18, 18), nnz=46
2025-01-29 09:55:02,044 - DEBUG: Generating canonical form for permuted model...
2025-01-29 09:55:02,048 - DEBUG: Variable scores before ordering:
2025-01-29 09:55:02,049 - DEBUG: Var 0 score: 2785.471360137356
2025-01-29 09:55:02,050 - DEBUG: Var 1 score: 1899.6186942569375
2025-01-29 09:55:02,050 - DEBUG: Var 2 score: 1368.2204614057289
2025-01-29 09:55:02,051 - DEBUG: Var 3 score: 2891.084437638642
2025-01-29 09:55:02,051 - DEBUG: Var 4 score: 1368.2204614057289
2025-01-29 09:55:02,052 - DEBUG: Var 5 score: 2795.4301574834963
2025-01-29 09:55:02,052 - DEBUG: Var 6 score: 2795.4301574834963
2025-01-29 09:55:02,052 - DEBUG: Var 7 score: 2795.4301574834963
2025-01-29 09:55:02,053 - DEBUG: Var 8 score: 2795.4301574834963
2025-01-29 09:55:02,053 - DEBUG: Var 9 score: 1368.2204614057289
2025-01-29 09:55:02,053 - DEBUG: Var 10 score: 2899.618694256937
2025-01-29 09:55:02,054 - DEBUG: Var 11 score: 1368.2204614057289
2025-01-29 09:55:02,054 - DEBUG: Var 12 score: 2899.618694256937
2025-01-29 09:55:02,054 - DEBUG: Var 13 score: 1368.2204614057289
2025-01-29 09:55:02,055 - DEBUG: Var 14 score: 2899.618694256937
2025-01-29 09:55:02,055 - DEBUG: Var 15 score: 2795.4301574834963
2025-01-29 09:55:02,056 - DEBUG: Var 16 score: 1368.2204614057289
2025-01-29 09:55:02,056 - DEBUG: Var 17 score: 2899.618694256937
2025-01-29 09:55:02,057 - DEBUG: Variable ordering:
2025-01-29 09:55:02,057 - DEBUG: Order: [ 2  4 13 11  9 16  1  0 15  8  6  5  7  3 10 12 14 17]
2025-01-29 09:55:02,057 - DEBUG: Original bounds before reordering:
2025-01-29 09:55:02,058 - DEBUG: Var 0 (Type: Integer): [-0.0, 18.0]
2025-01-29 09:55:02,058 - DEBUG: Var 1 (Type: Continuous): [0.0, inf]
2025-01-29 09:55:02,059 - DEBUG: Var 2 (Type: Continuous): [0.0, inf]
2025-01-29 09:55:02,060 - DEBUG: Var 3 (Type: Integer): [57.0, 75.0]
2025-01-29 09:55:02,061 - DEBUG: Var 4 (Type: Continuous): [0.0, inf]
2025-01-29 09:55:02,061 - DEBUG: Var 5 (Type: Integer): [-0.0, 18.0]
2025-01-29 09:55:02,063 - DEBUG: Var 6 (Type: Integer): [-0.0, 18.0]
2025-01-29 09:55:02,064 - DEBUG: Var 7 (Type: Integer): [-0.0, 18.0]
2025-01-29 09:55:02,064 - DEBUG: Var 8 (Type: Integer): [-0.0, 18.0]
2025-01-29 09:55:02,065 - DEBUG: Var 9 (Type: Continuous): [0.0, inf]
2025-01-29 09:55:02,065 - DEBUG: Var 10 (Type: Integer): [57.0, 75.0]
2025-01-29 09:55:02,065 - DEBUG: Var 11 (Type: Continuous): [0.0, inf]
2025-01-29 09:55:02,066 - DEBUG: Var 12 (Type: Integer): [57.0, 75.0]
2025-01-29 09:55:02,066 - DEBUG: Var 13 (Type: Continuous): [0.0, inf]
2025-01-29 09:55:02,067 - DEBUG: Var 14 (Type: Integer): [57.0, 75.0]
2025-01-29 09:55:02,067 - DEBUG: Var 15 (Type: Integer): [-0.0, 18.0]
2025-01-29 09:55:02,067 - DEBUG: Var 16 (Type: Continuous): [0.0, inf]
2025-01-29 09:55:02,068 - DEBUG: Var 17 (Type: Integer): [57.0, 75.0]
2025-01-29 09:55:02,070 - DEBUG: Constraint scores before ordering:
2025-01-29 09:55:02,071 - DEBUG: Constr 0: Score: 2418.7120054034904
2025-01-29 09:55:02,071 - DEBUG: Constr 1: Score: 4007.5131095663055
2025-01-29 09:55:02,072 - DEBUG: Constr 2: Score: 1040.467738636192
2025-01-29 09:55:02,072 - DEBUG: Constr 3: Score: 2021.380094761591
2025-01-29 09:55:02,072 - DEBUG: Constr 4: Score: 4019.2900244070015
2025-01-29 09:55:02,073 - DEBUG: Constr 5: Score: 1040.467738636192
2025-01-29 09:55:02,073 - DEBUG: Constr 6: Score: 2021.380094761591
2025-01-29 09:55:02,073 - DEBUG: Constr 7: Score: 4007.5131095663055
2025-01-29 09:55:02,074 - DEBUG: Constr 8: Score: 1040.467738636192
2025-01-29 09:55:02,074 - DEBUG: Constr 9: Score: 2021.380094761591
2025-01-29 09:55:02,074 - DEBUG: Constr 10: Score: 4029.824964978945
2025-01-29 09:55:02,075 - DEBUG: Constr 11: Score: 1040.467738636192
2025-01-29 09:55:02,075 - DEBUG: Constr 12: Score: 2021.380094761591
2025-01-29 09:55:02,076 - DEBUG: Constr 13: Score: 4019.2900244070015
2025-01-29 09:55:02,077 - DEBUG: Constr 14: Score: 1040.467738636192
2025-01-29 09:55:02,077 - DEBUG: Constr 15: Score: 2021.380094761591
2025-01-29 09:55:02,079 - DEBUG: Constr 16: Score: 4048.055454144437
2025-01-29 09:55:02,081 - DEBUG: Constr 17: Score: 1040.467738636192
2025-01-29 09:55:02,081 - DEBUG: Constraint ordering:
2025-01-29 09:55:02,082 - DEBUG: Order: [ 8 14 11  5 17  2  3  6  9 12 15  0  7  1 13  4 10 16]
2025-01-29 09:55:02,082 - DEBUG: Original constraints before reordering:
2025-01-29 09:55:02,083 - DEBUG: Constr 0: = 60.0
2025-01-29 09:55:02,083 - DEBUG: Constr 1: >= 8000.0
2025-01-29 09:55:02,083 - DEBUG: Constr 2: <= 0.0
2025-01-29 09:55:02,084 - DEBUG: Constr 3: = 0.0
2025-01-29 09:55:02,084 - DEBUG: Constr 4: >= 9000.0
2025-01-29 09:55:02,085 - DEBUG: Constr 5: <= 0.0
2025-01-29 09:55:02,085 - DEBUG: Constr 6: = 0.0
2025-01-29 09:55:02,085 - DEBUG: Constr 7: >= 8000.0
2025-01-29 09:55:02,086 - DEBUG: Constr 8: <= 0.0
2025-01-29 09:55:02,086 - DEBUG: Constr 9: = 0.0
2025-01-29 09:55:02,087 - DEBUG: Constr 10: >= 10000.0
2025-01-29 09:55:02,087 - DEBUG: Constr 11: <= 0.0
2025-01-29 09:55:02,088 - DEBUG: Constr 12: = 0.0
2025-01-29 09:55:02,088 - DEBUG: Constr 13: >= 9000.0
2025-01-29 09:55:02,088 - DEBUG: Constr 14: <= 0.0
2025-01-29 09:55:02,089 - DEBUG: Constr 15: = 0.0
2025-01-29 09:55:02,089 - DEBUG: Constr 16: >= 12000.0
2025-01-29 09:55:02,089 - DEBUG: Constr 17: <= 0.0
2025-01-29 09:55:02,094 - DEBUG: 
Objective:
    +30 x1 + +30 x2 + +30 x3 + +30 x4 + +30 x5 + +30 x6 + +2700 x7 + +1500 x8 + +1500 x9 + +1500 x10 + +1500 x11 + +1500 x12 + +1500 x13 + +2700 x14 + +2700 x15 + +2700 x16 + +2700 x17 + +2700 x18 (minimize)

Variables:
    x1 [0, inf] (Continuous)
    x2 [0, inf] (Continuous)
    x3 [0, inf] (Continuous)
    x4 [0, inf] (Continuous)
    x5 [0, inf] (Continuous)
    x6 [0, inf] (Continuous)
    x7 [0, inf] (Continuous)
    x8 [-0, 18] (Integer)
    x9 [-0, 18] (Integer)
    x10 [-0, 18] (Integer)
    x11 [-0, 18] (Integer)
    x12 [-0, 18] (Integer)
    x13 [-0, 18] (Integer)
    x14 [57, 75] (Integer)
    x15 [57, 75] (Integer)
    x16 [57, 75] (Integer)
    x17 [57, 75] (Integer)
    x18 [57, 75] (Integer)

Constraints:
    +1 x5 - 20 x18 <= 0
    +1 x3 - 20 x16 <= 0
    +1 x2 - 20 x17 <= 0
    +1 x1 - 20 x15 <= 0
    +1 x6 - 20 x14 <= 0
    +1 x4 - 20 x7 <= 0
    +0.9 x7 + +1 x12 - 1 x15 = 0
    +1 x13 + +0.9 x15 - 1 x18 = 0
    +1 x9 - 1 x17 + +0.9 x18 = 0
    +1 x10 - 1 x16 + +0.9 x17 = 0
    +1 x11 - 1 x14 + +0.9 x16 = 0
    +1 x7 = 60
    +1 x5 - 100 x9 + +150 x18 >= 8000
    +1 x4 + +150 x7 - 100 x12 >= 8000
    +1 x3 - 100 x11 + +150 x16 >= 9000
    +1 x1 - 100 x13 + +150 x15 >= 9000
    +1 x2 - 100 x10 + +150 x17 >= 10000
    +1 x6 - 100 x8 + +150 x14 >= 12000
2025-01-29 09:55:02,103 - INFO: Solving Canonical Form from Original Model
2025-01-29 09:55:02,114 - INFO: Solve Status: Optimal solution found
2025-01-29 09:55:02,115 - INFO: Solve Time: 0.0100 seconds
2025-01-29 09:55:02,115 - INFO: Objective Value: 1201500.0
2025-01-29 09:55:02,115 - INFO: Solving Canonical Form from Permuted Model
2025-01-29 09:55:02,124 - INFO: Solve Status: Optimal solution found
2025-01-29 09:55:02,125 - INFO: Solve Time: 0.0080 seconds
2025-01-29 09:55:02,125 - INFO: Objective Value: 1201500.0
2025-01-29 09:55:02,126 - DEBUG: Starting model validation...
2025-01-29 09:55:02,127 - DEBUG: Original canonical matrix: shape=(18, 18), nnz=46
2025-01-29 09:55:02,129 - DEBUG: Permuted canonical matrix: shape=(18, 18), nnz=46
2025-01-29 09:55:02,130 - DEBUG: Starting detailed model comparison...
2025-01-29 09:55:02,131 - DEBUG: Matrix coefficient differences found:
2025-01-29 09:55:02,131 - DEBUG: Position 19: 0.9 vs -1.0
2025-01-29 09:55:02,132 - DEBUG: Position 20: -1.0 vs 0.9
2025-01-29 09:55:02,132 - DEBUG: Position 22: 0.9 vs -1.0
2025-01-29 09:55:02,133 - DEBUG: Position 23: -1.0 vs 0.9
2025-01-29 09:55:02,133 - DEBUG: Validation result: False
2025-01-29 09:55:02,134 - DEBUG: Detailed model comparison:
2025-01-29 09:55:02,134 - DEBUG: Matrix coefficient differences found:
2025-01-29 09:55:02,180 - DEBUG: 
   Model 1                                                                                                              Model 2                                                                                                             
        x0   x1   x2   x3   x4   x5     x6     x7     x8     x9    x10    x11    x12    x13    x14    x15    x16    x17      x0   x1   x2   x3   x4   x5     x6     x7     x8     x9    x10    x11    x12    x13    x14    x15    x16    x17
0      1.0  0.0  0.0  0.0  0.0  0.0    0.0    0.0    0.0    0.0    0.0    0.0    0.0    0.0    0.0  -20.0    0.0    0.0     0.0  0.0  0.0  0.0  1.0  0.0    0.0    0.0    0.0    0.0    0.0    0.0    0.0    0.0    0.0    0.0    0.0  -20.0
1      0.0  1.0  0.0  0.0  0.0  0.0    0.0    0.0    0.0    0.0    0.0    0.0    0.0    0.0    0.0    0.0    0.0  -20.0     0.0  0.0  1.0  0.0  0.0  0.0    0.0    0.0    0.0    0.0    0.0    0.0    0.0    0.0    0.0  -20.0    0.0    0.0
2      0.0  0.0  1.0  0.0  0.0  0.0    0.0    0.0    0.0    0.0    0.0    0.0    0.0    0.0    0.0    0.0  -20.0    0.0     0.0  1.0  0.0  0.0  0.0  0.0    0.0    0.0    0.0    0.0    0.0    0.0    0.0    0.0    0.0    0.0  -20.0    0.0
3      0.0  0.0  0.0  1.0  0.0  0.0    0.0    0.0    0.0    0.0    0.0    0.0    0.0    0.0  -20.0    0.0    0.0    0.0     1.0  0.0  0.0  0.0  0.0  0.0    0.0    0.0    0.0    0.0    0.0    0.0    0.0    0.0  -20.0    0.0    0.0    0.0
4      0.0  0.0  0.0  0.0  1.0  0.0    0.0    0.0    0.0    0.0    0.0    0.0    0.0  -20.0    0.0    0.0    0.0    0.0     0.0  0.0  0.0  0.0  0.0  1.0    0.0    0.0    0.0    0.0    0.0    0.0    0.0  -20.0    0.0    0.0    0.0    0.0
5      0.0  0.0  0.0  0.0  0.0  1.0  -20.0    0.0    0.0    0.0    0.0    0.0    0.0    0.0    0.0    0.0    0.0    0.0     0.0  0.0  0.0  1.0  0.0  0.0  -20.0    0.0    0.0    0.0    0.0    0.0    0.0    0.0    0.0    0.0    0.0    0.0
6      0.0  0.0  0.0  0.0  0.0  0.0    0.9    0.0    0.0    0.0    0.0    1.0    0.0    0.0   -1.0    0.0    0.0    0.0     0.0  0.0  0.0  0.0  0.0  0.0    0.9    0.0    0.0    0.0    0.0    1.0    0.0    0.0   -1.0    0.0    0.0    0.0
7      0.0  0.0  0.0  0.0  0.0  0.0    0.0    0.0    0.0    0.0    0.0    0.0    1.0    0.0    0.9   -1.0    0.0    0.0     0.0  0.0  0.0  0.0  0.0  0.0    0.0    0.0    0.0    0.0    0.0    0.0    1.0    0.0    0.9    0.0    0.0   -1.0
8      0.0  0.0  0.0  0.0  0.0  0.0    0.0    0.0    1.0    0.0    0.0    0.0    0.0    0.0    0.0    0.9   -1.0    0.0     0.0  0.0  0.0  0.0  0.0  0.0    0.0    0.0    1.0    0.0    0.0    0.0    0.0    0.0    0.0    0.0   -1.0    0.9
9      0.0  0.0  0.0  0.0  0.0  0.0    0.0    0.0    0.0    1.0    0.0    0.0    0.0    0.0    0.0    0.0    0.9   -1.0     0.0  0.0  0.0  0.0  0.0  0.0    0.0    0.0    0.0    1.0    0.0    0.0    0.0    0.0    0.0   -1.0    0.9    0.0
10     0.0  0.0  0.0  0.0  0.0  0.0    0.0    0.0    0.0    0.0    1.0    0.0    0.0   -1.0    0.0    0.0    0.0    0.9     0.0  0.0  0.0  0.0  0.0  0.0    0.0    0.0    0.0    0.0    1.0    0.0    0.0   -1.0    0.0    0.9    0.0    0.0
11     0.0  0.0  0.0  0.0  0.0  0.0    1.0    0.0    0.0    0.0    0.0    0.0    0.0    0.0    0.0    0.0    0.0    0.0     0.0  0.0  0.0  0.0  0.0  0.0    1.0    0.0    0.0    0.0    0.0    0.0    0.0    0.0    0.0    0.0    0.0    0.0
12     1.0  0.0  0.0  0.0  0.0  0.0    0.0    0.0 -100.0    0.0    0.0    0.0    0.0    0.0    0.0  150.0    0.0    0.0     0.0  0.0  0.0  0.0  1.0  0.0    0.0    0.0 -100.0    0.0    0.0    0.0    0.0    0.0    0.0    0.0    0.0  150.0
13     0.0  0.0  0.0  0.0  0.0  1.0  150.0    0.0    0.0    0.0    0.0 -100.0    0.0    0.0    0.0    0.0    0.0    0.0     0.0  0.0  0.0  1.0  0.0  0.0  150.0    0.0    0.0    0.0    0.0 -100.0    0.0    0.0    0.0    0.0    0.0    0.0
14     0.0  1.0  0.0  0.0  0.0  0.0    0.0    0.0    0.0    0.0 -100.0    0.0    0.0    0.0    0.0    0.0    0.0  150.0     0.0  0.0  1.0  0.0  0.0  0.0    0.0    0.0    0.0    0.0 -100.0    0.0    0.0    0.0    0.0  150.0    0.0    0.0
15     0.0  0.0  0.0  1.0  0.0  0.0    0.0    0.0    0.0    0.0    0.0    0.0 -100.0    0.0  150.0    0.0    0.0    0.0     1.0  0.0  0.0  0.0  0.0  0.0    0.0    0.0    0.0    0.0    0.0    0.0 -100.0    0.0  150.0    0.0    0.0    0.0
16     0.0  0.0  1.0  0.0  0.0  0.0    0.0    0.0    0.0 -100.0    0.0    0.0    0.0    0.0    0.0    0.0  150.0    0.0     0.0  1.0  0.0  0.0  0.0  0.0    0.0    0.0    0.0 -100.0    0.0    0.0    0.0    0.0    0.0    0.0  150.0    0.0
17     0.0  0.0  0.0  0.0  1.0  0.0    0.0 -100.0    0.0    0.0    0.0    0.0    0.0  150.0    0.0    0.0    0.0    0.0     0.0  0.0  0.0  0.0  0.0  1.0    0.0 -100.0    0.0    0.0    0.0    0.0    0.0  150.0    0.0    0.0    0.0    0.0
2025-01-29 09:55:02,189 - INFO: Iteration 1 Results:
2025-01-29 09:55:02,190 - INFO: - Models equivalent: False
2025-01-29 09:55:02,190 - INFO: - Variable counts match: True
2025-01-29 09:55:02,191 - INFO: - Constraint counts match: True
2025-01-29 09:55:02,191 - INFO: - Original Objective Value: 1201500.0
2025-01-29 09:55:02,191 - INFO: - Permuted Objective Value: 1201500.0
2025-01-29 09:55:02,192 - INFO: - Canonical from Original Objective Value: 1201500.0
2025-01-29 09:55:02,193 - INFO: - Canonical from Permuted Objective Value: 1201500.0
2025-01-29 09:55:02,194 - INFO: - Original Solve Time: 0.0099847317 seconds
2025-01-29 09:55:02,194 - INFO: - Permuted Solve Time: 0.0089192390 seconds
2025-01-29 09:55:02,196 - INFO: - Canonical from Original Solve Time: 0.0100071430 seconds
2025-01-29 09:55:02,197 - INFO: - Canonical from Permuted Solve Time: 0.0080165863 seconds
2025-01-29 09:55:02,198 - INFO: Running iteration 2/4
2025-01-29 09:55:02,198 - DEBUG: Starting new iteration...
2025-01-29 09:55:02,198 - INFO: Creating Permuted Problem
2025-01-29 09:55:02,202 - DEBUG: 
Objective:
    +2700 x0 + +30 x1 + +2700 x2 + +30 x3 + +1500 x4 + +1500 x5 + +1500 x6 + +2700 x7 + +1500 x8 + +2700 x9 + +1500 x10 + +2700 x11 + +30 x12 + +1500 x13 + +30 x14 + +30 x15 + +2700 x16 + +30 x17 (minimize)

Variables:
    x0 [57, 75] (Integer)
    x1 [0, inf] (Continuous)
    x2 [57, 75] (Integer)
    x3 [0, inf] (Continuous)
    x4 [-0, 18] (Integer)
    x5 [-0, 18] (Integer)
    x6 [-0, 18] (Integer)
    x7 [57, 75] (Integer)
    x8 [-0, 18] (Integer)
    x9 [0, inf] (Continuous)
    x10 [-0, 18] (Integer)
    x11 [57, 75] (Integer)
    x12 [0, inf] (Continuous)
    x13 [-0, 18] (Integer)
    x14 [0, inf] (Continuous)
    x15 [0, inf] (Continuous)
    x16 [57, 75] (Integer)
    x17 [0, inf] (Continuous)

Constraints:
    +1 x9 = 60
    -100 x6 + +150 x9 + +1 x15 >= 8000
    -20 x9 + +1 x15 <= 0
    -1 x0 + +1 x6 + +0.9 x9 = 0
    +150 x0 - 100 x5 + +1 x17 >= 9000
    -20 x0 + +1 x17 <= 0
    +0.9 x0 + +1 x5 - 1 x7 = 0
    +150 x7 - 100 x8 + +1 x14 >= 8000
    -20 x7 + +1 x14 <= 0
    +0.9 x7 + +1 x8 - 1 x16 = 0
    -100 x4 + +1 x12 + +150 x16 >= 10000
    +1 x12 - 20 x16 <= 0
    -1 x2 + +1 x4 + +0.9 x16 = 0
    +1 x1 + +150 x2 - 100 x10 >= 9000
    +1 x1 - 20 x2 <= 0
    +0.9 x2 + +1 x10 - 1 x11 = 0
    +1 x3 + +150 x11 - 100 x13 >= 12000
    +1 x3 - 20 x11 <= 0
2025-01-29 09:55:02,210 - INFO: Solving Permuted Problem
2025-01-29 09:55:02,221 - INFO: Solve Status: Optimal solution found
2025-01-29 09:55:02,222 - INFO: Solve Time: 0.0100 seconds
2025-01-29 09:55:02,222 - INFO: Objective Value: 1201500.0
2025-01-29 09:55:02,222 - INFO: Permuted Problem Results:
2025-01-29 09:55:02,223 - INFO: - Objective Value: 1201500.0
2025-01-29 09:55:02,223 - INFO: - Solve Time: 0.0099849701 seconds
2025-01-29 09:55:02,223 - DEBUG: Before canonicalization:
2025-01-29 09:55:02,224 - DEBUG: Original matrix: shape=(18, 18), nnz=46
2025-01-29 09:55:02,224 - DEBUG: Permuted matrix: shape=(18, 18), nnz=46
2025-01-29 09:55:02,225 - DEBUG: Generating canonical form for permuted model...
2025-01-29 09:55:02,230 - DEBUG: Variable scores before ordering:
2025-01-29 09:55:02,231 - DEBUG: Var 0 score: 2899.618694256937
2025-01-29 09:55:02,231 - DEBUG: Var 1 score: 1368.2204614057289
2025-01-29 09:55:02,232 - DEBUG: Var 2 score: 2899.618694256937
2025-01-29 09:55:02,232 - DEBUG: Var 3 score: 1368.2204614057289
2025-01-29 09:55:02,233 - DEBUG: Var 4 score: 2795.4301574834963
2025-01-29 09:55:02,233 - DEBUG: Var 5 score: 2795.4301574834963
2025-01-29 09:55:02,233 - DEBUG: Var 6 score: 2795.4301574834963
2025-01-29 09:55:02,234 - DEBUG: Var 7 score: 2899.618694256937
2025-01-29 09:55:02,234 - DEBUG: Var 8 score: 2795.4301574834963
2025-01-29 09:55:02,235 - DEBUG: Var 9 score: 1899.6186942569375
2025-01-29 09:55:02,235 - DEBUG: Var 10 score: 2795.4301574834963
2025-01-29 09:55:02,235 - DEBUG: Var 11 score: 2891.084437638642
2025-01-29 09:55:02,236 - DEBUG: Var 12 score: 1368.2204614057289
2025-01-29 09:55:02,236 - DEBUG: Var 13 score: 2785.471360137356
2025-01-29 09:55:02,236 - DEBUG: Var 14 score: 1368.2204614057289
2025-01-29 09:55:02,237 - DEBUG: Var 15 score: 1368.2204614057289
2025-01-29 09:55:02,237 - DEBUG: Var 16 score: 2899.618694256937
2025-01-29 09:55:02,238 - DEBUG: Var 17 score: 1368.2204614057289
2025-01-29 09:55:02,238 - DEBUG: Variable ordering:
2025-01-29 09:55:02,239 - DEBUG: Order: [17  1 15  3 14 12  9 13 10  8  6  5  4 11  7  2 16  0]
2025-01-29 09:55:02,239 - DEBUG: Original bounds before reordering:
2025-01-29 09:55:02,240 - DEBUG: Var 0 (Type: Integer): [57.0, 75.0]
2025-01-29 09:55:02,240 - DEBUG: Var 1 (Type: Continuous): [0.0, inf]
2025-01-29 09:55:02,241 - DEBUG: Var 2 (Type: Integer): [57.0, 75.0]
2025-01-29 09:55:02,241 - DEBUG: Var 3 (Type: Continuous): [0.0, inf]
2025-01-29 09:55:02,241 - DEBUG: Var 4 (Type: Integer): [-0.0, 18.0]
2025-01-29 09:55:02,242 - DEBUG: Var 5 (Type: Integer): [-0.0, 18.0]
2025-01-29 09:55:02,243 - DEBUG: Var 6 (Type: Integer): [-0.0, 18.0]
2025-01-29 09:55:02,244 - DEBUG: Var 7 (Type: Integer): [57.0, 75.0]
2025-01-29 09:55:02,246 - DEBUG: Var 8 (Type: Integer): [-0.0, 18.0]
2025-01-29 09:55:02,247 - DEBUG: Var 9 (Type: Continuous): [0.0, inf]
2025-01-29 09:55:02,247 - DEBUG: Var 10 (Type: Integer): [-0.0, 18.0]
2025-01-29 09:55:02,248 - DEBUG: Var 11 (Type: Integer): [57.0, 75.0]
2025-01-29 09:55:02,248 - DEBUG: Var 12 (Type: Continuous): [0.0, inf]
2025-01-29 09:55:02,249 - DEBUG: Var 13 (Type: Integer): [-0.0, 18.0]
2025-01-29 09:55:02,249 - DEBUG: Var 14 (Type: Continuous): [0.0, inf]
2025-01-29 09:55:02,250 - DEBUG: Var 15 (Type: Continuous): [0.0, inf]
2025-01-29 09:55:02,250 - DEBUG: Var 16 (Type: Integer): [57.0, 75.0]
2025-01-29 09:55:02,250 - DEBUG: Var 17 (Type: Continuous): [0.0, inf]
2025-01-29 09:55:02,253 - DEBUG: Constraint scores before ordering:
2025-01-29 09:55:02,253 - DEBUG: Constr 0: Score: 2418.7120054034904
2025-01-29 09:55:02,254 - DEBUG: Constr 1: Score: 4007.5131095663055
2025-01-29 09:55:02,254 - DEBUG: Constr 2: Score: 1040.467738636192
2025-01-29 09:55:02,254 - DEBUG: Constr 3: Score: 2021.380094761591
2025-01-29 09:55:02,255 - DEBUG: Constr 4: Score: 4019.2900244070015
2025-01-29 09:55:02,255 - DEBUG: Constr 5: Score: 1040.467738636192
2025-01-29 09:55:02,256 - DEBUG: Constr 6: Score: 2021.380094761591
2025-01-29 09:55:02,256 - DEBUG: Constr 7: Score: 4007.5131095663055
2025-01-29 09:55:02,256 - DEBUG: Constr 8: Score: 1040.467738636192
2025-01-29 09:55:02,257 - DEBUG: Constr 9: Score: 2021.380094761591
2025-01-29 09:55:02,257 - DEBUG: Constr 10: Score: 4029.824964978945
2025-01-29 09:55:02,257 - DEBUG: Constr 11: Score: 1040.467738636192
2025-01-29 09:55:02,258 - DEBUG: Constr 12: Score: 2021.380094761591
2025-01-29 09:55:02,258 - DEBUG: Constr 13: Score: 4019.2900244070015
2025-01-29 09:55:02,259 - DEBUG: Constr 14: Score: 1040.467738636192
2025-01-29 09:55:02,260 - DEBUG: Constr 15: Score: 2021.380094761591
2025-01-29 09:55:02,260 - DEBUG: Constr 16: Score: 4048.055454144437
2025-01-29 09:55:02,261 - DEBUG: Constr 17: Score: 1040.467738636192
2025-01-29 09:55:02,263 - DEBUG: Constraint ordering:
2025-01-29 09:55:02,264 - DEBUG: Order: [ 8 14 11  5 17  2  3  6  9 12 15  0  7  1 13  4 10 16]
2025-01-29 09:55:02,265 - DEBUG: Original constraints before reordering:
2025-01-29 09:55:02,265 - DEBUG: Constr 0: = 60.0
2025-01-29 09:55:02,266 - DEBUG: Constr 1: >= 8000.0
2025-01-29 09:55:02,266 - DEBUG: Constr 2: <= 0.0
2025-01-29 09:55:02,266 - DEBUG: Constr 3: = 0.0
2025-01-29 09:55:02,267 - DEBUG: Constr 4: >= 9000.0
2025-01-29 09:55:02,267 - DEBUG: Constr 5: <= 0.0
2025-01-29 09:55:02,268 - DEBUG: Constr 6: = 0.0
2025-01-29 09:55:02,268 - DEBUG: Constr 7: >= 8000.0
2025-01-29 09:55:02,268 - DEBUG: Constr 8: <= 0.0
2025-01-29 09:55:02,269 - DEBUG: Constr 9: = 0.0
2025-01-29 09:55:02,269 - DEBUG: Constr 10: >= 10000.0
2025-01-29 09:55:02,270 - DEBUG: Constr 11: <= 0.0
2025-01-29 09:55:02,270 - DEBUG: Constr 12: = 0.0
2025-01-29 09:55:02,271 - DEBUG: Constr 13: >= 9000.0
2025-01-29 09:55:02,271 - DEBUG: Constr 14: <= 0.0
2025-01-29 09:55:02,272 - DEBUG: Constr 15: = 0.0
2025-01-29 09:55:02,272 - DEBUG: Constr 16: >= 12000.0
2025-01-29 09:55:02,272 - DEBUG: Constr 17: <= 0.0
2025-01-29 09:55:02,276 - DEBUG: 
Objective:
    +30 x1 + +30 x2 + +30 x3 + +30 x4 + +30 x5 + +30 x6 + +2700 x7 + +1500 x8 + +1500 x9 + +1500 x10 + +1500 x11 + +1500 x12 + +1500 x13 + +2700 x14 + +2700 x15 + +2700 x16 + +2700 x17 + +2700 x18 (minimize)

Variables:
    x1 [0, inf] (Continuous)
    x2 [0, inf] (Continuous)
    x3 [0, inf] (Continuous)
    x4 [0, inf] (Continuous)
    x5 [0, inf] (Continuous)
    x6 [0, inf] (Continuous)
    x7 [0, inf] (Continuous)
    x8 [-0, 18] (Integer)
    x9 [-0, 18] (Integer)
    x10 [-0, 18] (Integer)
    x11 [-0, 18] (Integer)
    x12 [-0, 18] (Integer)
    x13 [-0, 18] (Integer)
    x14 [57, 75] (Integer)
    x15 [57, 75] (Integer)
    x16 [57, 75] (Integer)
    x17 [57, 75] (Integer)
    x18 [57, 75] (Integer)

Constraints:
    +1 x5 - 20 x15 <= 0
    +1 x2 - 20 x16 <= 0
    +1 x6 - 20 x17 <= 0
    +1 x1 - 20 x18 <= 0
    +1 x4 - 20 x14 <= 0
    +1 x3 - 20 x7 <= 0
    +0.9 x7 + +1 x11 - 1 x18 = 0
    +1 x12 - 1 x15 + +0.9 x18 = 0
    +1 x10 + +0.9 x15 - 1 x17 = 0
    +1 x13 - 1 x16 + +0.9 x17 = 0
    +1 x9 - 1 x14 + +0.9 x16 = 0
    +1 x7 = 60
    +1 x5 - 100 x10 + +150 x15 >= 8000
    +1 x3 + +150 x7 - 100 x11 >= 8000
    +1 x2 - 100 x9 + +150 x16 >= 9000
    +1 x1 - 100 x12 + +150 x18 >= 9000
    +1 x6 - 100 x13 + +150 x17 >= 10000
    +1 x4 - 100 x8 + +150 x14 >= 12000
2025-01-29 09:55:02,286 - INFO: Solving Canonical Form from Original Model
2025-01-29 09:55:02,297 - INFO: Solve Status: Optimal solution found
2025-01-29 09:55:02,298 - INFO: Solve Time: 0.0100 seconds
2025-01-29 09:55:02,298 - INFO: Objective Value: 1201500.0
2025-01-29 09:55:02,298 - INFO: Solving Canonical Form from Permuted Model
2025-01-29 09:55:02,306 - INFO: Solve Status: Optimal solution found
2025-01-29 09:55:02,306 - INFO: Solve Time: 0.0070 seconds
2025-01-29 09:55:02,306 - INFO: Objective Value: 1201500.0
2025-01-29 09:55:02,306 - DEBUG: Starting model validation...
2025-01-29 09:55:02,307 - DEBUG: Original canonical matrix: shape=(18, 18), nnz=46
2025-01-29 09:55:02,308 - DEBUG: Permuted canonical matrix: shape=(18, 18), nnz=46
2025-01-29 09:55:02,308 - DEBUG: Starting detailed model comparison...
2025-01-29 09:55:02,310 - DEBUG: Matrix coefficient differences found:
2025-01-29 09:55:02,312 - DEBUG: Position 16: 0.9 vs -1.0
2025-01-29 09:55:02,313 - DEBUG: Position 17: -1.0 vs 0.9
2025-01-29 09:55:02,314 - DEBUG: Position 22: 0.9 vs -1.0
2025-01-29 09:55:02,315 - DEBUG: Position 23: -1.0 vs 0.9
2025-01-29 09:55:02,315 - DEBUG: Validation result: False
2025-01-29 09:55:02,316 - DEBUG: Detailed model comparison:
2025-01-29 09:55:02,317 - DEBUG: Matrix coefficient differences found:
2025-01-29 09:55:02,359 - DEBUG: 
   Model 1                                                                                                              Model 2                                                                                                             
        x0   x1   x2   x3   x4   x5     x6     x7     x8     x9    x10    x11    x12    x13    x14    x15    x16    x17      x0   x1   x2   x3   x4   x5     x6     x7     x8     x9    x10    x11    x12    x13    x14    x15    x16    x17
0      1.0  0.0  0.0  0.0  0.0  0.0    0.0    0.0    0.0    0.0    0.0    0.0    0.0    0.0    0.0  -20.0    0.0    0.0     0.0  0.0  0.0  0.0  1.0  0.0    0.0    0.0    0.0    0.0    0.0    0.0    0.0    0.0  -20.0    0.0    0.0    0.0
1      0.0  1.0  0.0  0.0  0.0  0.0    0.0    0.0    0.0    0.0    0.0    0.0    0.0    0.0    0.0    0.0    0.0  -20.0     0.0  1.0  0.0  0.0  0.0  0.0    0.0    0.0    0.0    0.0    0.0    0.0    0.0    0.0    0.0  -20.0    0.0    0.0
2      0.0  0.0  1.0  0.0  0.0  0.0    0.0    0.0    0.0    0.0    0.0    0.0    0.0    0.0    0.0    0.0  -20.0    0.0     0.0  0.0  0.0  0.0  0.0  1.0    0.0    0.0    0.0    0.0    0.0    0.0    0.0    0.0    0.0    0.0  -20.0    0.0
3      0.0  0.0  0.0  1.0  0.0  0.0    0.0    0.0    0.0    0.0    0.0    0.0    0.0    0.0  -20.0    0.0    0.0    0.0     1.0  0.0  0.0  0.0  0.0  0.0    0.0    0.0    0.0    0.0    0.0    0.0    0.0    0.0    0.0    0.0    0.0  -20.0
4      0.0  0.0  0.0  0.0  1.0  0.0    0.0    0.0    0.0    0.0    0.0    0.0    0.0  -20.0    0.0    0.0    0.0    0.0     0.0  0.0  0.0  1.0  0.0  0.0    0.0    0.0    0.0    0.0    0.0    0.0    0.0  -20.0    0.0    0.0    0.0    0.0
5      0.0  0.0  0.0  0.0  0.0  1.0  -20.0    0.0    0.0    0.0    0.0    0.0    0.0    0.0    0.0    0.0    0.0    0.0     0.0  0.0  1.0  0.0  0.0  0.0  -20.0    0.0    0.0    0.0    0.0    0.0    0.0    0.0    0.0    0.0    0.0    0.0
6      0.0  0.0  0.0  0.0  0.0  0.0    0.9    0.0    0.0    0.0    0.0    1.0    0.0    0.0   -1.0    0.0    0.0    0.0     0.0  0.0  0.0  0.0  0.0  0.0    0.9    0.0    0.0    0.0    1.0    0.0    0.0    0.0    0.0    0.0    0.0   -1.0
7      0.0  0.0  0.0  0.0  0.0  0.0    0.0    0.0    0.0    0.0    0.0    0.0    1.0    0.0    0.9   -1.0    0.0    0.0     0.0  0.0  0.0  0.0  0.0  0.0    0.0    0.0    0.0    0.0    0.0    1.0    0.0    0.0   -1.0    0.0    0.0    0.9
8      0.0  0.0  0.0  0.0  0.0  0.0    0.0    0.0    1.0    0.0    0.0    0.0    0.0    0.0    0.0    0.9   -1.0    0.0     0.0  0.0  0.0  0.0  0.0  0.0    0.0    0.0    0.0    1.0    0.0    0.0    0.0    0.0    0.9    0.0   -1.0    0.0
9      0.0  0.0  0.0  0.0  0.0  0.0    0.0    0.0    0.0    1.0    0.0    0.0    0.0    0.0    0.0    0.0    0.9   -1.0     0.0  0.0  0.0  0.0  0.0  0.0    0.0    0.0    0.0    0.0    0.0    0.0    1.0    0.0    0.0   -1.0    0.9    0.0
10     0.0  0.0  0.0  0.0  0.0  0.0    0.0    0.0    0.0    0.0    1.0    0.0    0.0   -1.0    0.0    0.0    0.0    0.9     0.0  0.0  0.0  0.0  0.0  0.0    0.0    0.0    1.0    0.0    0.0    0.0    0.0   -1.0    0.0    0.9    0.0    0.0
11     0.0  0.0  0.0  0.0  0.0  0.0    1.0    0.0    0.0    0.0    0.0    0.0    0.0    0.0    0.0    0.0    0.0    0.0     0.0  0.0  0.0  0.0  0.0  0.0    1.0    0.0    0.0    0.0    0.0    0.0    0.0    0.0    0.0    0.0    0.0    0.0
12     1.0  0.0  0.0  0.0  0.0  0.0    0.0    0.0 -100.0    0.0    0.0    0.0    0.0    0.0    0.0  150.0    0.0    0.0     0.0  0.0  0.0  0.0  1.0  0.0    0.0    0.0    0.0 -100.0    0.0    0.0    0.0    0.0  150.0    0.0    0.0    0.0
13     0.0  0.0  0.0  0.0  0.0  1.0  150.0    0.0    0.0    0.0    0.0 -100.0    0.0    0.0    0.0    0.0    0.0    0.0     0.0  0.0  1.0  0.0  0.0  0.0  150.0    0.0    0.0    0.0 -100.0    0.0    0.0    0.0    0.0    0.0    0.0    0.0
14     0.0  1.0  0.0  0.0  0.0  0.0    0.0    0.0    0.0    0.0 -100.0    0.0    0.0    0.0    0.0    0.0    0.0  150.0     0.0  1.0  0.0  0.0  0.0  0.0    0.0    0.0 -100.0    0.0    0.0    0.0    0.0    0.0    0.0  150.0    0.0    0.0
15     0.0  0.0  0.0  1.0  0.0  0.0    0.0    0.0    0.0    0.0    0.0    0.0 -100.0    0.0  150.0    0.0    0.0    0.0     1.0  0.0  0.0  0.0  0.0  0.0    0.0    0.0    0.0    0.0    0.0 -100.0    0.0    0.0    0.0    0.0    0.0  150.0
16     0.0  0.0  1.0  0.0  0.0  0.0    0.0    0.0    0.0 -100.0    0.0    0.0    0.0    0.0    0.0    0.0  150.0    0.0     0.0  0.0  0.0  0.0  0.0  1.0    0.0    0.0    0.0    0.0    0.0    0.0 -100.0    0.0    0.0    0.0  150.0    0.0
17     0.0  0.0  0.0  0.0  1.0  0.0    0.0 -100.0    0.0    0.0    0.0    0.0    0.0  150.0    0.0    0.0    0.0    0.0     0.0  0.0  0.0  1.0  0.0  0.0    0.0 -100.0    0.0    0.0    0.0    0.0    0.0  150.0    0.0    0.0    0.0    0.0
2025-01-29 09:55:02,371 - INFO: Iteration 2 Results:
2025-01-29 09:55:02,372 - INFO: - Models equivalent: False
2025-01-29 09:55:02,372 - INFO: - Variable counts match: True
2025-01-29 09:55:02,372 - INFO: - Constraint counts match: True
2025-01-29 09:55:02,373 - INFO: - Original Objective Value: 1201500.0
2025-01-29 09:55:02,373 - INFO: - Permuted Objective Value: 1201500.0
2025-01-29 09:55:02,374 - INFO: - Canonical from Original Objective Value: 1201500.0
2025-01-29 09:55:02,374 - INFO: - Canonical from Permuted Objective Value: 1201500.0
2025-01-29 09:55:02,375 - INFO: - Original Solve Time: 0.0099847317 seconds
2025-01-29 09:55:02,375 - INFO: - Permuted Solve Time: 0.0099849701 seconds
2025-01-29 09:55:02,376 - INFO: - Canonical from Original Solve Time: 0.0100076199 seconds
2025-01-29 09:55:02,377 - INFO: - Canonical from Permuted Solve Time: 0.0070152283 seconds
2025-01-29 09:55:02,377 - INFO: Running iteration 3/4
2025-01-29 09:55:02,378 - DEBUG: Starting new iteration...
2025-01-29 09:55:02,379 - INFO: Creating Permuted Problem
2025-01-29 09:55:02,383 - DEBUG: 
Objective:
    +2700 x0 + +1500 x1 + +2700 x2 + +1500 x3 + +1500 x4 + +30 x5 + +2700 x6 + +1500 x7 + +30 x8 + +2700 x9 + +30 x10 + +30 x11 + +1500 x12 + +2700 x13 + +30 x14 + +2700 x15 + +30 x16 + +1500 x17 (minimize)

Variables:
    x0 [57, 75] (Integer)
    x1 [-0, 18] (Integer)
    x2 [57, 75] (Integer)
    x3 [-0, 18] (Integer)
    x4 [-0, 18] (Integer)
    x5 [0, inf] (Continuous)
    x6 [0, inf] (Continuous)
    x7 [-0, 18] (Integer)
    x8 [0, inf] (Continuous)
    x9 [57, 75] (Integer)
    x10 [0, inf] (Continuous)
    x11 [0, inf] (Continuous)
    x12 [-0, 18] (Integer)
    x13 [57, 75] (Integer)
    x14 [0, inf] (Continuous)
    x15 [57, 75] (Integer)
    x16 [0, inf] (Continuous)
    x17 [-0, 18] (Integer)

Constraints:
    +1 x6 = 60
    +150 x6 - 100 x12 + +1 x14 >= 8000
    -20 x6 + +1 x14 <= 0
    -1 x2 + +0.9 x6 + +1 x12 = 0
    +150 x2 - 100 x4 + +1 x16 >= 9000
    -20 x2 + +1 x16 <= 0
    +0.9 x2 + +1 x4 - 1 x9 = 0
    +1 x8 + +150 x9 - 100 x17 >= 8000
    +1 x8 - 20 x9 <= 0
    -1 x0 + +0.9 x9 + +1 x17 = 0
    +150 x0 - 100 x3 + +1 x5 >= 10000
    -20 x0 + +1 x5 <= 0
    +0.9 x0 + +1 x3 - 1 x15 = 0
    -100 x1 + +1 x10 + +150 x15 >= 9000
    +1 x10 - 20 x15 <= 0
    +1 x1 - 1 x13 + +0.9 x15 = 0
    -100 x7 + +1 x11 + +150 x13 >= 12000
    +1 x11 - 20 x13 <= 0
2025-01-29 09:55:02,389 - INFO: Solving Permuted Problem
2025-01-29 09:55:02,400 - INFO: Solve Status: Optimal solution found
2025-01-29 09:55:02,400 - INFO: Solve Time: 0.0090 seconds
2025-01-29 09:55:02,400 - INFO: Objective Value: 1201500.0
2025-01-29 09:55:02,401 - INFO: Permuted Problem Results:
2025-01-29 09:55:02,401 - INFO: - Objective Value: 1201500.0
2025-01-29 09:55:02,402 - INFO: - Solve Time: 0.0089986324 seconds
2025-01-29 09:55:02,402 - DEBUG: Before canonicalization:
2025-01-29 09:55:02,403 - DEBUG: Original matrix: shape=(18, 18), nnz=46
2025-01-29 09:55:02,404 - DEBUG: Permuted matrix: shape=(18, 18), nnz=46
2025-01-29 09:55:02,404 - DEBUG: Generating canonical form for permuted model...
2025-01-29 09:55:02,407 - DEBUG: Variable scores before ordering:
2025-01-29 09:55:02,408 - DEBUG: Var 0 score: 2899.618694256937
2025-01-29 09:55:02,408 - DEBUG: Var 1 score: 2795.4301574834963
2025-01-29 09:55:02,409 - DEBUG: Var 2 score: 2899.618694256937
2025-01-29 09:55:02,410 - DEBUG: Var 3 score: 2795.4301574834963
2025-01-29 09:55:02,410 - DEBUG: Var 4 score: 2795.4301574834963
2025-01-29 09:55:02,411 - DEBUG: Var 5 score: 1368.2204614057289
2025-01-29 09:55:02,413 - DEBUG: Var 6 score: 1899.6186942569375
2025-01-29 09:55:02,415 - DEBUG: Var 7 score: 2785.471360137356
2025-01-29 09:55:02,415 - DEBUG: Var 8 score: 1368.2204614057289
2025-01-29 09:55:02,416 - DEBUG: Var 9 score: 2899.618694256937
2025-01-29 09:55:02,417 - DEBUG: Var 10 score: 1368.2204614057289
2025-01-29 09:55:02,417 - DEBUG: Var 11 score: 1368.2204614057289
2025-01-29 09:55:02,417 - DEBUG: Var 12 score: 2795.4301574834963
2025-01-29 09:55:02,418 - DEBUG: Var 13 score: 2891.084437638642
2025-01-29 09:55:02,418 - DEBUG: Var 14 score: 1368.2204614057289
2025-01-29 09:55:02,419 - DEBUG: Var 15 score: 2899.618694256937
2025-01-29 09:55:02,419 - DEBUG: Var 16 score: 1368.2204614057289
2025-01-29 09:55:02,419 - DEBUG: Var 17 score: 2795.4301574834963
2025-01-29 09:55:02,420 - DEBUG: Variable ordering:
2025-01-29 09:55:02,421 - DEBUG: Order: [ 8 14 11 10  5 16  6  7 12 17  4  3  1 13  2 15  9  0]
2025-01-29 09:55:02,421 - DEBUG: Original bounds before reordering:
2025-01-29 09:55:02,421 - DEBUG: Var 0 (Type: Integer): [57.0, 75.0]
2025-01-29 09:55:02,422 - DEBUG: Var 1 (Type: Integer): [-0.0, 18.0]
2025-01-29 09:55:02,422 - DEBUG: Var 2 (Type: Integer): [57.0, 75.0]
2025-01-29 09:55:02,423 - DEBUG: Var 3 (Type: Integer): [-0.0, 18.0]
2025-01-29 09:55:02,423 - DEBUG: Var 4 (Type: Integer): [-0.0, 18.0]
2025-01-29 09:55:02,423 - DEBUG: Var 5 (Type: Continuous): [0.0, inf]
2025-01-29 09:55:02,424 - DEBUG: Var 6 (Type: Continuous): [0.0, inf]
2025-01-29 09:55:02,424 - DEBUG: Var 7 (Type: Integer): [-0.0, 18.0]
2025-01-29 09:55:02,425 - DEBUG: Var 8 (Type: Continuous): [0.0, inf]
2025-01-29 09:55:02,425 - DEBUG: Var 9 (Type: Integer): [57.0, 75.0]
2025-01-29 09:55:02,426 - DEBUG: Var 10 (Type: Continuous): [0.0, inf]
2025-01-29 09:55:02,427 - DEBUG: Var 11 (Type: Continuous): [0.0, inf]
2025-01-29 09:55:02,427 - DEBUG: Var 12 (Type: Integer): [-0.0, 18.0]
2025-01-29 09:55:02,428 - DEBUG: Var 13 (Type: Integer): [57.0, 75.0]
2025-01-29 09:55:02,430 - DEBUG: Var 14 (Type: Continuous): [0.0, inf]
2025-01-29 09:55:02,431 - DEBUG: Var 15 (Type: Integer): [57.0, 75.0]
2025-01-29 09:55:02,431 - DEBUG: Var 16 (Type: Continuous): [0.0, inf]
2025-01-29 09:55:02,432 - DEBUG: Var 17 (Type: Integer): [-0.0, 18.0]
2025-01-29 09:55:02,434 - DEBUG: Constraint scores before ordering:
2025-01-29 09:55:02,435 - DEBUG: Constr 0: Score: 2418.7120054034904
2025-01-29 09:55:02,435 - DEBUG: Constr 1: Score: 4007.5131095663055
2025-01-29 09:55:02,435 - DEBUG: Constr 2: Score: 1040.467738636192
2025-01-29 09:55:02,436 - DEBUG: Constr 3: Score: 2021.380094761591
2025-01-29 09:55:02,436 - DEBUG: Constr 4: Score: 4019.2900244070015
2025-01-29 09:55:02,437 - DEBUG: Constr 5: Score: 1040.467738636192
2025-01-29 09:55:02,437 - DEBUG: Constr 6: Score: 2021.380094761591
2025-01-29 09:55:02,437 - DEBUG: Constr 7: Score: 4007.5131095663055
2025-01-29 09:55:02,438 - DEBUG: Constr 8: Score: 1040.467738636192
2025-01-29 09:55:02,438 - DEBUG: Constr 9: Score: 2021.380094761591
2025-01-29 09:55:02,438 - DEBUG: Constr 10: Score: 4029.824964978945
2025-01-29 09:55:02,439 - DEBUG: Constr 11: Score: 1040.467738636192
2025-01-29 09:55:02,439 - DEBUG: Constr 12: Score: 2021.380094761591
2025-01-29 09:55:02,439 - DEBUG: Constr 13: Score: 4019.2900244070015
2025-01-29 09:55:02,440 - DEBUG: Constr 14: Score: 1040.467738636192
2025-01-29 09:55:02,440 - DEBUG: Constr 15: Score: 2021.380094761591
2025-01-29 09:55:02,441 - DEBUG: Constr 16: Score: 4048.055454144437
2025-01-29 09:55:02,441 - DEBUG: Constr 17: Score: 1040.467738636192
2025-01-29 09:55:02,441 - DEBUG: Constraint ordering:
2025-01-29 09:55:02,442 - DEBUG: Order: [ 8 14 11  5 17  2  3  6  9 12 15  0  7  1 13  4 10 16]
2025-01-29 09:55:02,443 - DEBUG: Original constraints before reordering:
2025-01-29 09:55:02,444 - DEBUG: Constr 0: = 60.0
2025-01-29 09:55:02,446 - DEBUG: Constr 1: >= 8000.0
2025-01-29 09:55:02,447 - DEBUG: Constr 2: <= 0.0
2025-01-29 09:55:02,448 - DEBUG: Constr 3: = 0.0
2025-01-29 09:55:02,448 - DEBUG: Constr 4: >= 9000.0
2025-01-29 09:55:02,449 - DEBUG: Constr 5: <= 0.0
2025-01-29 09:55:02,449 - DEBUG: Constr 6: = 0.0
2025-01-29 09:55:02,450 - DEBUG: Constr 7: >= 8000.0
2025-01-29 09:55:02,450 - DEBUG: Constr 8: <= 0.0
2025-01-29 09:55:02,450 - DEBUG: Constr 9: = 0.0
2025-01-29 09:55:02,451 - DEBUG: Constr 10: >= 10000.0
2025-01-29 09:55:02,451 - DEBUG: Constr 11: <= 0.0
2025-01-29 09:55:02,451 - DEBUG: Constr 12: = 0.0
2025-01-29 09:55:02,452 - DEBUG: Constr 13: >= 9000.0
2025-01-29 09:55:02,452 - DEBUG: Constr 14: <= 0.0
2025-01-29 09:55:02,452 - DEBUG: Constr 15: = 0.0
2025-01-29 09:55:02,453 - DEBUG: Constr 16: >= 12000.0
2025-01-29 09:55:02,453 - DEBUG: Constr 17: <= 0.0
2025-01-29 09:55:02,457 - DEBUG: 
Objective:
    +30 x1 + +30 x2 + +30 x3 + +30 x4 + +30 x5 + +30 x6 + +2700 x7 + +1500 x8 + +1500 x9 + +1500 x10 + +1500 x11 + +1500 x12 + +1500 x13 + +2700 x14 + +2700 x15 + +2700 x16 + +2700 x17 + +2700 x18 (minimize)

Variables:
    x1 [0, inf] (Continuous)
    x2 [0, inf] (Continuous)
    x3 [0, inf] (Continuous)
    x4 [0, inf] (Continuous)
    x5 [0, inf] (Continuous)
    x6 [0, inf] (Continuous)
    x7 [0, inf] (Continuous)
    x8 [-0, 18] (Integer)
    x9 [-0, 18] (Integer)
    x10 [-0, 18] (Integer)
    x11 [-0, 18] (Integer)
    x12 [-0, 18] (Integer)
    x13 [-0, 18] (Integer)
    x14 [57, 75] (Integer)
    x15 [57, 75] (Integer)
    x16 [57, 75] (Integer)
    x17 [57, 75] (Integer)
    x18 [57, 75] (Integer)

Constraints:
    +1 x1 - 20 x17 <= 0
    +1 x4 - 20 x16 <= 0
    +1 x5 - 20 x18 <= 0
    +1 x6 - 20 x15 <= 0
    +1 x3 - 20 x14 <= 0
    +1 x2 - 20 x7 <= 0
    +0.9 x7 + +1 x9 - 1 x15 = 0
    +1 x11 + +0.9 x15 - 1 x17 = 0
    +1 x10 + +0.9 x17 - 1 x18 = 0
    +1 x12 - 1 x16 + +0.9 x18 = 0
    +1 x13 - 1 x14 + +0.9 x16 = 0
    +1 x7 = 60
    +1 x1 - 100 x10 + +150 x17 >= 8000
    +1 x2 + +150 x7 - 100 x9 >= 8000
    +1 x4 - 100 x13 + +150 x16 >= 9000
    +1 x6 - 100 x11 + +150 x15 >= 9000
    +1 x5 - 100 x12 + +150 x18 >= 10000
    +1 x3 - 100 x8 + +150 x14 >= 12000
2025-01-29 09:55:02,466 - INFO: Solving Canonical Form from Original Model
2025-01-29 09:55:02,475 - INFO: Solve Status: Optimal solution found
2025-01-29 09:55:02,476 - INFO: Solve Time: 0.0080 seconds
2025-01-29 09:55:02,477 - INFO: Objective Value: 1201500.0
2025-01-29 09:55:02,477 - INFO: Solving Canonical Form from Permuted Model
2025-01-29 09:55:02,489 - INFO: Solve Status: Optimal solution found
2025-01-29 09:55:02,489 - INFO: Solve Time: 0.0089 seconds
2025-01-29 09:55:02,489 - INFO: Objective Value: 1201500.0
2025-01-29 09:55:02,490 - DEBUG: Starting model validation...
2025-01-29 09:55:02,491 - DEBUG: Original canonical matrix: shape=(18, 18), nnz=46
2025-01-29 09:55:02,491 - DEBUG: Permuted canonical matrix: shape=(18, 18), nnz=46
2025-01-29 09:55:02,491 - DEBUG: Starting detailed model comparison...
2025-01-29 09:55:02,493 - DEBUG: Matrix coefficient differences found:
2025-01-29 09:55:02,494 - DEBUG: Position 22: 0.9 vs -1.0
2025-01-29 09:55:02,495 - DEBUG: Position 23: -1.0 vs 0.9
2025-01-29 09:55:02,497 - DEBUG: Validation result: False
2025-01-29 09:55:02,497 - DEBUG: Detailed model comparison:
2025-01-29 09:55:02,498 - DEBUG: Matrix coefficient differences found:
2025-01-29 09:55:02,552 - DEBUG: 
   Model 1                                                                                                              Model 2                                                                                                             
        x0   x1   x2   x3   x4   x5     x6     x7     x8     x9    x10    x11    x12    x13    x14    x15    x16    x17      x0   x1   x2   x3   x4   x5     x6     x7     x8     x9    x10    x11    x12    x13    x14    x15    x16    x17
0      1.0  0.0  0.0  0.0  0.0  0.0    0.0    0.0    0.0    0.0    0.0    0.0    0.0    0.0    0.0  -20.0    0.0    0.0     1.0  0.0  0.0  0.0  0.0  0.0    0.0    0.0    0.0    0.0    0.0    0.0    0.0    0.0    0.0    0.0  -20.0    0.0
1      0.0  1.0  0.0  0.0  0.0  0.0    0.0    0.0    0.0    0.0    0.0    0.0    0.0    0.0    0.0    0.0    0.0  -20.0     0.0  0.0  0.0  1.0  0.0  0.0    0.0    0.0    0.0    0.0    0.0    0.0    0.0    0.0    0.0  -20.0    0.0    0.0
2      0.0  0.0  1.0  0.0  0.0  0.0    0.0    0.0    0.0    0.0    0.0    0.0    0.0    0.0    0.0    0.0  -20.0    0.0     0.0  0.0  0.0  0.0  1.0  0.0    0.0    0.0    0.0    0.0    0.0    0.0    0.0    0.0    0.0    0.0    0.0  -20.0
3      0.0  0.0  0.0  1.0  0.0  0.0    0.0    0.0    0.0    0.0    0.0    0.0    0.0    0.0  -20.0    0.0    0.0    0.0     0.0  0.0  0.0  0.0  0.0  1.0    0.0    0.0    0.0    0.0    0.0    0.0    0.0    0.0  -20.0    0.0    0.0    0.0
4      0.0  0.0  0.0  0.0  1.0  0.0    0.0    0.0    0.0    0.0    0.0    0.0    0.0  -20.0    0.0    0.0    0.0    0.0     0.0  0.0  1.0  0.0  0.0  0.0    0.0    0.0    0.0    0.0    0.0    0.0    0.0  -20.0    0.0    0.0    0.0    0.0
5      0.0  0.0  0.0  0.0  0.0  1.0  -20.0    0.0    0.0    0.0    0.0    0.0    0.0    0.0    0.0    0.0    0.0    0.0     0.0  1.0  0.0  0.0  0.0  0.0  -20.0    0.0    0.0    0.0    0.0    0.0    0.0    0.0    0.0    0.0    0.0    0.0
6      0.0  0.0  0.0  0.0  0.0  0.0    0.9    0.0    0.0    0.0    0.0    1.0    0.0    0.0   -1.0    0.0    0.0    0.0     0.0  0.0  0.0  0.0  0.0  0.0    0.9    0.0    1.0    0.0    0.0    0.0    0.0    0.0   -1.0    0.0    0.0    0.0
7      0.0  0.0  0.0  0.0  0.0  0.0    0.0    0.0    0.0    0.0    0.0    0.0    1.0    0.0    0.9   -1.0    0.0    0.0     0.0  0.0  0.0  0.0  0.0  0.0    0.0    0.0    0.0    0.0    1.0    0.0    0.0    0.0    0.9    0.0   -1.0    0.0
8      0.0  0.0  0.0  0.0  0.0  0.0    0.0    0.0    1.0    0.0    0.0    0.0    0.0    0.0    0.0    0.9   -1.0    0.0     0.0  0.0  0.0  0.0  0.0  0.0    0.0    0.0    0.0    1.0    0.0    0.0    0.0    0.0    0.0    0.0    0.9   -1.0
9      0.0  0.0  0.0  0.0  0.0  0.0    0.0    0.0    0.0    1.0    0.0    0.0    0.0    0.0    0.0    0.0    0.9   -1.0     0.0  0.0  0.0  0.0  0.0  0.0    0.0    0.0    0.0    0.0    0.0    1.0    0.0    0.0    0.0   -1.0    0.0    0.9
10     0.0  0.0  0.0  0.0  0.0  0.0    0.0    0.0    0.0    0.0    1.0    0.0    0.0   -1.0    0.0    0.0    0.0    0.9     0.0  0.0  0.0  0.0  0.0  0.0    0.0    0.0    0.0    0.0    0.0    0.0    1.0   -1.0    0.0    0.9    0.0    0.0
11     0.0  0.0  0.0  0.0  0.0  0.0    1.0    0.0    0.0    0.0    0.0    0.0    0.0    0.0    0.0    0.0    0.0    0.0     0.0  0.0  0.0  0.0  0.0  0.0    1.0    0.0    0.0    0.0    0.0    0.0    0.0    0.0    0.0    0.0    0.0    0.0
12     1.0  0.0  0.0  0.0  0.0  0.0    0.0    0.0 -100.0    0.0    0.0    0.0    0.0    0.0    0.0  150.0    0.0    0.0     1.0  0.0  0.0  0.0  0.0  0.0    0.0    0.0    0.0 -100.0    0.0    0.0    0.0    0.0    0.0    0.0  150.0    0.0
13     0.0  0.0  0.0  0.0  0.0  1.0  150.0    0.0    0.0    0.0    0.0 -100.0    0.0    0.0    0.0    0.0    0.0    0.0     0.0  1.0  0.0  0.0  0.0  0.0  150.0    0.0 -100.0    0.0    0.0    0.0    0.0    0.0    0.0    0.0    0.0    0.0
14     0.0  1.0  0.0  0.0  0.0  0.0    0.0    0.0    0.0    0.0 -100.0    0.0    0.0    0.0    0.0    0.0    0.0  150.0     0.0  0.0  0.0  1.0  0.0  0.0    0.0    0.0    0.0    0.0    0.0    0.0 -100.0    0.0    0.0  150.0    0.0    0.0
15     0.0  0.0  0.0  1.0  0.0  0.0    0.0    0.0    0.0    0.0    0.0    0.0 -100.0    0.0  150.0    0.0    0.0    0.0     0.0  0.0  0.0  0.0  0.0  1.0    0.0    0.0    0.0    0.0 -100.0    0.0    0.0    0.0  150.0    0.0    0.0    0.0
16     0.0  0.0  1.0  0.0  0.0  0.0    0.0    0.0    0.0 -100.0    0.0    0.0    0.0    0.0    0.0    0.0  150.0    0.0     0.0  0.0  0.0  0.0  1.0  0.0    0.0    0.0    0.0    0.0    0.0 -100.0    0.0    0.0    0.0    0.0    0.0  150.0
17     0.0  0.0  0.0  0.0  1.0  0.0    0.0 -100.0    0.0    0.0    0.0    0.0    0.0  150.0    0.0    0.0    0.0    0.0     0.0  0.0  1.0  0.0  0.0  0.0    0.0 -100.0    0.0    0.0    0.0    0.0    0.0  150.0    0.0    0.0    0.0    0.0
2025-01-29 09:55:02,562 - INFO: Iteration 3 Results:
2025-01-29 09:55:02,563 - INFO: - Models equivalent: False
2025-01-29 09:55:02,564 - INFO: - Variable counts match: True
2025-01-29 09:55:02,565 - INFO: - Constraint counts match: True
2025-01-29 09:55:02,565 - INFO: - Original Objective Value: 1201500.0
2025-01-29 09:55:02,566 - INFO: - Permuted Objective Value: 1201500.0
2025-01-29 09:55:02,567 - INFO: - Canonical from Original Objective Value: 1201500.0
2025-01-29 09:55:02,567 - INFO: - Canonical from Permuted Objective Value: 1201500.0
2025-01-29 09:55:02,568 - INFO: - Original Solve Time: 0.0099847317 seconds
2025-01-29 09:55:02,569 - INFO: - Permuted Solve Time: 0.0089986324 seconds
2025-01-29 09:55:02,570 - INFO: - Canonical from Original Solve Time: 0.0080018044 seconds
2025-01-29 09:55:02,571 - INFO: - Canonical from Permuted Solve Time: 0.0089402199 seconds
2025-01-29 09:55:02,571 - INFO: Running iteration 4/4
2025-01-29 09:55:02,572 - DEBUG: Starting new iteration...
2025-01-29 09:55:02,574 - INFO: Creating Permuted Problem
2025-01-29 09:55:02,584 - DEBUG: 
Objective:
    +2700 x0 + +1500 x1 + +2700 x2 + +1500 x3 + +1500 x4 + +2700 x5 + +30 x6 + +30 x7 + +30 x8 + +1500 x9 + +30 x10 + +2700 x11 + +1500 x12 + +1500 x13 + +2700 x14 + +30 x15 + +30 x16 + +2700 x17 (minimize)

Variables:
    x0 [57, 75] (Integer)
    x1 [-0, 18] (Integer)
    x2 [57, 75] (Integer)
    x3 [-0, 18] (Integer)
    x4 [-0, 18] (Integer)
    x5 [57, 75] (Integer)
    x6 [0, inf] (Continuous)
    x7 [0, inf] (Continuous)
    x8 [0, inf] (Continuous)
    x9 [-0, 18] (Integer)
    x10 [0, inf] (Continuous)
    x11 [57, 75] (Integer)
    x12 [-0, 18] (Integer)
    x13 [-0, 18] (Integer)
    x14 [57, 75] (Integer)
    x15 [0, inf] (Continuous)
    x16 [0, inf] (Continuous)
    x17 [0, inf] (Continuous)

Constraints:
    +1 x17 = 60
    -100 x1 + +1 x7 + +150 x17 >= 8000
    +1 x7 - 20 x17 <= 0
    +1 x1 - 1 x14 + +0.9 x17 = 0
    -100 x4 + +1 x10 + +150 x14 >= 9000
    +1 x10 - 20 x14 <= 0
    -1 x0 + +1 x4 + +0.9 x14 = 0
    +150 x0 - 100 x3 + +1 x15 >= 8000
    -20 x0 + +1 x15 <= 0
    +0.9 x0 + +1 x3 - 1 x11 = 0
    +150 x11 - 100 x12 + +1 x16 >= 10000
    -20 x11 + +1 x16 <= 0
    -1 x2 + +0.9 x11 + +1 x12 = 0
    +150 x2 + +1 x6 - 100 x13 >= 9000
    -20 x2 + +1 x6 <= 0
    +0.9 x2 - 1 x5 + +1 x13 = 0
    +150 x5 + +1 x8 - 100 x9 >= 12000
    -20 x5 + +1 x8 <= 0
2025-01-29 09:55:02,592 - INFO: Solving Permuted Problem
2025-01-29 09:55:02,603 - INFO: Solve Status: Optimal solution found
2025-01-29 09:55:02,604 - INFO: Solve Time: 0.0110 seconds
2025-01-29 09:55:02,604 - INFO: Objective Value: 1201500.0
2025-01-29 09:55:02,604 - INFO: Permuted Problem Results:
2025-01-29 09:55:02,604 - INFO: - Objective Value: 1201500.0
2025-01-29 09:55:02,605 - INFO: - Solve Time: 0.0110070705 seconds
2025-01-29 09:55:02,605 - DEBUG: Before canonicalization:
2025-01-29 09:55:02,606 - DEBUG: Original matrix: shape=(18, 18), nnz=46
2025-01-29 09:55:02,606 - DEBUG: Permuted matrix: shape=(18, 18), nnz=46
2025-01-29 09:55:02,606 - DEBUG: Generating canonical form for permuted model...
2025-01-29 09:55:02,610 - DEBUG: Variable scores before ordering:
2025-01-29 09:55:02,611 - DEBUG: Var 0 score: 2899.618694256937
2025-01-29 09:55:02,612 - DEBUG: Var 1 score: 2795.4301574834963
2025-01-29 09:55:02,613 - DEBUG: Var 2 score: 2899.618694256937
2025-01-29 09:55:02,614 - DEBUG: Var 3 score: 2795.4301574834963
2025-01-29 09:55:02,615 - DEBUG: Var 4 score: 2795.4301574834963
2025-01-29 09:55:02,615 - DEBUG: Var 5 score: 2891.084437638642
2025-01-29 09:55:02,615 - DEBUG: Var 6 score: 1368.2204614057289
2025-01-29 09:55:02,616 - DEBUG: Var 7 score: 1368.2204614057289
2025-01-29 09:55:02,616 - DEBUG: Var 8 score: 1368.2204614057289
2025-01-29 09:55:02,616 - DEBUG: Var 9 score: 2785.471360137356
2025-01-29 09:55:02,617 - DEBUG: Var 10 score: 1368.2204614057289
2025-01-29 09:55:02,617 - DEBUG: Var 11 score: 2899.618694256937
2025-01-29 09:55:02,617 - DEBUG: Var 12 score: 2795.4301574834963
2025-01-29 09:55:02,618 - DEBUG: Var 13 score: 2795.4301574834963
2025-01-29 09:55:02,618 - DEBUG: Var 14 score: 2899.618694256937
2025-01-29 09:55:02,619 - DEBUG: Var 15 score: 1368.2204614057289
2025-01-29 09:55:02,619 - DEBUG: Var 16 score: 1368.2204614057289
2025-01-29 09:55:02,619 - DEBUG: Var 17 score: 1899.6186942569375
2025-01-29 09:55:02,620 - DEBUG: Variable ordering:
2025-01-29 09:55:02,621 - DEBUG: Order: [ 8 15 10 16  7  6 17  9  4  3 12 13  1  5  2 11 14  0]
2025-01-29 09:55:02,622 - DEBUG: Original bounds before reordering:
2025-01-29 09:55:02,622 - DEBUG: Var 0 (Type: Integer): [57.0, 75.0]
2025-01-29 09:55:02,623 - DEBUG: Var 1 (Type: Integer): [-0.0, 18.0]
2025-01-29 09:55:02,623 - DEBUG: Var 2 (Type: Integer): [57.0, 75.0]
2025-01-29 09:55:02,624 - DEBUG: Var 3 (Type: Integer): [-0.0, 18.0]
2025-01-29 09:55:02,624 - DEBUG: Var 4 (Type: Integer): [-0.0, 18.0]
2025-01-29 09:55:02,625 - DEBUG: Var 5 (Type: Integer): [57.0, 75.0]
2025-01-29 09:55:02,625 - DEBUG: Var 6 (Type: Continuous): [0.0, inf]
2025-01-29 09:55:02,626 - DEBUG: Var 7 (Type: Continuous): [0.0, inf]
2025-01-29 09:55:02,628 - DEBUG: Var 8 (Type: Continuous): [0.0, inf]
2025-01-29 09:55:02,628 - DEBUG: Var 9 (Type: Integer): [-0.0, 18.0]
2025-01-29 09:55:02,629 - DEBUG: Var 10 (Type: Continuous): [0.0, inf]
2025-01-29 09:55:02,632 - DEBUG: Var 11 (Type: Integer): [57.0, 75.0]
2025-01-29 09:55:02,632 - DEBUG: Var 12 (Type: Integer): [-0.0, 18.0]
2025-01-29 09:55:02,633 - DEBUG: Var 13 (Type: Integer): [-0.0, 18.0]
2025-01-29 09:55:02,633 - DEBUG: Var 14 (Type: Integer): [57.0, 75.0]
2025-01-29 09:55:02,634 - DEBUG: Var 15 (Type: Continuous): [0.0, inf]
2025-01-29 09:55:02,634 - DEBUG: Var 16 (Type: Continuous): [0.0, inf]
2025-01-29 09:55:02,634 - DEBUG: Var 17 (Type: Continuous): [0.0, inf]
2025-01-29 09:55:02,637 - DEBUG: Constraint scores before ordering:
2025-01-29 09:55:02,638 - DEBUG: Constr 0: Score: 2418.7120054034904
2025-01-29 09:55:02,638 - DEBUG: Constr 1: Score: 4007.5131095663055
2025-01-29 09:55:02,639 - DEBUG: Constr 2: Score: 1040.467738636192
2025-01-29 09:55:02,639 - DEBUG: Constr 3: Score: 2021.380094761591
2025-01-29 09:55:02,640 - DEBUG: Constr 4: Score: 4019.2900244070015
2025-01-29 09:55:02,640 - DEBUG: Constr 5: Score: 1040.467738636192
2025-01-29 09:55:02,641 - DEBUG: Constr 6: Score: 2021.380094761591
2025-01-29 09:55:02,641 - DEBUG: Constr 7: Score: 4007.5131095663055
2025-01-29 09:55:02,642 - DEBUG: Constr 8: Score: 1040.467738636192
2025-01-29 09:55:02,642 - DEBUG: Constr 9: Score: 2021.380094761591
2025-01-29 09:55:02,643 - DEBUG: Constr 10: Score: 4029.824964978945
2025-01-29 09:55:02,644 - DEBUG: Constr 11: Score: 1040.467738636192
2025-01-29 09:55:02,645 - DEBUG: Constr 12: Score: 2021.380094761591
2025-01-29 09:55:02,646 - DEBUG: Constr 13: Score: 4019.2900244070015
2025-01-29 09:55:02,649 - DEBUG: Constr 14: Score: 1040.467738636192
2025-01-29 09:55:02,649 - DEBUG: Constr 15: Score: 2021.380094761591
2025-01-29 09:55:02,649 - DEBUG: Constr 16: Score: 4048.055454144437
2025-01-29 09:55:02,649 - DEBUG: Constr 17: Score: 1040.467738636192
2025-01-29 09:55:02,650 - DEBUG: Constraint ordering:
2025-01-29 09:55:02,651 - DEBUG: Order: [ 8 14 11  5 17  2  3  6  9 12 15  0  7  1 13  4 10 16]
2025-01-29 09:55:02,651 - DEBUG: Original constraints before reordering:
2025-01-29 09:55:02,651 - DEBUG: Constr 0: = 60.0
2025-01-29 09:55:02,652 - DEBUG: Constr 1: >= 8000.0
2025-01-29 09:55:02,652 - DEBUG: Constr 2: <= 0.0
2025-01-29 09:55:02,653 - DEBUG: Constr 3: = 0.0
2025-01-29 09:55:02,653 - DEBUG: Constr 4: >= 9000.0
2025-01-29 09:55:02,654 - DEBUG: Constr 5: <= 0.0
2025-01-29 09:55:02,654 - DEBUG: Constr 6: = 0.0
2025-01-29 09:55:02,654 - DEBUG: Constr 7: >= 8000.0
2025-01-29 09:55:02,655 - DEBUG: Constr 8: <= 0.0
2025-01-29 09:55:02,655 - DEBUG: Constr 9: = 0.0
2025-01-29 09:55:02,655 - DEBUG: Constr 10: >= 10000.0
2025-01-29 09:55:02,656 - DEBUG: Constr 11: <= 0.0
2025-01-29 09:55:02,656 - DEBUG: Constr 12: = 0.0
2025-01-29 09:55:02,656 - DEBUG: Constr 13: >= 9000.0
2025-01-29 09:55:02,657 - DEBUG: Constr 14: <= 0.0
2025-01-29 09:55:02,657 - DEBUG: Constr 15: = 0.0
2025-01-29 09:55:02,657 - DEBUG: Constr 16: >= 12000.0
2025-01-29 09:55:02,658 - DEBUG: Constr 17: <= 0.0
2025-01-29 09:55:02,665 - DEBUG: 
Objective:
    +30 x1 + +30 x2 + +30 x3 + +30 x4 + +30 x5 + +30 x6 + +2700 x7 + +1500 x8 + +1500 x9 + +1500 x10 + +1500 x11 + +1500 x12 + +1500 x13 + +2700 x14 + +2700 x15 + +2700 x16 + +2700 x17 + +2700 x18 (minimize)

Variables:
    x1 [0, inf] (Continuous)
    x2 [0, inf] (Continuous)
    x3 [0, inf] (Continuous)
    x4 [0, inf] (Continuous)
    x5 [0, inf] (Continuous)
    x6 [0, inf] (Continuous)
    x7 [0, inf] (Continuous)
    x8 [-0, 18] (Integer)
    x9 [-0, 18] (Integer)
    x10 [-0, 18] (Integer)
    x11 [-0, 18] (Integer)
    x12 [-0, 18] (Integer)
    x13 [-0, 18] (Integer)
    x14 [57, 75] (Integer)
    x15 [57, 75] (Integer)
    x16 [57, 75] (Integer)
    x17 [57, 75] (Integer)
    x18 [57, 75] (Integer)

Constraints:
    +1 x2 - 20 x18 <= 0
    +1 x6 - 20 x15 <= 0
    +1 x4 - 20 x16 <= 0
    +1 x3 - 20 x17 <= 0
    +1 x1 - 20 x14 <= 0
    +1 x5 - 20 x7 <= 0
    +0.9 x7 + +1 x13 - 1 x17 = 0
    +1 x9 + +0.9 x17 - 1 x18 = 0
    +1 x10 - 1 x16 + +0.9 x18 = 0
    +1 x11 - 1 x15 + +0.9 x16 = 0
    +1 x12 - 1 x14 + +0.9 x15 = 0
    +1 x7 = 60
    +1 x2 - 100 x10 + +150 x18 >= 8000
    +1 x5 + +150 x7 - 100 x13 >= 8000
    +1 x6 - 100 x12 + +150 x15 >= 9000
    +1 x3 - 100 x9 + +150 x17 >= 9000
    +1 x4 - 100 x11 + +150 x16 >= 10000
    +1 x1 - 100 x8 + +150 x14 >= 12000
2025-01-29 09:55:02,670 - INFO: Solving Canonical Form from Original Model
2025-01-29 09:55:02,678 - INFO: Solve Status: Optimal solution found
2025-01-29 09:55:02,679 - INFO: Solve Time: 0.0070 seconds
2025-01-29 09:55:02,679 - INFO: Objective Value: 1201500.0
2025-01-29 09:55:02,680 - INFO: Solving Canonical Form from Permuted Model
2025-01-29 09:55:02,688 - INFO: Solve Status: Optimal solution found
2025-01-29 09:55:02,689 - INFO: Solve Time: 0.0070 seconds
2025-01-29 09:55:02,689 - INFO: Objective Value: 1201500.0
2025-01-29 09:55:02,689 - DEBUG: Starting model validation...
2025-01-29 09:55:02,690 - DEBUG: Original canonical matrix: shape=(18, 18), nnz=46
2025-01-29 09:55:02,690 - DEBUG: Permuted canonical matrix: shape=(18, 18), nnz=46
2025-01-29 09:55:02,690 - DEBUG: Starting detailed model comparison...
2025-01-29 09:55:02,692 - DEBUG: Matrix coefficient differences found:
2025-01-29 09:55:02,692 - DEBUG: Position 19: 0.9 vs -1.0
2025-01-29 09:55:02,693 - DEBUG: Position 20: -1.0 vs 0.9
2025-01-29 09:55:02,694 - DEBUG: Position 22: 0.9 vs -1.0
2025-01-29 09:55:02,695 - DEBUG: Position 23: -1.0 vs 0.9
2025-01-29 09:55:02,696 - DEBUG: Validation result: False
2025-01-29 09:55:02,699 - DEBUG: Detailed model comparison:
2025-01-29 09:55:02,702 - DEBUG: Matrix coefficient differences found:
2025-01-29 09:55:02,744 - DEBUG: 
   Model 1                                                                                                              Model 2                                                                                                             
        x0   x1   x2   x3   x4   x5     x6     x7     x8     x9    x10    x11    x12    x13    x14    x15    x16    x17      x0   x1   x2   x3   x4   x5     x6     x7     x8     x9    x10    x11    x12    x13    x14    x15    x16    x17
0      1.0  0.0  0.0  0.0  0.0  0.0    0.0    0.0    0.0    0.0    0.0    0.0    0.0    0.0    0.0  -20.0    0.0    0.0     0.0  1.0  0.0  0.0  0.0  0.0    0.0    0.0    0.0    0.0    0.0    0.0    0.0    0.0    0.0    0.0    0.0  -20.0
1      0.0  1.0  0.0  0.0  0.0  0.0    0.0    0.0    0.0    0.0    0.0    0.0    0.0    0.0    0.0    0.0    0.0  -20.0     0.0  0.0  0.0  0.0  0.0  1.0    0.0    0.0    0.0    0.0    0.0    0.0    0.0    0.0  -20.0    0.0    0.0    0.0
2      0.0  0.0  1.0  0.0  0.0  0.0    0.0    0.0    0.0    0.0    0.0    0.0    0.0    0.0    0.0    0.0  -20.0    0.0     0.0  0.0  0.0  1.0  0.0  0.0    0.0    0.0    0.0    0.0    0.0    0.0    0.0    0.0    0.0  -20.0    0.0    0.0
3      0.0  0.0  0.0  1.0  0.0  0.0    0.0    0.0    0.0    0.0    0.0    0.0    0.0    0.0  -20.0    0.0    0.0    0.0     0.0  0.0  1.0  0.0  0.0  0.0    0.0    0.0    0.0    0.0    0.0    0.0    0.0    0.0    0.0    0.0  -20.0    0.0
4      0.0  0.0  0.0  0.0  1.0  0.0    0.0    0.0    0.0    0.0    0.0    0.0    0.0  -20.0    0.0    0.0    0.0    0.0     1.0  0.0  0.0  0.0  0.0  0.0    0.0    0.0    0.0    0.0    0.0    0.0    0.0  -20.0    0.0    0.0    0.0    0.0
5      0.0  0.0  0.0  0.0  0.0  1.0  -20.0    0.0    0.0    0.0    0.0    0.0    0.0    0.0    0.0    0.0    0.0    0.0     0.0  0.0  0.0  0.0  1.0  0.0  -20.0    0.0    0.0    0.0    0.0    0.0    0.0    0.0    0.0    0.0    0.0    0.0
6      0.0  0.0  0.0  0.0  0.0  0.0    0.9    0.0    0.0    0.0    0.0    1.0    0.0    0.0   -1.0    0.0    0.0    0.0     0.0  0.0  0.0  0.0  0.0  0.0    0.9    0.0    0.0    0.0    0.0    0.0    1.0    0.0    0.0    0.0   -1.0    0.0
7      0.0  0.0  0.0  0.0  0.0  0.0    0.0    0.0    0.0    0.0    0.0    0.0    1.0    0.0    0.9   -1.0    0.0    0.0     0.0  0.0  0.0  0.0  0.0  0.0    0.0    0.0    1.0    0.0    0.0    0.0    0.0    0.0    0.0    0.0    0.9   -1.0
8      0.0  0.0  0.0  0.0  0.0  0.0    0.0    0.0    1.0    0.0    0.0    0.0    0.0    0.0    0.0    0.9   -1.0    0.0     0.0  0.0  0.0  0.0  0.0  0.0    0.0    0.0    0.0    1.0    0.0    0.0    0.0    0.0    0.0   -1.0    0.0    0.9
9      0.0  0.0  0.0  0.0  0.0  0.0    0.0    0.0    0.0    1.0    0.0    0.0    0.0    0.0    0.0    0.0    0.9   -1.0     0.0  0.0  0.0  0.0  0.0  0.0    0.0    0.0    0.0    0.0    1.0    0.0    0.0    0.0   -1.0    0.9    0.0    0.0
10     0.0  0.0  0.0  0.0  0.0  0.0    0.0    0.0    0.0    0.0    1.0    0.0    0.0   -1.0    0.0    0.0    0.0    0.9     0.0  0.0  0.0  0.0  0.0  0.0    0.0    0.0    0.0    0.0    0.0    1.0    0.0   -1.0    0.9    0.0    0.0    0.0
11     0.0  0.0  0.0  0.0  0.0  0.0    1.0    0.0    0.0    0.0    0.0    0.0    0.0    0.0    0.0    0.0    0.0    0.0     0.0  0.0  0.0  0.0  0.0  0.0    1.0    0.0    0.0    0.0    0.0    0.0    0.0    0.0    0.0    0.0    0.0    0.0
12     1.0  0.0  0.0  0.0  0.0  0.0    0.0    0.0 -100.0    0.0    0.0    0.0    0.0    0.0    0.0  150.0    0.0    0.0     0.0  1.0  0.0  0.0  0.0  0.0    0.0    0.0    0.0 -100.0    0.0    0.0    0.0    0.0    0.0    0.0    0.0  150.0
13     0.0  0.0  0.0  0.0  0.0  1.0  150.0    0.0    0.0    0.0    0.0 -100.0    0.0    0.0    0.0    0.0    0.0    0.0     0.0  0.0  0.0  0.0  1.0  0.0  150.0    0.0    0.0    0.0    0.0    0.0 -100.0    0.0    0.0    0.0    0.0    0.0
14     0.0  1.0  0.0  0.0  0.0  0.0    0.0    0.0    0.0    0.0 -100.0    0.0    0.0    0.0    0.0    0.0    0.0  150.0     0.0  0.0  0.0  0.0  0.0  1.0    0.0    0.0    0.0    0.0    0.0 -100.0    0.0    0.0  150.0    0.0    0.0    0.0
15     0.0  0.0  0.0  1.0  0.0  0.0    0.0    0.0    0.0    0.0    0.0    0.0 -100.0    0.0  150.0    0.0    0.0    0.0     0.0  0.0  1.0  0.0  0.0  0.0    0.0    0.0 -100.0    0.0    0.0    0.0    0.0    0.0    0.0    0.0  150.0    0.0
16     0.0  0.0  1.0  0.0  0.0  0.0    0.0    0.0    0.0 -100.0    0.0    0.0    0.0    0.0    0.0    0.0  150.0    0.0     0.0  0.0  0.0  1.0  0.0  0.0    0.0    0.0    0.0    0.0 -100.0    0.0    0.0    0.0    0.0  150.0    0.0    0.0
17     0.0  0.0  0.0  0.0  1.0  0.0    0.0 -100.0    0.0    0.0    0.0    0.0    0.0  150.0    0.0    0.0    0.0    0.0     1.0  0.0  0.0  0.0  0.0  0.0    0.0 -100.0    0.0    0.0    0.0    0.0    0.0  150.0    0.0    0.0    0.0    0.0
2025-01-29 09:55:02,755 - INFO: Iteration 4 Results:
2025-01-29 09:55:02,756 - INFO: - Models equivalent: False
2025-01-29 09:55:02,756 - INFO: - Variable counts match: True
2025-01-29 09:55:02,757 - INFO: - Constraint counts match: True
2025-01-29 09:55:02,757 - INFO: - Original Objective Value: 1201500.0
2025-01-29 09:55:02,758 - INFO: - Permuted Objective Value: 1201500.0
2025-01-29 09:55:02,759 - INFO: - Canonical from Original Objective Value: 1201500.0
2025-01-29 09:55:02,760 - INFO: - Canonical from Permuted Objective Value: 1201500.0
2025-01-29 09:55:02,760 - INFO: - Original Solve Time: 0.0099847317 seconds
2025-01-29 09:55:02,761 - INFO: - Permuted Solve Time: 0.0110070705 seconds
2025-01-29 09:55:02,762 - INFO: - Canonical from Original Solve Time: 0.0070033073 seconds
2025-01-29 09:55:02,763 - INFO: - Canonical from Permuted Solve Time: 0.0069901943 seconds
