2025-01-28 13:00:13,107 - INFO: Successfully loaded problem from input/dummy.mps
2025-01-28 13:00:13,108 - INFO: Problem Details:
2025-01-28 13:00:13,108 - INFO: - Variables: 4
2025-01-28 13:00:13,109 - INFO: - Constraints: 3
2025-01-28 13:00:13,109 - INFO: - Objective Sense: Minimize
2025-01-28 13:00:13,113 - DEBUG: 
Objective:
    +4 x1 + +5 x2 + +2 x3 + +3 x4 (minimize)

Variables:
    x1 [0, inf] (Integer)
    x2 [0, inf] (Integer)
    x3 [0, inf] (Continuous)
    x4 [0, inf] (Continuous)

Constraints:
    +2 x1 + +3 x3 <= 6
    +1 x2 - 1 x4 <= 0
    +1 x1 + +1 x2 + +1 x3 + +1 x4 <= 10
2025-01-28 13:00:13,116 - INFO: Solving Original Problem
2025-01-28 13:00:13,126 - INFO: Solve Status: Optimal solution found
2025-01-28 13:00:13,126 - INFO: Solve Time: 0.0080 seconds
2025-01-28 13:00:13,127 - INFO: Objective Value: 0.0
2025-01-28 13:00:13,127 - INFO: Original Problem Results:
2025-01-28 13:00:13,128 - INFO: - Objective Value: 0.0
2025-01-28 13:00:13,128 - INFO: - Solve Time: 0.0080034733 seconds
2025-01-28 13:00:13,128 - DEBUG: Generating canonical form for the original model...
2025-01-28 13:00:13,129 - DEBUG: Variable scores before ordering:
2025-01-28 13:00:13,130 - DEBUG: Var 0 score: 2001.609437912434
2025-01-28 13:00:13,130 - DEBUG: Var 1 score: 2001.791759469228
2025-01-28 13:00:13,131 - DEBUG: Var 2 score: 1001.0986122886682
2025-01-28 13:00:13,132 - DEBUG: Var 3 score: 1001.3862943611199
2025-01-28 13:00:13,133 - DEBUG: Variable ordering:
2025-01-28 13:00:13,134 - DEBUG: Order: [2 3 0 1]
2025-01-28 13:00:13,135 - DEBUG: Original bounds before reordering:
2025-01-28 13:00:13,135 - DEBUG: Var 0 (Type: Integer): [0.0, inf]
2025-01-28 13:00:13,136 - DEBUG: Var 1 (Type: Integer): [0.0, inf]
2025-01-28 13:00:13,136 - DEBUG: Var 2 (Type: Continuous): [0.0, inf]
2025-01-28 13:00:13,137 - DEBUG: Var 3 (Type: Continuous): [0.0, inf]
2025-01-28 13:00:13,138 - DEBUG: Constraint scores before ordering:
2025-01-28 13:00:13,138 - DEBUG: Constr 0: Score: 1004.4308167988432
2025-01-28 13:00:13,139 - DEBUG: Constr 1: Score: 1001.3862943611199
2025-01-28 13:00:13,139 - DEBUG: Constr 2: Score: 1005.1704839950381
2025-01-28 13:00:13,140 - DEBUG: Constraint ordering:
2025-01-28 13:00:13,141 - DEBUG: Order: [1 0 2]
2025-01-28 13:00:13,141 - DEBUG: Original constraints before reordering:
2025-01-28 13:00:13,142 - DEBUG: Constr 0: <= 6.0
2025-01-28 13:00:13,142 - DEBUG: Constr 1: <= 0.0
2025-01-28 13:00:13,143 - DEBUG: Constr 2: <= 10.0
2025-01-28 13:00:13,146 - DEBUG: 
Objective:
    +2 x1 + +3 x2 + +4 x3 + +5 x4 (minimize)

Variables:
    x1 [0, inf] (Continuous)
    x2 [0, inf] (Continuous)
    x3 [-0, inf] (Integer)
    x4 [-0, inf] (Integer)

Constraints:
    -1 x2 + +1 x4 <= 0
    +3 x1 + +2 x3 <= 6
    +1 x1 + +1 x2 + +1 x3 + +1 x4 <= 10
2025-01-28 13:00:13,148 - INFO: Running iteration 1/4
2025-01-28 13:00:13,149 - DEBUG: Starting new iteration...
2025-01-28 13:00:13,149 - INFO: Creating Permuted Problem
2025-01-28 13:00:13,151 - DEBUG: 
Objective:
    +5 x0 + +3 x1 + +4 x2 + +2 x3 (minimize)

Variables:
    x0 [-0, inf] (Integer)
    x1 [0, inf] (Continuous)
    x2 [-0, inf] (Integer)
    x3 [0, inf] (Continuous)

Constraints:
    +2 x2 + +3 x3 <= 6
    +1 x0 - 1 x1 <= 0
    +1 x0 + +1 x1 + +1 x2 + +1 x3 <= 10
2025-01-28 13:00:13,153 - INFO: Solving Permuted Problem
2025-01-28 13:00:13,161 - INFO: Solve Status: Optimal solution found
2025-01-28 13:00:13,162 - INFO: Solve Time: 0.0070 seconds
2025-01-28 13:00:13,163 - INFO: Objective Value: 0.0
2025-01-28 13:00:13,163 - INFO: Permuted Problem Results:
2025-01-28 13:00:13,164 - INFO: - Objective Value: 0.0
2025-01-28 13:00:13,164 - INFO: - Solve Time: 0.0070199966 seconds
2025-01-28 13:00:13,164 - DEBUG: Before canonicalization:
2025-01-28 13:00:13,165 - DEBUG: Original matrix: shape=(3, 4), nnz=8
2025-01-28 13:00:13,165 - DEBUG: Permuted matrix: shape=(3, 4), nnz=8
2025-01-28 13:00:13,166 - DEBUG: Generating canonical form for permuted model...
2025-01-28 13:00:13,167 - DEBUG: Variable scores before ordering:
2025-01-28 13:00:13,168 - DEBUG: Var 0 score: 2001.791759469228
2025-01-28 13:00:13,168 - DEBUG: Var 1 score: 1001.3862943611199
2025-01-28 13:00:13,168 - DEBUG: Var 2 score: 2001.609437912434
2025-01-28 13:00:13,169 - DEBUG: Var 3 score: 1001.0986122886682
2025-01-28 13:00:13,169 - DEBUG: Variable ordering:
2025-01-28 13:00:13,170 - DEBUG: Order: [3 1 2 0]
2025-01-28 13:00:13,170 - DEBUG: Original bounds before reordering:
2025-01-28 13:00:13,170 - DEBUG: Var 0 (Type: Integer): [-0.0, inf]
2025-01-28 13:00:13,171 - DEBUG: Var 1 (Type: Continuous): [0.0, inf]
2025-01-28 13:00:13,171 - DEBUG: Var 2 (Type: Integer): [-0.0, inf]
2025-01-28 13:00:13,171 - DEBUG: Var 3 (Type: Continuous): [0.0, inf]
2025-01-28 13:00:13,172 - DEBUG: Constraint scores before ordering:
2025-01-28 13:00:13,173 - DEBUG: Constr 0: Score: 1004.4308167988432
2025-01-28 13:00:13,173 - DEBUG: Constr 1: Score: 1001.3862943611199
2025-01-28 13:00:13,174 - DEBUG: Constr 2: Score: 1005.1704839950381
2025-01-28 13:00:13,174 - DEBUG: Constraint ordering:
2025-01-28 13:00:13,175 - DEBUG: Order: [1 0 2]
2025-01-28 13:00:13,176 - DEBUG: Original constraints before reordering:
2025-01-28 13:00:13,177 - DEBUG: Constr 0: <= 6.0
2025-01-28 13:00:13,178 - DEBUG: Constr 1: <= 0.0
2025-01-28 13:00:13,178 - DEBUG: Constr 2: <= 10.0
2025-01-28 13:00:13,180 - DEBUG: 
Objective:
    +2 x1 + +3 x2 + +4 x3 + +5 x4 (minimize)

Variables:
    x1 [0, inf] (Continuous)
    x2 [0, inf] (Continuous)
    x3 [-0, inf] (Integer)
    x4 [-0, inf] (Integer)

Constraints:
    -1 x2 + +1 x4 <= 0
    +3 x1 + +2 x3 <= 6
    +1 x1 + +1 x2 + +1 x3 + +1 x4 <= 10
2025-01-28 13:00:13,183 - INFO: Solving Canonical Form from Original Model
2025-01-28 13:00:13,190 - INFO: Solve Status: Optimal solution found
2025-01-28 13:00:13,191 - INFO: Solve Time: 0.0070 seconds
2025-01-28 13:00:13,191 - INFO: Objective Value: 0.0
2025-01-28 13:00:13,191 - INFO: Solving Canonical Form from Permuted Model
2025-01-28 13:00:13,200 - INFO: Solve Status: Optimal solution found
2025-01-28 13:00:13,201 - INFO: Solve Time: 0.0080 seconds
2025-01-28 13:00:13,201 - INFO: Objective Value: 0.0
2025-01-28 13:00:13,201 - DEBUG: Starting model validation...
2025-01-28 13:00:13,202 - DEBUG: Original canonical matrix: shape=(3, 4), nnz=8
2025-01-28 13:00:13,202 - DEBUG: Permuted canonical matrix: shape=(3, 4), nnz=8
2025-01-28 13:00:13,203 - DEBUG: Starting detailed model comparison...
2025-01-28 13:00:13,205 - DEBUG: Models are equivalent within tolerance
2025-01-28 13:00:13,205 - DEBUG: Validation result: True
2025-01-28 13:00:13,206 - INFO: Iteration 1 Results:
2025-01-28 13:00:13,206 - INFO: - Models equivalent: True
2025-01-28 13:00:13,207 - INFO: - Variable counts match: True
2025-01-28 13:00:13,207 - INFO: - Constraint counts match: True
2025-01-28 13:00:13,208 - INFO: - Original Objective Value: 0.0
2025-01-28 13:00:13,208 - INFO: - Permuted Objective Value: 0.0
2025-01-28 13:00:13,209 - INFO: - Canonical from Original Objective Value: 0.0
2025-01-28 13:00:13,209 - INFO: - Canonical from Permuted Objective Value: 0.0
2025-01-28 13:00:13,210 - INFO: - Original Solve Time: 0.0080034733 seconds
2025-01-28 13:00:13,211 - INFO: - Permuted Solve Time: 0.0070199966 seconds
2025-01-28 13:00:13,212 - INFO: - Canonical from Original Solve Time: 0.0070028305 seconds
2025-01-28 13:00:13,213 - INFO: - Canonical from Permuted Solve Time: 0.0080032349 seconds
2025-01-28 13:00:13,213 - INFO: Running iteration 2/4
2025-01-28 13:00:13,214 - DEBUG: Starting new iteration...
2025-01-28 13:00:13,214 - INFO: Creating Permuted Problem
2025-01-28 13:00:13,216 - DEBUG: 
Objective:
    +3 x0 + +4 x1 + +5 x2 + +2 x3 (minimize)

Variables:
    x0 [0, inf] (Continuous)
    x1 [-0, inf] (Integer)
    x2 [-0, inf] (Integer)
    x3 [0, inf] (Continuous)

Constraints:
    +2 x1 + +3 x3 <= 6
    -1 x0 + +1 x2 <= 0
    +1 x0 + +1 x1 + +1 x2 + +1 x3 <= 10
2025-01-28 13:00:13,219 - INFO: Solving Permuted Problem
2025-01-28 13:00:13,227 - INFO: Solve Status: Optimal solution found
2025-01-28 13:00:13,228 - INFO: Solve Time: 0.0080 seconds
2025-01-28 13:00:13,228 - INFO: Objective Value: 0.0
2025-01-28 13:00:13,229 - INFO: Permuted Problem Results:
2025-01-28 13:00:13,229 - INFO: - Objective Value: 0.0
2025-01-28 13:00:13,230 - INFO: - Solve Time: 0.0080263615 seconds
2025-01-28 13:00:13,230 - DEBUG: Before canonicalization:
2025-01-28 13:00:13,231 - DEBUG: Original matrix: shape=(3, 4), nnz=8
2025-01-28 13:00:13,231 - DEBUG: Permuted matrix: shape=(3, 4), nnz=8
2025-01-28 13:00:13,231 - DEBUG: Generating canonical form for permuted model...
2025-01-28 13:00:13,232 - DEBUG: Variable scores before ordering:
2025-01-28 13:00:13,233 - DEBUG: Var 0 score: 1001.3862943611199
2025-01-28 13:00:13,233 - DEBUG: Var 1 score: 2001.609437912434
2025-01-28 13:00:13,234 - DEBUG: Var 2 score: 2001.791759469228
2025-01-28 13:00:13,234 - DEBUG: Var 3 score: 1001.0986122886682
2025-01-28 13:00:13,234 - DEBUG: Variable ordering:
2025-01-28 13:00:13,235 - DEBUG: Order: [3 0 1 2]
2025-01-28 13:00:13,235 - DEBUG: Original bounds before reordering:
2025-01-28 13:00:13,236 - DEBUG: Var 0 (Type: Continuous): [0.0, inf]
2025-01-28 13:00:13,236 - DEBUG: Var 1 (Type: Integer): [-0.0, inf]
2025-01-28 13:00:13,237 - DEBUG: Var 2 (Type: Integer): [-0.0, inf]
2025-01-28 13:00:13,237 - DEBUG: Var 3 (Type: Continuous): [0.0, inf]
2025-01-28 13:00:13,238 - DEBUG: Constraint scores before ordering:
2025-01-28 13:00:13,238 - DEBUG: Constr 0: Score: 1004.4308167988432
2025-01-28 13:00:13,238 - DEBUG: Constr 1: Score: 1001.3862943611199
2025-01-28 13:00:13,239 - DEBUG: Constr 2: Score: 1005.1704839950381
2025-01-28 13:00:13,239 - DEBUG: Constraint ordering:
2025-01-28 13:00:13,240 - DEBUG: Order: [1 0 2]
2025-01-28 13:00:13,241 - DEBUG: Original constraints before reordering:
2025-01-28 13:00:13,241 - DEBUG: Constr 0: <= 6.0
2025-01-28 13:00:13,242 - DEBUG: Constr 1: <= 0.0
2025-01-28 13:00:13,242 - DEBUG: Constr 2: <= 10.0
2025-01-28 13:00:13,245 - DEBUG: 
Objective:
    +2 x1 + +3 x2 + +4 x3 + +5 x4 (minimize)

Variables:
    x1 [0, inf] (Continuous)
    x2 [0, inf] (Continuous)
    x3 [-0, inf] (Integer)
    x4 [-0, inf] (Integer)

Constraints:
    -1 x2 + +1 x4 <= 0
    +3 x1 + +2 x3 <= 6
    +1 x1 + +1 x2 + +1 x3 + +1 x4 <= 10
2025-01-28 13:00:13,247 - INFO: Solving Canonical Form from Original Model
2025-01-28 13:00:13,254 - INFO: Solve Status: Optimal solution found
2025-01-28 13:00:13,255 - INFO: Solve Time: 0.0070 seconds
2025-01-28 13:00:13,255 - INFO: Objective Value: 0.0
2025-01-28 13:00:13,256 - INFO: Solving Canonical Form from Permuted Model
2025-01-28 13:00:13,263 - INFO: Solve Status: Optimal solution found
2025-01-28 13:00:13,263 - INFO: Solve Time: 0.0070 seconds
2025-01-28 13:00:13,264 - INFO: Objective Value: 0.0
2025-01-28 13:00:13,264 - DEBUG: Starting model validation...
2025-01-28 13:00:13,265 - DEBUG: Original canonical matrix: shape=(3, 4), nnz=8
2025-01-28 13:00:13,265 - DEBUG: Permuted canonical matrix: shape=(3, 4), nnz=8
2025-01-28 13:00:13,266 - DEBUG: Starting detailed model comparison...
2025-01-28 13:00:13,268 - DEBUG: Models are equivalent within tolerance
2025-01-28 13:00:13,268 - DEBUG: Validation result: True
2025-01-28 13:00:13,269 - INFO: Iteration 2 Results:
2025-01-28 13:00:13,269 - INFO: - Models equivalent: True
2025-01-28 13:00:13,269 - INFO: - Variable counts match: True
2025-01-28 13:00:13,270 - INFO: - Constraint counts match: True
2025-01-28 13:00:13,270 - INFO: - Original Objective Value: 0.0
2025-01-28 13:00:13,270 - INFO: - Permuted Objective Value: 0.0
2025-01-28 13:00:13,271 - INFO: - Canonical from Original Objective Value: 0.0
2025-01-28 13:00:13,271 - INFO: - Canonical from Permuted Objective Value: 0.0
2025-01-28 13:00:13,272 - INFO: - Original Solve Time: 0.0080034733 seconds
2025-01-28 13:00:13,272 - INFO: - Permuted Solve Time: 0.0080263615 seconds
2025-01-28 13:00:13,273 - INFO: - Canonical from Original Solve Time: 0.0070016384 seconds
2025-01-28 13:00:13,273 - INFO: - Canonical from Permuted Solve Time: 0.0070033073 seconds
2025-01-28 13:00:13,274 - INFO: Running iteration 3/4
2025-01-28 13:00:13,275 - DEBUG: Starting new iteration...
2025-01-28 13:00:13,275 - INFO: Creating Permuted Problem
2025-01-28 13:00:13,278 - DEBUG: 
Objective:
    +4 x0 + +3 x1 + +2 x2 + +5 x3 (minimize)

Variables:
    x0 [-0, inf] (Integer)
    x1 [0, inf] (Continuous)
    x2 [0, inf] (Continuous)
    x3 [-0, inf] (Integer)

Constraints:
    +2 x0 + +3 x2 <= 6
    -1 x1 + +1 x3 <= 0
    +1 x0 + +1 x1 + +1 x2 + +1 x3 <= 10
2025-01-28 13:00:13,282 - INFO: Solving Permuted Problem
2025-01-28 13:00:13,289 - INFO: Solve Status: Optimal solution found
2025-01-28 13:00:13,290 - INFO: Solve Time: 0.0070 seconds
2025-01-28 13:00:13,291 - INFO: Objective Value: 0.0
2025-01-28 13:00:13,291 - INFO: Permuted Problem Results:
2025-01-28 13:00:13,292 - INFO: - Objective Value: 0.0
2025-01-28 13:00:13,292 - INFO: - Solve Time: 0.0070011616 seconds
2025-01-28 13:00:13,293 - DEBUG: Before canonicalization:
2025-01-28 13:00:13,295 - DEBUG: Original matrix: shape=(3, 4), nnz=8
2025-01-28 13:00:13,296 - DEBUG: Permuted matrix: shape=(3, 4), nnz=8
2025-01-28 13:00:13,296 - DEBUG: Generating canonical form for permuted model...
2025-01-28 13:00:13,297 - DEBUG: Variable scores before ordering:
2025-01-28 13:00:13,298 - DEBUG: Var 0 score: 2001.609437912434
2025-01-28 13:00:13,298 - DEBUG: Var 1 score: 1001.3862943611199
2025-01-28 13:00:13,299 - DEBUG: Var 2 score: 1001.0986122886682
2025-01-28 13:00:13,299 - DEBUG: Var 3 score: 2001.791759469228
2025-01-28 13:00:13,300 - DEBUG: Variable ordering:
2025-01-28 13:00:13,300 - DEBUG: Order: [2 1 0 3]
2025-01-28 13:00:13,301 - DEBUG: Original bounds before reordering:
2025-01-28 13:00:13,301 - DEBUG: Var 0 (Type: Integer): [-0.0, inf]
2025-01-28 13:00:13,302 - DEBUG: Var 1 (Type: Continuous): [0.0, inf]
2025-01-28 13:00:13,303 - DEBUG: Var 2 (Type: Continuous): [0.0, inf]
2025-01-28 13:00:13,303 - DEBUG: Var 3 (Type: Integer): [-0.0, inf]
2025-01-28 13:00:13,304 - DEBUG: Constraint scores before ordering:
2025-01-28 13:00:13,305 - DEBUG: Constr 0: Score: 1004.4308167988432
2025-01-28 13:00:13,305 - DEBUG: Constr 1: Score: 1001.3862943611199
2025-01-28 13:00:13,306 - DEBUG: Constr 2: Score: 1005.1704839950381
2025-01-28 13:00:13,307 - DEBUG: Constraint ordering:
2025-01-28 13:00:13,307 - DEBUG: Order: [1 0 2]
2025-01-28 13:00:13,308 - DEBUG: Original constraints before reordering:
2025-01-28 13:00:13,308 - DEBUG: Constr 0: <= 6.0
2025-01-28 13:00:13,309 - DEBUG: Constr 1: <= 0.0
2025-01-28 13:00:13,310 - DEBUG: Constr 2: <= 10.0
2025-01-28 13:00:13,313 - DEBUG: 
Objective:
    +2 x1 + +3 x2 + +4 x3 + +5 x4 (minimize)

Variables:
    x1 [0, inf] (Continuous)
    x2 [0, inf] (Continuous)
    x3 [-0, inf] (Integer)
    x4 [-0, inf] (Integer)

Constraints:
    -1 x2 + +1 x4 <= 0
    +3 x1 + +2 x3 <= 6
    +1 x1 + +1 x2 + +1 x3 + +1 x4 <= 10
2025-01-28 13:00:13,315 - INFO: Solving Canonical Form from Original Model
2025-01-28 13:00:13,321 - INFO: Solve Status: Optimal solution found
2025-01-28 13:00:13,321 - INFO: Solve Time: 0.0050 seconds
2025-01-28 13:00:13,321 - INFO: Objective Value: 0.0
2025-01-28 13:00:13,322 - INFO: Solving Canonical Form from Permuted Model
2025-01-28 13:00:13,329 - INFO: Solve Status: Optimal solution found
2025-01-28 13:00:13,329 - INFO: Solve Time: 0.0070 seconds
2025-01-28 13:00:13,330 - INFO: Objective Value: 0.0
2025-01-28 13:00:13,330 - DEBUG: Starting model validation...
2025-01-28 13:00:13,331 - DEBUG: Original canonical matrix: shape=(3, 4), nnz=8
2025-01-28 13:00:13,331 - DEBUG: Permuted canonical matrix: shape=(3, 4), nnz=8
2025-01-28 13:00:13,331 - DEBUG: Starting detailed model comparison...
2025-01-28 13:00:13,332 - DEBUG: Models are equivalent within tolerance
2025-01-28 13:00:13,333 - DEBUG: Validation result: True
2025-01-28 13:00:13,333 - INFO: Iteration 3 Results:
2025-01-28 13:00:13,334 - INFO: - Models equivalent: True
2025-01-28 13:00:13,334 - INFO: - Variable counts match: True
2025-01-28 13:00:13,334 - INFO: - Constraint counts match: True
2025-01-28 13:00:13,335 - INFO: - Original Objective Value: 0.0
2025-01-28 13:00:13,335 - INFO: - Permuted Objective Value: 0.0
2025-01-28 13:00:13,335 - INFO: - Canonical from Original Objective Value: 0.0
2025-01-28 13:00:13,336 - INFO: - Canonical from Permuted Objective Value: 0.0
2025-01-28 13:00:13,336 - INFO: - Original Solve Time: 0.0080034733 seconds
2025-01-28 13:00:13,336 - INFO: - Permuted Solve Time: 0.0070011616 seconds
2025-01-28 13:00:13,337 - INFO: - Canonical from Original Solve Time: 0.0050003529 seconds
2025-01-28 13:00:13,337 - INFO: - Canonical from Permuted Solve Time: 0.0070014000 seconds
2025-01-28 13:00:13,337 - INFO: Running iteration 4/4
2025-01-28 13:00:13,338 - DEBUG: Starting new iteration...
2025-01-28 13:00:13,338 - INFO: Creating Permuted Problem
2025-01-28 13:00:13,339 - DEBUG: 
Objective:
    +4 x0 + +2 x1 + +3 x2 + +5 x3 (minimize)

Variables:
    x0 [-0, inf] (Integer)
    x1 [0, inf] (Continuous)
    x2 [0, inf] (Continuous)
    x3 [-0, inf] (Integer)

Constraints:
    +2 x0 + +3 x1 <= 6
    -1 x2 + +1 x3 <= 0
    +1 x0 + +1 x1 + +1 x2 + +1 x3 <= 10
2025-01-28 13:00:13,342 - INFO: Solving Permuted Problem
2025-01-28 13:00:13,349 - INFO: Solve Status: Optimal solution found
2025-01-28 13:00:13,349 - INFO: Solve Time: 0.0060 seconds
2025-01-28 13:00:13,349 - INFO: Objective Value: 0.0
2025-01-28 13:00:13,350 - INFO: Permuted Problem Results:
2025-01-28 13:00:13,350 - INFO: - Objective Value: 0.0
2025-01-28 13:00:13,350 - INFO: - Solve Time: 0.0059854984 seconds
2025-01-28 13:00:13,350 - DEBUG: Before canonicalization:
2025-01-28 13:00:13,351 - DEBUG: Original matrix: shape=(3, 4), nnz=8
2025-01-28 13:00:13,351 - DEBUG: Permuted matrix: shape=(3, 4), nnz=8
2025-01-28 13:00:13,351 - DEBUG: Generating canonical form for permuted model...
2025-01-28 13:00:13,352 - DEBUG: Variable scores before ordering:
2025-01-28 13:00:13,352 - DEBUG: Var 0 score: 2001.609437912434
2025-01-28 13:00:13,353 - DEBUG: Var 1 score: 1001.0986122886682
2025-01-28 13:00:13,353 - DEBUG: Var 2 score: 1001.3862943611199
2025-01-28 13:00:13,353 - DEBUG: Var 3 score: 2001.791759469228
2025-01-28 13:00:13,354 - DEBUG: Variable ordering:
2025-01-28 13:00:13,354 - DEBUG: Order: [1 2 0 3]
2025-01-28 13:00:13,355 - DEBUG: Original bounds before reordering:
2025-01-28 13:00:13,355 - DEBUG: Var 0 (Type: Integer): [-0.0, inf]
2025-01-28 13:00:13,355 - DEBUG: Var 1 (Type: Continuous): [0.0, inf]
2025-01-28 13:00:13,356 - DEBUG: Var 2 (Type: Continuous): [0.0, inf]
2025-01-28 13:00:13,356 - DEBUG: Var 3 (Type: Integer): [-0.0, inf]
2025-01-28 13:00:13,358 - DEBUG: Constraint scores before ordering:
2025-01-28 13:00:13,358 - DEBUG: Constr 0: Score: 1004.4308167988432
2025-01-28 13:00:13,359 - DEBUG: Constr 1: Score: 1001.3862943611199
2025-01-28 13:00:13,360 - DEBUG: Constr 2: Score: 1005.1704839950381
2025-01-28 13:00:13,361 - DEBUG: Constraint ordering:
2025-01-28 13:00:13,362 - DEBUG: Order: [1 0 2]
2025-01-28 13:00:13,362 - DEBUG: Original constraints before reordering:
2025-01-28 13:00:13,363 - DEBUG: Constr 0: <= 6.0
2025-01-28 13:00:13,363 - DEBUG: Constr 1: <= 0.0
2025-01-28 13:00:13,364 - DEBUG: Constr 2: <= 10.0
2025-01-28 13:00:13,365 - DEBUG: 
Objective:
    +2 x1 + +3 x2 + +4 x3 + +5 x4 (minimize)

Variables:
    x1 [0, inf] (Continuous)
    x2 [0, inf] (Continuous)
    x3 [-0, inf] (Integer)
    x4 [-0, inf] (Integer)

Constraints:
    -1 x2 + +1 x4 <= 0
    +3 x1 + +2 x3 <= 6
    +1 x1 + +1 x2 + +1 x3 + +1 x4 <= 10
2025-01-28 13:00:13,368 - INFO: Solving Canonical Form from Original Model
2025-01-28 13:00:13,376 - INFO: Solve Status: Optimal solution found
2025-01-28 13:00:13,377 - INFO: Solve Time: 0.0080 seconds
2025-01-28 13:00:13,378 - INFO: Objective Value: 0.0
2025-01-28 13:00:13,379 - INFO: Solving Canonical Form from Permuted Model
2025-01-28 13:00:13,385 - INFO: Solve Status: Optimal solution found
2025-01-28 13:00:13,385 - INFO: Solve Time: 0.0060 seconds
2025-01-28 13:00:13,386 - INFO: Objective Value: 0.0
2025-01-28 13:00:13,386 - DEBUG: Starting model validation...
2025-01-28 13:00:13,387 - DEBUG: Original canonical matrix: shape=(3, 4), nnz=8
2025-01-28 13:00:13,387 - DEBUG: Permuted canonical matrix: shape=(3, 4), nnz=8
2025-01-28 13:00:13,387 - DEBUG: Starting detailed model comparison...
2025-01-28 13:00:13,389 - DEBUG: Models are equivalent within tolerance
2025-01-28 13:00:13,389 - DEBUG: Validation result: True
2025-01-28 13:00:13,390 - INFO: Iteration 4 Results:
2025-01-28 13:00:13,390 - INFO: - Models equivalent: True
2025-01-28 13:00:13,391 - INFO: - Variable counts match: True
2025-01-28 13:00:13,391 - INFO: - Constraint counts match: True
2025-01-28 13:00:13,392 - INFO: - Original Objective Value: 0.0
2025-01-28 13:00:13,393 - INFO: - Permuted Objective Value: 0.0
2025-01-28 13:00:13,393 - INFO: - Canonical from Original Objective Value: 0.0
2025-01-28 13:00:13,394 - INFO: - Canonical from Permuted Objective Value: 0.0
2025-01-28 13:00:13,395 - INFO: - Original Solve Time: 0.0080034733 seconds
2025-01-28 13:00:13,396 - INFO: - Permuted Solve Time: 0.0059854984 seconds
2025-01-28 13:00:13,396 - INFO: - Canonical from Original Solve Time: 0.0079994202 seconds
2025-01-28 13:00:13,396 - INFO: - Canonical from Permuted Solve Time: 0.0059936047 seconds
