2025-03-12 12:34:07,485 - INFO: Successfully loaded local problem from input/gen-ip054.mps
2025-03-12 12:34:07,486 - INFO: Experiment Settings:
2025-03-12 12:34:07,487 - INFO: - INPUT_DIR: input/
2025-03-12 12:34:07,489 - INFO: - LOG_LEVEL: 20
2025-03-12 12:34:07,490 - INFO: - OUTPUT_DIR: experiments/
2025-03-12 12:34:07,491 - INFO: - INPUT_PROBLEM: gen-ip054.mps
2025-03-12 12:34:07,492 - INFO: - NUMBER_OF_PERMUTATIONS: 3
2025-03-12 12:34:07,493 - INFO: - NORMALIZATION_ACTIVE: False
2025-03-12 12:34:07,494 - INFO: - MATRICES_TO_CSV: False
2025-03-12 12:34:07,495 - INFO: - LOG_MATRIX: True
2025-03-12 12:34:07,496 - INFO: - LOG_MODEL_COMPARISON: False
2025-03-12 12:34:07,496 - INFO: - PRODUCTION: False
2025-03-12 12:34:07,497 - INFO: - RECURSIVE_RULES: True
2025-03-12 12:34:07,499 - INFO: - DISABLE_SOLVING: True
2025-03-12 12:34:07,500 - INFO: Successfully loaded problem from input/gen-ip054.mps
2025-03-12 12:34:07,501 - INFO: Problem Details:
2025-03-12 12:34:07,502 - INFO: - Variables: 30
2025-03-12 12:34:07,502 - INFO: - Constraints: 27
2025-03-12 12:34:07,503 - INFO: - Objective Sense: Minimize
2025-03-12 12:34:07,505 - INFO: Solving Original Problem
2025-03-12 12:34:07,508 - INFO: Solving is disabled via environment variable. Returning placeholder result.
2025-03-12 12:34:09,210 - INFO: Solving Canonical from Original Problem
2025-03-12 12:34:09,213 - INFO: Solving is disabled via environment variable. Returning placeholder result.
2025-03-12 12:34:09,214 - INFO: Running iteration 1/3
2025-03-12 12:34:09,215 - INFO: Creating Permuted Problem
2025-03-12 12:34:09,221 - INFO: Computing Permutation Distance before Canonicalization...
2025-03-12 12:34:09,223 - INFO: Permutation Distance Before Canonicalization: 420.0
2025-03-12 12:34:09,224 - INFO: Solving Permuted Problem
2025-03-12 12:34:09,227 - INFO: Solving is disabled via environment variable. Returning placeholder result.
2025-03-12 12:34:09,228 - INFO: Scaling is disabled. Using unscaled permuted model.
2025-03-12 12:34:09,229 - INFO: Normalization is disabled. Using the intermediate model as is.
2025-03-12 12:34:10,963 - INFO: Computing Permutation Distance after Canonicalization...
2025-03-12 12:34:10,965 - INFO: Permutation Distance After Canonicalization: 19.0
2025-03-12 12:34:10,966 - INFO: Applying final canonical ordering to permuted model and solving it
2025-03-12 12:34:10,970 - INFO: Solving Reordering Form from Permuted Model
2025-03-12 12:34:10,973 - INFO: Solving is disabled via environment variable. Returning placeholder result.
2025-03-12 12:34:10,975 - INFO: Iteration 1 Results:
2025-03-12 12:34:10,976 - INFO: - Models equivalent: False
2025-03-12 12:34:10,977 - INFO: - Variable counts match: True
2025-03-12 12:34:10,978 - INFO: - Constraint counts match: True
2025-03-12 12:34:10,979 - INFO: - Original Objective Value: None
2025-03-12 12:34:10,980 - INFO: - Permuted Objective Value: None
2025-03-12 12:34:10,981 - INFO: - Canonical from Original Objective Value: None
2025-03-12 12:34:10,981 - INFO: - Canonical from Permuted Objective Value: None
2025-03-12 12:34:10,982 - INFO: - Original Solve Time: 0.0000000000 seconds
2025-03-12 12:34:10,983 - INFO: - Permuted Solve Time: 0.0000000000 seconds
2025-03-12 12:34:10,984 - INFO: - Canonical from Original Solve Time: 0.0000000000 seconds
2025-03-12 12:34:10,985 - INFO: - Canonical from Permuted Solve Time: 0.0000000000 seconds
2025-03-12 12:34:10,986 - INFO: - Original Work Units: 0.0000000000
2025-03-12 12:34:10,987 - INFO: - Permuted Work Units: 0.0000000000
2025-03-12 12:34:10,989 - INFO: - Canonical from Original Work Units: 0.0000000000
2025-03-12 12:34:10,990 - INFO: - Canonical from Permuted Work Units: 0.0000000000
2025-03-12 12:34:10,991 - INFO: - Permutation Distance Before Canonicalization: 420.0
2025-03-12 12:34:10,992 - INFO: - Permutation Distance After Canonicalization: 19.0
2025-03-12 12:34:10,993 - INFO: Running iteration 2/3
2025-03-12 12:34:10,994 - INFO: Creating Permuted Problem
2025-03-12 12:34:10,999 - INFO: Computing Permutation Distance before Canonicalization...
2025-03-12 12:34:11,002 - INFO: Permutation Distance Before Canonicalization: 475.0
2025-03-12 12:34:11,003 - INFO: Solving Permuted Problem
2025-03-12 12:34:11,006 - INFO: Solving is disabled via environment variable. Returning placeholder result.
2025-03-12 12:34:11,007 - INFO: Scaling is disabled. Using unscaled permuted model.
2025-03-12 12:34:11,008 - INFO: Normalization is disabled. Using the intermediate model as is.
2025-03-12 12:34:12,647 - INFO: Computing Permutation Distance after Canonicalization...
2025-03-12 12:34:12,649 - INFO: Permutation Distance After Canonicalization: 20.0
2025-03-12 12:34:12,650 - INFO: Applying final canonical ordering to permuted model and solving it
2025-03-12 12:34:12,655 - INFO: Solving Reordering Form from Permuted Model
2025-03-12 12:34:12,657 - INFO: Solving is disabled via environment variable. Returning placeholder result.
2025-03-12 12:34:12,659 - INFO: Iteration 2 Results:
2025-03-12 12:34:12,660 - INFO: - Models equivalent: False
2025-03-12 12:34:12,661 - INFO: - Variable counts match: True
2025-03-12 12:34:12,662 - INFO: - Constraint counts match: True
2025-03-12 12:34:12,663 - INFO: - Original Objective Value: None
2025-03-12 12:34:12,663 - INFO: - Permuted Objective Value: None
2025-03-12 12:34:12,664 - INFO: - Canonical from Original Objective Value: None
2025-03-12 12:34:12,665 - INFO: - Canonical from Permuted Objective Value: None
2025-03-12 12:34:12,666 - INFO: - Original Solve Time: 0.0000000000 seconds
2025-03-12 12:34:12,667 - INFO: - Permuted Solve Time: 0.0000000000 seconds
2025-03-12 12:34:12,669 - INFO: - Canonical from Original Solve Time: 0.0000000000 seconds
2025-03-12 12:34:12,670 - INFO: - Canonical from Permuted Solve Time: 0.0000000000 seconds
2025-03-12 12:34:12,671 - INFO: - Original Work Units: 0.0000000000
2025-03-12 12:34:12,672 - INFO: - Permuted Work Units: 0.0000000000
2025-03-12 12:34:12,673 - INFO: - Canonical from Original Work Units: 0.0000000000
2025-03-12 12:34:12,674 - INFO: - Canonical from Permuted Work Units: 0.0000000000
2025-03-12 12:34:12,675 - INFO: - Permutation Distance Before Canonicalization: 475.0
2025-03-12 12:34:12,676 - INFO: - Permutation Distance After Canonicalization: 20.0
2025-03-12 12:34:12,677 - INFO: Running iteration 3/3
2025-03-12 12:34:12,677 - INFO: Creating Permuted Problem
2025-03-12 12:34:12,683 - INFO: Computing Permutation Distance before Canonicalization...
2025-03-12 12:34:12,685 - INFO: Permutation Distance Before Canonicalization: 285.0
2025-03-12 12:34:12,686 - INFO: Solving Permuted Problem
2025-03-12 12:34:12,687 - INFO: Solving is disabled via environment variable. Returning placeholder result.
2025-03-12 12:34:12,688 - INFO: Scaling is disabled. Using unscaled permuted model.
2025-03-12 12:34:12,689 - INFO: Normalization is disabled. Using the intermediate model as is.
2025-03-12 12:34:14,417 - INFO: Computing Permutation Distance after Canonicalization...
2025-03-12 12:34:14,419 - INFO: Permutation Distance After Canonicalization: 10.0
2025-03-12 12:34:14,420 - INFO: Applying final canonical ordering to permuted model and solving it
2025-03-12 12:34:14,424 - INFO: Solving Reordering Form from Permuted Model
2025-03-12 12:34:14,427 - INFO: Solving is disabled via environment variable. Returning placeholder result.
2025-03-12 12:34:14,429 - INFO: Iteration 3 Results:
2025-03-12 12:34:14,430 - INFO: - Models equivalent: False
2025-03-12 12:34:14,431 - INFO: - Variable counts match: True
2025-03-12 12:34:14,432 - INFO: - Constraint counts match: True
2025-03-12 12:34:14,433 - INFO: - Original Objective Value: None
2025-03-12 12:34:14,434 - INFO: - Permuted Objective Value: None
2025-03-12 12:34:14,435 - INFO: - Canonical from Original Objective Value: None
2025-03-12 12:34:14,436 - INFO: - Canonical from Permuted Objective Value: None
2025-03-12 12:34:14,437 - INFO: - Original Solve Time: 0.0000000000 seconds
2025-03-12 12:34:14,439 - INFO: - Permuted Solve Time: 0.0000000000 seconds
2025-03-12 12:34:14,441 - INFO: - Canonical from Original Solve Time: 0.0000000000 seconds
2025-03-12 12:34:14,442 - INFO: - Canonical from Permuted Solve Time: 0.0000000000 seconds
2025-03-12 12:34:14,443 - INFO: - Original Work Units: 0.0000000000
2025-03-12 12:34:14,444 - INFO: - Permuted Work Units: 0.0000000000
2025-03-12 12:34:14,445 - INFO: - Canonical from Original Work Units: 0.0000000000
2025-03-12 12:34:14,447 - INFO: - Canonical from Permuted Work Units: 0.0000000000
2025-03-12 12:34:14,448 - INFO: - Permutation Distance Before Canonicalization: 285.0
2025-03-12 12:34:14,449 - INFO: - Permutation Distance After Canonicalization: 10.0
2025-03-12 12:34:14,451 - INFO: Solve-Time Variability (Standard Deviation):
2025-03-12 12:34:14,452 - INFO:  - Std(Original + Permuted Solve Times): 0.000000
2025-03-12 12:34:14,453 - INFO:  - Std(Canonical-from-Original + Canonical-from-Permuted Solve Times): 0.000000
2025-03-12 12:34:14,454 - WARNING: Canonical form does NOT sufficiently reduce solve-time variability across permutations.
2025-03-12 12:34:14,455 - INFO: Work Unit Variability (Standard Deviation):
2025-03-12 12:34:14,455 - INFO:  - Std(Original + Permuted Work Units): 0.0000000000
2025-03-12 12:34:14,456 - INFO:  - Std(Canonical-from-Original + Canonical-from-Permuted Work Units): 0.0000000000
2025-03-12 12:34:14,457 - WARNING: Canonical form does NOT sufficiently reduce work unit variability across permutations.
2025-03-12 12:34:14,458 - INFO: Permutation Distance Variability (Standard Deviation):
2025-03-12 12:34:14,459 - INFO:  - Std(Permutation Distance Before Canonicalization): 97.766729
2025-03-12 12:34:14,460 - INFO:  - Std(Permutation Distance After Canonicalization): 5.507571
2025-03-12 12:34:14,461 - INFO: Canonicalization reduces permutation distance variability across permutations.
2025-03-12 12:34:14,462 - INFO: Granularity Statistics:
2025-03-12 12:34:14,464 - INFO:  - Total Blocks: 393
2025-03-12 12:34:14,466 - INFO:  - Avg(Block Size): 2.0611
2025-03-12 12:34:14,467 - INFO:  - Min(Block Size): 1
2025-03-12 12:34:14,469 - INFO:  - Max(Block Size): 30
2025-03-12 12:34:14,470 - INFO:  - Sum of SubBlocks sizes: 810
2025-03-12 12:34:14,471 - INFO:  - Original matrix size: 810
