2025-02-06 14:41:02,015 - INFO: Successfully loaded local problem from input/dummy.mps
2025-02-06 14:41:02,016 - INFO: Successfully loaded problem from input/dummy.mps
2025-02-06 14:41:02,017 - INFO: Problem Details:
2025-02-06 14:41:02,019 - INFO: - Variables: 4
2025-02-06 14:41:02,020 - INFO: - Constraints: 3
2025-02-06 14:41:02,021 - INFO: - Objective Sense: Minimize
2025-02-06 14:41:02,032 - INFO: Solving Original Problem
2025-02-06 14:41:02,067 - INFO: Solve Status: Optimal solution found
2025-02-06 14:41:02,068 - INFO: Solve Time: 0.0347 seconds
2025-02-06 14:41:02,070 - INFO: Objective Value: 0.0
2025-02-06 14:41:02,097 - INFO: Solving Canonical from Original Problem
2025-02-06 14:41:02,119 - INFO: Solve Status: Optimal solution found
2025-02-06 14:41:02,120 - INFO: Solve Time: 0.0210 seconds
2025-02-06 14:41:02,123 - INFO: Objective Value: 0.0
2025-02-06 14:41:02,124 - INFO: Running iteration 1/1
2025-02-06 14:41:02,125 - INFO: Creating Permuted Problem
2025-02-06 14:41:02,129 - INFO: Solving Permuted Problem
2025-02-06 14:41:02,148 - INFO: Solve Status: Optimal solution found
2025-02-06 14:41:02,149 - INFO: Solve Time: 0.0190 seconds
2025-02-06 14:41:02,150 - INFO: Objective Value: 0.0
2025-02-06 14:41:02,163 - INFO: Solving Canonical Form from Permuted Model
2025-02-06 14:41:02,181 - INFO: Solve Status: Optimal solution found
2025-02-06 14:41:02,182 - INFO: Solve Time: 0.0170 seconds
2025-02-06 14:41:02,182 - INFO: Objective Value: 0.0
2025-02-06 14:41:02,185 - INFO: Iteration 1 Results:
2025-02-06 14:41:02,185 - INFO: - Models equivalent: True
2025-02-06 14:41:02,186 - INFO: - Variable counts match: True
2025-02-06 14:41:02,188 - INFO: - Constraint counts match: True
2025-02-06 14:41:02,189 - INFO: - Original Objective Value: 0.0
2025-02-06 14:41:02,190 - INFO: - Permuted Objective Value: 0.0
2025-02-06 14:41:02,191 - INFO: - Canonical from Original Objective Value: 0.0
2025-02-06 14:41:02,192 - INFO: - Canonical from Permuted Objective Value: 0.0
2025-02-06 14:41:02,193 - INFO: - Original Solve Time: 0.0346918106 seconds
2025-02-06 14:41:02,194 - INFO: - Permuted Solve Time: 0.0190026760 seconds
2025-02-06 14:41:02,195 - INFO: - Canonical from Original Solve Time: 0.0209906101 seconds
2025-02-06 14:41:02,195 - INFO: - Canonical from Permuted Solve Time: 0.0169994831 seconds
2025-02-06 14:41:02,196 - INFO: Solve-Time Variability Metrics:
2025-02-06 14:41:02,197 - INFO: - Mean Solve-Time Variability (Original vs Permuted): 0.452243
2025-02-06 14:41:02,198 - INFO: - Mean Solve-Time Variability (Canonical vs Canonical): 0.190139
2025-02-06 14:41:02,199 - INFO: Canonical form has improved solve-time consistency across permutations.
