2025-02-19 08:58:51,776 - INFO: Successfully loaded local problem from input/gen-ip054.mps
2025-02-19 08:58:51,777 - INFO: Successfully loaded problem from input/gen-ip054.mps
2025-02-19 08:58:51,777 - INFO: Problem Details:
2025-02-19 08:58:51,778 - INFO: - Variables: 30
2025-02-19 08:58:51,779 - INFO: - Constraints: 27
2025-02-19 08:58:51,779 - INFO: - Objective Sense: Minimize
2025-02-19 08:58:51,787 - INFO: Solving Original Problem
2025-02-19 08:58:51,788 - INFO: Solving is disabled via environment variable. Returning placeholder result.
2025-02-19 08:58:54,837 - INFO: Solving Canonical from Original Problem
2025-02-19 08:58:54,838 - INFO: Solving is disabled via environment variable. Returning placeholder result.
2025-02-19 08:58:54,839 - INFO: Running iteration 1/1
2025-02-19 08:58:54,840 - INFO: Creating Permuted Problem
2025-02-19 08:58:54,850 - INFO: Computing Permutation Distance before Canonicalization...
2025-02-19 08:58:54,852 - INFO: Permutation Distance Before Canonicalization: 439.0
2025-02-19 08:58:54,853 - INFO: Solving Permuted Problem
2025-02-19 08:58:54,854 - INFO: Solving is disabled via environment variable. Returning placeholder result.
2025-02-19 08:58:54,855 - INFO: Scaling is disabled. Using unscaled permuted model.
2025-02-19 08:58:54,856 - INFO: Normalization is disabled. Using the intermediate model as is.
2025-02-19 08:58:57,805 - INFO: Computing Permutation Distance after Canonicalization...
2025-02-19 08:58:57,807 - INFO: Permutation Distance After Canonicalization: 94.0
2025-02-19 08:58:57,808 - INFO: Applying final canonical ordering to permuted model and solving it
2025-02-19 08:58:57,814 - INFO: Solving Reordering Form from Permuted Model
2025-02-19 08:58:57,815 - INFO: Solving is disabled via environment variable. Returning placeholder result.
2025-02-19 08:58:57,822 - INFO: Iteration 1 Results:
2025-02-19 08:58:57,822 - INFO: - Models equivalent: False
2025-02-19 08:58:57,824 - INFO: - Variable counts match: True
2025-02-19 08:58:57,824 - INFO: - Constraint counts match: True
2025-02-19 08:58:57,825 - INFO: - Original Objective Value: None
2025-02-19 08:58:57,826 - INFO: - Permuted Objective Value: None
2025-02-19 08:58:57,827 - INFO: - Canonical from Original Objective Value: None
2025-02-19 08:58:57,827 - INFO: - Canonical from Permuted Objective Value: None
2025-02-19 08:58:57,828 - INFO: - Original Solve Time: 0.0000000000 seconds
2025-02-19 08:58:57,829 - INFO: - Permuted Solve Time: 0.0000000000 seconds
2025-02-19 08:58:57,830 - INFO: - Canonical from Original Solve Time: 0.0000000000 seconds
2025-02-19 08:58:57,831 - INFO: - Canonical from Permuted Solve Time: 0.0000000000 seconds
2025-02-19 08:58:57,832 - INFO: - Original Work Units: 0.0000000000
2025-02-19 08:58:57,832 - INFO: - Permuted Work Units: 0.0000000000
2025-02-19 08:58:57,833 - INFO: - Canonical from Original Work Units: 0.0000000000
2025-02-19 08:58:57,834 - INFO: - Canonical from Permuted Work Units: 0.0000000000
2025-02-19 08:58:57,835 - INFO: - Permutation Distance Before Canonicalization: 439.0
2025-02-19 08:58:57,835 - INFO: - Permutation Distance After Canonicalization: 94.0
2025-02-19 08:58:57,836 - WARNING: Not enough runs to compute standard deviation of solve times.
2025-02-19 08:58:57,837 - WARNING: Not enough runs to compute standard deviation of work units.
2025-02-19 08:58:57,837 - WARNING: Not enough runs to compute standard deviation of permutation distances.
2025-02-19 08:58:57,839 - INFO: Granularity Statistics:
2025-02-19 08:58:57,839 - INFO:  - Total Blocks: 337
2025-02-19 08:58:57,840 - INFO:  - Avg(Block Size): 2.4036
2025-02-19 08:58:57,841 - INFO:  - Min(Block Size): 1
2025-02-19 08:58:57,841 - INFO:  - Max(Block Size): 30
2025-02-19 08:58:57,842 - INFO:  - Sum of SubBlocks sizes: 810
2025-02-19 08:58:57,842 - INFO:  - Original matrix size: 810
