2025-03-12 12:35:14,723 - INFO: Successfully loaded local problem from input/neos-911970.mps
2025-03-12 12:35:14,724 - INFO: Experiment Settings:
2025-03-12 12:35:14,725 - INFO: - INPUT_DIR: input/
2025-03-12 12:35:14,726 - INFO: - LOG_LEVEL: 20
2025-03-12 12:35:14,740 - INFO: - OUTPUT_DIR: experiments/
2025-03-12 12:35:14,742 - INFO: - INPUT_PROBLEM: neos-911970.mps
2025-03-12 12:35:14,743 - INFO: - NUMBER_OF_PERMUTATIONS: 3
2025-03-12 12:35:14,745 - INFO: - NORMALIZATION_ACTIVE: False
2025-03-12 12:35:14,746 - INFO: - MATRICES_TO_CSV: False
2025-03-12 12:35:14,747 - INFO: - LOG_MATRIX: True
2025-03-12 12:35:14,748 - INFO: - LOG_MODEL_COMPARISON: False
2025-03-12 12:35:14,749 - INFO: - PRODUCTION: False
2025-03-12 12:35:14,749 - INFO: - RECURSIVE_RULES: True
2025-03-12 12:35:14,750 - INFO: - DISABLE_SOLVING: True
2025-03-12 12:35:14,751 - INFO: Successfully loaded problem from input/neos-911970.mps
2025-03-12 12:35:14,752 - INFO: Problem Details:
2025-03-12 12:35:14,753 - INFO: - Variables: 888
2025-03-12 12:35:14,753 - INFO: - Constraints: 107
2025-03-12 12:35:14,754 - INFO: - Objective Sense: Minimize
2025-03-12 12:35:14,767 - INFO: Solving Original Problem
2025-03-12 12:35:14,770 - INFO: Solving is disabled via environment variable. Returning placeholder result.
2025-03-12 12:35:15,086 - INFO: Solving Canonical from Original Problem
2025-03-12 12:35:15,088 - INFO: Solving is disabled via environment variable. Returning placeholder result.
2025-03-12 12:35:15,089 - INFO: Running iteration 1/3
2025-03-12 12:35:15,090 - INFO: Creating Permuted Problem
2025-03-12 12:35:15,111 - INFO: Computing Permutation Distance before Canonicalization...
2025-03-12 12:35:15,121 - INFO: Permutation Distance Before Canonicalization: 203146.0
2025-03-12 12:35:15,122 - INFO: Solving Permuted Problem
2025-03-12 12:35:15,125 - INFO: Solving is disabled via environment variable. Returning placeholder result.
2025-03-12 12:35:15,126 - INFO: Scaling is disabled. Using unscaled permuted model.
2025-03-12 12:35:15,127 - INFO: Normalization is disabled. Using the intermediate model as is.
2025-03-12 12:35:15,408 - INFO: Computing Permutation Distance after Canonicalization...
2025-03-12 12:35:15,417 - INFO: Permutation Distance After Canonicalization: 140570.0
2025-03-12 12:35:15,418 - INFO: Applying final canonical ordering to permuted model and solving it
2025-03-12 12:35:15,438 - INFO: Solving Reordering Form from Permuted Model
2025-03-12 12:35:15,442 - INFO: Solving is disabled via environment variable. Returning placeholder result.
2025-03-12 12:35:15,446 - INFO: Iteration 1 Results:
2025-03-12 12:35:15,447 - INFO: - Models equivalent: False
2025-03-12 12:35:15,448 - INFO: - Variable counts match: True
2025-03-12 12:35:15,449 - INFO: - Constraint counts match: True
2025-03-12 12:35:15,450 - INFO: - Original Objective Value: None
2025-03-12 12:35:15,451 - INFO: - Permuted Objective Value: None
2025-03-12 12:35:15,452 - INFO: - Canonical from Original Objective Value: None
2025-03-12 12:35:15,453 - INFO: - Canonical from Permuted Objective Value: None
2025-03-12 12:35:15,454 - INFO: - Original Solve Time: 0.0000000000 seconds
2025-03-12 12:35:15,455 - INFO: - Permuted Solve Time: 0.0000000000 seconds
2025-03-12 12:35:15,456 - INFO: - Canonical from Original Solve Time: 0.0000000000 seconds
2025-03-12 12:35:15,458 - INFO: - Canonical from Permuted Solve Time: 0.0000000000 seconds
2025-03-12 12:35:15,459 - INFO: - Original Work Units: 0.0000000000
2025-03-12 12:35:15,460 - INFO: - Permuted Work Units: 0.0000000000
2025-03-12 12:35:15,461 - INFO: - Canonical from Original Work Units: 0.0000000000
2025-03-12 12:35:15,462 - INFO: - Canonical from Permuted Work Units: 0.0000000000
2025-03-12 12:35:15,463 - INFO: - Permutation Distance Before Canonicalization: 203146.0
2025-03-12 12:35:15,464 - INFO: - Permutation Distance After Canonicalization: 140570.0
2025-03-12 12:35:15,465 - INFO: Running iteration 2/3
2025-03-12 12:35:15,466 - INFO: Creating Permuted Problem
2025-03-12 12:35:15,488 - INFO: Computing Permutation Distance before Canonicalization...
2025-03-12 12:35:15,500 - INFO: Permutation Distance Before Canonicalization: 196601.0
2025-03-12 12:35:15,501 - INFO: Solving Permuted Problem
2025-03-12 12:35:15,503 - INFO: Solving is disabled via environment variable. Returning placeholder result.
2025-03-12 12:35:15,504 - INFO: Scaling is disabled. Using unscaled permuted model.
2025-03-12 12:35:15,506 - INFO: Normalization is disabled. Using the intermediate model as is.
2025-03-12 12:35:15,799 - INFO: Computing Permutation Distance after Canonicalization...
2025-03-12 12:35:15,810 - INFO: Permutation Distance After Canonicalization: 138775.0
2025-03-12 12:35:15,811 - INFO: Applying final canonical ordering to permuted model and solving it
2025-03-12 12:35:15,832 - INFO: Solving Reordering Form from Permuted Model
2025-03-12 12:35:15,835 - INFO: Solving is disabled via environment variable. Returning placeholder result.
2025-03-12 12:35:15,840 - INFO: Iteration 2 Results:
2025-03-12 12:35:15,842 - INFO: - Models equivalent: False
2025-03-12 12:35:15,844 - INFO: - Variable counts match: True
2025-03-12 12:35:15,845 - INFO: - Constraint counts match: True
2025-03-12 12:35:15,846 - INFO: - Original Objective Value: None
2025-03-12 12:35:15,847 - INFO: - Permuted Objective Value: None
2025-03-12 12:35:15,848 - INFO: - Canonical from Original Objective Value: None
2025-03-12 12:35:15,849 - INFO: - Canonical from Permuted Objective Value: None
2025-03-12 12:35:15,850 - INFO: - Original Solve Time: 0.0000000000 seconds
2025-03-12 12:35:15,851 - INFO: - Permuted Solve Time: 0.0000000000 seconds
2025-03-12 12:35:15,852 - INFO: - Canonical from Original Solve Time: 0.0000000000 seconds
2025-03-12 12:35:15,853 - INFO: - Canonical from Permuted Solve Time: 0.0000000000 seconds
2025-03-12 12:35:15,853 - INFO: - Original Work Units: 0.0000000000
2025-03-12 12:35:15,854 - INFO: - Permuted Work Units: 0.0000000000
2025-03-12 12:35:15,856 - INFO: - Canonical from Original Work Units: 0.0000000000
2025-03-12 12:35:15,856 - INFO: - Canonical from Permuted Work Units: 0.0000000000
2025-03-12 12:35:15,857 - INFO: - Permutation Distance Before Canonicalization: 196601.0
2025-03-12 12:35:15,858 - INFO: - Permutation Distance After Canonicalization: 138775.0
2025-03-12 12:35:15,859 - INFO: Running iteration 3/3
2025-03-12 12:35:15,860 - INFO: Creating Permuted Problem
2025-03-12 12:35:15,890 - INFO: Computing Permutation Distance before Canonicalization...
2025-03-12 12:35:15,905 - INFO: Permutation Distance Before Canonicalization: 207021.0
2025-03-12 12:35:15,906 - INFO: Solving Permuted Problem
2025-03-12 12:35:15,909 - INFO: Solving is disabled via environment variable. Returning placeholder result.
2025-03-12 12:35:15,911 - INFO: Scaling is disabled. Using unscaled permuted model.
2025-03-12 12:35:15,912 - INFO: Normalization is disabled. Using the intermediate model as is.
2025-03-12 12:35:16,209 - INFO: Computing Permutation Distance after Canonicalization...
2025-03-12 12:35:16,219 - INFO: Permutation Distance After Canonicalization: 143738.0
2025-03-12 12:35:16,220 - INFO: Applying final canonical ordering to permuted model and solving it
2025-03-12 12:35:16,244 - INFO: Solving Reordering Form from Permuted Model
2025-03-12 12:35:16,247 - INFO: Solving is disabled via environment variable. Returning placeholder result.
2025-03-12 12:35:16,251 - INFO: Iteration 3 Results:
2025-03-12 12:35:16,252 - INFO: - Models equivalent: False
2025-03-12 12:35:16,254 - INFO: - Variable counts match: True
2025-03-12 12:35:16,255 - INFO: - Constraint counts match: True
2025-03-12 12:35:16,257 - INFO: - Original Objective Value: None
2025-03-12 12:35:16,258 - INFO: - Permuted Objective Value: None
2025-03-12 12:35:16,261 - INFO: - Canonical from Original Objective Value: None
2025-03-12 12:35:16,263 - INFO: - Canonical from Permuted Objective Value: None
2025-03-12 12:35:16,264 - INFO: - Original Solve Time: 0.0000000000 seconds
2025-03-12 12:35:16,266 - INFO: - Permuted Solve Time: 0.0000000000 seconds
2025-03-12 12:35:16,268 - INFO: - Canonical from Original Solve Time: 0.0000000000 seconds
2025-03-12 12:35:16,269 - INFO: - Canonical from Permuted Solve Time: 0.0000000000 seconds
2025-03-12 12:35:16,270 - INFO: - Original Work Units: 0.0000000000
2025-03-12 12:35:16,271 - INFO: - Permuted Work Units: 0.0000000000
2025-03-12 12:35:16,272 - INFO: - Canonical from Original Work Units: 0.0000000000
2025-03-12 12:35:16,274 - INFO: - Canonical from Permuted Work Units: 0.0000000000
2025-03-12 12:35:16,275 - INFO: - Permutation Distance Before Canonicalization: 207021.0
2025-03-12 12:35:16,278 - INFO: - Permutation Distance After Canonicalization: 143738.0
2025-03-12 12:35:16,281 - INFO: Solve-Time Variability (Standard Deviation):
2025-03-12 12:35:16,284 - INFO:  - Std(Original + Permuted Solve Times): 0.000000
2025-03-12 12:35:16,286 - INFO:  - Std(Canonical-from-Original + Canonical-from-Permuted Solve Times): 0.000000
2025-03-12 12:35:16,286 - WARNING: Canonical form does NOT sufficiently reduce solve-time variability across permutations.
2025-03-12 12:35:16,288 - INFO: Work Unit Variability (Standard Deviation):
2025-03-12 12:35:16,290 - INFO:  - Std(Original + Permuted Work Units): 0.0000000000
2025-03-12 12:35:16,292 - INFO:  - Std(Canonical-from-Original + Canonical-from-Permuted Work Units): 0.0000000000
2025-03-12 12:35:16,296 - WARNING: Canonical form does NOT sufficiently reduce work unit variability across permutations.
2025-03-12 12:35:16,298 - INFO: Permutation Distance Variability (Standard Deviation):
2025-03-12 12:35:16,299 - INFO:  - Std(Permutation Distance Before Canonicalization): 5266.704378
2025-03-12 12:35:16,300 - INFO:  - Std(Permutation Distance After Canonicalization): 2512.953707
2025-03-12 12:35:16,301 - INFO: Canonicalization reduces permutation distance variability across permutations.
2025-03-12 12:35:16,302 - INFO: Granularity Statistics:
2025-03-12 12:35:16,304 - INFO:  - Total Blocks: 21
2025-03-12 12:35:16,307 - INFO:  - Avg(Block Size): 4524.5714
2025-03-12 12:35:16,309 - INFO:  - Min(Block Size): 9
2025-03-12 12:35:16,310 - INFO:  - Max(Block Size): 29400
2025-03-12 12:35:16,311 - INFO:  - Sum of SubBlocks sizes: 95016
2025-03-12 12:35:16,312 - INFO:  - Original matrix size: 95016
