2025-01-29 10:12:03,658 - INFO: Successfully loaded problem from input/example-min.mps
2025-01-29 10:12:03,658 - INFO: Problem Details:
2025-01-29 10:12:03,659 - INFO: - Variables: 18
2025-01-29 10:12:03,659 - INFO: - Constraints: 18
2025-01-29 10:12:03,660 - INFO: - Objective Sense: Minimize
2025-01-29 10:12:03,665 - DEBUG: 
Objective:
    +2700 STM1 + +1500 ANM1 + +30 UE1 + +2700 STM2 + +1500 ANM2 + +30 UE2 + +2700 STM3 + +1500 ANM3 + +30 UE3 + +2700 STM4 + +1500 ANM4 + +30 UE4 + +2700 STM5 + +1500 ANM5 + +30 UE5 + +2700 STM6 + +1500 ANM6 + +30 UE6 (minimize)

Variables:
    STM1 [0, inf] (Continuous)
    ANM1 [0, 18] (Integer)
    UE1 [0, inf] (Continuous)
    STM2 [57, 75] (Integer)
    ANM2 [0, 18] (Integer)
    UE2 [0, inf] (Continuous)
    STM3 [57, 75] (Integer)
    ANM3 [0, 18] (Integer)
    UE3 [0, inf] (Continuous)
    STM4 [57, 75] (Integer)
    ANM4 [0, 18] (Integer)
    UE4 [0, inf] (Continuous)
    STM5 [57, 75] (Integer)
    ANM5 [0, 18] (Integer)
    UE5 [0, inf] (Continuous)
    STM6 [57, 75] (Integer)
    ANM6 [0, 18] (Integer)
    UE6 [0, inf] (Continuous)

Constraints:
    +1 STM1 = 60
    +150 STM1 - 100 ANM1 + +1 UE1 >= 8000
    -20 STM1 + +1 UE1 <= 0
    +0.9 STM1 + +1 ANM1 - 1 STM2 = 0
    +150 STM2 - 100 ANM2 + +1 UE2 >= 9000
    -20 STM2 + +1 UE2 <= 0
    +0.9 STM2 + +1 ANM2 - 1 STM3 = 0
    +150 STM3 - 100 ANM3 + +1 UE3 >= 8000
    -20 STM3 + +1 UE3 <= 0
    +0.9 STM3 + +1 ANM3 - 1 STM4 = 0
    +150 STM4 - 100 ANM4 + +1 UE4 >= 10000
    -20 STM4 + +1 UE4 <= 0
    +0.9 STM4 + +1 ANM4 - 1 STM5 = 0
    +150 STM5 - 100 ANM5 + +1 UE5 >= 9000
    -20 STM5 + +1 UE5 <= 0
    +0.9 STM5 + +1 ANM5 - 1 STM6 = 0
    +150 STM6 - 100 ANM6 + +1 UE6 >= 12000
    -20 STM6 + +1 UE6 <= 0
2025-01-29 10:12:03,675 - INFO: Solving Original Problem
2025-01-29 10:12:03,686 - INFO: Solve Status: Optimal solution found
2025-01-29 10:12:03,687 - INFO: Solve Time: 0.0110 seconds
2025-01-29 10:12:03,687 - INFO: Objective Value: 1201500.0
2025-01-29 10:12:03,688 - INFO: Original Problem Results:
2025-01-29 10:12:03,688 - INFO: - Objective Value: 1201500.0
2025-01-29 10:12:03,689 - INFO: - Solve Time: 0.0110249519 seconds
2025-01-29 10:12:03,689 - DEBUG: Generating canonical form for the original model...
2025-01-29 10:12:03,690 - DEBUG: Variable scores before ordering:
2025-01-29 10:12:03,691 - DEBUG: Var 0 score: 1888.1057687919686
2025-01-29 10:12:03,691 - DEBUG: Var 1 score: 2786.4713601373583
2025-01-29 10:12:03,691 - DEBUG: Var 2 score: 1359.2616640597137
2025-01-29 10:12:03,692 - DEBUG: Var 3 score: 2888.1057687919683
2025-01-29 10:12:03,692 - DEBUG: Var 4 score: 2786.4713601373583
2025-01-29 10:12:03,693 - DEBUG: Var 5 score: 1359.2616640597137
2025-01-29 10:12:03,693 - DEBUG: Var 6 score: 2888.1057687919683
2025-01-29 10:12:03,693 - DEBUG: Var 7 score: 2786.4713601373583
2025-01-29 10:12:03,694 - DEBUG: Var 8 score: 1359.2616640597137
2025-01-29 10:12:03,694 - DEBUG: Var 9 score: 2888.1057687919683
2025-01-29 10:12:03,695 - DEBUG: Var 10 score: 2786.4713601373583
2025-01-29 10:12:03,695 - DEBUG: Var 11 score: 1359.2616640597137
2025-01-29 10:12:03,696 - DEBUG: Var 12 score: 2888.1057687919683
2025-01-29 10:12:03,697 - DEBUG: Var 13 score: 2786.4713601373583
2025-01-29 10:12:03,697 - DEBUG: Var 14 score: 1359.2616640597137
2025-01-29 10:12:03,698 - DEBUG: Var 15 score: 2880.6872299302445
2025-01-29 10:12:03,699 - DEBUG: Var 16 score: 2778.539888331759
2025-01-29 10:12:03,700 - DEBUG: Var 17 score: 1359.2616640597137
2025-01-29 10:12:03,701 - DEBUG: Variable ordering:
2025-01-29 10:12:03,702 - DEBUG: Order: [ 8 14 11  5 17  2  0 16  7 10 13  1  4 15  3  6  9 12]
2025-01-29 10:12:03,702 - DEBUG: Original bounds before reordering:
2025-01-29 10:12:03,703 - DEBUG: Var 0 (Type: Continuous): [0.0, inf]
2025-01-29 10:12:03,703 - DEBUG: Var 1 (Type: Integer): [0.0, 18.0]
2025-01-29 10:12:03,704 - DEBUG: Var 2 (Type: Continuous): [0.0, inf]
2025-01-29 10:12:03,704 - DEBUG: Var 3 (Type: Integer): [57.0, 75.0]
2025-01-29 10:12:03,705 - DEBUG: Var 4 (Type: Integer): [0.0, 18.0]
2025-01-29 10:12:03,705 - DEBUG: Var 5 (Type: Continuous): [0.0, inf]
2025-01-29 10:12:03,706 - DEBUG: Var 6 (Type: Integer): [57.0, 75.0]
2025-01-29 10:12:03,706 - DEBUG: Var 7 (Type: Integer): [0.0, 18.0]
2025-01-29 10:12:03,706 - DEBUG: Var 8 (Type: Continuous): [0.0, inf]
2025-01-29 10:12:03,707 - DEBUG: Var 9 (Type: Integer): [57.0, 75.0]
2025-01-29 10:12:03,707 - DEBUG: Var 10 (Type: Integer): [0.0, 18.0]
2025-01-29 10:12:03,708 - DEBUG: Var 11 (Type: Continuous): [0.0, inf]
2025-01-29 10:12:03,708 - DEBUG: Var 12 (Type: Integer): [57.0, 75.0]
2025-01-29 10:12:03,709 - DEBUG: Var 13 (Type: Integer): [0.0, 18.0]
2025-01-29 10:12:03,709 - DEBUG: Var 14 (Type: Continuous): [0.0, inf]
2025-01-29 10:12:03,709 - DEBUG: Var 15 (Type: Integer): [57.0, 75.0]
2025-01-29 10:12:03,710 - DEBUG: Var 16 (Type: Integer): [0.0, 18.0]
2025-01-29 10:12:03,710 - DEBUG: Var 17 (Type: Continuous): [0.0, inf]
2025-01-29 10:12:03,714 - DEBUG: Constraint scores before ordering:
2025-01-29 10:12:03,715 - DEBUG: Constr 0: Score: 2418.7120054034904
2025-01-29 10:12:03,716 - DEBUG: Constr 1: Score: 4007.5131095663055
2025-01-29 10:12:03,716 - DEBUG: Constr 2: Score: 1040.467738636192
2025-01-29 10:12:03,717 - DEBUG: Constr 3: Score: 2021.380094761591
2025-01-29 10:12:03,717 - DEBUG: Constr 4: Score: 4019.2900244070015
2025-01-29 10:12:03,718 - DEBUG: Constr 5: Score: 1040.467738636192
2025-01-29 10:12:03,718 - DEBUG: Constr 6: Score: 2021.380094761591
2025-01-29 10:12:03,719 - DEBUG: Constr 7: Score: 4007.5131095663055
2025-01-29 10:12:03,719 - DEBUG: Constr 8: Score: 1040.467738636192
2025-01-29 10:12:03,720 - DEBUG: Constr 9: Score: 2021.380094761591
2025-01-29 10:12:03,720 - DEBUG: Constr 10: Score: 4029.824964978945
2025-01-29 10:12:03,720 - DEBUG: Constr 11: Score: 1040.467738636192
2025-01-29 10:12:03,721 - DEBUG: Constr 12: Score: 2021.380094761591
2025-01-29 10:12:03,721 - DEBUG: Constr 13: Score: 4019.2900244070015
2025-01-29 10:12:03,722 - DEBUG: Constr 14: Score: 1040.467738636192
2025-01-29 10:12:03,722 - DEBUG: Constr 15: Score: 2021.380094761591
2025-01-29 10:12:03,722 - DEBUG: Constr 16: Score: 4048.055454144437
2025-01-29 10:12:03,723 - DEBUG: Constr 17: Score: 1040.467738636192
2025-01-29 10:12:03,723 - DEBUG: Constraint ordering:
2025-01-29 10:12:03,724 - DEBUG: Order: [ 8 14 11  5 17  2  3  6  9 12 15  0  7  1 13  4 10 16]
2025-01-29 10:12:03,724 - DEBUG: Original constraints before reordering:
2025-01-29 10:12:03,724 - DEBUG: Constr 0: = 60.0
2025-01-29 10:12:03,725 - DEBUG: Constr 1: >= 8000.0
2025-01-29 10:12:03,725 - DEBUG: Constr 2: <= 0.0
2025-01-29 10:12:03,726 - DEBUG: Constr 3: = 0.0
2025-01-29 10:12:03,726 - DEBUG: Constr 4: >= 9000.0
2025-01-29 10:12:03,726 - DEBUG: Constr 5: <= 0.0
2025-01-29 10:12:03,727 - DEBUG: Constr 6: = 0.0
2025-01-29 10:12:03,727 - DEBUG: Constr 7: >= 8000.0
2025-01-29 10:12:03,727 - DEBUG: Constr 8: <= 0.0
2025-01-29 10:12:03,728 - DEBUG: Constr 9: = 0.0
2025-01-29 10:12:03,728 - DEBUG: Constr 10: >= 10000.0
2025-01-29 10:12:03,729 - DEBUG: Constr 11: <= 0.0
2025-01-29 10:12:03,730 - DEBUG: Constr 12: = 0.0
2025-01-29 10:12:03,730 - DEBUG: Constr 13: >= 9000.0
2025-01-29 10:12:03,732 - DEBUG: Constr 14: <= 0.0
2025-01-29 10:12:03,733 - DEBUG: Constr 15: = 0.0
2025-01-29 10:12:03,733 - DEBUG: Constr 16: >= 12000.0
2025-01-29 10:12:03,734 - DEBUG: Constr 17: <= 0.0
2025-01-29 10:12:03,739 - DEBUG: 
Objective:
    +30 x1 + +30 x2 + +30 x3 + +30 x4 + +30 x5 + +30 x6 + +2700 x7 + +1500 x8 + +1500 x9 + +1500 x10 + +1500 x11 + +1500 x12 + +1500 x13 + +2700 x14 + +2700 x15 + +2700 x16 + +2700 x17 + +2700 x18 (minimize)

Variables:
    x1 [0, inf] (Continuous)
    x2 [0, inf] (Continuous)
    x3 [0, inf] (Continuous)
    x4 [0, inf] (Continuous)
    x5 [0, inf] (Continuous)
    x6 [0, inf] (Continuous)
    x7 [0, inf] (Continuous)
    x8 [-0, 18] (Integer)
    x9 [-0, 18] (Integer)
    x10 [-0, 18] (Integer)
    x11 [-0, 18] (Integer)
    x12 [-0, 18] (Integer)
    x13 [-0, 18] (Integer)
    x14 [57, 75] (Integer)
    x15 [57, 75] (Integer)
    x16 [57, 75] (Integer)
    x17 [57, 75] (Integer)
    x18 [57, 75] (Integer)

Constraints:
    +1 x1 - 20 x16 <= 0
    +1 x2 - 20 x18 <= 0
    +1 x3 - 20 x17 <= 0
    +1 x4 - 20 x15 <= 0
    +1 x5 - 20 x14 <= 0
    +1 x6 - 20 x7 <= 0
    +0.9 x7 + +1 x12 - 1 x15 = 0
    +1 x13 + +0.9 x15 - 1 x16 = 0
    +1 x9 + +0.9 x16 - 1 x17 = 0
    +1 x10 + +0.9 x17 - 1 x18 = 0
    +1 x11 - 1 x14 + +0.9 x18 = 0
    +1 x7 = 60
    +1 x1 - 100 x9 + +150 x16 >= 8000
    +1 x6 + +150 x7 - 100 x12 >= 8000
    +1 x2 - 100 x11 + +150 x18 >= 9000
    +1 x4 - 100 x13 + +150 x15 >= 9000
    +1 x3 - 100 x10 + +150 x17 >= 10000
    +1 x5 - 100 x8 + +150 x14 >= 12000
2025-01-29 10:12:03,749 - INFO: Running iteration 1/4
2025-01-29 10:12:03,749 - DEBUG: Starting new iteration...
2025-01-29 10:12:03,750 - INFO: Creating Permuted Problem
2025-01-29 10:12:03,754 - DEBUG: 
Objective:
    +30 x0 + +30 x1 + +30 x2 + +2700 x3 + +2700 x4 + +2700 x5 + +1500 x6 + +1500 x7 + +1500 x8 + +1500 x9 + +1500 x10 + +2700 x11 + +2700 x12 + +30 x13 + +30 x14 + +30 x15 + +1500 x16 + +2700 x17 (minimize)

Variables:
    x0 [0, inf] (Continuous)
    x1 [0, inf] (Continuous)
    x2 [0, inf] (Continuous)
    x3 [57, 75] (Integer)
    x4 [0, inf] (Continuous)
    x5 [57, 75] (Integer)
    x6 [-0, 18] (Integer)
    x7 [-0, 18] (Integer)
    x8 [-0, 18] (Integer)
    x9 [-0, 18] (Integer)
    x10 [-0, 18] (Integer)
    x11 [57, 75] (Integer)
    x12 [57, 75] (Integer)
    x13 [0, inf] (Continuous)
    x14 [0, inf] (Continuous)
    x15 [0, inf] (Continuous)
    x16 [-0, 18] (Integer)
    x17 [57, 75] (Integer)

Constraints:
    +1 x4 = 60
    +150 x4 - 100 x7 + +1 x13 >= 8000
    -20 x4 + +1 x13 <= 0
    +0.9 x4 + +1 x7 - 1 x11 = 0
    -100 x6 + +150 x11 + +1 x15 >= 9000
    -20 x11 + +1 x15 <= 0
    +1 x6 + +0.9 x11 - 1 x17 = 0
    +1 x1 - 100 x10 + +150 x17 >= 8000
    +1 x1 - 20 x17 <= 0
    +1 x10 - 1 x12 + +0.9 x17 = 0
    -100 x8 + +150 x12 + +1 x14 >= 10000
    -20 x12 + +1 x14 <= 0
    -1 x3 + +1 x8 + +0.9 x12 = 0
    +1 x2 + +150 x3 - 100 x9 >= 9000
    +1 x2 - 20 x3 <= 0
    +0.9 x3 - 1 x5 + +1 x9 = 0
    +1 x0 + +150 x5 - 100 x16 >= 12000
    +1 x0 - 20 x5 <= 0
2025-01-29 10:12:03,763 - INFO: Solving Permuted Problem
2025-01-29 10:12:03,773 - INFO: Solve Status: Optimal solution found
2025-01-29 10:12:03,774 - INFO: Solve Time: 0.0080 seconds
2025-01-29 10:12:03,774 - INFO: Objective Value: 1201500.0
2025-01-29 10:12:03,775 - INFO: Permuted Problem Results:
2025-01-29 10:12:03,775 - INFO: - Objective Value: 1201500.0
2025-01-29 10:12:03,775 - INFO: - Solve Time: 0.0079815388 seconds
2025-01-29 10:12:03,776 - DEBUG: Before canonicalization:
2025-01-29 10:12:03,776 - DEBUG: Original matrix: shape=(18, 18), nnz=46
2025-01-29 10:12:03,777 - DEBUG: Permuted matrix: shape=(18, 18), nnz=46
2025-01-29 10:12:03,777 - DEBUG: Generating canonical form for permuted model...
2025-01-29 10:12:03,780 - DEBUG: Variable scores before ordering:
2025-01-29 10:12:03,781 - DEBUG: Var 0 score: 1359.2616640597137
2025-01-29 10:12:03,782 - DEBUG: Var 1 score: 1359.2616640597137
2025-01-29 10:12:03,783 - DEBUG: Var 2 score: 1359.2616640597137
2025-01-29 10:12:03,783 - DEBUG: Var 3 score: 2888.1057687919683
2025-01-29 10:12:03,784 - DEBUG: Var 4 score: 1888.1057687919686
2025-01-29 10:12:03,784 - DEBUG: Var 5 score: 2880.6872299302445
2025-01-29 10:12:03,785 - DEBUG: Var 6 score: 2786.4713601373583
2025-01-29 10:12:03,785 - DEBUG: Var 7 score: 2786.4713601373583
2025-01-29 10:12:03,785 - DEBUG: Var 8 score: 2786.4713601373583
2025-01-29 10:12:03,786 - DEBUG: Var 9 score: 2786.4713601373583
2025-01-29 10:12:03,786 - DEBUG: Var 10 score: 2786.4713601373583
2025-01-29 10:12:03,786 - DEBUG: Var 11 score: 2888.1057687919683
2025-01-29 10:12:03,787 - DEBUG: Var 12 score: 2888.1057687919683
2025-01-29 10:12:03,787 - DEBUG: Var 13 score: 1359.2616640597137
2025-01-29 10:12:03,788 - DEBUG: Var 14 score: 1359.2616640597137
2025-01-29 10:12:03,788 - DEBUG: Var 15 score: 1359.2616640597137
2025-01-29 10:12:03,788 - DEBUG: Var 16 score: 2778.539888331759
2025-01-29 10:12:03,789 - DEBUG: Var 17 score: 2888.1057687919683
2025-01-29 10:12:03,790 - DEBUG: Variable ordering:
2025-01-29 10:12:03,790 - DEBUG: Order: [ 0  1  2 15 14 13  4 16 10  8  7  6  9  5 11 12  3 17]
2025-01-29 10:12:03,791 - DEBUG: Original bounds before reordering:
2025-01-29 10:12:03,791 - DEBUG: Var 0 (Type: Continuous): [0.0, inf]
2025-01-29 10:12:03,791 - DEBUG: Var 1 (Type: Continuous): [0.0, inf]
2025-01-29 10:12:03,792 - DEBUG: Var 2 (Type: Continuous): [0.0, inf]
2025-01-29 10:12:03,792 - DEBUG: Var 3 (Type: Integer): [57.0, 75.0]
2025-01-29 10:12:03,793 - DEBUG: Var 4 (Type: Continuous): [0.0, inf]
2025-01-29 10:12:03,793 - DEBUG: Var 5 (Type: Integer): [57.0, 75.0]
2025-01-29 10:12:03,794 - DEBUG: Var 6 (Type: Integer): [-0.0, 18.0]
2025-01-29 10:12:03,794 - DEBUG: Var 7 (Type: Integer): [-0.0, 18.0]
2025-01-29 10:12:03,794 - DEBUG: Var 8 (Type: Integer): [-0.0, 18.0]
2025-01-29 10:12:03,795 - DEBUG: Var 9 (Type: Integer): [-0.0, 18.0]
2025-01-29 10:12:03,795 - DEBUG: Var 10 (Type: Integer): [-0.0, 18.0]
2025-01-29 10:12:03,796 - DEBUG: Var 11 (Type: Integer): [57.0, 75.0]
2025-01-29 10:12:03,796 - DEBUG: Var 12 (Type: Integer): [57.0, 75.0]
2025-01-29 10:12:03,797 - DEBUG: Var 13 (Type: Continuous): [0.0, inf]
2025-01-29 10:12:03,799 - DEBUG: Var 14 (Type: Continuous): [0.0, inf]
2025-01-29 10:12:03,800 - DEBUG: Var 15 (Type: Continuous): [0.0, inf]
2025-01-29 10:12:03,800 - DEBUG: Var 16 (Type: Integer): [-0.0, 18.0]
2025-01-29 10:12:03,801 - DEBUG: Var 17 (Type: Integer): [57.0, 75.0]
2025-01-29 10:12:03,803 - DEBUG: Constraint scores before ordering:
2025-01-29 10:12:03,803 - DEBUG: Constr 0: Score: 2418.7120054034904
2025-01-29 10:12:03,804 - DEBUG: Constr 1: Score: 4007.5131095663055
2025-01-29 10:12:03,804 - DEBUG: Constr 2: Score: 1040.467738636192
2025-01-29 10:12:03,805 - DEBUG: Constr 3: Score: 2021.380094761591
2025-01-29 10:12:03,805 - DEBUG: Constr 4: Score: 4019.2900244070015
2025-01-29 10:12:03,805 - DEBUG: Constr 5: Score: 1040.467738636192
2025-01-29 10:12:03,806 - DEBUG: Constr 6: Score: 2021.380094761591
2025-01-29 10:12:03,806 - DEBUG: Constr 7: Score: 4007.5131095663055
2025-01-29 10:12:03,806 - DEBUG: Constr 8: Score: 1040.467738636192
2025-01-29 10:12:03,807 - DEBUG: Constr 9: Score: 2021.380094761591
2025-01-29 10:12:03,807 - DEBUG: Constr 10: Score: 4029.824964978945
2025-01-29 10:12:03,807 - DEBUG: Constr 11: Score: 1040.467738636192
2025-01-29 10:12:03,808 - DEBUG: Constr 12: Score: 2021.380094761591
2025-01-29 10:12:03,808 - DEBUG: Constr 13: Score: 4019.2900244070015
2025-01-29 10:12:03,808 - DEBUG: Constr 14: Score: 1040.467738636192
2025-01-29 10:12:03,809 - DEBUG: Constr 15: Score: 2021.380094761591
2025-01-29 10:12:03,809 - DEBUG: Constr 16: Score: 4048.055454144437
2025-01-29 10:12:03,809 - DEBUG: Constr 17: Score: 1040.467738636192
2025-01-29 10:12:03,810 - DEBUG: Constraint ordering:
2025-01-29 10:12:03,810 - DEBUG: Order: [ 8 14 11  5 17  2  3  6  9 12 15  0  7  1 13  4 10 16]
2025-01-29 10:12:03,811 - DEBUG: Original constraints before reordering:
2025-01-29 10:12:03,811 - DEBUG: Constr 0: = 60.0
2025-01-29 10:12:03,812 - DEBUG: Constr 1: >= 8000.0
2025-01-29 10:12:03,813 - DEBUG: Constr 2: <= 0.0
2025-01-29 10:12:03,814 - DEBUG: Constr 3: = 0.0
2025-01-29 10:12:03,815 - DEBUG: Constr 4: >= 9000.0
2025-01-29 10:12:03,816 - DEBUG: Constr 5: <= 0.0
2025-01-29 10:12:03,817 - DEBUG: Constr 6: = 0.0
2025-01-29 10:12:03,817 - DEBUG: Constr 7: >= 8000.0
2025-01-29 10:12:03,817 - DEBUG: Constr 8: <= 0.0
2025-01-29 10:12:03,818 - DEBUG: Constr 9: = 0.0
2025-01-29 10:12:03,818 - DEBUG: Constr 10: >= 10000.0
2025-01-29 10:12:03,819 - DEBUG: Constr 11: <= 0.0
2025-01-29 10:12:03,819 - DEBUG: Constr 12: = 0.0
2025-01-29 10:12:03,819 - DEBUG: Constr 13: >= 9000.0
2025-01-29 10:12:03,820 - DEBUG: Constr 14: <= 0.0
2025-01-29 10:12:03,820 - DEBUG: Constr 15: = 0.0
2025-01-29 10:12:03,820 - DEBUG: Constr 16: >= 12000.0
2025-01-29 10:12:03,821 - DEBUG: Constr 17: <= 0.0
2025-01-29 10:12:03,824 - DEBUG: 
Objective:
    +30 x1 + +30 x2 + +30 x3 + +30 x4 + +30 x5 + +30 x6 + +2700 x7 + +1500 x8 + +1500 x9 + +1500 x10 + +1500 x11 + +1500 x12 + +1500 x13 + +2700 x14 + +2700 x15 + +2700 x16 + +2700 x17 + +2700 x18 (minimize)

Variables:
    x1 [0, inf] (Continuous)
    x2 [0, inf] (Continuous)
    x3 [0, inf] (Continuous)
    x4 [0, inf] (Continuous)
    x5 [0, inf] (Continuous)
    x6 [0, inf] (Continuous)
    x7 [0, inf] (Continuous)
    x8 [-0, 18] (Integer)
    x9 [-0, 18] (Integer)
    x10 [-0, 18] (Integer)
    x11 [-0, 18] (Integer)
    x12 [-0, 18] (Integer)
    x13 [-0, 18] (Integer)
    x14 [57, 75] (Integer)
    x15 [57, 75] (Integer)
    x16 [57, 75] (Integer)
    x17 [57, 75] (Integer)
    x18 [57, 75] (Integer)

Constraints:
    +1 x2 - 20 x18 <= 0
    +1 x3 - 20 x17 <= 0
    +1 x5 - 20 x16 <= 0
    +1 x4 - 20 x15 <= 0
    +1 x1 - 20 x14 <= 0
    +1 x6 - 20 x7 <= 0
    +0.9 x7 + +1 x11 - 1 x15 = 0
    +1 x12 + +0.9 x15 - 1 x18 = 0
    +1 x9 - 1 x16 + +0.9 x18 = 0
    +1 x10 + +0.9 x16 - 1 x17 = 0
    +1 x13 - 1 x14 + +0.9 x17 = 0
    +1 x7 = 60
    +1 x2 - 100 x9 + +150 x18 >= 8000
    +1 x6 + +150 x7 - 100 x11 >= 8000
    +1 x3 - 100 x13 + +150 x17 >= 9000
    +1 x4 - 100 x12 + +150 x15 >= 9000
    +1 x5 - 100 x10 + +150 x16 >= 10000
    +1 x1 - 100 x8 + +150 x14 >= 12000
2025-01-29 10:12:03,833 - INFO: Solving Canonical Form from Original Model
2025-01-29 10:12:03,840 - INFO: Solve Status: Optimal solution found
2025-01-29 10:12:03,841 - INFO: Solve Time: 0.0070 seconds
2025-01-29 10:12:03,841 - INFO: Objective Value: 1201500.0
2025-01-29 10:12:03,841 - INFO: Solving Canonical Form from Permuted Model
2025-01-29 10:12:03,851 - INFO: Solve Status: Optimal solution found
2025-01-29 10:12:03,851 - INFO: Solve Time: 0.0090 seconds
2025-01-29 10:12:03,852 - INFO: Objective Value: 1201500.0
2025-01-29 10:12:03,852 - DEBUG: Starting model validation...
2025-01-29 10:12:03,853 - DEBUG: Original canonical matrix: shape=(18, 18), nnz=46
2025-01-29 10:12:03,853 - DEBUG: Permuted canonical matrix: shape=(18, 18), nnz=46
2025-01-29 10:12:03,853 - DEBUG: Starting detailed model comparison...
2025-01-29 10:12:03,854 - DEBUG: Matrix coefficient differences found:
2025-01-29 10:12:03,854 - DEBUG: Position 19: 0.9 vs -1.0
2025-01-29 10:12:03,855 - DEBUG: Position 20: -1.0 vs 0.9
2025-01-29 10:12:03,855 - DEBUG: Validation result: False
2025-01-29 10:12:03,856 - DEBUG: Detailed model comparison:
2025-01-29 10:12:03,857 - DEBUG: Matrix coefficient differences found:
2025-01-29 10:12:03,908 - DEBUG: 
   Model 1                                                                                                              Model 2                                                                                                             
        x0   x1   x2   x3   x4   x5     x6     x7     x8     x9    x10    x11    x12    x13    x14    x15    x16    x17      x0   x1   x2   x3   x4   x5     x6     x7     x8     x9    x10    x11    x12    x13    x14    x15    x16    x17
0      1.0  0.0  0.0  0.0  0.0  0.0    0.0    0.0    0.0    0.0    0.0    0.0    0.0    0.0    0.0  -20.0    0.0    0.0     0.0  1.0  0.0  0.0  0.0  0.0    0.0    0.0    0.0    0.0    0.0    0.0    0.0    0.0    0.0    0.0    0.0  -20.0
1      0.0  1.0  0.0  0.0  0.0  0.0    0.0    0.0    0.0    0.0    0.0    0.0    0.0    0.0    0.0    0.0    0.0  -20.0     0.0  0.0  1.0  0.0  0.0  0.0    0.0    0.0    0.0    0.0    0.0    0.0    0.0    0.0    0.0    0.0  -20.0    0.0
2      0.0  0.0  1.0  0.0  0.0  0.0    0.0    0.0    0.0    0.0    0.0    0.0    0.0    0.0    0.0    0.0  -20.0    0.0     0.0  0.0  0.0  0.0  1.0  0.0    0.0    0.0    0.0    0.0    0.0    0.0    0.0    0.0    0.0  -20.0    0.0    0.0
3      0.0  0.0  0.0  1.0  0.0  0.0    0.0    0.0    0.0    0.0    0.0    0.0    0.0    0.0  -20.0    0.0    0.0    0.0     0.0  0.0  0.0  1.0  0.0  0.0    0.0    0.0    0.0    0.0    0.0    0.0    0.0    0.0  -20.0    0.0    0.0    0.0
4      0.0  0.0  0.0  0.0  1.0  0.0    0.0    0.0    0.0    0.0    0.0    0.0    0.0  -20.0    0.0    0.0    0.0    0.0     1.0  0.0  0.0  0.0  0.0  0.0    0.0    0.0    0.0    0.0    0.0    0.0    0.0  -20.0    0.0    0.0    0.0    0.0
5      0.0  0.0  0.0  0.0  0.0  1.0  -20.0    0.0    0.0    0.0    0.0    0.0    0.0    0.0    0.0    0.0    0.0    0.0     0.0  0.0  0.0  0.0  0.0  1.0  -20.0    0.0    0.0    0.0    0.0    0.0    0.0    0.0    0.0    0.0    0.0    0.0
6      0.0  0.0  0.0  0.0  0.0  0.0    0.9    0.0    0.0    0.0    0.0    1.0    0.0    0.0   -1.0    0.0    0.0    0.0     0.0  0.0  0.0  0.0  0.0  0.0    0.9    0.0    0.0    0.0    1.0    0.0    0.0    0.0   -1.0    0.0    0.0    0.0
7      0.0  0.0  0.0  0.0  0.0  0.0    0.0    0.0    0.0    0.0    0.0    0.0    1.0    0.0    0.9   -1.0    0.0    0.0     0.0  0.0  0.0  0.0  0.0  0.0    0.0    0.0    0.0    0.0    0.0    1.0    0.0    0.0    0.9    0.0    0.0   -1.0
8      0.0  0.0  0.0  0.0  0.0  0.0    0.0    0.0    1.0    0.0    0.0    0.0    0.0    0.0    0.0    0.9   -1.0    0.0     0.0  0.0  0.0  0.0  0.0  0.0    0.0    0.0    1.0    0.0    0.0    0.0    0.0    0.0    0.0   -1.0    0.0    0.9
9      0.0  0.0  0.0  0.0  0.0  0.0    0.0    0.0    0.0    1.0    0.0    0.0    0.0    0.0    0.0    0.0    0.9   -1.0     0.0  0.0  0.0  0.0  0.0  0.0    0.0    0.0    0.0    1.0    0.0    0.0    0.0    0.0    0.0    0.9   -1.0    0.0
10     0.0  0.0  0.0  0.0  0.0  0.0    0.0    0.0    0.0    0.0    1.0    0.0    0.0   -1.0    0.0    0.0    0.0    0.9     0.0  0.0  0.0  0.0  0.0  0.0    0.0    0.0    0.0    0.0    0.0    0.0    1.0   -1.0    0.0    0.0    0.9    0.0
11     0.0  0.0  0.0  0.0  0.0  0.0    1.0    0.0    0.0    0.0    0.0    0.0    0.0    0.0    0.0    0.0    0.0    0.0     0.0  0.0  0.0  0.0  0.0  0.0    1.0    0.0    0.0    0.0    0.0    0.0    0.0    0.0    0.0    0.0    0.0    0.0
12     1.0  0.0  0.0  0.0  0.0  0.0    0.0    0.0 -100.0    0.0    0.0    0.0    0.0    0.0    0.0  150.0    0.0    0.0     0.0  1.0  0.0  0.0  0.0  0.0    0.0    0.0 -100.0    0.0    0.0    0.0    0.0    0.0    0.0    0.0    0.0  150.0
13     0.0  0.0  0.0  0.0  0.0  1.0  150.0    0.0    0.0    0.0    0.0 -100.0    0.0    0.0    0.0    0.0    0.0    0.0     0.0  0.0  0.0  0.0  0.0  1.0  150.0    0.0    0.0    0.0 -100.0    0.0    0.0    0.0    0.0    0.0    0.0    0.0
14     0.0  1.0  0.0  0.0  0.0  0.0    0.0    0.0    0.0    0.0 -100.0    0.0    0.0    0.0    0.0    0.0    0.0  150.0     0.0  0.0  1.0  0.0  0.0  0.0    0.0    0.0    0.0    0.0    0.0    0.0 -100.0    0.0    0.0    0.0  150.0    0.0
15     0.0  0.0  0.0  1.0  0.0  0.0    0.0    0.0    0.0    0.0    0.0    0.0 -100.0    0.0  150.0    0.0    0.0    0.0     0.0  0.0  0.0  1.0  0.0  0.0    0.0    0.0    0.0    0.0    0.0 -100.0    0.0    0.0  150.0    0.0    0.0    0.0
16     0.0  0.0  1.0  0.0  0.0  0.0    0.0    0.0    0.0 -100.0    0.0    0.0    0.0    0.0    0.0    0.0  150.0    0.0     0.0  0.0  0.0  0.0  1.0  0.0    0.0    0.0    0.0 -100.0    0.0    0.0    0.0    0.0    0.0  150.0    0.0    0.0
17     0.0  0.0  0.0  0.0  1.0  0.0    0.0 -100.0    0.0    0.0    0.0    0.0    0.0  150.0    0.0    0.0    0.0    0.0     1.0  0.0  0.0  0.0  0.0  0.0    0.0 -100.0    0.0    0.0    0.0    0.0    0.0  150.0    0.0    0.0    0.0    0.0
2025-01-29 10:12:03,917 - INFO: Iteration 1 Results:
2025-01-29 10:12:03,917 - INFO: - Models equivalent: False
2025-01-29 10:12:03,918 - INFO: - Variable counts match: True
2025-01-29 10:12:03,918 - INFO: - Constraint counts match: True
2025-01-29 10:12:03,918 - INFO: - Original Objective Value: 1201500.0
2025-01-29 10:12:03,919 - INFO: - Permuted Objective Value: 1201500.0
2025-01-29 10:12:03,919 - INFO: - Canonical from Original Objective Value: 1201500.0
2025-01-29 10:12:03,920 - INFO: - Canonical from Permuted Objective Value: 1201500.0
2025-01-29 10:12:03,920 - INFO: - Original Solve Time: 0.0110249519 seconds
2025-01-29 10:12:03,921 - INFO: - Permuted Solve Time: 0.0079815388 seconds
2025-01-29 10:12:03,921 - INFO: - Canonical from Original Solve Time: 0.0069987774 seconds
2025-01-29 10:12:03,921 - INFO: - Canonical from Permuted Solve Time: 0.0089986324 seconds
2025-01-29 10:12:03,922 - INFO: Running iteration 2/4
2025-01-29 10:12:03,922 - DEBUG: Starting new iteration...
2025-01-29 10:12:03,922 - INFO: Creating Permuted Problem
2025-01-29 10:12:03,926 - DEBUG: 
Objective:
    +2700 x0 + +2700 x1 + +2700 x2 + +30 x3 + +1500 x4 + +2700 x5 + +1500 x6 + +2700 x7 + +1500 x8 + +1500 x9 + +30 x10 + +30 x11 + +30 x12 + +1500 x13 + +1500 x14 + +30 x15 + +2700 x16 + +30 x17 (minimize)

Variables:
    x0 [57, 75] (Integer)
    x1 [57, 75] (Integer)
    x2 [57, 75] (Integer)
    x3 [0, inf] (Continuous)
    x4 [-0, 18] (Integer)
    x5 [57, 75] (Integer)
    x6 [-0, 18] (Integer)
    x7 [0, inf] (Continuous)
    x8 [-0, 18] (Integer)
    x9 [-0, 18] (Integer)
    x10 [0, inf] (Continuous)
    x11 [0, inf] (Continuous)
    x12 [0, inf] (Continuous)
    x13 [-0, 18] (Integer)
    x14 [-0, 18] (Integer)
    x15 [0, inf] (Continuous)
    x16 [57, 75] (Integer)
    x17 [0, inf] (Continuous)

Constraints:
    +1 x7 = 60
    +150 x7 + +1 x11 - 100 x13 >= 8000
    -20 x7 + +1 x11 <= 0
    -1 x2 + +0.9 x7 + +1 x13 = 0
    +150 x2 - 100 x8 + +1 x12 >= 9000
    -20 x2 + +1 x12 <= 0
    +0.9 x2 - 1 x5 + +1 x8 = 0
    +150 x5 - 100 x6 + +1 x10 >= 8000
    -20 x5 + +1 x10 <= 0
    -1 x1 + +0.9 x5 + +1 x6 = 0
    +150 x1 + +1 x3 - 100 x14 >= 10000
    -20 x1 + +1 x3 <= 0
    +0.9 x1 + +1 x14 - 1 x16 = 0
    -100 x9 + +150 x16 + +1 x17 >= 9000
    -20 x16 + +1 x17 <= 0
    -1 x0 + +1 x9 + +0.9 x16 = 0
    +150 x0 - 100 x4 + +1 x15 >= 12000
    -20 x0 + +1 x15 <= 0
2025-01-29 10:12:03,934 - INFO: Solving Permuted Problem
2025-01-29 10:12:03,942 - INFO: Solve Status: Optimal solution found
2025-01-29 10:12:03,943 - INFO: Solve Time: 0.0070 seconds
2025-01-29 10:12:03,943 - INFO: Objective Value: 1201500.0
2025-01-29 10:12:03,944 - INFO: Permuted Problem Results:
2025-01-29 10:12:03,944 - INFO: - Objective Value: 1201500.0
2025-01-29 10:12:03,945 - INFO: - Solve Time: 0.0069973469 seconds
2025-01-29 10:12:03,945 - DEBUG: Before canonicalization:
2025-01-29 10:12:03,946 - DEBUG: Original matrix: shape=(18, 18), nnz=46
2025-01-29 10:12:03,946 - DEBUG: Permuted matrix: shape=(18, 18), nnz=46
2025-01-29 10:12:03,947 - DEBUG: Generating canonical form for permuted model...
2025-01-29 10:12:03,950 - DEBUG: Variable scores before ordering:
2025-01-29 10:12:03,950 - DEBUG: Var 0 score: 2880.6872299302445
2025-01-29 10:12:03,951 - DEBUG: Var 1 score: 2888.1057687919683
2025-01-29 10:12:03,951 - DEBUG: Var 2 score: 2888.1057687919683
2025-01-29 10:12:03,952 - DEBUG: Var 3 score: 1359.2616640597137
2025-01-29 10:12:03,952 - DEBUG: Var 4 score: 2778.539888331759
2025-01-29 10:12:03,953 - DEBUG: Var 5 score: 2888.1057687919683
2025-01-29 10:12:03,953 - DEBUG: Var 6 score: 2786.4713601373583
2025-01-29 10:12:03,954 - DEBUG: Var 7 score: 1888.1057687919686
2025-01-29 10:12:03,954 - DEBUG: Var 8 score: 2786.4713601373583
2025-01-29 10:12:03,954 - DEBUG: Var 9 score: 2786.4713601373583
2025-01-29 10:12:03,955 - DEBUG: Var 10 score: 1359.2616640597137
2025-01-29 10:12:03,955 - DEBUG: Var 11 score: 1359.2616640597137
2025-01-29 10:12:03,955 - DEBUG: Var 12 score: 1359.2616640597137
2025-01-29 10:12:03,956 - DEBUG: Var 13 score: 2786.4713601373583
2025-01-29 10:12:03,956 - DEBUG: Var 14 score: 2786.4713601373583
2025-01-29 10:12:03,956 - DEBUG: Var 15 score: 1359.2616640597137
2025-01-29 10:12:03,957 - DEBUG: Var 16 score: 2888.1057687919683
2025-01-29 10:12:03,959 - DEBUG: Var 17 score: 1359.2616640597137
2025-01-29 10:12:03,980 - DEBUG: Variable ordering:
2025-01-29 10:12:03,982 - DEBUG: Order: [17 15  3 12 11 10  7  4 14 13  8  6  9  0 16  5  2  1]
2025-01-29 10:12:03,983 - DEBUG: Original bounds before reordering:
2025-01-29 10:12:03,983 - DEBUG: Var 0 (Type: Integer): [57.0, 75.0]
2025-01-29 10:12:03,985 - DEBUG: Var 1 (Type: Integer): [57.0, 75.0]
2025-01-29 10:12:03,985 - DEBUG: Var 2 (Type: Integer): [57.0, 75.0]
2025-01-29 10:12:03,994 - DEBUG: Var 3 (Type: Continuous): [0.0, inf]
2025-01-29 10:12:03,996 - DEBUG: Var 4 (Type: Integer): [-0.0, 18.0]
2025-01-29 10:12:03,997 - DEBUG: Var 5 (Type: Integer): [57.0, 75.0]
2025-01-29 10:12:04,000 - DEBUG: Var 6 (Type: Integer): [-0.0, 18.0]
2025-01-29 10:12:04,015 - DEBUG: Var 7 (Type: Continuous): [0.0, inf]
2025-01-29 10:12:04,026 - DEBUG: Var 8 (Type: Integer): [-0.0, 18.0]
2025-01-29 10:12:04,027 - DEBUG: Var 9 (Type: Integer): [-0.0, 18.0]
2025-01-29 10:12:04,028 - DEBUG: Var 10 (Type: Continuous): [0.0, inf]
2025-01-29 10:12:04,029 - DEBUG: Var 11 (Type: Continuous): [0.0, inf]
2025-01-29 10:12:04,030 - DEBUG: Var 12 (Type: Continuous): [0.0, inf]
2025-01-29 10:12:04,030 - DEBUG: Var 13 (Type: Integer): [-0.0, 18.0]
2025-01-29 10:12:04,031 - DEBUG: Var 14 (Type: Integer): [-0.0, 18.0]
2025-01-29 10:12:04,031 - DEBUG: Var 15 (Type: Continuous): [0.0, inf]
2025-01-29 10:12:04,032 - DEBUG: Var 16 (Type: Integer): [57.0, 75.0]
2025-01-29 10:12:04,032 - DEBUG: Var 17 (Type: Continuous): [0.0, inf]
2025-01-29 10:12:04,035 - DEBUG: Constraint scores before ordering:
2025-01-29 10:12:04,036 - DEBUG: Constr 0: Score: 2418.7120054034904
2025-01-29 10:12:04,036 - DEBUG: Constr 1: Score: 4007.5131095663055
2025-01-29 10:12:04,037 - DEBUG: Constr 2: Score: 1040.467738636192
2025-01-29 10:12:04,038 - DEBUG: Constr 3: Score: 2021.380094761591
2025-01-29 10:12:04,038 - DEBUG: Constr 4: Score: 4019.2900244070015
2025-01-29 10:12:04,039 - DEBUG: Constr 5: Score: 1040.467738636192
2025-01-29 10:12:04,046 - DEBUG: Constr 6: Score: 2021.380094761591
2025-01-29 10:12:04,048 - DEBUG: Constr 7: Score: 4007.5131095663055
2025-01-29 10:12:04,049 - DEBUG: Constr 8: Score: 1040.467738636192
2025-01-29 10:12:04,050 - DEBUG: Constr 9: Score: 2021.380094761591
2025-01-29 10:12:04,050 - DEBUG: Constr 10: Score: 4029.824964978945
2025-01-29 10:12:04,051 - DEBUG: Constr 11: Score: 1040.467738636192
2025-01-29 10:12:04,053 - DEBUG: Constr 12: Score: 2021.380094761591
2025-01-29 10:12:04,055 - DEBUG: Constr 13: Score: 4019.2900244070015
2025-01-29 10:12:04,058 - DEBUG: Constr 14: Score: 1040.467738636192
2025-01-29 10:12:04,058 - DEBUG: Constr 15: Score: 2021.380094761591
2025-01-29 10:12:04,059 - DEBUG: Constr 16: Score: 4048.055454144437
2025-01-29 10:12:04,059 - DEBUG: Constr 17: Score: 1040.467738636192
2025-01-29 10:12:04,060 - DEBUG: Constraint ordering:
2025-01-29 10:12:04,061 - DEBUG: Order: [ 8 14 11  5 17  2  3  6  9 12 15  0  7  1 13  4 10 16]
2025-01-29 10:12:04,062 - DEBUG: Original constraints before reordering:
2025-01-29 10:12:04,063 - DEBUG: Constr 0: = 60.0
2025-01-29 10:12:04,064 - DEBUG: Constr 1: >= 8000.0
2025-01-29 10:12:04,064 - DEBUG: Constr 2: <= 0.0
2025-01-29 10:12:04,065 - DEBUG: Constr 3: = 0.0
2025-01-29 10:12:04,065 - DEBUG: Constr 4: >= 9000.0
2025-01-29 10:12:04,066 - DEBUG: Constr 5: <= 0.0
2025-01-29 10:12:04,067 - DEBUG: Constr 6: = 0.0
2025-01-29 10:12:04,068 - DEBUG: Constr 7: >= 8000.0
2025-01-29 10:12:04,069 - DEBUG: Constr 8: <= 0.0
2025-01-29 10:12:04,070 - DEBUG: Constr 9: = 0.0
2025-01-29 10:12:04,070 - DEBUG: Constr 10: >= 10000.0
2025-01-29 10:12:04,071 - DEBUG: Constr 11: <= 0.0
2025-01-29 10:12:04,071 - DEBUG: Constr 12: = 0.0
2025-01-29 10:12:04,071 - DEBUG: Constr 13: >= 9000.0
2025-01-29 10:12:04,072 - DEBUG: Constr 14: <= 0.0
2025-01-29 10:12:04,072 - DEBUG: Constr 15: = 0.0
2025-01-29 10:12:04,073 - DEBUG: Constr 16: >= 12000.0
2025-01-29 10:12:04,073 - DEBUG: Constr 17: <= 0.0
2025-01-29 10:12:04,077 - DEBUG: 
Objective:
    +30 x1 + +30 x2 + +30 x3 + +30 x4 + +30 x5 + +30 x6 + +2700 x7 + +1500 x8 + +1500 x9 + +1500 x10 + +1500 x11 + +1500 x12 + +1500 x13 + +2700 x14 + +2700 x15 + +2700 x16 + +2700 x17 + +2700 x18 (minimize)

Variables:
    x1 [0, inf] (Continuous)
    x2 [0, inf] (Continuous)
    x3 [0, inf] (Continuous)
    x4 [0, inf] (Continuous)
    x5 [0, inf] (Continuous)
    x6 [0, inf] (Continuous)
    x7 [0, inf] (Continuous)
    x8 [-0, 18] (Integer)
    x9 [-0, 18] (Integer)
    x10 [-0, 18] (Integer)
    x11 [-0, 18] (Integer)
    x12 [-0, 18] (Integer)
    x13 [-0, 18] (Integer)
    x14 [57, 75] (Integer)
    x15 [57, 75] (Integer)
    x16 [57, 75] (Integer)
    x17 [57, 75] (Integer)
    x18 [57, 75] (Integer)

Constraints:
    +1 x6 - 20 x16 <= 0
    +1 x1 - 20 x15 <= 0
    +1 x3 - 20 x18 <= 0
    +1 x4 - 20 x17 <= 0
    +1 x2 - 20 x14 <= 0
    +1 x5 - 20 x7 <= 0
    +0.9 x7 + +1 x10 - 1 x17 = 0
    +1 x11 - 1 x16 + +0.9 x17 = 0
    +1 x12 + +0.9 x16 - 1 x18 = 0
    +1 x9 - 1 x15 + +0.9 x18 = 0
    +1 x13 - 1 x14 + +0.9 x15 = 0
    +1 x7 = 60
    +1 x6 - 100 x12 + +150 x16 >= 8000
    +1 x5 + +150 x7 - 100 x10 >= 8000
    +1 x1 - 100 x13 + +150 x15 >= 9000
    +1 x4 - 100 x11 + +150 x17 >= 9000
    +1 x3 - 100 x9 + +150 x18 >= 10000
    +1 x2 - 100 x8 + +150 x14 >= 12000
2025-01-29 10:12:04,085 - INFO: Solving Canonical Form from Original Model
2025-01-29 10:12:04,093 - INFO: Solve Status: Optimal solution found
2025-01-29 10:12:04,093 - INFO: Solve Time: 0.0080 seconds
2025-01-29 10:12:04,094 - INFO: Objective Value: 1201500.0
2025-01-29 10:12:04,094 - INFO: Solving Canonical Form from Permuted Model
2025-01-29 10:12:04,103 - INFO: Solve Status: Optimal solution found
2025-01-29 10:12:04,103 - INFO: Solve Time: 0.0080 seconds
2025-01-29 10:12:04,104 - INFO: Objective Value: 1201500.0
2025-01-29 10:12:04,104 - DEBUG: Starting model validation...
2025-01-29 10:12:04,105 - DEBUG: Original canonical matrix: shape=(18, 18), nnz=46
2025-01-29 10:12:04,105 - DEBUG: Permuted canonical matrix: shape=(18, 18), nnz=46
2025-01-29 10:12:04,105 - DEBUG: Starting detailed model comparison...
2025-01-29 10:12:04,106 - DEBUG: Matrix coefficient differences found:
2025-01-29 10:12:04,107 - DEBUG: Position 16: 0.9 vs -1.0
2025-01-29 10:12:04,107 - DEBUG: Position 17: -1.0 vs 0.9
2025-01-29 10:12:04,107 - DEBUG: Position 22: 0.9 vs -1.0
2025-01-29 10:12:04,107 - DEBUG: Position 23: -1.0 vs 0.9
2025-01-29 10:12:04,108 - DEBUG: Validation result: False
2025-01-29 10:12:04,108 - DEBUG: Detailed model comparison:
2025-01-29 10:12:04,109 - DEBUG: Matrix coefficient differences found:
2025-01-29 10:12:04,154 - DEBUG: 
   Model 1                                                                                                              Model 2                                                                                                             
        x0   x1   x2   x3   x4   x5     x6     x7     x8     x9    x10    x11    x12    x13    x14    x15    x16    x17      x0   x1   x2   x3   x4   x5     x6     x7     x8     x9    x10    x11    x12    x13    x14    x15    x16    x17
0      1.0  0.0  0.0  0.0  0.0  0.0    0.0    0.0    0.0    0.0    0.0    0.0    0.0    0.0    0.0  -20.0    0.0    0.0     0.0  0.0  0.0  0.0  0.0  1.0    0.0    0.0    0.0    0.0    0.0    0.0    0.0    0.0    0.0  -20.0    0.0    0.0
1      0.0  1.0  0.0  0.0  0.0  0.0    0.0    0.0    0.0    0.0    0.0    0.0    0.0    0.0    0.0    0.0    0.0  -20.0     1.0  0.0  0.0  0.0  0.0  0.0    0.0    0.0    0.0    0.0    0.0    0.0    0.0    0.0  -20.0    0.0    0.0    0.0
2      0.0  0.0  1.0  0.0  0.0  0.0    0.0    0.0    0.0    0.0    0.0    0.0    0.0    0.0    0.0    0.0  -20.0    0.0     0.0  0.0  1.0  0.0  0.0  0.0    0.0    0.0    0.0    0.0    0.0    0.0    0.0    0.0    0.0    0.0    0.0  -20.0
3      0.0  0.0  0.0  1.0  0.0  0.0    0.0    0.0    0.0    0.0    0.0    0.0    0.0    0.0  -20.0    0.0    0.0    0.0     0.0  0.0  0.0  1.0  0.0  0.0    0.0    0.0    0.0    0.0    0.0    0.0    0.0    0.0    0.0    0.0  -20.0    0.0
4      0.0  0.0  0.0  0.0  1.0  0.0    0.0    0.0    0.0    0.0    0.0    0.0    0.0  -20.0    0.0    0.0    0.0    0.0     0.0  1.0  0.0  0.0  0.0  0.0    0.0    0.0    0.0    0.0    0.0    0.0    0.0  -20.0    0.0    0.0    0.0    0.0
5      0.0  0.0  0.0  0.0  0.0  1.0  -20.0    0.0    0.0    0.0    0.0    0.0    0.0    0.0    0.0    0.0    0.0    0.0     0.0  0.0  0.0  0.0  1.0  0.0  -20.0    0.0    0.0    0.0    0.0    0.0    0.0    0.0    0.0    0.0    0.0    0.0
6      0.0  0.0  0.0  0.0  0.0  0.0    0.9    0.0    0.0    0.0    0.0    1.0    0.0    0.0   -1.0    0.0    0.0    0.0     0.0  0.0  0.0  0.0  0.0  0.0    0.9    0.0    0.0    1.0    0.0    0.0    0.0    0.0    0.0    0.0   -1.0    0.0
7      0.0  0.0  0.0  0.0  0.0  0.0    0.0    0.0    0.0    0.0    0.0    0.0    1.0    0.0    0.9   -1.0    0.0    0.0     0.0  0.0  0.0  0.0  0.0  0.0    0.0    0.0    0.0    0.0    1.0    0.0    0.0    0.0    0.0   -1.0    0.9    0.0
8      0.0  0.0  0.0  0.0  0.0  0.0    0.0    0.0    1.0    0.0    0.0    0.0    0.0    0.0    0.0    0.9   -1.0    0.0     0.0  0.0  0.0  0.0  0.0  0.0    0.0    0.0    0.0    0.0    0.0    1.0    0.0    0.0    0.0    0.9    0.0   -1.0
9      0.0  0.0  0.0  0.0  0.0  0.0    0.0    0.0    0.0    1.0    0.0    0.0    0.0    0.0    0.0    0.0    0.9   -1.0     0.0  0.0  0.0  0.0  0.0  0.0    0.0    0.0    1.0    0.0    0.0    0.0    0.0    0.0   -1.0    0.0    0.0    0.9
10     0.0  0.0  0.0  0.0  0.0  0.0    0.0    0.0    0.0    0.0    1.0    0.0    0.0   -1.0    0.0    0.0    0.0    0.9     0.0  0.0  0.0  0.0  0.0  0.0    0.0    0.0    0.0    0.0    0.0    0.0    1.0   -1.0    0.9    0.0    0.0    0.0
11     0.0  0.0  0.0  0.0  0.0  0.0    1.0    0.0    0.0    0.0    0.0    0.0    0.0    0.0    0.0    0.0    0.0    0.0     0.0  0.0  0.0  0.0  0.0  0.0    1.0    0.0    0.0    0.0    0.0    0.0    0.0    0.0    0.0    0.0    0.0    0.0
12     1.0  0.0  0.0  0.0  0.0  0.0    0.0    0.0 -100.0    0.0    0.0    0.0    0.0    0.0    0.0  150.0    0.0    0.0     0.0  0.0  0.0  0.0  0.0  1.0    0.0    0.0    0.0    0.0    0.0 -100.0    0.0    0.0    0.0  150.0    0.0    0.0
13     0.0  0.0  0.0  0.0  0.0  1.0  150.0    0.0    0.0    0.0    0.0 -100.0    0.0    0.0    0.0    0.0    0.0    0.0     0.0  0.0  0.0  0.0  1.0  0.0  150.0    0.0    0.0 -100.0    0.0    0.0    0.0    0.0    0.0    0.0    0.0    0.0
14     0.0  1.0  0.0  0.0  0.0  0.0    0.0    0.0    0.0    0.0 -100.0    0.0    0.0    0.0    0.0    0.0    0.0  150.0     1.0  0.0  0.0  0.0  0.0  0.0    0.0    0.0    0.0    0.0    0.0    0.0 -100.0    0.0  150.0    0.0    0.0    0.0
15     0.0  0.0  0.0  1.0  0.0  0.0    0.0    0.0    0.0    0.0    0.0    0.0 -100.0    0.0  150.0    0.0    0.0    0.0     0.0  0.0  0.0  1.0  0.0  0.0    0.0    0.0    0.0    0.0 -100.0    0.0    0.0    0.0    0.0    0.0  150.0    0.0
16     0.0  0.0  1.0  0.0  0.0  0.0    0.0    0.0    0.0 -100.0    0.0    0.0    0.0    0.0    0.0    0.0  150.0    0.0     0.0  0.0  1.0  0.0  0.0  0.0    0.0    0.0 -100.0    0.0    0.0    0.0    0.0    0.0    0.0    0.0    0.0  150.0
17     0.0  0.0  0.0  0.0  1.0  0.0    0.0 -100.0    0.0    0.0    0.0    0.0    0.0  150.0    0.0    0.0    0.0    0.0     0.0  1.0  0.0  0.0  0.0  0.0    0.0 -100.0    0.0    0.0    0.0    0.0    0.0  150.0    0.0    0.0    0.0    0.0
2025-01-29 10:12:04,165 - INFO: Iteration 2 Results:
2025-01-29 10:12:04,166 - INFO: - Models equivalent: False
2025-01-29 10:12:04,167 - INFO: - Variable counts match: True
2025-01-29 10:12:04,169 - INFO: - Constraint counts match: True
2025-01-29 10:12:04,169 - INFO: - Original Objective Value: 1201500.0
2025-01-29 10:12:04,170 - INFO: - Permuted Objective Value: 1201500.0
2025-01-29 10:12:04,170 - INFO: - Canonical from Original Objective Value: 1201500.0
2025-01-29 10:12:04,170 - INFO: - Canonical from Permuted Objective Value: 1201500.0
2025-01-29 10:12:04,171 - INFO: - Original Solve Time: 0.0110249519 seconds
2025-01-29 10:12:04,171 - INFO: - Permuted Solve Time: 0.0069973469 seconds
2025-01-29 10:12:04,171 - INFO: - Canonical from Original Solve Time: 0.0080082417 seconds
2025-01-29 10:12:04,172 - INFO: - Canonical from Permuted Solve Time: 0.0080080032 seconds
2025-01-29 10:12:04,172 - INFO: Running iteration 3/4
2025-01-29 10:12:04,173 - DEBUG: Starting new iteration...
2025-01-29 10:12:04,173 - INFO: Creating Permuted Problem
2025-01-29 10:12:04,176 - DEBUG: 
Objective:
    +1500 x0 + +30 x1 + +1500 x2 + +2700 x3 + +30 x4 + +30 x5 + +1500 x6 + +2700 x7 + +2700 x8 + +30 x9 + +2700 x10 + +2700 x11 + +1500 x12 + +1500 x13 + +30 x14 + +1500 x15 + +30 x16 + +2700 x17 (minimize)

Variables:
    x0 [-0, 18] (Integer)
    x1 [0, inf] (Continuous)
    x2 [-0, 18] (Integer)
    x3 [57, 75] (Integer)
    x4 [0, inf] (Continuous)
    x5 [0, inf] (Continuous)
    x6 [-0, 18] (Integer)
    x7 [0, inf] (Continuous)
    x8 [57, 75] (Integer)
    x9 [0, inf] (Continuous)
    x10 [57, 75] (Integer)
    x11 [57, 75] (Integer)
    x12 [-0, 18] (Integer)
    x13 [-0, 18] (Integer)
    x14 [0, inf] (Continuous)
    x15 [-0, 18] (Integer)
    x16 [0, inf] (Continuous)
    x17 [57, 75] (Integer)

Constraints:
    +1 x7 = 60
    +150 x7 + +1 x14 - 100 x15 >= 8000
    -20 x7 + +1 x14 <= 0
    +0.9 x7 + +1 x15 - 1 x17 = 0
    -100 x6 + +1 x9 + +150 x17 >= 9000
    +1 x9 - 20 x17 <= 0
    +1 x6 - 1 x8 + +0.9 x17 = 0
    -100 x0 + +150 x8 + +1 x16 >= 8000
    -20 x8 + +1 x16 <= 0
    +1 x0 - 1 x3 + +0.9 x8 = 0
    +1 x1 - 100 x2 + +150 x3 >= 10000
    +1 x1 - 20 x3 <= 0
    +1 x2 + +0.9 x3 - 1 x10 = 0
    +1 x5 + +150 x10 - 100 x13 >= 9000
    +1 x5 - 20 x10 <= 0
    +0.9 x10 - 1 x11 + +1 x13 = 0
    +1 x4 + +150 x11 - 100 x12 >= 12000
    +1 x4 - 20 x11 <= 0
2025-01-29 10:12:04,185 - INFO: Solving Permuted Problem
2025-01-29 10:12:04,193 - INFO: Solve Status: Optimal solution found
2025-01-29 10:12:04,194 - INFO: Solve Time: 0.0069 seconds
2025-01-29 10:12:04,194 - INFO: Objective Value: 1201500.0
2025-01-29 10:12:04,194 - INFO: Permuted Problem Results:
2025-01-29 10:12:04,195 - INFO: - Objective Value: 1201500.0
2025-01-29 10:12:04,196 - INFO: - Solve Time: 0.0069487095 seconds
2025-01-29 10:12:04,196 - DEBUG: Before canonicalization:
2025-01-29 10:12:04,197 - DEBUG: Original matrix: shape=(18, 18), nnz=46
2025-01-29 10:12:04,198 - DEBUG: Permuted matrix: shape=(18, 18), nnz=46
2025-01-29 10:12:04,198 - DEBUG: Generating canonical form for permuted model...
2025-01-29 10:12:04,201 - DEBUG: Variable scores before ordering:
2025-01-29 10:12:04,202 - DEBUG: Var 0 score: 2786.4713601373583
2025-01-29 10:12:04,202 - DEBUG: Var 1 score: 1359.2616640597137
2025-01-29 10:12:04,203 - DEBUG: Var 2 score: 2786.4713601373583
2025-01-29 10:12:04,203 - DEBUG: Var 3 score: 2888.1057687919683
2025-01-29 10:12:04,204 - DEBUG: Var 4 score: 1359.2616640597137
2025-01-29 10:12:04,204 - DEBUG: Var 5 score: 1359.2616640597137
2025-01-29 10:12:04,205 - DEBUG: Var 6 score: 2786.4713601373583
2025-01-29 10:12:04,205 - DEBUG: Var 7 score: 1888.1057687919686
2025-01-29 10:12:04,205 - DEBUG: Var 8 score: 2888.1057687919683
2025-01-29 10:12:04,206 - DEBUG: Var 9 score: 1359.2616640597137
2025-01-29 10:12:04,206 - DEBUG: Var 10 score: 2888.1057687919683
2025-01-29 10:12:04,206 - DEBUG: Var 11 score: 2880.6872299302445
2025-01-29 10:12:04,207 - DEBUG: Var 12 score: 2778.539888331759
2025-01-29 10:12:04,207 - DEBUG: Var 13 score: 2786.4713601373583
2025-01-29 10:12:04,208 - DEBUG: Var 14 score: 1359.2616640597137
2025-01-29 10:12:04,208 - DEBUG: Var 15 score: 2786.4713601373583
2025-01-29 10:12:04,208 - DEBUG: Var 16 score: 1359.2616640597137
2025-01-29 10:12:04,209 - DEBUG: Var 17 score: 2888.1057687919683
2025-01-29 10:12:04,209 - DEBUG: Variable ordering:
2025-01-29 10:12:04,210 - DEBUG: Order: [ 1  4  5 16  9 14  7 12  0  2 15  6 13 11  8  3 10 17]
2025-01-29 10:12:04,210 - DEBUG: Original bounds before reordering:
2025-01-29 10:12:04,211 - DEBUG: Var 0 (Type: Integer): [-0.0, 18.0]
2025-01-29 10:12:04,211 - DEBUG: Var 1 (Type: Continuous): [0.0, inf]
2025-01-29 10:12:04,212 - DEBUG: Var 2 (Type: Integer): [-0.0, 18.0]
2025-01-29 10:12:04,212 - DEBUG: Var 3 (Type: Integer): [57.0, 75.0]
2025-01-29 10:12:04,213 - DEBUG: Var 4 (Type: Continuous): [0.0, inf]
2025-01-29 10:12:04,213 - DEBUG: Var 5 (Type: Continuous): [0.0, inf]
2025-01-29 10:12:04,214 - DEBUG: Var 6 (Type: Integer): [-0.0, 18.0]
2025-01-29 10:12:04,215 - DEBUG: Var 7 (Type: Continuous): [0.0, inf]
2025-01-29 10:12:04,215 - DEBUG: Var 8 (Type: Integer): [57.0, 75.0]
2025-01-29 10:12:04,216 - DEBUG: Var 9 (Type: Continuous): [0.0, inf]
2025-01-29 10:12:04,217 - DEBUG: Var 10 (Type: Integer): [57.0, 75.0]
2025-01-29 10:12:04,218 - DEBUG: Var 11 (Type: Integer): [57.0, 75.0]
2025-01-29 10:12:04,218 - DEBUG: Var 12 (Type: Integer): [-0.0, 18.0]
2025-01-29 10:12:04,219 - DEBUG: Var 13 (Type: Integer): [-0.0, 18.0]
2025-01-29 10:12:04,219 - DEBUG: Var 14 (Type: Continuous): [0.0, inf]
2025-01-29 10:12:04,220 - DEBUG: Var 15 (Type: Integer): [-0.0, 18.0]
2025-01-29 10:12:04,220 - DEBUG: Var 16 (Type: Continuous): [0.0, inf]
2025-01-29 10:12:04,221 - DEBUG: Var 17 (Type: Integer): [57.0, 75.0]
2025-01-29 10:12:04,224 - DEBUG: Constraint scores before ordering:
2025-01-29 10:12:04,224 - DEBUG: Constr 0: Score: 2418.7120054034904
2025-01-29 10:12:04,224 - DEBUG: Constr 1: Score: 4007.5131095663055
2025-01-29 10:12:04,225 - DEBUG: Constr 2: Score: 1040.467738636192
2025-01-29 10:12:04,226 - DEBUG: Constr 3: Score: 2021.380094761591
2025-01-29 10:12:04,226 - DEBUG: Constr 4: Score: 4019.2900244070015
2025-01-29 10:12:04,226 - DEBUG: Constr 5: Score: 1040.467738636192
2025-01-29 10:12:04,227 - DEBUG: Constr 6: Score: 2021.380094761591
2025-01-29 10:12:04,227 - DEBUG: Constr 7: Score: 4007.5131095663055
2025-01-29 10:12:04,227 - DEBUG: Constr 8: Score: 1040.467738636192
2025-01-29 10:12:04,228 - DEBUG: Constr 9: Score: 2021.380094761591
2025-01-29 10:12:04,228 - DEBUG: Constr 10: Score: 4029.824964978945
2025-01-29 10:12:04,229 - DEBUG: Constr 11: Score: 1040.467738636192
2025-01-29 10:12:04,229 - DEBUG: Constr 12: Score: 2021.380094761591
2025-01-29 10:12:04,230 - DEBUG: Constr 13: Score: 4019.2900244070015
2025-01-29 10:12:04,230 - DEBUG: Constr 14: Score: 1040.467738636192
2025-01-29 10:12:04,231 - DEBUG: Constr 15: Score: 2021.380094761591
2025-01-29 10:12:04,231 - DEBUG: Constr 16: Score: 4048.055454144437
2025-01-29 10:12:04,232 - DEBUG: Constr 17: Score: 1040.467738636192
2025-01-29 10:12:04,233 - DEBUG: Constraint ordering:
2025-01-29 10:12:04,235 - DEBUG: Order: [ 8 14 11  5 17  2  3  6  9 12 15  0  7  1 13  4 10 16]
2025-01-29 10:12:04,235 - DEBUG: Original constraints before reordering:
2025-01-29 10:12:04,236 - DEBUG: Constr 0: = 60.0
2025-01-29 10:12:04,236 - DEBUG: Constr 1: >= 8000.0
2025-01-29 10:12:04,237 - DEBUG: Constr 2: <= 0.0
2025-01-29 10:12:04,238 - DEBUG: Constr 3: = 0.0
2025-01-29 10:12:04,238 - DEBUG: Constr 4: >= 9000.0
2025-01-29 10:12:04,239 - DEBUG: Constr 5: <= 0.0
2025-01-29 10:12:04,239 - DEBUG: Constr 6: = 0.0
2025-01-29 10:12:04,240 - DEBUG: Constr 7: >= 8000.0
2025-01-29 10:12:04,241 - DEBUG: Constr 8: <= 0.0
2025-01-29 10:12:04,241 - DEBUG: Constr 9: = 0.0
2025-01-29 10:12:04,242 - DEBUG: Constr 10: >= 10000.0
2025-01-29 10:12:04,242 - DEBUG: Constr 11: <= 0.0
2025-01-29 10:12:04,243 - DEBUG: Constr 12: = 0.0
2025-01-29 10:12:04,243 - DEBUG: Constr 13: >= 9000.0
2025-01-29 10:12:04,244 - DEBUG: Constr 14: <= 0.0
2025-01-29 10:12:04,244 - DEBUG: Constr 15: = 0.0
2025-01-29 10:12:04,244 - DEBUG: Constr 16: >= 12000.0
2025-01-29 10:12:04,245 - DEBUG: Constr 17: <= 0.0
2025-01-29 10:12:04,251 - DEBUG: 
Objective:
    +30 x1 + +30 x2 + +30 x3 + +30 x4 + +30 x5 + +30 x6 + +2700 x7 + +1500 x8 + +1500 x9 + +1500 x10 + +1500 x11 + +1500 x12 + +1500 x13 + +2700 x14 + +2700 x15 + +2700 x16 + +2700 x17 + +2700 x18 (minimize)

Variables:
    x1 [0, inf] (Continuous)
    x2 [0, inf] (Continuous)
    x3 [0, inf] (Continuous)
    x4 [0, inf] (Continuous)
    x5 [0, inf] (Continuous)
    x6 [0, inf] (Continuous)
    x7 [0, inf] (Continuous)
    x8 [-0, 18] (Integer)
    x9 [-0, 18] (Integer)
    x10 [-0, 18] (Integer)
    x11 [-0, 18] (Integer)
    x12 [-0, 18] (Integer)
    x13 [-0, 18] (Integer)
    x14 [57, 75] (Integer)
    x15 [57, 75] (Integer)
    x16 [57, 75] (Integer)
    x17 [57, 75] (Integer)
    x18 [57, 75] (Integer)

Constraints:
    +1 x4 - 20 x15 <= 0
    +1 x3 - 20 x17 <= 0
    +1 x1 - 20 x16 <= 0
    +1 x5 - 20 x18 <= 0
    +1 x2 - 20 x14 <= 0
    +1 x6 - 20 x7 <= 0
    +0.9 x7 + +1 x11 - 1 x18 = 0
    +1 x12 - 1 x15 + +0.9 x18 = 0
    +1 x9 + +0.9 x15 - 1 x16 = 0
    +1 x10 + +0.9 x16 - 1 x17 = 0
    +1 x13 - 1 x14 + +0.9 x17 = 0
    +1 x7 = 60
    +1 x4 - 100 x9 + +150 x15 >= 8000
    +1 x6 + +150 x7 - 100 x11 >= 8000
    +1 x3 - 100 x13 + +150 x17 >= 9000
    +1 x5 - 100 x12 + +150 x18 >= 9000
    +1 x1 - 100 x10 + +150 x16 >= 10000
    +1 x2 - 100 x8 + +150 x14 >= 12000
2025-01-29 10:12:04,259 - INFO: Solving Canonical Form from Original Model
2025-01-29 10:12:04,267 - INFO: Solve Status: Optimal solution found
2025-01-29 10:12:04,268 - INFO: Solve Time: 0.0070 seconds
2025-01-29 10:12:04,268 - INFO: Objective Value: 1201500.0
2025-01-29 10:12:04,269 - INFO: Solving Canonical Form from Permuted Model
2025-01-29 10:12:04,276 - INFO: Solve Status: Optimal solution found
2025-01-29 10:12:04,276 - INFO: Solve Time: 0.0070 seconds
2025-01-29 10:12:04,277 - INFO: Objective Value: 1201500.0
2025-01-29 10:12:04,277 - DEBUG: Starting model validation...
2025-01-29 10:12:04,278 - DEBUG: Original canonical matrix: shape=(18, 18), nnz=46
2025-01-29 10:12:04,279 - DEBUG: Permuted canonical matrix: shape=(18, 18), nnz=46
2025-01-29 10:12:04,279 - DEBUG: Starting detailed model comparison...
2025-01-29 10:12:04,280 - DEBUG: Matrix coefficient differences found:
2025-01-29 10:12:04,281 - DEBUG: Position 16: 0.9 vs -1.0
2025-01-29 10:12:04,281 - DEBUG: Position 17: -1.0 vs 0.9
2025-01-29 10:12:04,282 - DEBUG: Validation result: False
2025-01-29 10:12:04,283 - DEBUG: Detailed model comparison:
2025-01-29 10:12:04,284 - DEBUG: Matrix coefficient differences found:
2025-01-29 10:12:04,332 - DEBUG: 
   Model 1                                                                                                              Model 2                                                                                                             
        x0   x1   x2   x3   x4   x5     x6     x7     x8     x9    x10    x11    x12    x13    x14    x15    x16    x17      x0   x1   x2   x3   x4   x5     x6     x7     x8     x9    x10    x11    x12    x13    x14    x15    x16    x17
0      1.0  0.0  0.0  0.0  0.0  0.0    0.0    0.0    0.0    0.0    0.0    0.0    0.0    0.0    0.0  -20.0    0.0    0.0     0.0  0.0  0.0  1.0  0.0  0.0    0.0    0.0    0.0    0.0    0.0    0.0    0.0    0.0  -20.0    0.0    0.0    0.0
1      0.0  1.0  0.0  0.0  0.0  0.0    0.0    0.0    0.0    0.0    0.0    0.0    0.0    0.0    0.0    0.0    0.0  -20.0     0.0  0.0  1.0  0.0  0.0  0.0    0.0    0.0    0.0    0.0    0.0    0.0    0.0    0.0    0.0    0.0  -20.0    0.0
2      0.0  0.0  1.0  0.0  0.0  0.0    0.0    0.0    0.0    0.0    0.0    0.0    0.0    0.0    0.0    0.0  -20.0    0.0     1.0  0.0  0.0  0.0  0.0  0.0    0.0    0.0    0.0    0.0    0.0    0.0    0.0    0.0    0.0  -20.0    0.0    0.0
3      0.0  0.0  0.0  1.0  0.0  0.0    0.0    0.0    0.0    0.0    0.0    0.0    0.0    0.0  -20.0    0.0    0.0    0.0     0.0  0.0  0.0  0.0  1.0  0.0    0.0    0.0    0.0    0.0    0.0    0.0    0.0    0.0    0.0    0.0    0.0  -20.0
4      0.0  0.0  0.0  0.0  1.0  0.0    0.0    0.0    0.0    0.0    0.0    0.0    0.0  -20.0    0.0    0.0    0.0    0.0     0.0  1.0  0.0  0.0  0.0  0.0    0.0    0.0    0.0    0.0    0.0    0.0    0.0  -20.0    0.0    0.0    0.0    0.0
5      0.0  0.0  0.0  0.0  0.0  1.0  -20.0    0.0    0.0    0.0    0.0    0.0    0.0    0.0    0.0    0.0    0.0    0.0     0.0  0.0  0.0  0.0  0.0  1.0  -20.0    0.0    0.0    0.0    0.0    0.0    0.0    0.0    0.0    0.0    0.0    0.0
6      0.0  0.0  0.0  0.0  0.0  0.0    0.9    0.0    0.0    0.0    0.0    1.0    0.0    0.0   -1.0    0.0    0.0    0.0     0.0  0.0  0.0  0.0  0.0  0.0    0.9    0.0    0.0    0.0    1.0    0.0    0.0    0.0    0.0    0.0    0.0   -1.0
7      0.0  0.0  0.0  0.0  0.0  0.0    0.0    0.0    0.0    0.0    0.0    0.0    1.0    0.0    0.9   -1.0    0.0    0.0     0.0  0.0  0.0  0.0  0.0  0.0    0.0    0.0    0.0    0.0    0.0    1.0    0.0    0.0   -1.0    0.0    0.0    0.9
8      0.0  0.0  0.0  0.0  0.0  0.0    0.0    0.0    1.0    0.0    0.0    0.0    0.0    0.0    0.0    0.9   -1.0    0.0     0.0  0.0  0.0  0.0  0.0  0.0    0.0    0.0    1.0    0.0    0.0    0.0    0.0    0.0    0.9   -1.0    0.0    0.0
9      0.0  0.0  0.0  0.0  0.0  0.0    0.0    0.0    0.0    1.0    0.0    0.0    0.0    0.0    0.0    0.0    0.9   -1.0     0.0  0.0  0.0  0.0  0.0  0.0    0.0    0.0    0.0    1.0    0.0    0.0    0.0    0.0    0.0    0.9   -1.0    0.0
10     0.0  0.0  0.0  0.0  0.0  0.0    0.0    0.0    0.0    0.0    1.0    0.0    0.0   -1.0    0.0    0.0    0.0    0.9     0.0  0.0  0.0  0.0  0.0  0.0    0.0    0.0    0.0    0.0    0.0    0.0    1.0   -1.0    0.0    0.0    0.9    0.0
11     0.0  0.0  0.0  0.0  0.0  0.0    1.0    0.0    0.0    0.0    0.0    0.0    0.0    0.0    0.0    0.0    0.0    0.0     0.0  0.0  0.0  0.0  0.0  0.0    1.0    0.0    0.0    0.0    0.0    0.0    0.0    0.0    0.0    0.0    0.0    0.0
12     1.0  0.0  0.0  0.0  0.0  0.0    0.0    0.0 -100.0    0.0    0.0    0.0    0.0    0.0    0.0  150.0    0.0    0.0     0.0  0.0  0.0  1.0  0.0  0.0    0.0    0.0 -100.0    0.0    0.0    0.0    0.0    0.0  150.0    0.0    0.0    0.0
13     0.0  0.0  0.0  0.0  0.0  1.0  150.0    0.0    0.0    0.0    0.0 -100.0    0.0    0.0    0.0    0.0    0.0    0.0     0.0  0.0  0.0  0.0  0.0  1.0  150.0    0.0    0.0    0.0 -100.0    0.0    0.0    0.0    0.0    0.0    0.0    0.0
14     0.0  1.0  0.0  0.0  0.0  0.0    0.0    0.0    0.0    0.0 -100.0    0.0    0.0    0.0    0.0    0.0    0.0  150.0     0.0  0.0  1.0  0.0  0.0  0.0    0.0    0.0    0.0    0.0    0.0    0.0 -100.0    0.0    0.0    0.0  150.0    0.0
15     0.0  0.0  0.0  1.0  0.0  0.0    0.0    0.0    0.0    0.0    0.0    0.0 -100.0    0.0  150.0    0.0    0.0    0.0     0.0  0.0  0.0  0.0  1.0  0.0    0.0    0.0    0.0    0.0    0.0 -100.0    0.0    0.0    0.0    0.0    0.0  150.0
16     0.0  0.0  1.0  0.0  0.0  0.0    0.0    0.0    0.0 -100.0    0.0    0.0    0.0    0.0    0.0    0.0  150.0    0.0     1.0  0.0  0.0  0.0  0.0  0.0    0.0    0.0    0.0 -100.0    0.0    0.0    0.0    0.0    0.0  150.0    0.0    0.0
17     0.0  0.0  0.0  0.0  1.0  0.0    0.0 -100.0    0.0    0.0    0.0    0.0    0.0  150.0    0.0    0.0    0.0    0.0     0.0  1.0  0.0  0.0  0.0  0.0    0.0 -100.0    0.0    0.0    0.0    0.0    0.0  150.0    0.0    0.0    0.0    0.0
2025-01-29 10:12:04,342 - INFO: Iteration 3 Results:
2025-01-29 10:12:04,343 - INFO: - Models equivalent: False
2025-01-29 10:12:04,343 - INFO: - Variable counts match: True
2025-01-29 10:12:04,344 - INFO: - Constraint counts match: True
2025-01-29 10:12:04,344 - INFO: - Original Objective Value: 1201500.0
2025-01-29 10:12:04,345 - INFO: - Permuted Objective Value: 1201500.0
2025-01-29 10:12:04,346 - INFO: - Canonical from Original Objective Value: 1201500.0
2025-01-29 10:12:04,347 - INFO: - Canonical from Permuted Objective Value: 1201500.0
2025-01-29 10:12:04,348 - INFO: - Original Solve Time: 0.0110249519 seconds
2025-01-29 10:12:04,349 - INFO: - Permuted Solve Time: 0.0069487095 seconds
2025-01-29 10:12:04,351 - INFO: - Canonical from Original Solve Time: 0.0069823265 seconds
2025-01-29 10:12:04,352 - INFO: - Canonical from Permuted Solve Time: 0.0069813728 seconds
2025-01-29 10:12:04,352 - INFO: Running iteration 4/4
2025-01-29 10:12:04,353 - DEBUG: Starting new iteration...
2025-01-29 10:12:04,353 - INFO: Creating Permuted Problem
2025-01-29 10:12:04,357 - DEBUG: 
Objective:
    +2700 x0 + +2700 x1 + +30 x2 + +30 x3 + +1500 x4 + +30 x5 + +2700 x6 + +1500 x7 + +2700 x8 + +2700 x9 + +1500 x10 + +1500 x11 + +1500 x12 + +1500 x13 + +2700 x14 + +30 x15 + +30 x16 + +30 x17 (minimize)

Variables:
    x0 [57, 75] (Integer)
    x1 [57, 75] (Integer)
    x2 [0, inf] (Continuous)
    x3 [0, inf] (Continuous)
    x4 [-0, 18] (Integer)
    x5 [0, inf] (Continuous)
    x6 [57, 75] (Integer)
    x7 [-0, 18] (Integer)
    x8 [57, 75] (Integer)
    x9 [57, 75] (Integer)
    x10 [-0, 18] (Integer)
    x11 [-0, 18] (Integer)
    x12 [-0, 18] (Integer)
    x13 [-0, 18] (Integer)
    x14 [0, inf] (Continuous)
    x15 [0, inf] (Continuous)
    x16 [0, inf] (Continuous)
    x17 [0, inf] (Continuous)

Constraints:
    +1 x14 = 60
    -100 x12 + +150 x14 + +1 x15 >= 8000
    -20 x14 + +1 x15 <= 0
    -1 x8 + +1 x12 + +0.9 x14 = 0
    +150 x8 - 100 x10 + +1 x16 >= 9000
    -20 x8 + +1 x16 <= 0
    -1 x0 + +0.9 x8 + +1 x10 = 0
    +150 x0 + +1 x2 - 100 x13 >= 8000
    -20 x0 + +1 x2 <= 0
    +0.9 x0 - 1 x9 + +1 x13 = 0
    +1 x5 - 100 x7 + +150 x9 >= 10000
    +1 x5 - 20 x9 <= 0
    -1 x1 + +1 x7 + +0.9 x9 = 0
    +150 x1 - 100 x4 + +1 x17 >= 9000
    -20 x1 + +1 x17 <= 0
    +0.9 x1 + +1 x4 - 1 x6 = 0
    +1 x3 + +150 x6 - 100 x11 >= 12000
    +1 x3 - 20 x6 <= 0
2025-01-29 10:12:04,365 - INFO: Solving Permuted Problem
2025-01-29 10:12:04,375 - INFO: Solve Status: Optimal solution found
2025-01-29 10:12:04,376 - INFO: Solve Time: 0.0090 seconds
2025-01-29 10:12:04,376 - INFO: Objective Value: 1201500.0
2025-01-29 10:12:04,377 - INFO: Permuted Problem Results:
2025-01-29 10:12:04,377 - INFO: - Objective Value: 1201500.0
2025-01-29 10:12:04,377 - INFO: - Solve Time: 0.0089814663 seconds
2025-01-29 10:12:04,378 - DEBUG: Before canonicalization:
2025-01-29 10:12:04,380 - DEBUG: Original matrix: shape=(18, 18), nnz=46
2025-01-29 10:12:04,381 - DEBUG: Permuted matrix: shape=(18, 18), nnz=46
2025-01-29 10:12:04,381 - DEBUG: Generating canonical form for permuted model...
2025-01-29 10:12:04,387 - DEBUG: Variable scores before ordering:
2025-01-29 10:12:04,387 - DEBUG: Var 0 score: 2888.1057687919683
2025-01-29 10:12:04,388 - DEBUG: Var 1 score: 2888.1057687919683
2025-01-29 10:12:04,389 - DEBUG: Var 2 score: 1359.2616640597137
2025-01-29 10:12:04,389 - DEBUG: Var 3 score: 1359.2616640597137
2025-01-29 10:12:04,390 - DEBUG: Var 4 score: 2786.4713601373583
2025-01-29 10:12:04,390 - DEBUG: Var 5 score: 1359.2616640597137
2025-01-29 10:12:04,391 - DEBUG: Var 6 score: 2880.6872299302445
2025-01-29 10:12:04,391 - DEBUG: Var 7 score: 2786.4713601373583
2025-01-29 10:12:04,392 - DEBUG: Var 8 score: 2888.1057687919683
2025-01-29 10:12:04,392 - DEBUG: Var 9 score: 2888.1057687919683
2025-01-29 10:12:04,393 - DEBUG: Var 10 score: 2786.4713601373583
2025-01-29 10:12:04,393 - DEBUG: Var 11 score: 2778.539888331759
2025-01-29 10:12:04,394 - DEBUG: Var 12 score: 2786.4713601373583
2025-01-29 10:12:04,394 - DEBUG: Var 13 score: 2786.4713601373583
2025-01-29 10:12:04,395 - DEBUG: Var 14 score: 1888.1057687919686
2025-01-29 10:12:04,396 - DEBUG: Var 15 score: 1359.2616640597137
2025-01-29 10:12:04,397 - DEBUG: Var 16 score: 1359.2616640597137
2025-01-29 10:12:04,398 - DEBUG: Var 17 score: 1359.2616640597137
2025-01-29 10:12:04,399 - DEBUG: Variable ordering:
2025-01-29 10:12:04,401 - DEBUG: Order: [17 15  2  3  5 16 14 11  4  7 10 12 13  6  0  1  9  8]
2025-01-29 10:12:04,402 - DEBUG: Original bounds before reordering:
2025-01-29 10:12:04,402 - DEBUG: Var 0 (Type: Integer): [57.0, 75.0]
2025-01-29 10:12:04,403 - DEBUG: Var 1 (Type: Integer): [57.0, 75.0]
2025-01-29 10:12:04,403 - DEBUG: Var 2 (Type: Continuous): [0.0, inf]
2025-01-29 10:12:04,403 - DEBUG: Var 3 (Type: Continuous): [0.0, inf]
2025-01-29 10:12:04,404 - DEBUG: Var 4 (Type: Integer): [-0.0, 18.0]
2025-01-29 10:12:04,404 - DEBUG: Var 5 (Type: Continuous): [0.0, inf]
2025-01-29 10:12:04,405 - DEBUG: Var 6 (Type: Integer): [57.0, 75.0]
2025-01-29 10:12:04,405 - DEBUG: Var 7 (Type: Integer): [-0.0, 18.0]
2025-01-29 10:12:04,406 - DEBUG: Var 8 (Type: Integer): [57.0, 75.0]
2025-01-29 10:12:04,406 - DEBUG: Var 9 (Type: Integer): [57.0, 75.0]
2025-01-29 10:12:04,407 - DEBUG: Var 10 (Type: Integer): [-0.0, 18.0]
2025-01-29 10:12:04,407 - DEBUG: Var 11 (Type: Integer): [-0.0, 18.0]
2025-01-29 10:12:04,407 - DEBUG: Var 12 (Type: Integer): [-0.0, 18.0]
2025-01-29 10:12:04,408 - DEBUG: Var 13 (Type: Integer): [-0.0, 18.0]
2025-01-29 10:12:04,408 - DEBUG: Var 14 (Type: Continuous): [0.0, inf]
2025-01-29 10:12:04,409 - DEBUG: Var 15 (Type: Continuous): [0.0, inf]
2025-01-29 10:12:04,409 - DEBUG: Var 16 (Type: Continuous): [0.0, inf]
2025-01-29 10:12:04,410 - DEBUG: Var 17 (Type: Continuous): [0.0, inf]
2025-01-29 10:12:04,415 - DEBUG: Constraint scores before ordering:
2025-01-29 10:12:04,416 - DEBUG: Constr 0: Score: 2418.7120054034904
2025-01-29 10:12:04,417 - DEBUG: Constr 1: Score: 4007.5131095663055
2025-01-29 10:12:04,418 - DEBUG: Constr 2: Score: 1040.467738636192
2025-01-29 10:12:04,418 - DEBUG: Constr 3: Score: 2021.380094761591
2025-01-29 10:12:04,419 - DEBUG: Constr 4: Score: 4019.2900244070015
2025-01-29 10:12:04,419 - DEBUG: Constr 5: Score: 1040.467738636192
2025-01-29 10:12:04,419 - DEBUG: Constr 6: Score: 2021.380094761591
2025-01-29 10:12:04,420 - DEBUG: Constr 7: Score: 4007.5131095663055
2025-01-29 10:12:04,420 - DEBUG: Constr 8: Score: 1040.467738636192
2025-01-29 10:12:04,420 - DEBUG: Constr 9: Score: 2021.380094761591
2025-01-29 10:12:04,421 - DEBUG: Constr 10: Score: 4029.824964978945
2025-01-29 10:12:04,421 - DEBUG: Constr 11: Score: 1040.467738636192
2025-01-29 10:12:04,421 - DEBUG: Constr 12: Score: 2021.380094761591
2025-01-29 10:12:04,422 - DEBUG: Constr 13: Score: 4019.2900244070015
2025-01-29 10:12:04,422 - DEBUG: Constr 14: Score: 1040.467738636192
2025-01-29 10:12:04,423 - DEBUG: Constr 15: Score: 2021.380094761591
2025-01-29 10:12:04,423 - DEBUG: Constr 16: Score: 4048.055454144437
2025-01-29 10:12:04,423 - DEBUG: Constr 17: Score: 1040.467738636192
2025-01-29 10:12:04,424 - DEBUG: Constraint ordering:
2025-01-29 10:12:04,424 - DEBUG: Order: [ 8 14 11  5 17  2  3  6  9 12 15  0  7  1 13  4 10 16]
2025-01-29 10:12:04,425 - DEBUG: Original constraints before reordering:
2025-01-29 10:12:04,425 - DEBUG: Constr 0: = 60.0
2025-01-29 10:12:04,425 - DEBUG: Constr 1: >= 8000.0
2025-01-29 10:12:04,426 - DEBUG: Constr 2: <= 0.0
2025-01-29 10:12:04,426 - DEBUG: Constr 3: = 0.0
2025-01-29 10:12:04,426 - DEBUG: Constr 4: >= 9000.0
2025-01-29 10:12:04,427 - DEBUG: Constr 5: <= 0.0
2025-01-29 10:12:04,427 - DEBUG: Constr 6: = 0.0
2025-01-29 10:12:04,428 - DEBUG: Constr 7: >= 8000.0
2025-01-29 10:12:04,428 - DEBUG: Constr 8: <= 0.0
2025-01-29 10:12:04,429 - DEBUG: Constr 9: = 0.0
2025-01-29 10:12:04,430 - DEBUG: Constr 10: >= 10000.0
2025-01-29 10:12:04,430 - DEBUG: Constr 11: <= 0.0
2025-01-29 10:12:04,431 - DEBUG: Constr 12: = 0.0
2025-01-29 10:12:04,433 - DEBUG: Constr 13: >= 9000.0
2025-01-29 10:12:04,434 - DEBUG: Constr 14: <= 0.0
2025-01-29 10:12:04,435 - DEBUG: Constr 15: = 0.0
2025-01-29 10:12:04,435 - DEBUG: Constr 16: >= 12000.0
2025-01-29 10:12:04,436 - DEBUG: Constr 17: <= 0.0
2025-01-29 10:12:04,439 - DEBUG: 
Objective:
    +30 x1 + +30 x2 + +30 x3 + +30 x4 + +30 x5 + +30 x6 + +2700 x7 + +1500 x8 + +1500 x9 + +1500 x10 + +1500 x11 + +1500 x12 + +1500 x13 + +2700 x14 + +2700 x15 + +2700 x16 + +2700 x17 + +2700 x18 (minimize)

Variables:
    x1 [0, inf] (Continuous)
    x2 [0, inf] (Continuous)
    x3 [0, inf] (Continuous)
    x4 [0, inf] (Continuous)
    x5 [0, inf] (Continuous)
    x6 [0, inf] (Continuous)
    x7 [0, inf] (Continuous)
    x8 [-0, 18] (Integer)
    x9 [-0, 18] (Integer)
    x10 [-0, 18] (Integer)
    x11 [-0, 18] (Integer)
    x12 [-0, 18] (Integer)
    x13 [-0, 18] (Integer)
    x14 [57, 75] (Integer)
    x15 [57, 75] (Integer)
    x16 [57, 75] (Integer)
    x17 [57, 75] (Integer)
    x18 [57, 75] (Integer)

Constraints:
    +1 x3 - 20 x15 <= 0
    +1 x1 - 20 x16 <= 0
    +1 x5 - 20 x17 <= 0
    +1 x6 - 20 x18 <= 0
    +1 x4 - 20 x14 <= 0
    +1 x2 - 20 x7 <= 0
    +0.9 x7 + +1 x12 - 1 x18 = 0
    +1 x11 - 1 x15 + +0.9 x18 = 0
    +1 x13 + +0.9 x15 - 1 x17 = 0
    +1 x10 - 1 x16 + +0.9 x17 = 0
    +1 x9 - 1 x14 + +0.9 x16 = 0
    +1 x7 = 60
    +1 x3 - 100 x13 + +150 x15 >= 8000
    +1 x2 + +150 x7 - 100 x12 >= 8000
    +1 x1 - 100 x9 + +150 x16 >= 9000
    +1 x6 - 100 x11 + +150 x18 >= 9000
    +1 x5 - 100 x10 + +150 x17 >= 10000
    +1 x4 - 100 x8 + +150 x14 >= 12000
2025-01-29 10:12:04,447 - INFO: Solving Canonical Form from Original Model
2025-01-29 10:12:04,457 - INFO: Solve Status: Optimal solution found
2025-01-29 10:12:04,457 - INFO: Solve Time: 0.0090 seconds
2025-01-29 10:12:04,458 - INFO: Objective Value: 1201500.0
2025-01-29 10:12:04,458 - INFO: Solving Canonical Form from Permuted Model
2025-01-29 10:12:04,468 - INFO: Solve Status: Optimal solution found
2025-01-29 10:12:04,469 - INFO: Solve Time: 0.0100 seconds
2025-01-29 10:12:04,469 - INFO: Objective Value: 1201500.0
2025-01-29 10:12:04,470 - DEBUG: Starting model validation...
2025-01-29 10:12:04,471 - DEBUG: Original canonical matrix: shape=(18, 18), nnz=46
2025-01-29 10:12:04,471 - DEBUG: Permuted canonical matrix: shape=(18, 18), nnz=46
2025-01-29 10:12:04,471 - DEBUG: Starting detailed model comparison...
2025-01-29 10:12:04,472 - DEBUG: Matrix coefficient differences found:
2025-01-29 10:12:04,473 - DEBUG: Position 16: 0.9 vs -1.0
2025-01-29 10:12:04,473 - DEBUG: Position 17: -1.0 vs 0.9
2025-01-29 10:12:04,474 - DEBUG: Position 22: 0.9 vs -1.0
2025-01-29 10:12:04,474 - DEBUG: Position 23: -1.0 vs 0.9
2025-01-29 10:12:04,474 - DEBUG: Validation result: False
2025-01-29 10:12:04,475 - DEBUG: Detailed model comparison:
2025-01-29 10:12:04,476 - DEBUG: Matrix coefficient differences found:
2025-01-29 10:12:04,517 - DEBUG: 
   Model 1                                                                                                              Model 2                                                                                                             
        x0   x1   x2   x3   x4   x5     x6     x7     x8     x9    x10    x11    x12    x13    x14    x15    x16    x17      x0   x1   x2   x3   x4   x5     x6     x7     x8     x9    x10    x11    x12    x13    x14    x15    x16    x17
0      1.0  0.0  0.0  0.0  0.0  0.0    0.0    0.0    0.0    0.0    0.0    0.0    0.0    0.0    0.0  -20.0    0.0    0.0     0.0  0.0  1.0  0.0  0.0  0.0    0.0    0.0    0.0    0.0    0.0    0.0    0.0    0.0  -20.0    0.0    0.0    0.0
1      0.0  1.0  0.0  0.0  0.0  0.0    0.0    0.0    0.0    0.0    0.0    0.0    0.0    0.0    0.0    0.0    0.0  -20.0     1.0  0.0  0.0  0.0  0.0  0.0    0.0    0.0    0.0    0.0    0.0    0.0    0.0    0.0    0.0  -20.0    0.0    0.0
2      0.0  0.0  1.0  0.0  0.0  0.0    0.0    0.0    0.0    0.0    0.0    0.0    0.0    0.0    0.0    0.0  -20.0    0.0     0.0  0.0  0.0  0.0  1.0  0.0    0.0    0.0    0.0    0.0    0.0    0.0    0.0    0.0    0.0    0.0  -20.0    0.0
3      0.0  0.0  0.0  1.0  0.0  0.0    0.0    0.0    0.0    0.0    0.0    0.0    0.0    0.0  -20.0    0.0    0.0    0.0     0.0  0.0  0.0  0.0  0.0  1.0    0.0    0.0    0.0    0.0    0.0    0.0    0.0    0.0    0.0    0.0    0.0  -20.0
4      0.0  0.0  0.0  0.0  1.0  0.0    0.0    0.0    0.0    0.0    0.0    0.0    0.0  -20.0    0.0    0.0    0.0    0.0     0.0  0.0  0.0  1.0  0.0  0.0    0.0    0.0    0.0    0.0    0.0    0.0    0.0  -20.0    0.0    0.0    0.0    0.0
5      0.0  0.0  0.0  0.0  0.0  1.0  -20.0    0.0    0.0    0.0    0.0    0.0    0.0    0.0    0.0    0.0    0.0    0.0     0.0  1.0  0.0  0.0  0.0  0.0  -20.0    0.0    0.0    0.0    0.0    0.0    0.0    0.0    0.0    0.0    0.0    0.0
6      0.0  0.0  0.0  0.0  0.0  0.0    0.9    0.0    0.0    0.0    0.0    1.0    0.0    0.0   -1.0    0.0    0.0    0.0     0.0  0.0  0.0  0.0  0.0  0.0    0.9    0.0    0.0    0.0    0.0    1.0    0.0    0.0    0.0    0.0    0.0   -1.0
7      0.0  0.0  0.0  0.0  0.0  0.0    0.0    0.0    0.0    0.0    0.0    0.0    1.0    0.0    0.9   -1.0    0.0    0.0     0.0  0.0  0.0  0.0  0.0  0.0    0.0    0.0    0.0    0.0    1.0    0.0    0.0    0.0   -1.0    0.0    0.0    0.9
8      0.0  0.0  0.0  0.0  0.0  0.0    0.0    0.0    1.0    0.0    0.0    0.0    0.0    0.0    0.0    0.9   -1.0    0.0     0.0  0.0  0.0  0.0  0.0  0.0    0.0    0.0    0.0    0.0    0.0    0.0    1.0    0.0    0.9    0.0   -1.0    0.0
9      0.0  0.0  0.0  0.0  0.0  0.0    0.0    0.0    0.0    1.0    0.0    0.0    0.0    0.0    0.0    0.0    0.9   -1.0     0.0  0.0  0.0  0.0  0.0  0.0    0.0    0.0    0.0    1.0    0.0    0.0    0.0    0.0    0.0   -1.0    0.9    0.0
10     0.0  0.0  0.0  0.0  0.0  0.0    0.0    0.0    0.0    0.0    1.0    0.0    0.0   -1.0    0.0    0.0    0.0    0.9     0.0  0.0  0.0  0.0  0.0  0.0    0.0    0.0    1.0    0.0    0.0    0.0    0.0   -1.0    0.0    0.9    0.0    0.0
11     0.0  0.0  0.0  0.0  0.0  0.0    1.0    0.0    0.0    0.0    0.0    0.0    0.0    0.0    0.0    0.0    0.0    0.0     0.0  0.0  0.0  0.0  0.0  0.0    1.0    0.0    0.0    0.0    0.0    0.0    0.0    0.0    0.0    0.0    0.0    0.0
12     1.0  0.0  0.0  0.0  0.0  0.0    0.0    0.0 -100.0    0.0    0.0    0.0    0.0    0.0    0.0  150.0    0.0    0.0     0.0  0.0  1.0  0.0  0.0  0.0    0.0    0.0    0.0    0.0    0.0    0.0 -100.0    0.0  150.0    0.0    0.0    0.0
13     0.0  0.0  0.0  0.0  0.0  1.0  150.0    0.0    0.0    0.0    0.0 -100.0    0.0    0.0    0.0    0.0    0.0    0.0     0.0  1.0  0.0  0.0  0.0  0.0  150.0    0.0    0.0    0.0    0.0 -100.0    0.0    0.0    0.0    0.0    0.0    0.0
14     0.0  1.0  0.0  0.0  0.0  0.0    0.0    0.0    0.0    0.0 -100.0    0.0    0.0    0.0    0.0    0.0    0.0  150.0     1.0  0.0  0.0  0.0  0.0  0.0    0.0    0.0 -100.0    0.0    0.0    0.0    0.0    0.0    0.0  150.0    0.0    0.0
15     0.0  0.0  0.0  1.0  0.0  0.0    0.0    0.0    0.0    0.0    0.0    0.0 -100.0    0.0  150.0    0.0    0.0    0.0     0.0  0.0  0.0  0.0  0.0  1.0    0.0    0.0    0.0    0.0 -100.0    0.0    0.0    0.0    0.0    0.0    0.0  150.0
16     0.0  0.0  1.0  0.0  0.0  0.0    0.0    0.0    0.0 -100.0    0.0    0.0    0.0    0.0    0.0    0.0  150.0    0.0     0.0  0.0  0.0  0.0  1.0  0.0    0.0    0.0    0.0 -100.0    0.0    0.0    0.0    0.0    0.0    0.0  150.0    0.0
17     0.0  0.0  0.0  0.0  1.0  0.0    0.0 -100.0    0.0    0.0    0.0    0.0    0.0  150.0    0.0    0.0    0.0    0.0     0.0  0.0  0.0  1.0  0.0  0.0    0.0 -100.0    0.0    0.0    0.0    0.0    0.0  150.0    0.0    0.0    0.0    0.0
2025-01-29 10:12:04,525 - INFO: Iteration 4 Results:
2025-01-29 10:12:04,526 - INFO: - Models equivalent: False
2025-01-29 10:12:04,526 - INFO: - Variable counts match: True
2025-01-29 10:12:04,527 - INFO: - Constraint counts match: True
2025-01-29 10:12:04,527 - INFO: - Original Objective Value: 1201500.0
2025-01-29 10:12:04,527 - INFO: - Permuted Objective Value: 1201500.0
2025-01-29 10:12:04,528 - INFO: - Canonical from Original Objective Value: 1201500.0
2025-01-29 10:12:04,528 - INFO: - Canonical from Permuted Objective Value: 1201500.0
2025-01-29 10:12:04,529 - INFO: - Original Solve Time: 0.0110249519 seconds
2025-01-29 10:12:04,530 - INFO: - Permuted Solve Time: 0.0089814663 seconds
2025-01-29 10:12:04,531 - INFO: - Canonical from Original Solve Time: 0.0090007782 seconds
2025-01-29 10:12:04,532 - INFO: - Canonical from Permuted Solve Time: 0.0100011826 seconds
