2025-01-28 17:25:19,704 - INFO: Successfully loaded problem from input/example-min.mps
2025-01-28 17:25:19,705 - INFO: Problem Details:
2025-01-28 17:25:19,705 - INFO: - Variables: 18
2025-01-28 17:25:19,706 - INFO: - Constraints: 18
2025-01-28 17:25:19,706 - INFO: - Objective Sense: Minimize
2025-01-28 17:25:19,710 - DEBUG: 
Objective:
    +2700 STM1 + +1500 ANM1 + +30 UE1 + +2700 STM2 + +1500 ANM2 + +30 UE2 + +2700 STM3 + +1500 ANM3 + +30 UE3 + +2700 STM4 + +1500 ANM4 + +30 UE4 + +2700 STM5 + +1500 ANM5 + +30 UE5 + +2700 STM6 + +1500 ANM6 + +30 UE6 (minimize)

Variables:
    STM1 [0, inf] (Continuous)
    ANM1 [0, 18] (Integer)
    UE1 [0, inf] (Continuous)
    STM2 [57, 75] (Integer)
    ANM2 [0, 18] (Integer)
    UE2 [0, inf] (Continuous)
    STM3 [57, 75] (Integer)
    ANM3 [0, 18] (Integer)
    UE3 [0, inf] (Continuous)
    STM4 [57, 75] (Integer)
    ANM4 [0, 18] (Integer)
    UE4 [0, inf] (Continuous)
    STM5 [57, 75] (Integer)
    ANM5 [0, 18] (Integer)
    UE5 [0, inf] (Continuous)
    STM6 [57, 75] (Integer)
    ANM6 [0, 18] (Integer)
    UE6 [0, inf] (Continuous)

Constraints:
    +1 STM1 = 60
    +150 STM1 - 100 ANM1 + +1 UE1 >= 8000
    -20 STM1 + +1 UE1 <= 0
    +0.9 STM1 + +1 ANM1 - 1 STM2 = 0
    +150 STM2 - 100 ANM2 + +1 UE2 >= 9000
    -20 STM2 + +1 UE2 <= 0
    +0.9 STM2 + +1 ANM2 - 1 STM3 = 0
    +150 STM3 - 100 ANM3 + +1 UE3 >= 8000
    -20 STM3 + +1 UE3 <= 0
    +0.9 STM3 + +1 ANM3 - 1 STM4 = 0
    +150 STM4 - 100 ANM4 + +1 UE4 >= 10000
    -20 STM4 + +1 UE4 <= 0
    +0.9 STM4 + +1 ANM4 - 1 STM5 = 0
    +150 STM5 - 100 ANM5 + +1 UE5 >= 9000
    -20 STM5 + +1 UE5 <= 0
    +0.9 STM5 + +1 ANM5 - 1 STM6 = 0
    +150 STM6 - 100 ANM6 + +1 UE6 >= 12000
    -20 STM6 + +1 UE6 <= 0
2025-01-28 17:25:19,721 - INFO: Solving Original Problem
2025-01-28 17:25:19,732 - INFO: Solve Status: Optimal solution found
2025-01-28 17:25:19,732 - INFO: Solve Time: 0.0100 seconds
2025-01-28 17:25:19,733 - INFO: Objective Value: 1201500.0
2025-01-28 17:25:19,733 - INFO: Original Problem Results:
2025-01-28 17:25:19,734 - INFO: - Objective Value: 1201500.0
2025-01-28 17:25:19,734 - INFO: - Solve Time: 0.0099995136 seconds
2025-01-28 17:25:19,735 - DEBUG: Generating canonical form for the original model...
2025-01-28 17:25:19,736 - DEBUG: Variable scores before ordering:
2025-01-28 17:25:19,737 - DEBUG: Var 0 score: 1830.1377353792616
2025-01-28 17:25:19,738 - DEBUG: Var 1 score: 2751.3886831633463
2025-01-28 17:25:19,738 - DEBUG: Var 2 score: 1363.3987204485147
2025-01-28 17:25:19,739 - DEBUG: Var 3 score: 2830.1377353792614
2025-01-28 17:25:19,740 - DEBUG: Var 4 score: 2751.3886831633463
2025-01-28 17:25:19,741 - DEBUG: Var 5 score: 1363.3987204485147
2025-01-28 17:25:19,741 - DEBUG: Var 6 score: 2830.1377353792614
2025-01-28 17:25:19,742 - DEBUG: Var 7 score: 2751.3886831633463
2025-01-28 17:25:19,742 - DEBUG: Var 8 score: 1363.3987204485147
2025-01-28 17:25:19,742 - DEBUG: Var 9 score: 2830.1377353792614
2025-01-28 17:25:19,743 - DEBUG: Var 10 score: 2751.3886831633463
2025-01-28 17:25:19,743 - DEBUG: Var 11 score: 1363.3987204485147
2025-01-28 17:25:19,743 - DEBUG: Var 12 score: 2830.1377353792614
2025-01-28 17:25:19,744 - DEBUG: Var 13 score: 2751.3886831633463
2025-01-28 17:25:19,744 - DEBUG: Var 14 score: 1363.3987204485147
2025-01-28 17:25:19,744 - DEBUG: Var 15 score: 2820.1377353792614
2025-01-28 17:25:19,745 - DEBUG: Var 16 score: 2741.3886831633463
2025-01-28 17:25:19,745 - DEBUG: Var 17 score: 1363.3987204485147
2025-01-28 17:25:19,746 - DEBUG: Variable ordering:
2025-01-28 17:25:19,746 - DEBUG: Order: [ 8 14 11  5 17  2  0 16  7 10 13  1  4 15  3  6  9 12]
2025-01-28 17:25:19,746 - DEBUG: Original bounds before reordering:
2025-01-28 17:25:19,747 - DEBUG: Var 0 (Type: Continuous): [0.0, inf]
2025-01-28 17:25:19,747 - DEBUG: Var 1 (Type: Integer): [0.0, 18.0]
2025-01-28 17:25:19,747 - DEBUG: Var 2 (Type: Continuous): [0.0, inf]
2025-01-28 17:25:19,748 - DEBUG: Var 3 (Type: Integer): [57.0, 75.0]
2025-01-28 17:25:19,748 - DEBUG: Var 4 (Type: Integer): [0.0, 18.0]
2025-01-28 17:25:19,748 - DEBUG: Var 5 (Type: Continuous): [0.0, inf]
2025-01-28 17:25:19,749 - DEBUG: Var 6 (Type: Integer): [57.0, 75.0]
2025-01-28 17:25:19,749 - DEBUG: Var 7 (Type: Integer): [0.0, 18.0]
2025-01-28 17:25:19,749 - DEBUG: Var 8 (Type: Continuous): [0.0, inf]
2025-01-28 17:25:19,750 - DEBUG: Var 9 (Type: Integer): [57.0, 75.0]
2025-01-28 17:25:19,750 - DEBUG: Var 10 (Type: Integer): [0.0, 18.0]
2025-01-28 17:25:19,750 - DEBUG: Var 11 (Type: Continuous): [0.0, inf]
2025-01-28 17:25:19,751 - DEBUG: Var 12 (Type: Integer): [57.0, 75.0]
2025-01-28 17:25:19,751 - DEBUG: Var 13 (Type: Integer): [0.0, 18.0]
2025-01-28 17:25:19,752 - DEBUG: Var 14 (Type: Continuous): [0.0, inf]
2025-01-28 17:25:19,753 - DEBUG: Var 15 (Type: Integer): [57.0, 75.0]
2025-01-28 17:25:19,753 - DEBUG: Var 16 (Type: Integer): [0.0, 18.0]
2025-01-28 17:25:19,753 - DEBUG: Var 17 (Type: Continuous): [0.0, inf]
2025-01-28 17:25:19,758 - DEBUG: Constraint scores before ordering:
2025-01-28 17:25:19,758 - DEBUG: Constr 0: Score: 2418.7120054034904
2025-01-28 17:25:19,759 - DEBUG: Constr 1: Score: 4007.5131095663055
2025-01-28 17:25:19,759 - DEBUG: Constr 2: Score: 1040.467738636192
2025-01-28 17:25:19,760 - DEBUG: Constr 3: Score: 2021.380094761591
2025-01-28 17:25:19,760 - DEBUG: Constr 4: Score: 4019.2900244070015
2025-01-28 17:25:19,760 - DEBUG: Constr 5: Score: 1040.467738636192
2025-01-28 17:25:19,761 - DEBUG: Constr 6: Score: 2021.380094761591
2025-01-28 17:25:19,761 - DEBUG: Constr 7: Score: 4007.5131095663055
2025-01-28 17:25:19,762 - DEBUG: Constr 8: Score: 1040.467738636192
2025-01-28 17:25:19,762 - DEBUG: Constr 9: Score: 2021.380094761591
2025-01-28 17:25:19,762 - DEBUG: Constr 10: Score: 4029.824964978945
2025-01-28 17:25:19,763 - DEBUG: Constr 11: Score: 1040.467738636192
2025-01-28 17:25:19,763 - DEBUG: Constr 12: Score: 2021.380094761591
2025-01-28 17:25:19,763 - DEBUG: Constr 13: Score: 4019.2900244070015
2025-01-28 17:25:19,764 - DEBUG: Constr 14: Score: 1040.467738636192
2025-01-28 17:25:19,764 - DEBUG: Constr 15: Score: 2021.380094761591
2025-01-28 17:25:19,764 - DEBUG: Constr 16: Score: 4048.055454144437
2025-01-28 17:25:19,765 - DEBUG: Constr 17: Score: 1040.467738636192
2025-01-28 17:25:19,765 - DEBUG: Constraint ordering:
2025-01-28 17:25:19,766 - DEBUG: Order: [ 8 14 11  5 17  2  3  6  9 12 15  0  7  1 13  4 10 16]
2025-01-28 17:25:19,766 - DEBUG: Original constraints before reordering:
2025-01-28 17:25:19,766 - DEBUG: Constr 0: = 60.0
2025-01-28 17:25:19,767 - DEBUG: Constr 1: >= 8000.0
2025-01-28 17:25:19,767 - DEBUG: Constr 2: <= 0.0
2025-01-28 17:25:19,767 - DEBUG: Constr 3: = 0.0
2025-01-28 17:25:19,768 - DEBUG: Constr 4: >= 9000.0
2025-01-28 17:25:19,768 - DEBUG: Constr 5: <= 0.0
2025-01-28 17:25:19,769 - DEBUG: Constr 6: = 0.0
2025-01-28 17:25:19,769 - DEBUG: Constr 7: >= 8000.0
2025-01-28 17:25:19,770 - DEBUG: Constr 8: <= 0.0
2025-01-28 17:25:19,770 - DEBUG: Constr 9: = 0.0
2025-01-28 17:25:19,771 - DEBUG: Constr 10: >= 10000.0
2025-01-28 17:25:19,772 - DEBUG: Constr 11: <= 0.0
2025-01-28 17:25:19,772 - DEBUG: Constr 12: = 0.0
2025-01-28 17:25:19,773 - DEBUG: Constr 13: >= 9000.0
2025-01-28 17:25:19,773 - DEBUG: Constr 14: <= 0.0
2025-01-28 17:25:19,774 - DEBUG: Constr 15: = 0.0
2025-01-28 17:25:19,774 - DEBUG: Constr 16: >= 12000.0
2025-01-28 17:25:19,774 - DEBUG: Constr 17: <= 0.0
2025-01-28 17:25:19,778 - DEBUG: 
Objective:
    +30 x1 + +30 x2 + +30 x3 + +30 x4 + +30 x5 + +30 x6 + +2700 x7 + +1500 x8 + +1500 x9 + +1500 x10 + +1500 x11 + +1500 x12 + +1500 x13 + +2700 x14 + +2700 x15 + +2700 x16 + +2700 x17 + +2700 x18 (minimize)

Variables:
    x1 [0, inf] (Continuous)
    x2 [0, inf] (Continuous)
    x3 [0, inf] (Continuous)
    x4 [0, inf] (Continuous)
    x5 [0, inf] (Continuous)
    x6 [0, inf] (Continuous)
    x7 [0, inf] (Continuous)
    x8 [-0, 18] (Integer)
    x9 [-0, 18] (Integer)
    x10 [-0, 18] (Integer)
    x11 [-0, 18] (Integer)
    x12 [-0, 18] (Integer)
    x13 [-0, 18] (Integer)
    x14 [57, 75] (Integer)
    x15 [57, 75] (Integer)
    x16 [57, 75] (Integer)
    x17 [57, 75] (Integer)
    x18 [57, 75] (Integer)

Constraints:
    +1 x1 - 20 x16 <= 0
    +1 x2 - 20 x18 <= 0
    +1 x3 - 20 x17 <= 0
    +1 x4 - 20 x15 <= 0
    +1 x5 - 20 x14 <= 0
    +1 x6 - 20 x7 <= 0
    +0.9 x7 + +1 x12 - 1 x15 = 0
    +1 x13 + +0.9 x15 - 1 x16 = 0
    +1 x9 + +0.9 x16 - 1 x17 = 0
    +1 x10 + +0.9 x17 - 1 x18 = 0
    +1 x11 - 1 x14 + +0.9 x18 = 0
    +1 x7 = 60
    +1 x1 - 100 x9 + +150 x16 >= 8000
    +1 x6 + +150 x7 - 100 x12 >= 8000
    +1 x2 - 100 x11 + +150 x18 >= 9000
    +1 x4 - 100 x13 + +150 x15 >= 9000
    +1 x3 - 100 x10 + +150 x17 >= 10000
    +1 x5 - 100 x8 + +150 x14 >= 12000
2025-01-28 17:25:19,785 - INFO: Running iteration 1/4
2025-01-28 17:25:19,786 - DEBUG: Starting new iteration...
2025-01-28 17:25:19,786 - INFO: Creating Permuted Problem
2025-01-28 17:25:19,791 - DEBUG: 
Objective:
    +2700 x0 + +2700 x1 + +2700 x2 + +30 x3 + +30 x4 + +30 x5 + +2700 x6 + +30 x7 + +1500 x8 + +2700 x9 + +1500 x10 + +30 x11 + +1500 x12 + +1500 x13 + +2700 x14 + +1500 x15 + +30 x16 + +1500 x17 (minimize)

Variables:
    x0 [57, 75] (Integer)
    x1 [0, inf] (Continuous)
    x2 [57, 75] (Integer)
    x3 [0, inf] (Continuous)
    x4 [0, inf] (Continuous)
    x5 [0, inf] (Continuous)
    x6 [57, 75] (Integer)
    x7 [0, inf] (Continuous)
    x8 [-0, 18] (Integer)
    x9 [57, 75] (Integer)
    x10 [-0, 18] (Integer)
    x11 [0, inf] (Continuous)
    x12 [-0, 18] (Integer)
    x13 [-0, 18] (Integer)
    x14 [57, 75] (Integer)
    x15 [-0, 18] (Integer)
    x16 [0, inf] (Continuous)
    x17 [-0, 18] (Integer)

Constraints:
    +1 x1 = 60
    +150 x1 + +1 x16 - 100 x17 >= 8000
    -20 x1 + +1 x16 <= 0
    +0.9 x1 - 1 x6 + +1 x17 = 0
    +150 x6 + +1 x7 - 100 x12 >= 9000
    -20 x6 + +1 x7 <= 0
    -1 x2 + +0.9 x6 + +1 x12 = 0
    +150 x2 + +1 x11 - 100 x13 >= 8000
    -20 x2 + +1 x11 <= 0
    -1 x0 + +0.9 x2 + +1 x13 = 0
    +150 x0 + +1 x3 - 100 x8 >= 10000
    -20 x0 + +1 x3 <= 0
    +0.9 x0 + +1 x8 - 1 x14 = 0
    +1 x5 - 100 x10 + +150 x14 >= 9000
    +1 x5 - 20 x14 <= 0
    -1 x9 + +1 x10 + +0.9 x14 = 0
    +1 x4 + +150 x9 - 100 x15 >= 12000
    +1 x4 - 20 x9 <= 0
2025-01-28 17:25:19,799 - INFO: Solving Permuted Problem
2025-01-28 17:25:19,810 - INFO: Solve Status: Optimal solution found
2025-01-28 17:25:19,811 - INFO: Solve Time: 0.0100 seconds
2025-01-28 17:25:19,811 - INFO: Objective Value: 1201500.0
2025-01-28 17:25:19,811 - INFO: Permuted Problem Results:
2025-01-28 17:25:19,812 - INFO: - Objective Value: 1201500.0
2025-01-28 17:25:19,812 - INFO: - Solve Time: 0.0100100040 seconds
2025-01-28 17:25:19,813 - DEBUG: Before canonicalization:
2025-01-28 17:25:19,813 - DEBUG: Original matrix: shape=(18, 18), nnz=46
2025-01-28 17:25:19,814 - DEBUG: Permuted matrix: shape=(18, 18), nnz=46
2025-01-28 17:25:19,814 - DEBUG: Generating canonical form for permuted model...
2025-01-28 17:25:19,815 - DEBUG: Variable scores before ordering:
2025-01-28 17:25:19,816 - DEBUG: Var 0 score: 2830.1377353792614
2025-01-28 17:25:19,816 - DEBUG: Var 1 score: 1830.1377353792616
2025-01-28 17:25:19,817 - DEBUG: Var 2 score: 2830.1377353792614
2025-01-28 17:25:19,817 - DEBUG: Var 3 score: 1363.3987204485147
2025-01-28 17:25:19,817 - DEBUG: Var 4 score: 1363.3987204485147
2025-01-28 17:25:19,818 - DEBUG: Var 5 score: 1363.3987204485147
2025-01-28 17:25:19,819 - DEBUG: Var 6 score: 2830.1377353792614
2025-01-28 17:25:19,819 - DEBUG: Var 7 score: 1363.3987204485147
2025-01-28 17:25:19,819 - DEBUG: Var 8 score: 2751.3886831633463
2025-01-28 17:25:19,820 - DEBUG: Var 9 score: 2820.1377353792614
2025-01-28 17:25:19,820 - DEBUG: Var 10 score: 2751.3886831633463
2025-01-28 17:25:19,821 - DEBUG: Var 11 score: 1363.3987204485147
2025-01-28 17:25:19,821 - DEBUG: Var 12 score: 2751.3886831633463
2025-01-28 17:25:19,822 - DEBUG: Var 13 score: 2751.3886831633463
2025-01-28 17:25:19,822 - DEBUG: Var 14 score: 2830.1377353792614
2025-01-28 17:25:19,823 - DEBUG: Var 15 score: 2741.3886831633463
2025-01-28 17:25:19,823 - DEBUG: Var 16 score: 1363.3987204485147
2025-01-28 17:25:19,824 - DEBUG: Var 17 score: 2751.3886831633463
2025-01-28 17:25:19,824 - DEBUG: Variable ordering:
2025-01-28 17:25:19,825 - DEBUG: Order: [ 3  4  5  7 16 11  1 15  8 13 12 17 10  9  6 14  2  0]
2025-01-28 17:25:19,825 - DEBUG: Original bounds before reordering:
2025-01-28 17:25:19,826 - DEBUG: Var 0 (Type: Integer): [57.0, 75.0]
2025-01-28 17:25:19,826 - DEBUG: Var 1 (Type: Continuous): [0.0, inf]
2025-01-28 17:25:19,826 - DEBUG: Var 2 (Type: Integer): [57.0, 75.0]
2025-01-28 17:25:19,827 - DEBUG: Var 3 (Type: Continuous): [0.0, inf]
2025-01-28 17:25:19,827 - DEBUG: Var 4 (Type: Continuous): [0.0, inf]
2025-01-28 17:25:19,827 - DEBUG: Var 5 (Type: Continuous): [0.0, inf]
2025-01-28 17:25:19,828 - DEBUG: Var 6 (Type: Integer): [57.0, 75.0]
2025-01-28 17:25:19,828 - DEBUG: Var 7 (Type: Continuous): [0.0, inf]
2025-01-28 17:25:19,828 - DEBUG: Var 8 (Type: Integer): [-0.0, 18.0]
2025-01-28 17:25:19,829 - DEBUG: Var 9 (Type: Integer): [57.0, 75.0]
2025-01-28 17:25:19,829 - DEBUG: Var 10 (Type: Integer): [-0.0, 18.0]
2025-01-28 17:25:19,829 - DEBUG: Var 11 (Type: Continuous): [0.0, inf]
2025-01-28 17:25:19,830 - DEBUG: Var 12 (Type: Integer): [-0.0, 18.0]
2025-01-28 17:25:19,830 - DEBUG: Var 13 (Type: Integer): [-0.0, 18.0]
2025-01-28 17:25:19,830 - DEBUG: Var 14 (Type: Integer): [57.0, 75.0]
2025-01-28 17:25:19,831 - DEBUG: Var 15 (Type: Integer): [-0.0, 18.0]
2025-01-28 17:25:19,831 - DEBUG: Var 16 (Type: Continuous): [0.0, inf]
2025-01-28 17:25:19,831 - DEBUG: Var 17 (Type: Integer): [-0.0, 18.0]
2025-01-28 17:25:19,834 - DEBUG: Constraint scores before ordering:
2025-01-28 17:25:19,834 - DEBUG: Constr 0: Score: 2418.7120054034904
2025-01-28 17:25:19,835 - DEBUG: Constr 1: Score: 4007.5131095663055
2025-01-28 17:25:19,835 - DEBUG: Constr 2: Score: 1040.467738636192
2025-01-28 17:25:19,836 - DEBUG: Constr 3: Score: 2021.380094761591
2025-01-28 17:25:19,837 - DEBUG: Constr 4: Score: 4019.2900244070015
2025-01-28 17:25:19,837 - DEBUG: Constr 5: Score: 1040.467738636192
2025-01-28 17:25:19,838 - DEBUG: Constr 6: Score: 2021.380094761591
2025-01-28 17:25:19,838 - DEBUG: Constr 7: Score: 4007.5131095663055
2025-01-28 17:25:19,839 - DEBUG: Constr 8: Score: 1040.467738636192
2025-01-28 17:25:19,840 - DEBUG: Constr 9: Score: 2021.380094761591
2025-01-28 17:25:19,840 - DEBUG: Constr 10: Score: 4029.824964978945
2025-01-28 17:25:19,841 - DEBUG: Constr 11: Score: 1040.467738636192
2025-01-28 17:25:19,841 - DEBUG: Constr 12: Score: 2021.380094761591
2025-01-28 17:25:19,842 - DEBUG: Constr 13: Score: 4019.2900244070015
2025-01-28 17:25:19,842 - DEBUG: Constr 14: Score: 1040.467738636192
2025-01-28 17:25:19,843 - DEBUG: Constr 15: Score: 2021.380094761591
2025-01-28 17:25:19,843 - DEBUG: Constr 16: Score: 4048.055454144437
2025-01-28 17:25:19,843 - DEBUG: Constr 17: Score: 1040.467738636192
2025-01-28 17:25:19,844 - DEBUG: Constraint ordering:
2025-01-28 17:25:19,844 - DEBUG: Order: [ 8 14 11  5 17  2  3  6  9 12 15  0  7  1 13  4 10 16]
2025-01-28 17:25:19,845 - DEBUG: Original constraints before reordering:
2025-01-28 17:25:19,845 - DEBUG: Constr 0: = 60.0
2025-01-28 17:25:19,845 - DEBUG: Constr 1: >= 8000.0
2025-01-28 17:25:19,846 - DEBUG: Constr 2: <= 0.0
2025-01-28 17:25:19,846 - DEBUG: Constr 3: = 0.0
2025-01-28 17:25:19,846 - DEBUG: Constr 4: >= 9000.0
2025-01-28 17:25:19,847 - DEBUG: Constr 5: <= 0.0
2025-01-28 17:25:19,847 - DEBUG: Constr 6: = 0.0
2025-01-28 17:25:19,847 - DEBUG: Constr 7: >= 8000.0
2025-01-28 17:25:19,848 - DEBUG: Constr 8: <= 0.0
2025-01-28 17:25:19,848 - DEBUG: Constr 9: = 0.0
2025-01-28 17:25:19,849 - DEBUG: Constr 10: >= 10000.0
2025-01-28 17:25:19,849 - DEBUG: Constr 11: <= 0.0
2025-01-28 17:25:19,849 - DEBUG: Constr 12: = 0.0
2025-01-28 17:25:19,849 - DEBUG: Constr 13: >= 9000.0
2025-01-28 17:25:19,850 - DEBUG: Constr 14: <= 0.0
2025-01-28 17:25:19,850 - DEBUG: Constr 15: = 0.0
2025-01-28 17:25:19,850 - DEBUG: Constr 16: >= 12000.0
2025-01-28 17:25:19,851 - DEBUG: Constr 17: <= 0.0
2025-01-28 17:25:19,854 - DEBUG: 
Objective:
    +30 x1 + +30 x2 + +30 x3 + +30 x4 + +30 x5 + +30 x6 + +2700 x7 + +1500 x8 + +1500 x9 + +1500 x10 + +1500 x11 + +1500 x12 + +1500 x13 + +2700 x14 + +2700 x15 + +2700 x16 + +2700 x17 + +2700 x18 (minimize)

Variables:
    x1 [0, inf] (Continuous)
    x2 [0, inf] (Continuous)
    x3 [0, inf] (Continuous)
    x4 [0, inf] (Continuous)
    x5 [0, inf] (Continuous)
    x6 [0, inf] (Continuous)
    x7 [0, inf] (Continuous)
    x8 [-0, 18] (Integer)
    x9 [-0, 18] (Integer)
    x10 [-0, 18] (Integer)
    x11 [-0, 18] (Integer)
    x12 [-0, 18] (Integer)
    x13 [-0, 18] (Integer)
    x14 [57, 75] (Integer)
    x15 [57, 75] (Integer)
    x16 [57, 75] (Integer)
    x17 [57, 75] (Integer)
    x18 [57, 75] (Integer)

Constraints:
    +1 x6 - 20 x17 <= 0
    +1 x3 - 20 x16 <= 0
    +1 x1 - 20 x18 <= 0
    +1 x4 - 20 x15 <= 0
    +1 x2 - 20 x14 <= 0
    +1 x5 - 20 x7 <= 0
    +0.9 x7 + +1 x12 - 1 x15 = 0
    +1 x11 + +0.9 x15 - 1 x17 = 0
    +1 x10 + +0.9 x17 - 1 x18 = 0
    +1 x9 - 1 x16 + +0.9 x18 = 0
    +1 x13 - 1 x14 + +0.9 x16 = 0
    +1 x7 = 60
    +1 x6 - 100 x10 + +150 x17 >= 8000
    +1 x5 + +150 x7 - 100 x12 >= 8000
    +1 x3 - 100 x13 + +150 x16 >= 9000
    +1 x4 - 100 x11 + +150 x15 >= 9000
    +1 x1 - 100 x9 + +150 x18 >= 10000
    +1 x2 - 100 x8 + +150 x14 >= 12000
2025-01-28 17:25:19,861 - INFO: Solving Canonical Form from Original Model
2025-01-28 17:25:19,868 - INFO: Solve Status: Optimal solution found
2025-01-28 17:25:19,869 - INFO: Solve Time: 0.0060 seconds
2025-01-28 17:25:19,869 - INFO: Objective Value: 1201500.0
2025-01-28 17:25:19,870 - INFO: Solving Canonical Form from Permuted Model
2025-01-28 17:25:19,880 - INFO: Solve Status: Optimal solution found
2025-01-28 17:25:19,880 - INFO: Solve Time: 0.0100 seconds
2025-01-28 17:25:19,881 - INFO: Objective Value: 1201500.0
2025-01-28 17:25:19,881 - DEBUG: Starting model validation...
2025-01-28 17:25:19,882 - DEBUG: Original canonical matrix: shape=(18, 18), nnz=46
2025-01-28 17:25:19,882 - DEBUG: Permuted canonical matrix: shape=(18, 18), nnz=46
2025-01-28 17:25:19,883 - DEBUG: Starting detailed model comparison...
2025-01-28 17:25:19,884 - DEBUG: Matrix coefficient differences found:
2025-01-28 17:25:19,885 - DEBUG: Position 22: 0.9 vs -1.0
2025-01-28 17:25:19,885 - DEBUG: Position 23: -1.0 vs 0.9
2025-01-28 17:25:19,886 - DEBUG: Validation result: False
2025-01-28 17:25:19,886 - DEBUG: Detailed model comparison:
2025-01-28 17:25:19,887 - DEBUG: Matrix coefficient differences found:
2025-01-28 17:25:19,888 - DEBUG: Position (0, 0): 1.0 vs 0.0
2025-01-28 17:25:19,889 - DEBUG: Position (0, 5): 0.0 vs 1.0
2025-01-28 17:25:19,889 - DEBUG: Position (0, 15): -20.0 vs 0.0
2025-01-28 17:25:19,890 - DEBUG: Position (0, 16): 0.0 vs -20.0
2025-01-28 17:25:19,890 - DEBUG: Position (1, 1): 1.0 vs 0.0
2025-01-28 17:25:19,891 - DEBUG: Position (1, 2): 0.0 vs 1.0
2025-01-28 17:25:19,892 - DEBUG: Position (1, 15): 0.0 vs -20.0
2025-01-28 17:25:19,893 - DEBUG: Position (1, 17): -20.0 vs 0.0
2025-01-28 17:25:19,894 - DEBUG: Position (2, 0): 0.0 vs 1.0
2025-01-28 17:25:19,894 - DEBUG: Position (2, 2): 1.0 vs 0.0
2025-01-28 17:25:19,895 - DEBUG: Position (2, 16): -20.0 vs 0.0
2025-01-28 17:25:19,895 - DEBUG: Position (2, 17): 0.0 vs -20.0
2025-01-28 17:25:19,896 - DEBUG: Position (4, 1): 0.0 vs 1.0
2025-01-28 17:25:19,896 - DEBUG: Position (4, 4): 1.0 vs 0.0
2025-01-28 17:25:19,897 - DEBUG: Position (5, 4): 0.0 vs 1.0
2025-01-28 17:25:19,897 - DEBUG: Position (5, 5): 1.0 vs 0.0
2025-01-28 17:25:19,898 - DEBUG: Position (7, 10): 0.0 vs 1.0
2025-01-28 17:25:19,898 - DEBUG: Position (7, 12): 1.0 vs 0.0
2025-01-28 17:25:19,899 - DEBUG: Position (7, 15): -1.0 vs 0.0
2025-01-28 17:25:19,899 - DEBUG: Position (7, 16): 0.0 vs -1.0
2025-01-28 17:25:19,900 - DEBUG: Position (8, 8): 1.0 vs 0.0
2025-01-28 17:25:19,900 - DEBUG: Position (8, 9): 0.0 vs 1.0
2025-01-28 17:25:19,901 - DEBUG: Position (8, 15): 0.9 vs 0.0
2025-01-28 17:25:19,901 - DEBUG: Position (8, 16): -1.0 vs 0.9
2025-01-28 17:25:19,902 - DEBUG: Position (8, 17): 0.0 vs -1.0
2025-01-28 17:25:19,902 - DEBUG: Position (9, 8): 0.0 vs 1.0
2025-01-28 17:25:19,903 - DEBUG: Position (9, 9): 1.0 vs 0.0
2025-01-28 17:25:19,903 - DEBUG: Position (9, 15): 0.0 vs -1.0
2025-01-28 17:25:19,904 - DEBUG: Position (9, 16): 0.9 vs 0.0
2025-01-28 17:25:19,905 - DEBUG: Position (9, 17): -1.0 vs 0.9
2025-01-28 17:25:19,905 - DEBUG: Position (10, 10): 1.0 vs 0.0
2025-01-28 17:25:19,906 - DEBUG: Position (10, 12): 0.0 vs 1.0
2025-01-28 17:25:19,907 - DEBUG: Position (10, 15): 0.0 vs 0.9
2025-01-28 17:25:19,907 - DEBUG: Position (10, 17): 0.9 vs 0.0
2025-01-28 17:25:19,908 - DEBUG: Position (12, 0): 1.0 vs 0.0
2025-01-28 17:25:19,908 - DEBUG: Position (12, 5): 0.0 vs 1.0
2025-01-28 17:25:19,909 - DEBUG: Position (12, 8): -100.0 vs 0.0
2025-01-28 17:25:19,909 - DEBUG: Position (12, 9): 0.0 vs -100.0
2025-01-28 17:25:19,910 - DEBUG: Position (12, 15): 150.0 vs 0.0
2025-01-28 17:25:19,910 - DEBUG: Position (12, 16): 0.0 vs 150.0
2025-01-28 17:25:19,910 - DEBUG: Position (13, 4): 0.0 vs 1.0
2025-01-28 17:25:19,911 - DEBUG: Position (13, 5): 1.0 vs 0.0
2025-01-28 17:25:19,911 - DEBUG: Position (14, 1): 1.0 vs 0.0
2025-01-28 17:25:19,911 - DEBUG: Position (14, 2): 0.0 vs 1.0
2025-01-28 17:25:19,912 - DEBUG: Position (14, 10): -100.0 vs 0.0
2025-01-28 17:25:19,912 - DEBUG: Position (14, 12): 0.0 vs -100.0
2025-01-28 17:25:19,913 - DEBUG: Position (14, 15): 0.0 vs 150.0
2025-01-28 17:25:19,913 - DEBUG: Position (14, 17): 150.0 vs 0.0
2025-01-28 17:25:19,914 - DEBUG: Position (15, 10): 0.0 vs -100.0
2025-01-28 17:25:19,914 - DEBUG: Position (15, 12): -100.0 vs 0.0
2025-01-28 17:25:19,914 - DEBUG: Position (16, 0): 0.0 vs 1.0
2025-01-28 17:25:19,915 - DEBUG: Position (16, 2): 1.0 vs 0.0
2025-01-28 17:25:19,915 - DEBUG: Position (16, 8): 0.0 vs -100.0
2025-01-28 17:25:19,915 - DEBUG: Position (16, 9): -100.0 vs 0.0
2025-01-28 17:25:19,916 - DEBUG: Position (16, 16): 150.0 vs 0.0
2025-01-28 17:25:19,916 - DEBUG: Position (16, 17): 0.0 vs 150.0
2025-01-28 17:25:19,917 - DEBUG: Position (17, 1): 0.0 vs 1.0
2025-01-28 17:25:19,917 - DEBUG: Position (17, 4): 1.0 vs 0.0
2025-01-28 17:25:19,918 - INFO: Iteration 1 Results:
2025-01-28 17:25:19,919 - INFO: - Models equivalent: False
2025-01-28 17:25:19,919 - INFO: - Variable counts match: True
2025-01-28 17:25:19,920 - INFO: - Constraint counts match: True
2025-01-28 17:25:19,920 - INFO: - Original Objective Value: 1201500.0
2025-01-28 17:25:19,921 - INFO: - Permuted Objective Value: 1201500.0
2025-01-28 17:25:19,921 - INFO: - Canonical from Original Objective Value: 1201500.0
2025-01-28 17:25:19,922 - INFO: - Canonical from Permuted Objective Value: 1201500.0
2025-01-28 17:25:19,923 - INFO: - Original Solve Time: 0.0099995136 seconds
2025-01-28 17:25:19,923 - INFO: - Permuted Solve Time: 0.0100100040 seconds
2025-01-28 17:25:19,923 - INFO: - Canonical from Original Solve Time: 0.0060024261 seconds
2025-01-28 17:25:19,924 - INFO: - Canonical from Permuted Solve Time: 0.0099949837 seconds
2025-01-28 17:25:19,924 - INFO: Running iteration 2/4
2025-01-28 17:25:19,925 - DEBUG: Starting new iteration...
2025-01-28 17:25:19,925 - INFO: Creating Permuted Problem
2025-01-28 17:25:19,929 - DEBUG: 
Objective:
    +2700 x0 + +1500 x1 + +2700 x2 + +30 x3 + +30 x4 + +30 x5 + +1500 x6 + +2700 x7 + +2700 x8 + +1500 x9 + +2700 x10 + +30 x11 + +1500 x12 + +1500 x13 + +2700 x14 + +1500 x15 + +30 x16 + +30 x17 (minimize)

Variables:
    x0 [57, 75] (Integer)
    x1 [-0, 18] (Integer)
    x2 [57, 75] (Integer)
    x3 [0, inf] (Continuous)
    x4 [0, inf] (Continuous)
    x5 [0, inf] (Continuous)
    x6 [-0, 18] (Integer)
    x7 [0, inf] (Continuous)
    x8 [57, 75] (Integer)
    x9 [-0, 18] (Integer)
    x10 [57, 75] (Integer)
    x11 [0, inf] (Continuous)
    x12 [-0, 18] (Integer)
    x13 [-0, 18] (Integer)
    x14 [57, 75] (Integer)
    x15 [-0, 18] (Integer)
    x16 [0, inf] (Continuous)
    x17 [0, inf] (Continuous)

Constraints:
    +1 x7 = 60
    +1 x3 + +150 x7 - 100 x15 >= 8000
    +1 x3 - 20 x7 <= 0
    -1 x0 + +0.9 x7 + +1 x15 = 0
    +150 x0 - 100 x13 + +1 x17 >= 9000
    -20 x0 + +1 x17 <= 0
    +0.9 x0 - 1 x2 + +1 x13 = 0
    +150 x2 - 100 x9 + +1 x16 >= 8000
    -20 x2 + +1 x16 <= 0
    +0.9 x2 + +1 x9 - 1 x10 = 0
    -100 x6 + +150 x10 + +1 x11 >= 10000
    -20 x10 + +1 x11 <= 0
    +1 x6 - 1 x8 + +0.9 x10 = 0
    +1 x4 + +150 x8 - 100 x12 >= 9000
    +1 x4 - 20 x8 <= 0
    +0.9 x8 + +1 x12 - 1 x14 = 0
    -100 x1 + +1 x5 + +150 x14 >= 12000
    +1 x5 - 20 x14 <= 0
2025-01-28 17:25:19,936 - INFO: Solving Permuted Problem
2025-01-28 17:25:19,945 - INFO: Solve Status: Optimal solution found
2025-01-28 17:25:19,946 - INFO: Solve Time: 0.0080 seconds
2025-01-28 17:25:19,946 - INFO: Objective Value: 1201500.0
2025-01-28 17:25:19,946 - INFO: Permuted Problem Results:
2025-01-28 17:25:19,947 - INFO: - Objective Value: 1201500.0
2025-01-28 17:25:19,947 - INFO: - Solve Time: 0.0080058575 seconds
2025-01-28 17:25:19,948 - DEBUG: Before canonicalization:
2025-01-28 17:25:19,948 - DEBUG: Original matrix: shape=(18, 18), nnz=46
2025-01-28 17:25:19,949 - DEBUG: Permuted matrix: shape=(18, 18), nnz=46
2025-01-28 17:25:19,949 - DEBUG: Generating canonical form for permuted model...
2025-01-28 17:25:19,951 - DEBUG: Variable scores before ordering:
2025-01-28 17:25:19,951 - DEBUG: Var 0 score: 2830.1377353792614
2025-01-28 17:25:19,952 - DEBUG: Var 1 score: 2741.3886831633463
2025-01-28 17:25:19,952 - DEBUG: Var 2 score: 2830.1377353792614
2025-01-28 17:25:19,953 - DEBUG: Var 3 score: 1363.3987204485147
2025-01-28 17:25:19,953 - DEBUG: Var 4 score: 1363.3987204485147
2025-01-28 17:25:19,953 - DEBUG: Var 5 score: 1363.3987204485147
2025-01-28 17:25:19,954 - DEBUG: Var 6 score: 2751.3886831633463
2025-01-28 17:25:19,954 - DEBUG: Var 7 score: 1830.1377353792616
2025-01-28 17:25:19,955 - DEBUG: Var 8 score: 2830.1377353792614
2025-01-28 17:25:19,955 - DEBUG: Var 9 score: 2751.3886831633463
2025-01-28 17:25:19,956 - DEBUG: Var 10 score: 2830.1377353792614
2025-01-28 17:25:19,957 - DEBUG: Var 11 score: 1363.3987204485147
2025-01-28 17:25:19,957 - DEBUG: Var 12 score: 2751.3886831633463
2025-01-28 17:25:19,958 - DEBUG: Var 13 score: 2751.3886831633463
2025-01-28 17:25:19,958 - DEBUG: Var 14 score: 2820.1377353792614
2025-01-28 17:25:19,959 - DEBUG: Var 15 score: 2751.3886831633463
2025-01-28 17:25:19,959 - DEBUG: Var 16 score: 1363.3987204485147
2025-01-28 17:25:19,959 - DEBUG: Var 17 score: 1363.3987204485147
2025-01-28 17:25:19,960 - DEBUG: Variable ordering:
2025-01-28 17:25:19,961 - DEBUG: Order: [17  3  4  5 16 11  7  1 15  6  9 12 13 14  0  2 10  8]
2025-01-28 17:25:19,961 - DEBUG: Original bounds before reordering:
2025-01-28 17:25:19,961 - DEBUG: Var 0 (Type: Integer): [57.0, 75.0]
2025-01-28 17:25:19,962 - DEBUG: Var 1 (Type: Integer): [-0.0, 18.0]
2025-01-28 17:25:19,962 - DEBUG: Var 2 (Type: Integer): [57.0, 75.0]
2025-01-28 17:25:19,963 - DEBUG: Var 3 (Type: Continuous): [0.0, inf]
2025-01-28 17:25:19,963 - DEBUG: Var 4 (Type: Continuous): [0.0, inf]
2025-01-28 17:25:19,964 - DEBUG: Var 5 (Type: Continuous): [0.0, inf]
2025-01-28 17:25:19,964 - DEBUG: Var 6 (Type: Integer): [-0.0, 18.0]
2025-01-28 17:25:19,964 - DEBUG: Var 7 (Type: Continuous): [0.0, inf]
2025-01-28 17:25:19,965 - DEBUG: Var 8 (Type: Integer): [57.0, 75.0]
2025-01-28 17:25:19,965 - DEBUG: Var 9 (Type: Integer): [-0.0, 18.0]
2025-01-28 17:25:19,966 - DEBUG: Var 10 (Type: Integer): [57.0, 75.0]
2025-01-28 17:25:19,966 - DEBUG: Var 11 (Type: Continuous): [0.0, inf]
2025-01-28 17:25:19,967 - DEBUG: Var 12 (Type: Integer): [-0.0, 18.0]
2025-01-28 17:25:19,967 - DEBUG: Var 13 (Type: Integer): [-0.0, 18.0]
2025-01-28 17:25:19,968 - DEBUG: Var 14 (Type: Integer): [57.0, 75.0]
2025-01-28 17:25:19,968 - DEBUG: Var 15 (Type: Integer): [-0.0, 18.0]
2025-01-28 17:25:19,969 - DEBUG: Var 16 (Type: Continuous): [0.0, inf]
2025-01-28 17:25:19,969 - DEBUG: Var 17 (Type: Continuous): [0.0, inf]
2025-01-28 17:25:19,973 - DEBUG: Constraint scores before ordering:
2025-01-28 17:25:19,974 - DEBUG: Constr 0: Score: 2418.7120054034904
2025-01-28 17:25:19,974 - DEBUG: Constr 1: Score: 4007.5131095663055
2025-01-28 17:25:19,975 - DEBUG: Constr 2: Score: 1040.467738636192
2025-01-28 17:25:19,976 - DEBUG: Constr 3: Score: 2021.380094761591
2025-01-28 17:25:19,976 - DEBUG: Constr 4: Score: 4019.2900244070015
2025-01-28 17:25:19,977 - DEBUG: Constr 5: Score: 1040.467738636192
2025-01-28 17:25:19,978 - DEBUG: Constr 6: Score: 2021.380094761591
2025-01-28 17:25:19,978 - DEBUG: Constr 7: Score: 4007.5131095663055
2025-01-28 17:25:19,979 - DEBUG: Constr 8: Score: 1040.467738636192
2025-01-28 17:25:19,979 - DEBUG: Constr 9: Score: 2021.380094761591
2025-01-28 17:25:19,980 - DEBUG: Constr 10: Score: 4029.824964978945
2025-01-28 17:25:19,980 - DEBUG: Constr 11: Score: 1040.467738636192
2025-01-28 17:25:19,980 - DEBUG: Constr 12: Score: 2021.380094761591
2025-01-28 17:25:19,981 - DEBUG: Constr 13: Score: 4019.2900244070015
2025-01-28 17:25:19,981 - DEBUG: Constr 14: Score: 1040.467738636192
2025-01-28 17:25:19,982 - DEBUG: Constr 15: Score: 2021.380094761591
2025-01-28 17:25:19,982 - DEBUG: Constr 16: Score: 4048.055454144437
2025-01-28 17:25:19,983 - DEBUG: Constr 17: Score: 1040.467738636192
2025-01-28 17:25:19,983 - DEBUG: Constraint ordering:
2025-01-28 17:25:19,984 - DEBUG: Order: [ 8 14 11  5 17  2  3  6  9 12 15  0  7  1 13  4 10 16]
2025-01-28 17:25:19,984 - DEBUG: Original constraints before reordering:
2025-01-28 17:25:19,985 - DEBUG: Constr 0: = 60.0
2025-01-28 17:25:19,985 - DEBUG: Constr 1: >= 8000.0
2025-01-28 17:25:19,986 - DEBUG: Constr 2: <= 0.0
2025-01-28 17:25:19,986 - DEBUG: Constr 3: = 0.0
2025-01-28 17:25:19,987 - DEBUG: Constr 4: >= 9000.0
2025-01-28 17:25:19,987 - DEBUG: Constr 5: <= 0.0
2025-01-28 17:25:19,988 - DEBUG: Constr 6: = 0.0
2025-01-28 17:25:19,989 - DEBUG: Constr 7: >= 8000.0
2025-01-28 17:25:19,990 - DEBUG: Constr 8: <= 0.0
2025-01-28 17:25:19,991 - DEBUG: Constr 9: = 0.0
2025-01-28 17:25:19,992 - DEBUG: Constr 10: >= 10000.0
2025-01-28 17:25:19,992 - DEBUG: Constr 11: <= 0.0
2025-01-28 17:25:19,993 - DEBUG: Constr 12: = 0.0
2025-01-28 17:25:19,993 - DEBUG: Constr 13: >= 9000.0
2025-01-28 17:25:19,994 - DEBUG: Constr 14: <= 0.0
2025-01-28 17:25:19,994 - DEBUG: Constr 15: = 0.0
2025-01-28 17:25:19,995 - DEBUG: Constr 16: >= 12000.0
2025-01-28 17:25:19,995 - DEBUG: Constr 17: <= 0.0
2025-01-28 17:25:19,998 - DEBUG: 
Objective:
    +30 x1 + +30 x2 + +30 x3 + +30 x4 + +30 x5 + +30 x6 + +2700 x7 + +1500 x8 + +1500 x9 + +1500 x10 + +1500 x11 + +1500 x12 + +1500 x13 + +2700 x14 + +2700 x15 + +2700 x16 + +2700 x17 + +2700 x18 (minimize)

Variables:
    x1 [0, inf] (Continuous)
    x2 [0, inf] (Continuous)
    x3 [0, inf] (Continuous)
    x4 [0, inf] (Continuous)
    x5 [0, inf] (Continuous)
    x6 [0, inf] (Continuous)
    x7 [0, inf] (Continuous)
    x8 [-0, 18] (Integer)
    x9 [-0, 18] (Integer)
    x10 [-0, 18] (Integer)
    x11 [-0, 18] (Integer)
    x12 [-0, 18] (Integer)
    x13 [-0, 18] (Integer)
    x14 [57, 75] (Integer)
    x15 [57, 75] (Integer)
    x16 [57, 75] (Integer)
    x17 [57, 75] (Integer)
    x18 [57, 75] (Integer)

Constraints:
    +1 x5 - 20 x16 <= 0
    +1 x3 - 20 x18 <= 0
    +1 x6 - 20 x17 <= 0
    +1 x1 - 20 x15 <= 0
    +1 x4 - 20 x14 <= 0
    +1 x2 - 20 x7 <= 0
    +0.9 x7 + +1 x9 - 1 x15 = 0
    +1 x13 + +0.9 x15 - 1 x16 = 0
    +1 x11 + +0.9 x16 - 1 x17 = 0
    +1 x10 + +0.9 x17 - 1 x18 = 0
    +1 x12 - 1 x14 + +0.9 x18 = 0
    +1 x7 = 60
    +1 x5 - 100 x11 + +150 x16 >= 8000
    +1 x2 + +150 x7 - 100 x9 >= 8000
    +1 x3 - 100 x12 + +150 x18 >= 9000
    +1 x1 - 100 x13 + +150 x15 >= 9000
    +1 x6 - 100 x10 + +150 x17 >= 10000
    +1 x4 - 100 x8 + +150 x14 >= 12000
2025-01-28 17:25:20,006 - INFO: Solving Canonical Form from Original Model
2025-01-28 17:25:20,014 - INFO: Solve Status: Optimal solution found
2025-01-28 17:25:20,014 - INFO: Solve Time: 0.0070 seconds
2025-01-28 17:25:20,015 - INFO: Objective Value: 1201500.0
2025-01-28 17:25:20,015 - INFO: Solving Canonical Form from Permuted Model
2025-01-28 17:25:20,023 - INFO: Solve Status: Optimal solution found
2025-01-28 17:25:20,024 - INFO: Solve Time: 0.0080 seconds
2025-01-28 17:25:20,024 - INFO: Objective Value: 1201500.0
2025-01-28 17:25:20,025 - DEBUG: Starting model validation...
2025-01-28 17:25:20,026 - DEBUG: Original canonical matrix: shape=(18, 18), nnz=46
2025-01-28 17:25:20,026 - DEBUG: Permuted canonical matrix: shape=(18, 18), nnz=46
2025-01-28 17:25:20,027 - DEBUG: Starting detailed model comparison...
2025-01-28 17:25:20,030 - DEBUG: Models are equivalent within tolerance
2025-01-28 17:25:20,031 - DEBUG: Validation result: True
2025-01-28 17:25:20,031 - INFO: Iteration 2 Results:
2025-01-28 17:25:20,032 - INFO: - Models equivalent: True
2025-01-28 17:25:20,032 - INFO: - Variable counts match: True
2025-01-28 17:25:20,033 - INFO: - Constraint counts match: True
2025-01-28 17:25:20,033 - INFO: - Original Objective Value: 1201500.0
2025-01-28 17:25:20,034 - INFO: - Permuted Objective Value: 1201500.0
2025-01-28 17:25:20,034 - INFO: - Canonical from Original Objective Value: 1201500.0
2025-01-28 17:25:20,035 - INFO: - Canonical from Permuted Objective Value: 1201500.0
2025-01-28 17:25:20,036 - INFO: - Original Solve Time: 0.0099995136 seconds
2025-01-28 17:25:20,036 - INFO: - Permuted Solve Time: 0.0080058575 seconds
2025-01-28 17:25:20,037 - INFO: - Canonical from Original Solve Time: 0.0070006847 seconds
2025-01-28 17:25:20,037 - INFO: - Canonical from Permuted Solve Time: 0.0080170631 seconds
2025-01-28 17:25:20,038 - INFO: Running iteration 3/4
2025-01-28 17:25:20,039 - DEBUG: Starting new iteration...
2025-01-28 17:25:20,039 - INFO: Creating Permuted Problem
2025-01-28 17:25:20,044 - DEBUG: 
Objective:
    +30 x0 + +30 x1 + +2700 x2 + +30 x3 + +30 x4 + +1500 x5 + +1500 x6 + +30 x7 + +1500 x8 + +2700 x9 + +2700 x10 + +30 x11 + +2700 x12 + +2700 x13 + +1500 x14 + +1500 x15 + +1500 x16 + +2700 x17 (minimize)

Variables:
    x0 [0, inf] (Continuous)
    x1 [0, inf] (Continuous)
    x2 [57, 75] (Integer)
    x3 [0, inf] (Continuous)
    x4 [0, inf] (Continuous)
    x5 [-0, 18] (Integer)
    x6 [-0, 18] (Integer)
    x7 [0, inf] (Continuous)
    x8 [-0, 18] (Integer)
    x9 [57, 75] (Integer)
    x10 [0, inf] (Continuous)
    x11 [0, inf] (Continuous)
    x12 [57, 75] (Integer)
    x13 [57, 75] (Integer)
    x14 [-0, 18] (Integer)
    x15 [-0, 18] (Integer)
    x16 [-0, 18] (Integer)
    x17 [57, 75] (Integer)

Constraints:
    +1 x10 = 60
    +1 x3 - 100 x8 + +150 x10 >= 8000
    +1 x3 - 20 x10 <= 0
    +1 x8 + +0.9 x10 - 1 x12 = 0
    +1 x0 + +150 x12 - 100 x16 >= 9000
    +1 x0 - 20 x12 <= 0
    -1 x9 + +0.9 x12 + +1 x16 = 0
    -100 x6 + +1 x7 + +150 x9 >= 8000
    +1 x7 - 20 x9 <= 0
    -1 x2 + +1 x6 + +0.9 x9 = 0
    +150 x2 + +1 x11 - 100 x14 >= 10000
    -20 x2 + +1 x11 <= 0
    +0.9 x2 + +1 x14 - 1 x17 = 0
    +1 x4 - 100 x15 + +150 x17 >= 9000
    +1 x4 - 20 x17 <= 0
    -1 x13 + +1 x15 + +0.9 x17 = 0
    +1 x1 - 100 x5 + +150 x13 >= 12000
    +1 x1 - 20 x13 <= 0
2025-01-28 17:25:20,052 - INFO: Solving Permuted Problem
2025-01-28 17:25:20,061 - INFO: Solve Status: Optimal solution found
2025-01-28 17:25:20,062 - INFO: Solve Time: 0.0090 seconds
2025-01-28 17:25:20,062 - INFO: Objective Value: 1201500.0
2025-01-28 17:25:20,062 - INFO: Permuted Problem Results:
2025-01-28 17:25:20,063 - INFO: - Objective Value: 1201500.0
2025-01-28 17:25:20,063 - INFO: - Solve Time: 0.0090014935 seconds
2025-01-28 17:25:20,063 - DEBUG: Before canonicalization:
2025-01-28 17:25:20,064 - DEBUG: Original matrix: shape=(18, 18), nnz=46
2025-01-28 17:25:20,064 - DEBUG: Permuted matrix: shape=(18, 18), nnz=46
2025-01-28 17:25:20,064 - DEBUG: Generating canonical form for permuted model...
2025-01-28 17:25:20,066 - DEBUG: Variable scores before ordering:
2025-01-28 17:25:20,066 - DEBUG: Var 0 score: 1363.3987204485147
2025-01-28 17:25:20,067 - DEBUG: Var 1 score: 1363.3987204485147
2025-01-28 17:25:20,067 - DEBUG: Var 2 score: 2830.1377353792614
2025-01-28 17:25:20,067 - DEBUG: Var 3 score: 1363.3987204485147
2025-01-28 17:25:20,068 - DEBUG: Var 4 score: 1363.3987204485147
2025-01-28 17:25:20,068 - DEBUG: Var 5 score: 2741.3886831633463
2025-01-28 17:25:20,069 - DEBUG: Var 6 score: 2751.3886831633463
2025-01-28 17:25:20,069 - DEBUG: Var 7 score: 1363.3987204485147
2025-01-28 17:25:20,070 - DEBUG: Var 8 score: 2751.3886831633463
2025-01-28 17:25:20,070 - DEBUG: Var 9 score: 2830.1377353792614
2025-01-28 17:25:20,071 - DEBUG: Var 10 score: 1830.1377353792616
2025-01-28 17:25:20,071 - DEBUG: Var 11 score: 1363.3987204485147
2025-01-28 17:25:20,072 - DEBUG: Var 12 score: 2830.1377353792614
2025-01-28 17:25:20,073 - DEBUG: Var 13 score: 2820.1377353792614
2025-01-28 17:25:20,073 - DEBUG: Var 14 score: 2751.3886831633463
2025-01-28 17:25:20,074 - DEBUG: Var 15 score: 2751.3886831633463
2025-01-28 17:25:20,074 - DEBUG: Var 16 score: 2751.3886831633463
2025-01-28 17:25:20,074 - DEBUG: Var 17 score: 2830.1377353792614
2025-01-28 17:25:20,075 - DEBUG: Variable ordering:
2025-01-28 17:25:20,075 - DEBUG: Order: [ 0  1  3  4  7 11 10  5 15 14  8 16  6 13 12  2  9 17]
2025-01-28 17:25:20,076 - DEBUG: Original bounds before reordering:
2025-01-28 17:25:20,076 - DEBUG: Var 0 (Type: Continuous): [0.0, inf]
2025-01-28 17:25:20,076 - DEBUG: Var 1 (Type: Continuous): [0.0, inf]
2025-01-28 17:25:20,077 - DEBUG: Var 2 (Type: Integer): [57.0, 75.0]
2025-01-28 17:25:20,077 - DEBUG: Var 3 (Type: Continuous): [0.0, inf]
2025-01-28 17:25:20,077 - DEBUG: Var 4 (Type: Continuous): [0.0, inf]
2025-01-28 17:25:20,078 - DEBUG: Var 5 (Type: Integer): [-0.0, 18.0]
2025-01-28 17:25:20,078 - DEBUG: Var 6 (Type: Integer): [-0.0, 18.0]
2025-01-28 17:25:20,078 - DEBUG: Var 7 (Type: Continuous): [0.0, inf]
2025-01-28 17:25:20,079 - DEBUG: Var 8 (Type: Integer): [-0.0, 18.0]
2025-01-28 17:25:20,079 - DEBUG: Var 9 (Type: Integer): [57.0, 75.0]
2025-01-28 17:25:20,079 - DEBUG: Var 10 (Type: Continuous): [0.0, inf]
2025-01-28 17:25:20,080 - DEBUG: Var 11 (Type: Continuous): [0.0, inf]
2025-01-28 17:25:20,081 - DEBUG: Var 12 (Type: Integer): [57.0, 75.0]
2025-01-28 17:25:20,081 - DEBUG: Var 13 (Type: Integer): [57.0, 75.0]
2025-01-28 17:25:20,081 - DEBUG: Var 14 (Type: Integer): [-0.0, 18.0]
2025-01-28 17:25:20,082 - DEBUG: Var 15 (Type: Integer): [-0.0, 18.0]
2025-01-28 17:25:20,082 - DEBUG: Var 16 (Type: Integer): [-0.0, 18.0]
2025-01-28 17:25:20,082 - DEBUG: Var 17 (Type: Integer): [57.0, 75.0]
2025-01-28 17:25:20,085 - DEBUG: Constraint scores before ordering:
2025-01-28 17:25:20,086 - DEBUG: Constr 0: Score: 2418.7120054034904
2025-01-28 17:25:20,086 - DEBUG: Constr 1: Score: 4007.5131095663055
2025-01-28 17:25:20,087 - DEBUG: Constr 2: Score: 1040.467738636192
2025-01-28 17:25:20,088 - DEBUG: Constr 3: Score: 2021.380094761591
2025-01-28 17:25:20,088 - DEBUG: Constr 4: Score: 4019.2900244070015
2025-01-28 17:25:20,089 - DEBUG: Constr 5: Score: 1040.467738636192
2025-01-28 17:25:20,089 - DEBUG: Constr 6: Score: 2021.380094761591
2025-01-28 17:25:20,090 - DEBUG: Constr 7: Score: 4007.5131095663055
2025-01-28 17:25:20,090 - DEBUG: Constr 8: Score: 1040.467738636192
2025-01-28 17:25:20,090 - DEBUG: Constr 9: Score: 2021.380094761591
2025-01-28 17:25:20,091 - DEBUG: Constr 10: Score: 4029.824964978945
2025-01-28 17:25:20,091 - DEBUG: Constr 11: Score: 1040.467738636192
2025-01-28 17:25:20,091 - DEBUG: Constr 12: Score: 2021.380094761591
2025-01-28 17:25:20,092 - DEBUG: Constr 13: Score: 4019.2900244070015
2025-01-28 17:25:20,092 - DEBUG: Constr 14: Score: 1040.467738636192
2025-01-28 17:25:20,092 - DEBUG: Constr 15: Score: 2021.380094761591
2025-01-28 17:25:20,093 - DEBUG: Constr 16: Score: 4048.055454144437
2025-01-28 17:25:20,093 - DEBUG: Constr 17: Score: 1040.467738636192
2025-01-28 17:25:20,093 - DEBUG: Constraint ordering:
2025-01-28 17:25:20,094 - DEBUG: Order: [ 8 14 11  5 17  2  3  6  9 12 15  0  7  1 13  4 10 16]
2025-01-28 17:25:20,094 - DEBUG: Original constraints before reordering:
2025-01-28 17:25:20,094 - DEBUG: Constr 0: = 60.0
2025-01-28 17:25:20,095 - DEBUG: Constr 1: >= 8000.0
2025-01-28 17:25:20,095 - DEBUG: Constr 2: <= 0.0
2025-01-28 17:25:20,095 - DEBUG: Constr 3: = 0.0
2025-01-28 17:25:20,096 - DEBUG: Constr 4: >= 9000.0
2025-01-28 17:25:20,096 - DEBUG: Constr 5: <= 0.0
2025-01-28 17:25:20,096 - DEBUG: Constr 6: = 0.0
2025-01-28 17:25:20,097 - DEBUG: Constr 7: >= 8000.0
2025-01-28 17:25:20,097 - DEBUG: Constr 8: <= 0.0
2025-01-28 17:25:20,097 - DEBUG: Constr 9: = 0.0
2025-01-28 17:25:20,098 - DEBUG: Constr 10: >= 10000.0
2025-01-28 17:25:20,098 - DEBUG: Constr 11: <= 0.0
2025-01-28 17:25:20,098 - DEBUG: Constr 12: = 0.0
2025-01-28 17:25:20,099 - DEBUG: Constr 13: >= 9000.0
2025-01-28 17:25:20,099 - DEBUG: Constr 14: <= 0.0
2025-01-28 17:25:20,099 - DEBUG: Constr 15: = 0.0
2025-01-28 17:25:20,100 - DEBUG: Constr 16: >= 12000.0
2025-01-28 17:25:20,100 - DEBUG: Constr 17: <= 0.0
2025-01-28 17:25:20,106 - DEBUG: 
Objective:
    +30 x1 + +30 x2 + +30 x3 + +30 x4 + +30 x5 + +30 x6 + +2700 x7 + +1500 x8 + +1500 x9 + +1500 x10 + +1500 x11 + +1500 x12 + +1500 x13 + +2700 x14 + +2700 x15 + +2700 x16 + +2700 x17 + +2700 x18 (minimize)

Variables:
    x1 [0, inf] (Continuous)
    x2 [0, inf] (Continuous)
    x3 [0, inf] (Continuous)
    x4 [0, inf] (Continuous)
    x5 [0, inf] (Continuous)
    x6 [0, inf] (Continuous)
    x7 [0, inf] (Continuous)
    x8 [-0, 18] (Integer)
    x9 [-0, 18] (Integer)
    x10 [-0, 18] (Integer)
    x11 [-0, 18] (Integer)
    x12 [-0, 18] (Integer)
    x13 [-0, 18] (Integer)
    x14 [57, 75] (Integer)
    x15 [57, 75] (Integer)
    x16 [57, 75] (Integer)
    x17 [57, 75] (Integer)
    x18 [57, 75] (Integer)

Constraints:
    +1 x5 - 20 x17 <= 0
    +1 x4 - 20 x18 <= 0
    +1 x6 - 20 x16 <= 0
    +1 x1 - 20 x15 <= 0
    +1 x2 - 20 x14 <= 0
    +1 x3 - 20 x7 <= 0
    +0.9 x7 + +1 x11 - 1 x15 = 0
    +1 x12 + +0.9 x15 - 1 x17 = 0
    +1 x13 - 1 x16 + +0.9 x17 = 0
    +1 x10 + +0.9 x16 - 1 x18 = 0
    +1 x9 - 1 x14 + +0.9 x18 = 0
    +1 x7 = 60
    +1 x5 - 100 x13 + +150 x17 >= 8000
    +1 x3 + +150 x7 - 100 x11 >= 8000
    +1 x4 - 100 x9 + +150 x18 >= 9000
    +1 x1 - 100 x12 + +150 x15 >= 9000
    +1 x6 - 100 x10 + +150 x16 >= 10000
    +1 x2 - 100 x8 + +150 x14 >= 12000
2025-01-28 17:25:20,114 - INFO: Solving Canonical Form from Original Model
2025-01-28 17:25:20,126 - INFO: Solve Status: Optimal solution found
2025-01-28 17:25:20,126 - INFO: Solve Time: 0.0120 seconds
2025-01-28 17:25:20,127 - INFO: Objective Value: 1201500.0
2025-01-28 17:25:20,127 - INFO: Solving Canonical Form from Permuted Model
2025-01-28 17:25:20,133 - INFO: Solve Status: Optimal solution found
2025-01-28 17:25:20,134 - INFO: Solve Time: 0.0060 seconds
2025-01-28 17:25:20,134 - INFO: Objective Value: 1201500.0
2025-01-28 17:25:20,134 - DEBUG: Starting model validation...
2025-01-28 17:25:20,135 - DEBUG: Original canonical matrix: shape=(18, 18), nnz=46
2025-01-28 17:25:20,136 - DEBUG: Permuted canonical matrix: shape=(18, 18), nnz=46
2025-01-28 17:25:20,136 - DEBUG: Starting detailed model comparison...
2025-01-28 17:25:20,137 - DEBUG: Matrix coefficient differences found:
2025-01-28 17:25:20,137 - DEBUG: Position 19: 0.9 vs -1.0
2025-01-28 17:25:20,138 - DEBUG: Position 20: -1.0 vs 0.9
2025-01-28 17:25:20,139 - DEBUG: Validation result: False
2025-01-28 17:25:20,140 - DEBUG: Detailed model comparison:
2025-01-28 17:25:20,141 - DEBUG: Matrix coefficient differences found:
2025-01-28 17:25:20,141 - DEBUG: Position (0, 0): 1.0 vs 0.0
2025-01-28 17:25:20,141 - DEBUG: Position (0, 4): 0.0 vs 1.0
2025-01-28 17:25:20,142 - DEBUG: Position (0, 15): -20.0 vs 0.0
2025-01-28 17:25:20,142 - DEBUG: Position (0, 16): 0.0 vs -20.0
2025-01-28 17:25:20,142 - DEBUG: Position (1, 1): 1.0 vs 0.0
2025-01-28 17:25:20,143 - DEBUG: Position (1, 3): 0.0 vs 1.0
2025-01-28 17:25:20,143 - DEBUG: Position (2, 2): 1.0 vs 0.0
2025-01-28 17:25:20,143 - DEBUG: Position (2, 5): 0.0 vs 1.0
2025-01-28 17:25:20,144 - DEBUG: Position (2, 15): 0.0 vs -20.0
2025-01-28 17:25:20,144 - DEBUG: Position (2, 16): -20.0 vs 0.0
2025-01-28 17:25:20,145 - DEBUG: Position (3, 0): 0.0 vs 1.0
2025-01-28 17:25:20,145 - DEBUG: Position (3, 3): 1.0 vs 0.0
2025-01-28 17:25:20,146 - DEBUG: Position (4, 1): 0.0 vs 1.0
2025-01-28 17:25:20,146 - DEBUG: Position (4, 4): 1.0 vs 0.0
2025-01-28 17:25:20,147 - DEBUG: Position (5, 2): 0.0 vs 1.0
2025-01-28 17:25:20,147 - DEBUG: Position (5, 5): 1.0 vs 0.0
2025-01-28 17:25:20,148 - DEBUG: Position (6, 10): 0.0 vs 1.0
2025-01-28 17:25:20,148 - DEBUG: Position (6, 11): 1.0 vs 0.0
2025-01-28 17:25:20,148 - DEBUG: Position (7, 11): 0.0 vs 1.0
2025-01-28 17:25:20,149 - DEBUG: Position (7, 12): 1.0 vs 0.0
2025-01-28 17:25:20,149 - DEBUG: Position (7, 15): -1.0 vs 0.0
2025-01-28 17:25:20,150 - DEBUG: Position (7, 16): 0.0 vs -1.0
2025-01-28 17:25:20,150 - DEBUG: Position (8, 8): 1.0 vs 0.0
2025-01-28 17:25:20,150 - DEBUG: Position (8, 12): 0.0 vs 1.0
2025-01-28 17:25:20,151 - DEBUG: Position (8, 15): 0.9 vs -1.0
2025-01-28 17:25:20,151 - DEBUG: Position (8, 16): -1.0 vs 0.9
2025-01-28 17:25:20,152 - DEBUG: Position (9, 15): 0.0 vs 0.9
2025-01-28 17:25:20,153 - DEBUG: Position (9, 16): 0.9 vs 0.0
2025-01-28 17:25:20,153 - DEBUG: Position (10, 8): 0.0 vs 1.0
2025-01-28 17:25:20,154 - DEBUG: Position (10, 10): 1.0 vs 0.0
2025-01-28 17:25:20,155 - DEBUG: Position (12, 0): 1.0 vs 0.0
2025-01-28 17:25:20,156 - DEBUG: Position (12, 4): 0.0 vs 1.0
2025-01-28 17:25:20,156 - DEBUG: Position (12, 8): -100.0 vs 0.0
2025-01-28 17:25:20,157 - DEBUG: Position (12, 12): 0.0 vs -100.0
2025-01-28 17:25:20,157 - DEBUG: Position (12, 15): 150.0 vs 0.0
2025-01-28 17:25:20,158 - DEBUG: Position (12, 16): 0.0 vs 150.0
2025-01-28 17:25:20,158 - DEBUG: Position (13, 2): 0.0 vs 1.0
2025-01-28 17:25:20,158 - DEBUG: Position (13, 5): 1.0 vs 0.0
2025-01-28 17:25:20,159 - DEBUG: Position (13, 10): 0.0 vs -100.0
2025-01-28 17:25:20,159 - DEBUG: Position (13, 11): -100.0 vs 0.0
2025-01-28 17:25:20,160 - DEBUG: Position (14, 1): 1.0 vs 0.0
2025-01-28 17:25:20,160 - DEBUG: Position (14, 3): 0.0 vs 1.0
2025-01-28 17:25:20,161 - DEBUG: Position (14, 8): 0.0 vs -100.0
2025-01-28 17:25:20,161 - DEBUG: Position (14, 10): -100.0 vs 0.0
2025-01-28 17:25:20,161 - DEBUG: Position (15, 0): 0.0 vs 1.0
2025-01-28 17:25:20,162 - DEBUG: Position (15, 3): 1.0 vs 0.0
2025-01-28 17:25:20,162 - DEBUG: Position (15, 11): 0.0 vs -100.0
2025-01-28 17:25:20,162 - DEBUG: Position (15, 12): -100.0 vs 0.0
2025-01-28 17:25:20,163 - DEBUG: Position (16, 2): 1.0 vs 0.0
2025-01-28 17:25:20,163 - DEBUG: Position (16, 5): 0.0 vs 1.0
2025-01-28 17:25:20,164 - DEBUG: Position (16, 15): 0.0 vs 150.0
2025-01-28 17:25:20,164 - DEBUG: Position (16, 16): 150.0 vs 0.0
2025-01-28 17:25:20,164 - DEBUG: Position (17, 1): 0.0 vs 1.0
2025-01-28 17:25:20,165 - DEBUG: Position (17, 4): 1.0 vs 0.0
2025-01-28 17:25:20,166 - INFO: Iteration 3 Results:
2025-01-28 17:25:20,166 - INFO: - Models equivalent: False
2025-01-28 17:25:20,167 - INFO: - Variable counts match: True
2025-01-28 17:25:20,167 - INFO: - Constraint counts match: True
2025-01-28 17:25:20,167 - INFO: - Original Objective Value: 1201500.0
2025-01-28 17:25:20,168 - INFO: - Permuted Objective Value: 1201500.0
2025-01-28 17:25:20,169 - INFO: - Canonical from Original Objective Value: 1201500.0
2025-01-28 17:25:20,169 - INFO: - Canonical from Permuted Objective Value: 1201500.0
2025-01-28 17:25:20,170 - INFO: - Original Solve Time: 0.0099995136 seconds
2025-01-28 17:25:20,170 - INFO: - Permuted Solve Time: 0.0090014935 seconds
2025-01-28 17:25:20,170 - INFO: - Canonical from Original Solve Time: 0.0119953156 seconds
2025-01-28 17:25:20,171 - INFO: - Canonical from Permuted Solve Time: 0.0059998035 seconds
2025-01-28 17:25:20,172 - INFO: Running iteration 4/4
2025-01-28 17:25:20,172 - DEBUG: Starting new iteration...
2025-01-28 17:25:20,173 - INFO: Creating Permuted Problem
2025-01-28 17:25:20,176 - DEBUG: 
Objective:
    +1500 x0 + +30 x1 + +30 x2 + +2700 x3 + +2700 x4 + +2700 x5 + +1500 x6 + +30 x7 + +1500 x8 + +2700 x9 + +30 x10 + +1500 x11 + +2700 x12 + +30 x13 + +1500 x14 + +1500 x15 + +2700 x16 + +30 x17 (minimize)

Variables:
    x0 [-0, 18] (Integer)
    x1 [0, inf] (Continuous)
    x2 [0, inf] (Continuous)
    x3 [57, 75] (Integer)
    x4 [57, 75] (Integer)
    x5 [57, 75] (Integer)
    x6 [-0, 18] (Integer)
    x7 [0, inf] (Continuous)
    x8 [-0, 18] (Integer)
    x9 [57, 75] (Integer)
    x10 [0, inf] (Continuous)
    x11 [-0, 18] (Integer)
    x12 [57, 75] (Integer)
    x13 [0, inf] (Continuous)
    x14 [-0, 18] (Integer)
    x15 [-0, 18] (Integer)
    x16 [0, inf] (Continuous)
    x17 [0, inf] (Continuous)

Constraints:
    +1 x16 = 60
    -100 x0 + +1 x10 + +150 x16 >= 8000
    +1 x10 - 20 x16 <= 0
    +1 x0 - 1 x12 + +0.9 x16 = 0
    +1 x2 - 100 x11 + +150 x12 >= 9000
    +1 x2 - 20 x12 <= 0
    -1 x4 + +1 x11 + +0.9 x12 = 0
    +150 x4 - 100 x8 + +1 x17 >= 8000
    -20 x4 + +1 x17 <= 0
    -1 x3 + +0.9 x4 + +1 x8 = 0
    +150 x3 - 100 x6 + +1 x13 >= 10000
    -20 x3 + +1 x13 <= 0
    +0.9 x3 - 1 x5 + +1 x6 = 0
    +150 x5 + +1 x7 - 100 x14 >= 9000
    -20 x5 + +1 x7 <= 0
    +0.9 x5 - 1 x9 + +1 x14 = 0
    +1 x1 + +150 x9 - 100 x15 >= 12000
    +1 x1 - 20 x9 <= 0
2025-01-28 17:25:20,183 - INFO: Solving Permuted Problem
2025-01-28 17:25:20,194 - INFO: Solve Status: Optimal solution found
2025-01-28 17:25:20,195 - INFO: Solve Time: 0.0100 seconds
2025-01-28 17:25:20,195 - INFO: Objective Value: 1201500.0
2025-01-28 17:25:20,195 - INFO: Permuted Problem Results:
2025-01-28 17:25:20,196 - INFO: - Objective Value: 1201500.0
2025-01-28 17:25:20,196 - INFO: - Solve Time: 0.0100183487 seconds
2025-01-28 17:25:20,196 - DEBUG: Before canonicalization:
2025-01-28 17:25:20,197 - DEBUG: Original matrix: shape=(18, 18), nnz=46
2025-01-28 17:25:20,197 - DEBUG: Permuted matrix: shape=(18, 18), nnz=46
2025-01-28 17:25:20,197 - DEBUG: Generating canonical form for permuted model...
2025-01-28 17:25:20,199 - DEBUG: Variable scores before ordering:
2025-01-28 17:25:20,199 - DEBUG: Var 0 score: 2751.3886831633463
2025-01-28 17:25:20,199 - DEBUG: Var 1 score: 1363.3987204485147
2025-01-28 17:25:20,200 - DEBUG: Var 2 score: 1363.3987204485147
2025-01-28 17:25:20,200 - DEBUG: Var 3 score: 2830.1377353792614
2025-01-28 17:25:20,200 - DEBUG: Var 4 score: 2830.1377353792614
2025-01-28 17:25:20,201 - DEBUG: Var 5 score: 2830.1377353792614
2025-01-28 17:25:20,201 - DEBUG: Var 6 score: 2751.3886831633463
2025-01-28 17:25:20,202 - DEBUG: Var 7 score: 1363.3987204485147
2025-01-28 17:25:20,202 - DEBUG: Var 8 score: 2751.3886831633463
2025-01-28 17:25:20,203 - DEBUG: Var 9 score: 2820.1377353792614
2025-01-28 17:25:20,203 - DEBUG: Var 10 score: 1363.3987204485147
2025-01-28 17:25:20,204 - DEBUG: Var 11 score: 2751.3886831633463
2025-01-28 17:25:20,204 - DEBUG: Var 12 score: 2830.1377353792614
2025-01-28 17:25:20,205 - DEBUG: Var 13 score: 1363.3987204485147
2025-01-28 17:25:20,205 - DEBUG: Var 14 score: 2751.3886831633463
2025-01-28 17:25:20,206 - DEBUG: Var 15 score: 2741.3886831633463
2025-01-28 17:25:20,207 - DEBUG: Var 16 score: 1830.1377353792616
2025-01-28 17:25:20,207 - DEBUG: Var 17 score: 1363.3987204485147
2025-01-28 17:25:20,208 - DEBUG: Variable ordering:
2025-01-28 17:25:20,208 - DEBUG: Order: [17  1  2 13  7 10 16 15 14 11  0  6  8  9 12  5  4  3]
2025-01-28 17:25:20,209 - DEBUG: Original bounds before reordering:
2025-01-28 17:25:20,209 - DEBUG: Var 0 (Type: Integer): [-0.0, 18.0]
2025-01-28 17:25:20,209 - DEBUG: Var 1 (Type: Continuous): [0.0, inf]
2025-01-28 17:25:20,209 - DEBUG: Var 2 (Type: Continuous): [0.0, inf]
2025-01-28 17:25:20,210 - DEBUG: Var 3 (Type: Integer): [57.0, 75.0]
2025-01-28 17:25:20,210 - DEBUG: Var 4 (Type: Integer): [57.0, 75.0]
2025-01-28 17:25:20,210 - DEBUG: Var 5 (Type: Integer): [57.0, 75.0]
2025-01-28 17:25:20,211 - DEBUG: Var 6 (Type: Integer): [-0.0, 18.0]
2025-01-28 17:25:20,211 - DEBUG: Var 7 (Type: Continuous): [0.0, inf]
2025-01-28 17:25:20,211 - DEBUG: Var 8 (Type: Integer): [-0.0, 18.0]
2025-01-28 17:25:20,211 - DEBUG: Var 9 (Type: Integer): [57.0, 75.0]
2025-01-28 17:25:20,212 - DEBUG: Var 10 (Type: Continuous): [0.0, inf]
2025-01-28 17:25:20,212 - DEBUG: Var 11 (Type: Integer): [-0.0, 18.0]
2025-01-28 17:25:20,212 - DEBUG: Var 12 (Type: Integer): [57.0, 75.0]
2025-01-28 17:25:20,213 - DEBUG: Var 13 (Type: Continuous): [0.0, inf]
2025-01-28 17:25:20,213 - DEBUG: Var 14 (Type: Integer): [-0.0, 18.0]
2025-01-28 17:25:20,213 - DEBUG: Var 15 (Type: Integer): [-0.0, 18.0]
2025-01-28 17:25:20,214 - DEBUG: Var 16 (Type: Continuous): [0.0, inf]
2025-01-28 17:25:20,214 - DEBUG: Var 17 (Type: Continuous): [0.0, inf]
2025-01-28 17:25:20,216 - DEBUG: Constraint scores before ordering:
2025-01-28 17:25:20,217 - DEBUG: Constr 0: Score: 2418.7120054034904
2025-01-28 17:25:20,217 - DEBUG: Constr 1: Score: 4007.5131095663055
2025-01-28 17:25:20,217 - DEBUG: Constr 2: Score: 1040.467738636192
2025-01-28 17:25:20,218 - DEBUG: Constr 3: Score: 2021.380094761591
2025-01-28 17:25:20,219 - DEBUG: Constr 4: Score: 4019.2900244070015
2025-01-28 17:25:20,219 - DEBUG: Constr 5: Score: 1040.467738636192
2025-01-28 17:25:20,219 - DEBUG: Constr 6: Score: 2021.380094761591
2025-01-28 17:25:20,220 - DEBUG: Constr 7: Score: 4007.5131095663055
2025-01-28 17:25:20,220 - DEBUG: Constr 8: Score: 1040.467738636192
2025-01-28 17:25:20,221 - DEBUG: Constr 9: Score: 2021.380094761591
2025-01-28 17:25:20,221 - DEBUG: Constr 10: Score: 4029.824964978945
2025-01-28 17:25:20,222 - DEBUG: Constr 11: Score: 1040.467738636192
2025-01-28 17:25:20,223 - DEBUG: Constr 12: Score: 2021.380094761591
2025-01-28 17:25:20,223 - DEBUG: Constr 13: Score: 4019.2900244070015
2025-01-28 17:25:20,223 - DEBUG: Constr 14: Score: 1040.467738636192
2025-01-28 17:25:20,224 - DEBUG: Constr 15: Score: 2021.380094761591
2025-01-28 17:25:20,224 - DEBUG: Constr 16: Score: 4048.055454144437
2025-01-28 17:25:20,224 - DEBUG: Constr 17: Score: 1040.467738636192
2025-01-28 17:25:20,224 - DEBUG: Constraint ordering:
2025-01-28 17:25:20,225 - DEBUG: Order: [ 8 14 11  5 17  2  3  6  9 12 15  0  7  1 13  4 10 16]
2025-01-28 17:25:20,225 - DEBUG: Original constraints before reordering:
2025-01-28 17:25:20,225 - DEBUG: Constr 0: = 60.0
2025-01-28 17:25:20,226 - DEBUG: Constr 1: >= 8000.0
2025-01-28 17:25:20,226 - DEBUG: Constr 2: <= 0.0
2025-01-28 17:25:20,226 - DEBUG: Constr 3: = 0.0
2025-01-28 17:25:20,227 - DEBUG: Constr 4: >= 9000.0
2025-01-28 17:25:20,227 - DEBUG: Constr 5: <= 0.0
2025-01-28 17:25:20,227 - DEBUG: Constr 6: = 0.0
2025-01-28 17:25:20,228 - DEBUG: Constr 7: >= 8000.0
2025-01-28 17:25:20,228 - DEBUG: Constr 8: <= 0.0
2025-01-28 17:25:20,228 - DEBUG: Constr 9: = 0.0
2025-01-28 17:25:20,229 - DEBUG: Constr 10: >= 10000.0
2025-01-28 17:25:20,229 - DEBUG: Constr 11: <= 0.0
2025-01-28 17:25:20,229 - DEBUG: Constr 12: = 0.0
2025-01-28 17:25:20,230 - DEBUG: Constr 13: >= 9000.0
2025-01-28 17:25:20,230 - DEBUG: Constr 14: <= 0.0
2025-01-28 17:25:20,230 - DEBUG: Constr 15: = 0.0
2025-01-28 17:25:20,230 - DEBUG: Constr 16: >= 12000.0
2025-01-28 17:25:20,231 - DEBUG: Constr 17: <= 0.0
2025-01-28 17:25:20,233 - DEBUG: 
Objective:
    +30 x1 + +30 x2 + +30 x3 + +30 x4 + +30 x5 + +30 x6 + +2700 x7 + +1500 x8 + +1500 x9 + +1500 x10 + +1500 x11 + +1500 x12 + +1500 x13 + +2700 x14 + +2700 x15 + +2700 x16 + +2700 x17 + +2700 x18 (minimize)

Variables:
    x1 [0, inf] (Continuous)
    x2 [0, inf] (Continuous)
    x3 [0, inf] (Continuous)
    x4 [0, inf] (Continuous)
    x5 [0, inf] (Continuous)
    x6 [0, inf] (Continuous)
    x7 [0, inf] (Continuous)
    x8 [-0, 18] (Integer)
    x9 [-0, 18] (Integer)
    x10 [-0, 18] (Integer)
    x11 [-0, 18] (Integer)
    x12 [-0, 18] (Integer)
    x13 [-0, 18] (Integer)
    x14 [57, 75] (Integer)
    x15 [57, 75] (Integer)
    x16 [57, 75] (Integer)
    x17 [57, 75] (Integer)
    x18 [57, 75] (Integer)

Constraints:
    +1 x1 - 20 x17 <= 0
    +1 x5 - 20 x16 <= 0
    +1 x4 - 20 x18 <= 0
    +1 x3 - 20 x15 <= 0
    +1 x2 - 20 x14 <= 0
    +1 x6 - 20 x7 <= 0
    +0.9 x7 + +1 x11 - 1 x15 = 0
    +1 x10 + +0.9 x15 - 1 x17 = 0
    +1 x13 + +0.9 x17 - 1 x18 = 0
    +1 x12 - 1 x16 + +0.9 x18 = 0
    +1 x9 - 1 x14 + +0.9 x16 = 0
    +1 x7 = 60
    +1 x1 - 100 x13 + +150 x17 >= 8000
    +1 x6 + +150 x7 - 100 x11 >= 8000
    +1 x5 - 100 x9 + +150 x16 >= 9000
    +1 x3 - 100 x10 + +150 x15 >= 9000
    +1 x4 - 100 x12 + +150 x18 >= 10000
    +1 x2 - 100 x8 + +150 x14 >= 12000
2025-01-28 17:25:20,241 - INFO: Solving Canonical Form from Original Model
2025-01-28 17:25:20,247 - INFO: Solve Status: Optimal solution found
2025-01-28 17:25:20,248 - INFO: Solve Time: 0.0050 seconds
2025-01-28 17:25:20,248 - INFO: Objective Value: 1201500.0
2025-01-28 17:25:20,248 - INFO: Solving Canonical Form from Permuted Model
2025-01-28 17:25:20,257 - INFO: Solve Status: Optimal solution found
2025-01-28 17:25:20,257 - INFO: Solve Time: 0.0080 seconds
2025-01-28 17:25:20,258 - INFO: Objective Value: 1201500.0
2025-01-28 17:25:20,258 - DEBUG: Starting model validation...
2025-01-28 17:25:20,259 - DEBUG: Original canonical matrix: shape=(18, 18), nnz=46
2025-01-28 17:25:20,259 - DEBUG: Permuted canonical matrix: shape=(18, 18), nnz=46
2025-01-28 17:25:20,259 - DEBUG: Starting detailed model comparison...
2025-01-28 17:25:20,260 - DEBUG: Matrix coefficient differences found:
2025-01-28 17:25:20,260 - DEBUG: Position 22: 0.9 vs -1.0
2025-01-28 17:25:20,261 - DEBUG: Position 23: -1.0 vs 0.9
2025-01-28 17:25:20,261 - DEBUG: Validation result: False
2025-01-28 17:25:20,261 - DEBUG: Detailed model comparison:
2025-01-28 17:25:20,263 - DEBUG: Matrix coefficient differences found:
2025-01-28 17:25:20,263 - DEBUG: Position (0, 15): -20.0 vs 0.0
2025-01-28 17:25:20,264 - DEBUG: Position (0, 16): 0.0 vs -20.0
2025-01-28 17:25:20,264 - DEBUG: Position (1, 1): 1.0 vs 0.0
2025-01-28 17:25:20,265 - DEBUG: Position (1, 4): 0.0 vs 1.0
2025-01-28 17:25:20,265 - DEBUG: Position (1, 15): 0.0 vs -20.0
2025-01-28 17:25:20,265 - DEBUG: Position (1, 17): -20.0 vs 0.0
2025-01-28 17:25:20,266 - DEBUG: Position (2, 2): 1.0 vs 0.0
2025-01-28 17:25:20,266 - DEBUG: Position (2, 3): 0.0 vs 1.0
2025-01-28 17:25:20,266 - DEBUG: Position (2, 16): -20.0 vs 0.0
2025-01-28 17:25:20,267 - DEBUG: Position (2, 17): 0.0 vs -20.0
2025-01-28 17:25:20,268 - DEBUG: Position (3, 2): 0.0 vs 1.0
2025-01-28 17:25:20,268 - DEBUG: Position (3, 3): 1.0 vs 0.0
2025-01-28 17:25:20,269 - DEBUG: Position (4, 1): 0.0 vs 1.0
2025-01-28 17:25:20,269 - DEBUG: Position (4, 4): 1.0 vs 0.0
2025-01-28 17:25:20,270 - DEBUG: Position (6, 10): 0.0 vs 1.0
2025-01-28 17:25:20,270 - DEBUG: Position (6, 11): 1.0 vs 0.0
2025-01-28 17:25:20,271 - DEBUG: Position (7, 9): 0.0 vs 1.0
2025-01-28 17:25:20,273 - DEBUG: Position (7, 12): 1.0 vs 0.0
2025-01-28 17:25:20,274 - DEBUG: Position (7, 15): -1.0 vs 0.0
2025-01-28 17:25:20,274 - DEBUG: Position (7, 16): 0.0 vs -1.0
2025-01-28 17:25:20,275 - DEBUG: Position (8, 8): 1.0 vs 0.0
2025-01-28 17:25:20,276 - DEBUG: Position (8, 12): 0.0 vs 1.0
2025-01-28 17:25:20,276 - DEBUG: Position (8, 15): 0.9 vs 0.0
2025-01-28 17:25:20,277 - DEBUG: Position (8, 16): -1.0 vs 0.9
2025-01-28 17:25:20,278 - DEBUG: Position (8, 17): 0.0 vs -1.0
2025-01-28 17:25:20,278 - DEBUG: Position (9, 9): 1.0 vs 0.0
2025-01-28 17:25:20,278 - DEBUG: Position (9, 11): 0.0 vs 1.0
2025-01-28 17:25:20,279 - DEBUG: Position (9, 15): 0.0 vs -1.0
2025-01-28 17:25:20,279 - DEBUG: Position (9, 16): 0.9 vs 0.0
2025-01-28 17:25:20,280 - DEBUG: Position (9, 17): -1.0 vs 0.9
2025-01-28 17:25:20,280 - DEBUG: Position (10, 8): 0.0 vs 1.0
2025-01-28 17:25:20,281 - DEBUG: Position (10, 10): 1.0 vs 0.0
2025-01-28 17:25:20,281 - DEBUG: Position (10, 15): 0.0 vs 0.9
2025-01-28 17:25:20,282 - DEBUG: Position (10, 17): 0.9 vs 0.0
2025-01-28 17:25:20,282 - DEBUG: Position (12, 8): -100.0 vs 0.0
2025-01-28 17:25:20,283 - DEBUG: Position (12, 12): 0.0 vs -100.0
2025-01-28 17:25:20,283 - DEBUG: Position (12, 15): 150.0 vs 0.0
2025-01-28 17:25:20,283 - DEBUG: Position (12, 16): 0.0 vs 150.0
2025-01-28 17:25:20,284 - DEBUG: Position (13, 10): 0.0 vs -100.0
2025-01-28 17:25:20,285 - DEBUG: Position (13, 11): -100.0 vs 0.0
2025-01-28 17:25:20,286 - DEBUG: Position (14, 1): 1.0 vs 0.0
2025-01-28 17:25:20,286 - DEBUG: Position (14, 4): 0.0 vs 1.0
2025-01-28 17:25:20,287 - DEBUG: Position (14, 8): 0.0 vs -100.0
2025-01-28 17:25:20,288 - DEBUG: Position (14, 10): -100.0 vs 0.0
2025-01-28 17:25:20,289 - DEBUG: Position (14, 15): 0.0 vs 150.0
2025-01-28 17:25:20,290 - DEBUG: Position (14, 17): 150.0 vs 0.0
2025-01-28 17:25:20,291 - DEBUG: Position (15, 2): 0.0 vs 1.0
2025-01-28 17:25:20,291 - DEBUG: Position (15, 3): 1.0 vs 0.0
2025-01-28 17:25:20,292 - DEBUG: Position (15, 9): 0.0 vs -100.0
2025-01-28 17:25:20,292 - DEBUG: Position (15, 12): -100.0 vs 0.0
2025-01-28 17:25:20,293 - DEBUG: Position (16, 2): 1.0 vs 0.0
2025-01-28 17:25:20,293 - DEBUG: Position (16, 3): 0.0 vs 1.0
2025-01-28 17:25:20,294 - DEBUG: Position (16, 9): -100.0 vs 0.0
2025-01-28 17:25:20,294 - DEBUG: Position (16, 11): 0.0 vs -100.0
2025-01-28 17:25:20,295 - DEBUG: Position (16, 16): 150.0 vs 0.0
2025-01-28 17:25:20,296 - DEBUG: Position (16, 17): 0.0 vs 150.0
2025-01-28 17:25:20,297 - DEBUG: Position (17, 1): 0.0 vs 1.0
2025-01-28 17:25:20,297 - DEBUG: Position (17, 4): 1.0 vs 0.0
2025-01-28 17:25:20,298 - INFO: Iteration 4 Results:
2025-01-28 17:25:20,299 - INFO: - Models equivalent: False
2025-01-28 17:25:20,299 - INFO: - Variable counts match: True
2025-01-28 17:25:20,299 - INFO: - Constraint counts match: True
2025-01-28 17:25:20,300 - INFO: - Original Objective Value: 1201500.0
2025-01-28 17:25:20,301 - INFO: - Permuted Objective Value: 1201500.0
2025-01-28 17:25:20,301 - INFO: - Canonical from Original Objective Value: 1201500.0
2025-01-28 17:25:20,301 - INFO: - Canonical from Permuted Objective Value: 1201500.0
2025-01-28 17:25:20,302 - INFO: - Original Solve Time: 0.0099995136 seconds
2025-01-28 17:25:20,302 - INFO: - Permuted Solve Time: 0.0100183487 seconds
2025-01-28 17:25:20,303 - INFO: - Canonical from Original Solve Time: 0.0050003529 seconds
2025-01-28 17:25:20,303 - INFO: - Canonical from Permuted Solve Time: 0.0080194473 seconds
