2025-01-28 11:12:24,374 - INFO: Successfully loaded problem from input/dummy.mps
2025-01-28 11:12:24,374 - INFO: Problem Details:
2025-01-28 11:12:24,375 - INFO: - Variables: 4
2025-01-28 11:12:24,375 - INFO: - Constraints: 3
2025-01-28 11:12:24,376 - INFO: - Objective Sense: Minimize
2025-01-28 11:12:24,379 - DEBUG: 
Objective:
    +4 x1 + +5 x2 + +2 x3 + +3 x4 (minimize)

Variables:
    x1 [0, inf] (Integer)
    x2 [0, inf] (Integer)
    x3 [0, inf] (Continuous)
    x4 [0, inf] (Continuous)

Constraints:
    +2 x1 + +3 x3 <= 6
    +1 x2 - 1 x4 <= 0
    +1 x1 + +1 x2 + +1 x3 + +1 x4 <= 10
2025-01-28 11:12:24,381 - INFO: Solving Original Problem
2025-01-28 11:12:24,390 - INFO: Solve Status: Optimal solution found
2025-01-28 11:12:24,390 - INFO: Solve Time: 0.0080 seconds
2025-01-28 11:12:24,390 - INFO: Objective Value: 0.0
2025-01-28 11:12:24,391 - INFO: Original Problem Results:
2025-01-28 11:12:24,391 - INFO: - Objective Value: 0.0
2025-01-28 11:12:24,392 - INFO: - Solve Time: 0.0079922676 seconds
2025-01-28 11:12:24,392 - DEBUG: Generating canonical form for the original model...
2025-01-28 11:12:24,392 - DEBUG: Variable scores before ordering:
2025-01-28 11:12:24,393 - DEBUG: Var 0 score: 104.0
2025-01-28 11:12:24,393 - DEBUG: Var 1 score: 105.0
2025-01-28 11:12:24,394 - DEBUG: Var 2 score: 2.0
2025-01-28 11:12:24,394 - DEBUG: Var 3 score: 3.0
2025-01-28 11:12:24,394 - DEBUG: Variable ordering:
2025-01-28 11:12:24,395 - DEBUG: Order: [2 3 0 1]
2025-01-28 11:12:24,395 - DEBUG: Original bounds before reordering:
2025-01-28 11:12:24,396 - DEBUG: Var 0 (Type: Integer): [0.0, inf]
2025-01-28 11:12:24,396 - DEBUG: Var 1 (Type: Integer): [0.0, inf]
2025-01-28 11:12:24,397 - DEBUG: Var 2 (Type: Continuous): [0.0, inf]
2025-01-28 11:12:24,397 - DEBUG: Var 3 (Type: Continuous): [0.0, inf]
2025-01-28 11:12:24,398 - DEBUG: Constraint scores before ordering:
2025-01-28 11:12:24,399 - DEBUG: Constr 0: Score: 106.0
2025-01-28 11:12:24,399 - DEBUG: Constr 1: Score: 100.0
2025-01-28 11:12:24,400 - DEBUG: Constr 2: Score: 110.0
2025-01-28 11:12:24,400 - DEBUG: Constraint ordering:
2025-01-28 11:12:24,401 - DEBUG: Order: [1 0 2]
2025-01-28 11:12:24,401 - DEBUG: Original constraints before reordering:
2025-01-28 11:12:24,402 - DEBUG: Constr 0: <= 6.0
2025-01-28 11:12:24,402 - DEBUG: Constr 1: <= 0.0
2025-01-28 11:12:24,402 - DEBUG: Constr 2: <= 10.0
2025-01-28 11:12:24,404 - DEBUG: 
Objective:
    +2 x1 + +3 x2 + +4 x3 + +5 x4 (minimize)

Variables:
    x1 [0, inf] (Continuous)
    x2 [0, inf] (Continuous)
    x3 [-0, inf] (Integer)
    x4 [-0, inf] (Integer)

Constraints:
    -1 x2 + +1 x4 <= 0
    +3 x1 + +2 x3 <= 6
    +1 x1 + +1 x2 + +1 x3 + +1 x4 <= 10
2025-01-28 11:12:24,406 - INFO: Running iteration 1/4
2025-01-28 11:12:24,407 - DEBUG: Starting new iteration...
2025-01-28 11:12:24,407 - INFO: Creating Permuted Problem
2025-01-28 11:12:24,408 - DEBUG: 
Objective:
    +2 x0 + +3 x1 + +5 x2 + +4 x3 (minimize)

Variables:
    x0 [0, inf] (Continuous)
    x1 [0, inf] (Continuous)
    x2 [-0, inf] (Integer)
    x3 [-0, inf] (Integer)

Constraints:
    +3 x0 + +2 x3 <= 6
    -1 x1 + +1 x2 <= 0
    +1 x0 + +1 x1 + +1 x2 + +1 x3 <= 10
2025-01-28 11:12:24,410 - INFO: Solving Permuted Problem
2025-01-28 11:12:24,417 - INFO: Solve Status: Optimal solution found
2025-01-28 11:12:24,418 - INFO: Solve Time: 0.0050 seconds
2025-01-28 11:12:24,418 - INFO: Objective Value: 0.0
2025-01-28 11:12:24,419 - INFO: Permuted Problem Results:
2025-01-28 11:12:24,419 - INFO: - Objective Value: 0.0
2025-01-28 11:12:24,419 - INFO: - Solve Time: 0.0050048828 seconds
2025-01-28 11:12:24,420 - DEBUG: Before canonicalization:
2025-01-28 11:12:24,421 - DEBUG: Original matrix: shape=(3, 4), nnz=8
2025-01-28 11:12:24,421 - DEBUG: Permuted matrix: shape=(3, 4), nnz=8
2025-01-28 11:12:24,421 - DEBUG: Generating canonical form for permuted model...
2025-01-28 11:12:24,422 - DEBUG: Variable scores before ordering:
2025-01-28 11:12:24,423 - DEBUG: Var 0 score: 2.0
2025-01-28 11:12:24,423 - DEBUG: Var 1 score: 3.0
2025-01-28 11:12:24,423 - DEBUG: Var 2 score: 105.0
2025-01-28 11:12:24,424 - DEBUG: Var 3 score: 104.0
2025-01-28 11:12:24,424 - DEBUG: Variable ordering:
2025-01-28 11:12:24,424 - DEBUG: Order: [0 1 3 2]
2025-01-28 11:12:24,425 - DEBUG: Original bounds before reordering:
2025-01-28 11:12:24,425 - DEBUG: Var 0 (Type: Continuous): [0.0, inf]
2025-01-28 11:12:24,426 - DEBUG: Var 1 (Type: Continuous): [0.0, inf]
2025-01-28 11:12:24,426 - DEBUG: Var 2 (Type: Integer): [-0.0, inf]
2025-01-28 11:12:24,426 - DEBUG: Var 3 (Type: Integer): [-0.0, inf]
2025-01-28 11:12:24,427 - DEBUG: Constraint scores before ordering:
2025-01-28 11:12:24,427 - DEBUG: Constr 0: Score: 106.0
2025-01-28 11:12:24,428 - DEBUG: Constr 1: Score: 100.0
2025-01-28 11:12:24,428 - DEBUG: Constr 2: Score: 110.0
2025-01-28 11:12:24,429 - DEBUG: Constraint ordering:
2025-01-28 11:12:24,429 - DEBUG: Order: [1 0 2]
2025-01-28 11:12:24,429 - DEBUG: Original constraints before reordering:
2025-01-28 11:12:24,430 - DEBUG: Constr 0: <= 6.0
2025-01-28 11:12:24,430 - DEBUG: Constr 1: <= 0.0
2025-01-28 11:12:24,431 - DEBUG: Constr 2: <= 10.0
2025-01-28 11:12:24,433 - DEBUG: 
Objective:
    +2 x1 + +3 x2 + +4 x3 + +5 x4 (minimize)

Variables:
    x1 [0, inf] (Continuous)
    x2 [0, inf] (Continuous)
    x3 [-0, inf] (Integer)
    x4 [-0, inf] (Integer)

Constraints:
    -1 x2 + +1 x4 <= 0
    +3 x1 + +2 x3 <= 6
    +1 x1 + +1 x2 + +1 x3 + +1 x4 <= 10
2025-01-28 11:12:24,436 - INFO: Solving Canonical Form from Original Model
2025-01-28 11:12:24,442 - INFO: Solve Status: Optimal solution found
2025-01-28 11:12:24,442 - INFO: Solve Time: 0.0050 seconds
2025-01-28 11:12:24,443 - INFO: Objective Value: 0.0
2025-01-28 11:12:24,443 - INFO: Solving Canonical Form from Permuted Model
2025-01-28 11:12:24,451 - INFO: Solve Status: Optimal solution found
2025-01-28 11:12:24,452 - INFO: Solve Time: 0.0070 seconds
2025-01-28 11:12:24,452 - INFO: Objective Value: 0.0
2025-01-28 11:12:24,453 - DEBUG: Starting model validation...
2025-01-28 11:12:24,454 - DEBUG: Original canonical matrix: shape=(3, 4), nnz=8
2025-01-28 11:12:24,454 - DEBUG: Permuted canonical matrix: shape=(3, 4), nnz=8
2025-01-28 11:12:24,455 - DEBUG: Starting detailed model comparison...
2025-01-28 11:12:24,457 - DEBUG: Models are equivalent within tolerance
2025-01-28 11:12:24,457 - DEBUG: Validation result: True
2025-01-28 11:12:24,458 - INFO: Iteration 1 Results:
2025-01-28 11:12:24,459 - INFO: - Models equivalent: True
2025-01-28 11:12:24,459 - INFO: - Variable counts match: True
2025-01-28 11:12:24,459 - INFO: - Constraint counts match: True
2025-01-28 11:12:24,460 - INFO: - Original Objective Value: 0.0
2025-01-28 11:12:24,460 - INFO: - Permuted Objective Value: 0.0
2025-01-28 11:12:24,461 - INFO: - Canonical from Original Objective Value: 0.0
2025-01-28 11:12:24,461 - INFO: - Canonical from Permuted Objective Value: 0.0
2025-01-28 11:12:24,461 - INFO: - Original Solve Time: 0.0079922676 seconds
2025-01-28 11:12:24,462 - INFO: - Permuted Solve Time: 0.0050048828 seconds
2025-01-28 11:12:24,462 - INFO: - Canonical from Original Solve Time: 0.0049703121 seconds
2025-01-28 11:12:24,463 - INFO: - Canonical from Permuted Solve Time: 0.0070290565 seconds
2025-01-28 11:12:24,463 - INFO: Running iteration 2/4
2025-01-28 11:12:24,464 - DEBUG: Starting new iteration...
2025-01-28 11:12:24,464 - INFO: Creating Permuted Problem
2025-01-28 11:12:24,469 - DEBUG: 
Objective:
    +2 x0 + +3 x1 + +5 x2 + +4 x3 (minimize)

Variables:
    x0 [0, inf] (Continuous)
    x1 [0, inf] (Continuous)
    x2 [-0, inf] (Integer)
    x3 [-0, inf] (Integer)

Constraints:
    +3 x0 + +2 x3 <= 6
    -1 x1 + +1 x2 <= 0
    +1 x0 + +1 x1 + +1 x2 + +1 x3 <= 10
2025-01-28 11:12:24,471 - INFO: Solving Permuted Problem
2025-01-28 11:12:24,478 - INFO: Solve Status: Optimal solution found
2025-01-28 11:12:24,478 - INFO: Solve Time: 0.0050 seconds
2025-01-28 11:12:24,478 - INFO: Objective Value: 0.0
2025-01-28 11:12:24,479 - INFO: Permuted Problem Results:
2025-01-28 11:12:24,479 - INFO: - Objective Value: 0.0
2025-01-28 11:12:24,480 - INFO: - Solve Time: 0.0049998760 seconds
2025-01-28 11:12:24,480 - DEBUG: Before canonicalization:
2025-01-28 11:12:24,481 - DEBUG: Original matrix: shape=(3, 4), nnz=8
2025-01-28 11:12:24,482 - DEBUG: Permuted matrix: shape=(3, 4), nnz=8
2025-01-28 11:12:24,483 - DEBUG: Generating canonical form for permuted model...
2025-01-28 11:12:24,485 - DEBUG: Variable scores before ordering:
2025-01-28 11:12:24,486 - DEBUG: Var 0 score: 2.0
2025-01-28 11:12:24,486 - DEBUG: Var 1 score: 3.0
2025-01-28 11:12:24,486 - DEBUG: Var 2 score: 105.0
2025-01-28 11:12:24,487 - DEBUG: Var 3 score: 104.0
2025-01-28 11:12:24,487 - DEBUG: Variable ordering:
2025-01-28 11:12:24,488 - DEBUG: Order: [0 1 3 2]
2025-01-28 11:12:24,488 - DEBUG: Original bounds before reordering:
2025-01-28 11:12:24,489 - DEBUG: Var 0 (Type: Continuous): [0.0, inf]
2025-01-28 11:12:24,489 - DEBUG: Var 1 (Type: Continuous): [0.0, inf]
2025-01-28 11:12:24,489 - DEBUG: Var 2 (Type: Integer): [-0.0, inf]
2025-01-28 11:12:24,490 - DEBUG: Var 3 (Type: Integer): [-0.0, inf]
2025-01-28 11:12:24,490 - DEBUG: Constraint scores before ordering:
2025-01-28 11:12:24,491 - DEBUG: Constr 0: Score: 106.0
2025-01-28 11:12:24,491 - DEBUG: Constr 1: Score: 100.0
2025-01-28 11:12:24,492 - DEBUG: Constr 2: Score: 110.0
2025-01-28 11:12:24,492 - DEBUG: Constraint ordering:
2025-01-28 11:12:24,492 - DEBUG: Order: [1 0 2]
2025-01-28 11:12:24,493 - DEBUG: Original constraints before reordering:
2025-01-28 11:12:24,493 - DEBUG: Constr 0: <= 6.0
2025-01-28 11:12:24,493 - DEBUG: Constr 1: <= 0.0
2025-01-28 11:12:24,494 - DEBUG: Constr 2: <= 10.0
2025-01-28 11:12:24,495 - DEBUG: 
Objective:
    +2 x1 + +3 x2 + +4 x3 + +5 x4 (minimize)

Variables:
    x1 [0, inf] (Continuous)
    x2 [0, inf] (Continuous)
    x3 [-0, inf] (Integer)
    x4 [-0, inf] (Integer)

Constraints:
    -1 x2 + +1 x4 <= 0
    +3 x1 + +2 x3 <= 6
    +1 x1 + +1 x2 + +1 x3 + +1 x4 <= 10
2025-01-28 11:12:24,497 - INFO: Solving Canonical Form from Original Model
2025-01-28 11:12:24,506 - INFO: Solve Status: Optimal solution found
2025-01-28 11:12:24,506 - INFO: Solve Time: 0.0080 seconds
2025-01-28 11:12:24,507 - INFO: Objective Value: 0.0
2025-01-28 11:12:24,507 - INFO: Solving Canonical Form from Permuted Model
2025-01-28 11:12:24,512 - INFO: Solve Status: Optimal solution found
2025-01-28 11:12:24,513 - INFO: Solve Time: 0.0040 seconds
2025-01-28 11:12:24,513 - INFO: Objective Value: 0.0
2025-01-28 11:12:24,513 - DEBUG: Starting model validation...
2025-01-28 11:12:24,514 - DEBUG: Original canonical matrix: shape=(3, 4), nnz=8
2025-01-28 11:12:24,514 - DEBUG: Permuted canonical matrix: shape=(3, 4), nnz=8
2025-01-28 11:12:24,515 - DEBUG: Starting detailed model comparison...
2025-01-28 11:12:24,517 - DEBUG: Models are equivalent within tolerance
2025-01-28 11:12:24,518 - DEBUG: Validation result: True
2025-01-28 11:12:24,518 - INFO: Iteration 2 Results:
2025-01-28 11:12:24,519 - INFO: - Models equivalent: True
2025-01-28 11:12:24,519 - INFO: - Variable counts match: True
2025-01-28 11:12:24,519 - INFO: - Constraint counts match: True
2025-01-28 11:12:24,520 - INFO: - Original Objective Value: 0.0
2025-01-28 11:12:24,520 - INFO: - Permuted Objective Value: 0.0
2025-01-28 11:12:24,520 - INFO: - Canonical from Original Objective Value: 0.0
2025-01-28 11:12:24,521 - INFO: - Canonical from Permuted Objective Value: 0.0
2025-01-28 11:12:24,521 - INFO: - Original Solve Time: 0.0079922676 seconds
2025-01-28 11:12:24,522 - INFO: - Permuted Solve Time: 0.0049998760 seconds
2025-01-28 11:12:24,522 - INFO: - Canonical from Original Solve Time: 0.0079979897 seconds
2025-01-28 11:12:24,522 - INFO: - Canonical from Permuted Solve Time: 0.0040016174 seconds
2025-01-28 11:12:24,522 - INFO: Running iteration 3/4
2025-01-28 11:12:24,523 - DEBUG: Starting new iteration...
2025-01-28 11:12:24,523 - INFO: Creating Permuted Problem
2025-01-28 11:12:24,525 - DEBUG: 
Objective:
    +5 x0 + +4 x1 + +3 x2 + +2 x3 (minimize)

Variables:
    x0 [-0, inf] (Integer)
    x1 [-0, inf] (Integer)
    x2 [0, inf] (Continuous)
    x3 [0, inf] (Continuous)

Constraints:
    +2 x1 + +3 x3 <= 6
    +1 x0 - 1 x2 <= 0
    +1 x0 + +1 x1 + +1 x2 + +1 x3 <= 10
2025-01-28 11:12:24,527 - INFO: Solving Permuted Problem
2025-01-28 11:12:24,533 - INFO: Solve Status: Optimal solution found
2025-01-28 11:12:24,534 - INFO: Solve Time: 0.0051 seconds
2025-01-28 11:12:24,535 - INFO: Objective Value: 0.0
2025-01-28 11:12:24,535 - INFO: Permuted Problem Results:
2025-01-28 11:12:24,535 - INFO: - Objective Value: 0.0
2025-01-28 11:12:24,536 - INFO: - Solve Time: 0.0050966740 seconds
2025-01-28 11:12:24,536 - DEBUG: Before canonicalization:
2025-01-28 11:12:24,537 - DEBUG: Original matrix: shape=(3, 4), nnz=8
2025-01-28 11:12:24,537 - DEBUG: Permuted matrix: shape=(3, 4), nnz=8
2025-01-28 11:12:24,538 - DEBUG: Generating canonical form for permuted model...
2025-01-28 11:12:24,539 - DEBUG: Variable scores before ordering:
2025-01-28 11:12:24,539 - DEBUG: Var 0 score: 105.0
2025-01-28 11:12:24,539 - DEBUG: Var 1 score: 104.0
2025-01-28 11:12:24,540 - DEBUG: Var 2 score: 3.0
2025-01-28 11:12:24,540 - DEBUG: Var 3 score: 2.0
2025-01-28 11:12:24,540 - DEBUG: Variable ordering:
2025-01-28 11:12:24,541 - DEBUG: Order: [3 2 1 0]
2025-01-28 11:12:24,541 - DEBUG: Original bounds before reordering:
2025-01-28 11:12:24,542 - DEBUG: Var 0 (Type: Integer): [-0.0, inf]
2025-01-28 11:12:24,542 - DEBUG: Var 1 (Type: Integer): [-0.0, inf]
2025-01-28 11:12:24,542 - DEBUG: Var 2 (Type: Continuous): [0.0, inf]
2025-01-28 11:12:24,543 - DEBUG: Var 3 (Type: Continuous): [0.0, inf]
2025-01-28 11:12:24,544 - DEBUG: Constraint scores before ordering:
2025-01-28 11:12:24,544 - DEBUG: Constr 0: Score: 106.0
2025-01-28 11:12:24,544 - DEBUG: Constr 1: Score: 100.0
2025-01-28 11:12:24,545 - DEBUG: Constr 2: Score: 110.0
2025-01-28 11:12:24,545 - DEBUG: Constraint ordering:
2025-01-28 11:12:24,546 - DEBUG: Order: [1 0 2]
2025-01-28 11:12:24,546 - DEBUG: Original constraints before reordering:
2025-01-28 11:12:24,546 - DEBUG: Constr 0: <= 6.0
2025-01-28 11:12:24,547 - DEBUG: Constr 1: <= 0.0
2025-01-28 11:12:24,547 - DEBUG: Constr 2: <= 10.0
2025-01-28 11:12:24,549 - DEBUG: 
Objective:
    +2 x1 + +3 x2 + +4 x3 + +5 x4 (minimize)

Variables:
    x1 [0, inf] (Continuous)
    x2 [0, inf] (Continuous)
    x3 [-0, inf] (Integer)
    x4 [-0, inf] (Integer)

Constraints:
    -1 x2 + +1 x4 <= 0
    +3 x1 + +2 x3 <= 6
    +1 x1 + +1 x2 + +1 x3 + +1 x4 <= 10
2025-01-28 11:12:24,553 - INFO: Solving Canonical Form from Original Model
2025-01-28 11:12:24,559 - INFO: Solve Status: Optimal solution found
2025-01-28 11:12:24,560 - INFO: Solve Time: 0.0060 seconds
2025-01-28 11:12:24,560 - INFO: Objective Value: 0.0
2025-01-28 11:12:24,561 - INFO: Solving Canonical Form from Permuted Model
2025-01-28 11:12:24,568 - INFO: Solve Status: Optimal solution found
2025-01-28 11:12:24,568 - INFO: Solve Time: 0.0070 seconds
2025-01-28 11:12:24,569 - INFO: Objective Value: 0.0
2025-01-28 11:12:24,569 - DEBUG: Starting model validation...
2025-01-28 11:12:24,570 - DEBUG: Original canonical matrix: shape=(3, 4), nnz=8
2025-01-28 11:12:24,570 - DEBUG: Permuted canonical matrix: shape=(3, 4), nnz=8
2025-01-28 11:12:24,571 - DEBUG: Starting detailed model comparison...
2025-01-28 11:12:24,572 - DEBUG: Models are equivalent within tolerance
2025-01-28 11:12:24,573 - DEBUG: Validation result: True
2025-01-28 11:12:24,573 - INFO: Iteration 3 Results:
2025-01-28 11:12:24,574 - INFO: - Models equivalent: True
2025-01-28 11:12:24,574 - INFO: - Variable counts match: True
2025-01-28 11:12:24,575 - INFO: - Constraint counts match: True
2025-01-28 11:12:24,575 - INFO: - Original Objective Value: 0.0
2025-01-28 11:12:24,575 - INFO: - Permuted Objective Value: 0.0
2025-01-28 11:12:24,576 - INFO: - Canonical from Original Objective Value: 0.0
2025-01-28 11:12:24,576 - INFO: - Canonical from Permuted Objective Value: 0.0
2025-01-28 11:12:24,577 - INFO: - Original Solve Time: 0.0079922676 seconds
2025-01-28 11:12:24,577 - INFO: - Permuted Solve Time: 0.0050966740 seconds
2025-01-28 11:12:24,577 - INFO: - Canonical from Original Solve Time: 0.0059988499 seconds
2025-01-28 11:12:24,578 - INFO: - Canonical from Permuted Solve Time: 0.0070044994 seconds
2025-01-28 11:12:24,578 - INFO: Running iteration 4/4
2025-01-28 11:12:24,578 - DEBUG: Starting new iteration...
2025-01-28 11:12:24,579 - INFO: Creating Permuted Problem
2025-01-28 11:12:24,581 - DEBUG: 
Objective:
    +5 x0 + +2 x1 + +4 x2 + +3 x3 (minimize)

Variables:
    x0 [-0, inf] (Integer)
    x1 [0, inf] (Continuous)
    x2 [-0, inf] (Integer)
    x3 [0, inf] (Continuous)

Constraints:
    +3 x1 + +2 x2 <= 6
    +1 x0 - 1 x3 <= 0
    +1 x0 + +1 x1 + +1 x2 + +1 x3 <= 10
2025-01-28 11:12:24,585 - INFO: Solving Permuted Problem
2025-01-28 11:12:24,591 - INFO: Solve Status: Optimal solution found
2025-01-28 11:12:24,591 - INFO: Solve Time: 0.0060 seconds
2025-01-28 11:12:24,592 - INFO: Objective Value: 0.0
2025-01-28 11:12:24,592 - INFO: Permuted Problem Results:
2025-01-28 11:12:24,592 - INFO: - Objective Value: 0.0
2025-01-28 11:12:24,593 - INFO: - Solve Time: 0.0059955120 seconds
2025-01-28 11:12:24,593 - DEBUG: Before canonicalization:
2025-01-28 11:12:24,594 - DEBUG: Original matrix: shape=(3, 4), nnz=8
2025-01-28 11:12:24,594 - DEBUG: Permuted matrix: shape=(3, 4), nnz=8
2025-01-28 11:12:24,594 - DEBUG: Generating canonical form for permuted model...
2025-01-28 11:12:24,595 - DEBUG: Variable scores before ordering:
2025-01-28 11:12:24,595 - DEBUG: Var 0 score: 105.0
2025-01-28 11:12:24,596 - DEBUG: Var 1 score: 2.0
2025-01-28 11:12:24,596 - DEBUG: Var 2 score: 104.0
2025-01-28 11:12:24,597 - DEBUG: Var 3 score: 3.0
2025-01-28 11:12:24,597 - DEBUG: Variable ordering:
2025-01-28 11:12:24,598 - DEBUG: Order: [1 3 2 0]
2025-01-28 11:12:24,599 - DEBUG: Original bounds before reordering:
2025-01-28 11:12:24,600 - DEBUG: Var 0 (Type: Integer): [-0.0, inf]
2025-01-28 11:12:24,601 - DEBUG: Var 1 (Type: Continuous): [0.0, inf]
2025-01-28 11:12:24,602 - DEBUG: Var 2 (Type: Integer): [-0.0, inf]
2025-01-28 11:12:24,602 - DEBUG: Var 3 (Type: Continuous): [0.0, inf]
2025-01-28 11:12:24,603 - DEBUG: Constraint scores before ordering:
2025-01-28 11:12:24,604 - DEBUG: Constr 0: Score: 106.0
2025-01-28 11:12:24,604 - DEBUG: Constr 1: Score: 100.0
2025-01-28 11:12:24,605 - DEBUG: Constr 2: Score: 110.0
2025-01-28 11:12:24,605 - DEBUG: Constraint ordering:
2025-01-28 11:12:24,605 - DEBUG: Order: [1 0 2]
2025-01-28 11:12:24,606 - DEBUG: Original constraints before reordering:
2025-01-28 11:12:24,606 - DEBUG: Constr 0: <= 6.0
2025-01-28 11:12:24,607 - DEBUG: Constr 1: <= 0.0
2025-01-28 11:12:24,607 - DEBUG: Constr 2: <= 10.0
2025-01-28 11:12:24,609 - DEBUG: 
Objective:
    +2 x1 + +3 x2 + +4 x3 + +5 x4 (minimize)

Variables:
    x1 [0, inf] (Continuous)
    x2 [0, inf] (Continuous)
    x3 [-0, inf] (Integer)
    x4 [-0, inf] (Integer)

Constraints:
    -1 x2 + +1 x4 <= 0
    +3 x1 + +2 x3 <= 6
    +1 x1 + +1 x2 + +1 x3 + +1 x4 <= 10
2025-01-28 11:12:24,611 - INFO: Solving Canonical Form from Original Model
2025-01-28 11:12:24,620 - INFO: Solve Status: Optimal solution found
2025-01-28 11:12:24,621 - INFO: Solve Time: 0.0090 seconds
2025-01-28 11:12:24,621 - INFO: Objective Value: 0.0
2025-01-28 11:12:24,621 - INFO: Solving Canonical Form from Permuted Model
2025-01-28 11:12:24,627 - INFO: Solve Status: Optimal solution found
2025-01-28 11:12:24,627 - INFO: Solve Time: 0.0050 seconds
2025-01-28 11:12:24,628 - INFO: Objective Value: 0.0
2025-01-28 11:12:24,628 - DEBUG: Starting model validation...
2025-01-28 11:12:24,629 - DEBUG: Original canonical matrix: shape=(3, 4), nnz=8
2025-01-28 11:12:24,629 - DEBUG: Permuted canonical matrix: shape=(3, 4), nnz=8
2025-01-28 11:12:24,629 - DEBUG: Starting detailed model comparison...
2025-01-28 11:12:24,632 - DEBUG: Models are equivalent within tolerance
2025-01-28 11:12:24,634 - DEBUG: Validation result: True
2025-01-28 11:12:24,635 - INFO: Iteration 4 Results:
2025-01-28 11:12:24,636 - INFO: - Models equivalent: True
2025-01-28 11:12:24,636 - INFO: - Variable counts match: True
2025-01-28 11:12:24,636 - INFO: - Constraint counts match: True
2025-01-28 11:12:24,637 - INFO: - Original Objective Value: 0.0
2025-01-28 11:12:24,637 - INFO: - Permuted Objective Value: 0.0
2025-01-28 11:12:24,638 - INFO: - Canonical from Original Objective Value: 0.0
2025-01-28 11:12:24,638 - INFO: - Canonical from Permuted Objective Value: 0.0
2025-01-28 11:12:24,638 - INFO: - Original Solve Time: 0.0079922676 seconds
2025-01-28 11:12:24,639 - INFO: - Permuted Solve Time: 0.0059955120 seconds
2025-01-28 11:12:24,639 - INFO: - Canonical from Original Solve Time: 0.0090022087 seconds
2025-01-28 11:12:24,640 - INFO: - Canonical from Permuted Solve Time: 0.0049993992 seconds
