2025-01-29 12:16:43,130 - INFO: Successfully loaded problem from input/example-min.mps
2025-01-29 12:16:43,131 - INFO: Problem Details:
2025-01-29 12:16:43,131 - INFO: - Variables: 18
2025-01-29 12:16:43,132 - INFO: - Constraints: 18
2025-01-29 12:16:43,132 - INFO: - Objective Sense: Minimize
2025-01-29 12:16:43,137 - DEBUG: 
Objective:
    +2700 STM1 + +1500 ANM1 + +30 UE1 + +2700 STM2 + +1500 ANM2 + +30 UE2 + +2700 STM3 + +1500 ANM3 + +30 UE3 + +2700 STM4 + +1500 ANM4 + +30 UE4 + +2700 STM5 + +1500 ANM5 + +30 UE5 + +2700 STM6 + +1500 ANM6 + +30 UE6 (minimize)

Variables:
    STM1 [0, inf] (Continuous)
    ANM1 [0, 18] (Integer)
    UE1 [0, inf] (Continuous)
    STM2 [57, 75] (Integer)
    ANM2 [0, 18] (Integer)
    UE2 [0, inf] (Continuous)
    STM3 [57, 75] (Integer)
    ANM3 [0, 18] (Integer)
    UE3 [0, inf] (Continuous)
    STM4 [57, 75] (Integer)
    ANM4 [0, 18] (Integer)
    UE4 [0, inf] (Continuous)
    STM5 [57, 75] (Integer)
    ANM5 [0, 18] (Integer)
    UE5 [0, inf] (Continuous)
    STM6 [57, 75] (Integer)
    ANM6 [0, 18] (Integer)
    UE6 [0, inf] (Continuous)

Constraints:
    +1 STM1 = 60
    +150 STM1 - 100 ANM1 + +1 UE1 >= 8000
    -20 STM1 + +1 UE1 <= 0
    +0.9 STM1 + +1 ANM1 - 1 STM2 = 0
    +150 STM2 - 100 ANM2 + +1 UE2 >= 9000
    -20 STM2 + +1 UE2 <= 0
    +0.9 STM2 + +1 ANM2 - 1 STM3 = 0
    +150 STM3 - 100 ANM3 + +1 UE3 >= 8000
    -20 STM3 + +1 UE3 <= 0
    +0.9 STM3 + +1 ANM3 - 1 STM4 = 0
    +150 STM4 - 100 ANM4 + +1 UE4 >= 10000
    -20 STM4 + +1 UE4 <= 0
    +0.9 STM4 + +1 ANM4 - 1 STM5 = 0
    +150 STM5 - 100 ANM5 + +1 UE5 >= 9000
    -20 STM5 + +1 UE5 <= 0
    +0.9 STM5 + +1 ANM5 - 1 STM6 = 0
    +150 STM6 - 100 ANM6 + +1 UE6 >= 12000
    -20 STM6 + +1 UE6 <= 0
2025-01-29 12:16:43,146 - INFO: Solving Original Problem
2025-01-29 12:16:43,155 - INFO: Solve Status: Optimal solution found
2025-01-29 12:16:43,156 - INFO: Solve Time: 0.0080 seconds
2025-01-29 12:16:43,157 - INFO: Objective Value: 1201500.0
2025-01-29 12:16:43,157 - INFO: Original Problem Results:
2025-01-29 12:16:43,158 - INFO: - Objective Value: 1201500.0
2025-01-29 12:16:43,158 - INFO: - Solve Time: 0.0080072880 seconds
2025-01-29 12:16:43,158 - DEBUG: Generating canonical form for the original model...
2025-01-29 12:16:43,160 - DEBUG: Variable scores before ordering:
2025-01-29 12:16:43,161 - DEBUG: Var 0 score: 1888.1057687919686
2025-01-29 12:16:43,161 - DEBUG: Var 1 score: 2786.4713601373583
2025-01-29 12:16:43,162 - DEBUG: Var 2 score: 1359.2616640597137
2025-01-29 12:16:43,162 - DEBUG: Var 3 score: 2888.1057687919683
2025-01-29 12:16:43,163 - DEBUG: Var 4 score: 2786.4713601373583
2025-01-29 12:16:43,163 - DEBUG: Var 5 score: 1359.2616640597137
2025-01-29 12:16:43,163 - DEBUG: Var 6 score: 2888.1057687919683
2025-01-29 12:16:43,164 - DEBUG: Var 7 score: 2786.4713601373583
2025-01-29 12:16:43,164 - DEBUG: Var 8 score: 1359.2616640597137
2025-01-29 12:16:43,164 - DEBUG: Var 9 score: 2888.1057687919683
2025-01-29 12:16:43,165 - DEBUG: Var 10 score: 2786.4713601373583
2025-01-29 12:16:43,165 - DEBUG: Var 11 score: 1359.2616640597137
2025-01-29 12:16:43,166 - DEBUG: Var 12 score: 2888.1057687919683
2025-01-29 12:16:43,166 - DEBUG: Var 13 score: 2786.4713601373583
2025-01-29 12:16:43,166 - DEBUG: Var 14 score: 1359.2616640597137
2025-01-29 12:16:43,167 - DEBUG: Var 15 score: 2880.6872299302445
2025-01-29 12:16:43,167 - DEBUG: Var 16 score: 2778.539888331759
2025-01-29 12:16:43,168 - DEBUG: Var 17 score: 1359.2616640597137
2025-01-29 12:16:43,168 - DEBUG: Variable ordering:
2025-01-29 12:16:43,169 - DEBUG: Order: [ 8 14 11  5 17  2  0 16  7 10 13  1  4 15  3  6  9 12]
2025-01-29 12:16:43,169 - DEBUG: Original bounds before reordering:
2025-01-29 12:16:43,169 - DEBUG: Var 0 (Type: Continuous): [0.0, inf]
2025-01-29 12:16:43,170 - DEBUG: Var 1 (Type: Integer): [0.0, 18.0]
2025-01-29 12:16:43,171 - DEBUG: Var 2 (Type: Continuous): [0.0, inf]
2025-01-29 12:16:43,172 - DEBUG: Var 3 (Type: Integer): [57.0, 75.0]
2025-01-29 12:16:43,172 - DEBUG: Var 4 (Type: Integer): [0.0, 18.0]
2025-01-29 12:16:43,174 - DEBUG: Var 5 (Type: Continuous): [0.0, inf]
2025-01-29 12:16:43,174 - DEBUG: Var 6 (Type: Integer): [57.0, 75.0]
2025-01-29 12:16:43,175 - DEBUG: Var 7 (Type: Integer): [0.0, 18.0]
2025-01-29 12:16:43,176 - DEBUG: Var 8 (Type: Continuous): [0.0, inf]
2025-01-29 12:16:43,176 - DEBUG: Var 9 (Type: Integer): [57.0, 75.0]
2025-01-29 12:16:43,177 - DEBUG: Var 10 (Type: Integer): [0.0, 18.0]
2025-01-29 12:16:43,177 - DEBUG: Var 11 (Type: Continuous): [0.0, inf]
2025-01-29 12:16:43,177 - DEBUG: Var 12 (Type: Integer): [57.0, 75.0]
2025-01-29 12:16:43,178 - DEBUG: Var 13 (Type: Integer): [0.0, 18.0]
2025-01-29 12:16:43,178 - DEBUG: Var 14 (Type: Continuous): [0.0, inf]
2025-01-29 12:16:43,179 - DEBUG: Var 15 (Type: Integer): [57.0, 75.0]
2025-01-29 12:16:43,179 - DEBUG: Var 16 (Type: Integer): [0.0, 18.0]
2025-01-29 12:16:43,179 - DEBUG: Var 17 (Type: Continuous): [0.0, inf]
2025-01-29 12:16:43,182 - DEBUG: Constraint scores before ordering:
2025-01-29 12:16:43,182 - DEBUG: Constr 0: Score: 2418.7120054034904
2025-01-29 12:16:43,183 - DEBUG: Constr 1: Score: 4007.5131095663055
2025-01-29 12:16:43,183 - DEBUG: Constr 2: Score: 1040.467738636192
2025-01-29 12:16:43,184 - DEBUG: Constr 3: Score: 2021.380094761591
2025-01-29 12:16:43,184 - DEBUG: Constr 4: Score: 4019.2900244070015
2025-01-29 12:16:43,185 - DEBUG: Constr 5: Score: 1040.467738636192
2025-01-29 12:16:43,185 - DEBUG: Constr 6: Score: 2021.380094761591
2025-01-29 12:16:43,185 - DEBUG: Constr 7: Score: 4007.5131095663055
2025-01-29 12:16:43,186 - DEBUG: Constr 8: Score: 1040.467738636192
2025-01-29 12:16:43,186 - DEBUG: Constr 9: Score: 2021.380094761591
2025-01-29 12:16:43,186 - DEBUG: Constr 10: Score: 4029.824964978945
2025-01-29 12:16:43,187 - DEBUG: Constr 11: Score: 1040.467738636192
2025-01-29 12:16:43,188 - DEBUG: Constr 12: Score: 2021.380094761591
2025-01-29 12:16:43,189 - DEBUG: Constr 13: Score: 4019.2900244070015
2025-01-29 12:16:43,190 - DEBUG: Constr 14: Score: 1040.467738636192
2025-01-29 12:16:43,191 - DEBUG: Constr 15: Score: 2021.380094761591
2025-01-29 12:16:43,192 - DEBUG: Constr 16: Score: 4048.055454144437
2025-01-29 12:16:43,192 - DEBUG: Constr 17: Score: 1040.467738636192
2025-01-29 12:16:43,192 - DEBUG: Constraint ordering:
2025-01-29 12:16:43,193 - DEBUG: Order: [ 8 14 11  5 17  2  3  6  9 12 15  0  7  1 13  4 10 16]
2025-01-29 12:16:43,193 - DEBUG: Original constraints before reordering:
2025-01-29 12:16:43,194 - DEBUG: Constr 0: = 60.0
2025-01-29 12:16:43,194 - DEBUG: Constr 1: >= 8000.0
2025-01-29 12:16:43,195 - DEBUG: Constr 2: <= 0.0
2025-01-29 12:16:43,195 - DEBUG: Constr 3: = 0.0
2025-01-29 12:16:43,196 - DEBUG: Constr 4: >= 9000.0
2025-01-29 12:16:43,196 - DEBUG: Constr 5: <= 0.0
2025-01-29 12:16:43,196 - DEBUG: Constr 6: = 0.0
2025-01-29 12:16:43,197 - DEBUG: Constr 7: >= 8000.0
2025-01-29 12:16:43,197 - DEBUG: Constr 8: <= 0.0
2025-01-29 12:16:43,198 - DEBUG: Constr 9: = 0.0
2025-01-29 12:16:43,198 - DEBUG: Constr 10: >= 10000.0
2025-01-29 12:16:43,199 - DEBUG: Constr 11: <= 0.0
2025-01-29 12:16:43,199 - DEBUG: Constr 12: = 0.0
2025-01-29 12:16:43,199 - DEBUG: Constr 13: >= 9000.0
2025-01-29 12:16:43,200 - DEBUG: Constr 14: <= 0.0
2025-01-29 12:16:43,200 - DEBUG: Constr 15: = 0.0
2025-01-29 12:16:43,201 - DEBUG: Constr 16: >= 12000.0
2025-01-29 12:16:43,201 - DEBUG: Constr 17: <= 0.0
2025-01-29 12:16:43,207 - DEBUG: 
Objective:
    +30 x1 + +30 x2 + +30 x3 + +30 x4 + +30 x5 + +30 x6 + +2700 x7 + +1500 x8 + +1500 x9 + +1500 x10 + +1500 x11 + +1500 x12 + +1500 x13 + +2700 x14 + +2700 x15 + +2700 x16 + +2700 x17 + +2700 x18 (minimize)

Variables:
    x1 [0, inf] (Continuous)
    x2 [0, inf] (Continuous)
    x3 [0, inf] (Continuous)
    x4 [0, inf] (Continuous)
    x5 [0, inf] (Continuous)
    x6 [0, inf] (Continuous)
    x7 [0, inf] (Continuous)
    x8 [-0, 18] (Integer)
    x9 [-0, 18] (Integer)
    x10 [-0, 18] (Integer)
    x11 [-0, 18] (Integer)
    x12 [-0, 18] (Integer)
    x13 [-0, 18] (Integer)
    x14 [57, 75] (Integer)
    x15 [57, 75] (Integer)
    x16 [57, 75] (Integer)
    x17 [57, 75] (Integer)
    x18 [57, 75] (Integer)

Constraints:
    +1 x1 - 20 x16 <= 0
    +1 x2 - 20 x18 <= 0
    +1 x3 - 20 x17 <= 0
    +1 x4 - 20 x15 <= 0
    +1 x5 - 20 x14 <= 0
    +1 x6 - 20 x7 <= 0
    +0.9 x7 + +1 x12 - 1 x15 = 0
    +1 x13 + +0.9 x15 - 1 x16 = 0
    +1 x9 + +0.9 x16 - 1 x17 = 0
    +1 x10 + +0.9 x17 - 1 x18 = 0
    +1 x11 - 1 x14 + +0.9 x18 = 0
    +1 x7 = 60
    +1 x1 - 100 x9 + +150 x16 >= 8000
    +1 x6 + +150 x7 - 100 x12 >= 8000
    +1 x2 - 100 x11 + +150 x18 >= 9000
    +1 x4 - 100 x13 + +150 x15 >= 9000
    +1 x3 - 100 x10 + +150 x17 >= 10000
    +1 x5 - 100 x8 + +150 x14 >= 12000
2025-01-29 12:16:43,216 - INFO: Running iteration 1/4
2025-01-29 12:16:43,216 - DEBUG: Starting new iteration...
2025-01-29 12:16:43,216 - INFO: Creating Permuted Problem
2025-01-29 12:16:43,221 - DEBUG: 
Objective:
    +1500 x0 + +30 x1 + +2700 x2 + +2700 x3 + +30 x4 + +30 x5 + +30 x6 + +1500 x7 + +2700 x8 + +1500 x9 + +1500 x10 + +1500 x11 + +1500 x12 + +30 x13 + +2700 x14 + +2700 x15 + +2700 x16 + +30 x17 (minimize)

Variables:
    x0 [-0, 18] (Integer)
    x1 [0, inf] (Continuous)
    x2 [57, 75] (Integer)
    x3 [57, 75] (Integer)
    x4 [0, inf] (Continuous)
    x5 [0, inf] (Continuous)
    x6 [0, inf] (Continuous)
    x7 [-0, 18] (Integer)
    x8 [0, inf] (Continuous)
    x9 [-0, 18] (Integer)
    x10 [-0, 18] (Integer)
    x11 [-0, 18] (Integer)
    x12 [-0, 18] (Integer)
    x13 [0, inf] (Continuous)
    x14 [57, 75] (Integer)
    x15 [57, 75] (Integer)
    x16 [57, 75] (Integer)
    x17 [0, inf] (Continuous)

Constraints:
    +1 x8 = 60
    +1 x6 + +150 x8 - 100 x12 >= 8000
    +1 x6 - 20 x8 <= 0
    +0.9 x8 + +1 x12 - 1 x14 = 0
    -100 x0 + +1 x4 + +150 x14 >= 9000
    +1 x4 - 20 x14 <= 0
    +1 x0 - 1 x3 + +0.9 x14 = 0
    +1 x1 + +150 x3 - 100 x7 >= 8000
    +1 x1 - 20 x3 <= 0
    -1 x2 + +0.9 x3 + +1 x7 = 0
    +150 x2 - 100 x10 + +1 x13 >= 10000
    -20 x2 + +1 x13 <= 0
    +0.9 x2 + +1 x10 - 1 x15 = 0
    +1 x5 - 100 x9 + +150 x15 >= 9000
    +1 x5 - 20 x15 <= 0
    +1 x9 + +0.9 x15 - 1 x16 = 0
    -100 x11 + +150 x16 + +1 x17 >= 12000
    -20 x16 + +1 x17 <= 0
2025-01-29 12:16:43,230 - INFO: Solving Permuted Problem
2025-01-29 12:16:43,237 - INFO: Solve Status: Optimal solution found
2025-01-29 12:16:43,238 - INFO: Solve Time: 0.0060 seconds
2025-01-29 12:16:43,239 - INFO: Objective Value: 1201500.0
2025-01-29 12:16:43,240 - INFO: Permuted Problem Results:
2025-01-29 12:16:43,240 - INFO: - Objective Value: 1201500.0
2025-01-29 12:16:43,241 - INFO: - Solve Time: 0.0059912205 seconds
2025-01-29 12:16:43,241 - DEBUG: Before canonicalization:
2025-01-29 12:16:43,242 - DEBUG: Original matrix: shape=(18, 18), nnz=46
2025-01-29 12:16:43,243 - DEBUG: Permuted matrix: shape=(18, 18), nnz=46
2025-01-29 12:16:43,243 - DEBUG: Generating canonical form for permuted model...
2025-01-29 12:16:43,245 - DEBUG: Variable scores before ordering:
2025-01-29 12:16:43,246 - DEBUG: Var 0 score: 2786.4713601373583
2025-01-29 12:16:43,246 - DEBUG: Var 1 score: 1359.2616640597137
2025-01-29 12:16:43,247 - DEBUG: Var 2 score: 2888.1057687919683
2025-01-29 12:16:43,248 - DEBUG: Var 3 score: 2888.1057687919683
2025-01-29 12:16:43,248 - DEBUG: Var 4 score: 1359.2616640597137
2025-01-29 12:16:43,249 - DEBUG: Var 5 score: 1359.2616640597137
2025-01-29 12:16:43,249 - DEBUG: Var 6 score: 1359.2616640597137
2025-01-29 12:16:43,250 - DEBUG: Var 7 score: 2786.4713601373583
2025-01-29 12:16:43,250 - DEBUG: Var 8 score: 1888.1057687919686
2025-01-29 12:16:43,250 - DEBUG: Var 9 score: 2786.4713601373583
2025-01-29 12:16:43,251 - DEBUG: Var 10 score: 2786.4713601373583
2025-01-29 12:16:43,251 - DEBUG: Var 11 score: 2778.539888331759
2025-01-29 12:16:43,252 - DEBUG: Var 12 score: 2786.4713601373583
2025-01-29 12:16:43,252 - DEBUG: Var 13 score: 1359.2616640597137
2025-01-29 12:16:43,252 - DEBUG: Var 14 score: 2888.1057687919683
2025-01-29 12:16:43,253 - DEBUG: Var 15 score: 2888.1057687919683
2025-01-29 12:16:43,253 - DEBUG: Var 16 score: 2880.6872299302445
2025-01-29 12:16:43,254 - DEBUG: Var 17 score: 1359.2616640597137
2025-01-29 12:16:43,255 - DEBUG: Variable ordering:
2025-01-29 12:16:43,256 - DEBUG: Order: [17  1 13  6  4  5  8 11  7  9 10 12  0 16  2 14 15  3]
2025-01-29 12:16:43,257 - DEBUG: Original bounds before reordering:
2025-01-29 12:16:43,258 - DEBUG: Var 0 (Type: Integer): [-0.0, 18.0]
2025-01-29 12:16:43,258 - DEBUG: Var 1 (Type: Continuous): [0.0, inf]
2025-01-29 12:16:43,259 - DEBUG: Var 2 (Type: Integer): [57.0, 75.0]
2025-01-29 12:16:43,259 - DEBUG: Var 3 (Type: Integer): [57.0, 75.0]
2025-01-29 12:16:43,260 - DEBUG: Var 4 (Type: Continuous): [0.0, inf]
2025-01-29 12:16:43,260 - DEBUG: Var 5 (Type: Continuous): [0.0, inf]
2025-01-29 12:16:43,260 - DEBUG: Var 6 (Type: Continuous): [0.0, inf]
2025-01-29 12:16:43,261 - DEBUG: Var 7 (Type: Integer): [-0.0, 18.0]
2025-01-29 12:16:43,261 - DEBUG: Var 8 (Type: Continuous): [0.0, inf]
2025-01-29 12:16:43,262 - DEBUG: Var 9 (Type: Integer): [-0.0, 18.0]
2025-01-29 12:16:43,262 - DEBUG: Var 10 (Type: Integer): [-0.0, 18.0]
2025-01-29 12:16:43,262 - DEBUG: Var 11 (Type: Integer): [-0.0, 18.0]
2025-01-29 12:16:43,263 - DEBUG: Var 12 (Type: Integer): [-0.0, 18.0]
2025-01-29 12:16:43,263 - DEBUG: Var 13 (Type: Continuous): [0.0, inf]
2025-01-29 12:16:43,264 - DEBUG: Var 14 (Type: Integer): [57.0, 75.0]
2025-01-29 12:16:43,265 - DEBUG: Var 15 (Type: Integer): [57.0, 75.0]
2025-01-29 12:16:43,265 - DEBUG: Var 16 (Type: Integer): [57.0, 75.0]
2025-01-29 12:16:43,266 - DEBUG: Var 17 (Type: Continuous): [0.0, inf]
2025-01-29 12:16:43,269 - DEBUG: Constraint scores before ordering:
2025-01-29 12:16:43,270 - DEBUG: Constr 0: Score: 2418.7120054034904
2025-01-29 12:16:43,270 - DEBUG: Constr 1: Score: 4007.5131095663055
2025-01-29 12:16:43,271 - DEBUG: Constr 2: Score: 1040.467738636192
2025-01-29 12:16:43,272 - DEBUG: Constr 3: Score: 2021.380094761591
2025-01-29 12:16:43,273 - DEBUG: Constr 4: Score: 4019.2900244070015
2025-01-29 12:16:43,274 - DEBUG: Constr 5: Score: 1040.467738636192
2025-01-29 12:16:43,275 - DEBUG: Constr 6: Score: 2021.380094761591
2025-01-29 12:16:43,275 - DEBUG: Constr 7: Score: 4007.5131095663055
2025-01-29 12:16:43,276 - DEBUG: Constr 8: Score: 1040.467738636192
2025-01-29 12:16:43,276 - DEBUG: Constr 9: Score: 2021.380094761591
2025-01-29 12:16:43,277 - DEBUG: Constr 10: Score: 4029.824964978945
2025-01-29 12:16:43,277 - DEBUG: Constr 11: Score: 1040.467738636192
2025-01-29 12:16:43,278 - DEBUG: Constr 12: Score: 2021.380094761591
2025-01-29 12:16:43,278 - DEBUG: Constr 13: Score: 4019.2900244070015
2025-01-29 12:16:43,278 - DEBUG: Constr 14: Score: 1040.467738636192
2025-01-29 12:16:43,279 - DEBUG: Constr 15: Score: 2021.380094761591
2025-01-29 12:16:43,280 - DEBUG: Constr 16: Score: 4048.055454144437
2025-01-29 12:16:43,280 - DEBUG: Constr 17: Score: 1040.467738636192
2025-01-29 12:16:43,281 - DEBUG: Constraint ordering:
2025-01-29 12:16:43,281 - DEBUG: Order: [ 8 14 11  5 17  2  3  6  9 12 15  0  7  1 13  4 10 16]
2025-01-29 12:16:43,282 - DEBUG: Original constraints before reordering:
2025-01-29 12:16:43,282 - DEBUG: Constr 0: = 60.0
2025-01-29 12:16:43,283 - DEBUG: Constr 1: >= 8000.0
2025-01-29 12:16:43,283 - DEBUG: Constr 2: <= 0.0
2025-01-29 12:16:43,283 - DEBUG: Constr 3: = 0.0
2025-01-29 12:16:43,284 - DEBUG: Constr 4: >= 9000.0
2025-01-29 12:16:43,284 - DEBUG: Constr 5: <= 0.0
2025-01-29 12:16:43,285 - DEBUG: Constr 6: = 0.0
2025-01-29 12:16:43,285 - DEBUG: Constr 7: >= 8000.0
2025-01-29 12:16:43,286 - DEBUG: Constr 8: <= 0.0
2025-01-29 12:16:43,286 - DEBUG: Constr 9: = 0.0
2025-01-29 12:16:43,287 - DEBUG: Constr 10: >= 10000.0
2025-01-29 12:16:43,288 - DEBUG: Constr 11: <= 0.0
2025-01-29 12:16:43,289 - DEBUG: Constr 12: = 0.0
2025-01-29 12:16:43,290 - DEBUG: Constr 13: >= 9000.0
2025-01-29 12:16:43,291 - DEBUG: Constr 14: <= 0.0
2025-01-29 12:16:43,291 - DEBUG: Constr 15: = 0.0
2025-01-29 12:16:43,292 - DEBUG: Constr 16: >= 12000.0
2025-01-29 12:16:43,292 - DEBUG: Constr 17: <= 0.0
2025-01-29 12:16:43,296 - DEBUG: 
Objective:
    +30 x1 + +30 x2 + +30 x3 + +30 x4 + +30 x5 + +30 x6 + +2700 x7 + +1500 x8 + +1500 x9 + +1500 x10 + +1500 x11 + +1500 x12 + +1500 x13 + +2700 x14 + +2700 x15 + +2700 x16 + +2700 x17 + +2700 x18 (minimize)

Variables:
    x1 [0, inf] (Continuous)
    x2 [0, inf] (Continuous)
    x3 [0, inf] (Continuous)
    x4 [0, inf] (Continuous)
    x5 [0, inf] (Continuous)
    x6 [0, inf] (Continuous)
    x7 [0, inf] (Continuous)
    x8 [-0, 18] (Integer)
    x9 [-0, 18] (Integer)
    x10 [-0, 18] (Integer)
    x11 [-0, 18] (Integer)
    x12 [-0, 18] (Integer)
    x13 [-0, 18] (Integer)
    x14 [57, 75] (Integer)
    x15 [57, 75] (Integer)
    x16 [57, 75] (Integer)
    x17 [57, 75] (Integer)
    x18 [57, 75] (Integer)

Constraints:
    +1 x2 - 20 x18 <= 0
    +1 x6 - 20 x17 <= 0
    +1 x3 - 20 x15 <= 0
    +1 x5 - 20 x16 <= 0
    +1 x1 - 20 x14 <= 0
    +1 x4 - 20 x7 <= 0
    +0.9 x7 + +1 x12 - 1 x16 = 0
    +1 x13 + +0.9 x16 - 1 x18 = 0
    +1 x9 - 1 x15 + +0.9 x18 = 0
    +1 x11 + +0.9 x15 - 1 x17 = 0
    +1 x10 - 1 x14 + +0.9 x17 = 0
    +1 x7 = 60
    +1 x2 - 100 x9 + +150 x18 >= 8000
    +1 x4 + +150 x7 - 100 x12 >= 8000
    +1 x6 - 100 x10 + +150 x17 >= 9000
    +1 x5 - 100 x13 + +150 x16 >= 9000
    +1 x3 - 100 x11 + +150 x15 >= 10000
    +1 x1 - 100 x8 + +150 x14 >= 12000
2025-01-29 12:16:43,305 - INFO: Solving Canonical Form from Original Model
2025-01-29 12:16:43,314 - INFO: Solve Status: Optimal solution found
2025-01-29 12:16:43,314 - INFO: Solve Time: 0.0080 seconds
2025-01-29 12:16:43,314 - INFO: Objective Value: 1201500.0
2025-01-29 12:16:43,315 - INFO: Solving Canonical Form from Permuted Model
2025-01-29 12:16:43,321 - INFO: Solve Status: Optimal solution found
2025-01-29 12:16:43,322 - INFO: Solve Time: 0.0060 seconds
2025-01-29 12:16:43,323 - INFO: Objective Value: 1201500.0
2025-01-29 12:16:43,324 - DEBUG: Starting model validation...
2025-01-29 12:16:43,325 - DEBUG: Original canonical matrix: shape=(18, 18), nnz=46
2025-01-29 12:16:43,325 - DEBUG: Permuted canonical matrix: shape=(18, 18), nnz=46
2025-01-29 12:16:43,326 - DEBUG: Starting detailed model comparison...
2025-01-29 12:16:43,326 - DEBUG: Matrix coefficient differences found:
2025-01-29 12:16:43,327 - DEBUG: Position 19: 0.9 vs -1.0
2025-01-29 12:16:43,327 - DEBUG: Position 20: -1.0 vs 0.9
2025-01-29 12:16:43,328 - DEBUG: Validation result: False
2025-01-29 12:16:43,328 - DEBUG: Detailed model comparison:
2025-01-29 12:16:43,329 - DEBUG: Matrix coefficient differences found:
2025-01-29 12:16:43,371 - DEBUG: 
   Model 1                                                                                                              Model 2                                                                                                             
        x0   x1   x2   x3   x4   x5     x6     x7     x8     x9    x10    x11    x12    x13    x14    x15    x16    x17      x0   x1   x2   x3   x4   x5     x6     x7     x8     x9    x10    x11    x12    x13    x14    x15    x16    x17
0      1.0  0.0  0.0  0.0  0.0  0.0    0.0    0.0    0.0    0.0    0.0    0.0    0.0    0.0    0.0  -20.0    0.0    0.0     0.0  1.0  0.0  0.0  0.0  0.0    0.0    0.0    0.0    0.0    0.0    0.0    0.0    0.0    0.0    0.0    0.0  -20.0
1      0.0  1.0  0.0  0.0  0.0  0.0    0.0    0.0    0.0    0.0    0.0    0.0    0.0    0.0    0.0    0.0    0.0  -20.0     0.0  0.0  0.0  0.0  0.0  1.0    0.0    0.0    0.0    0.0    0.0    0.0    0.0    0.0    0.0    0.0  -20.0    0.0
2      0.0  0.0  1.0  0.0  0.0  0.0    0.0    0.0    0.0    0.0    0.0    0.0    0.0    0.0    0.0    0.0  -20.0    0.0     0.0  0.0  1.0  0.0  0.0  0.0    0.0    0.0    0.0    0.0    0.0    0.0    0.0    0.0  -20.0    0.0    0.0    0.0
3      0.0  0.0  0.0  1.0  0.0  0.0    0.0    0.0    0.0    0.0    0.0    0.0    0.0    0.0  -20.0    0.0    0.0    0.0     0.0  0.0  0.0  0.0  1.0  0.0    0.0    0.0    0.0    0.0    0.0    0.0    0.0    0.0    0.0  -20.0    0.0    0.0
4      0.0  0.0  0.0  0.0  1.0  0.0    0.0    0.0    0.0    0.0    0.0    0.0    0.0  -20.0    0.0    0.0    0.0    0.0     1.0  0.0  0.0  0.0  0.0  0.0    0.0    0.0    0.0    0.0    0.0    0.0    0.0  -20.0    0.0    0.0    0.0    0.0
5      0.0  0.0  0.0  0.0  0.0  1.0  -20.0    0.0    0.0    0.0    0.0    0.0    0.0    0.0    0.0    0.0    0.0    0.0     0.0  0.0  0.0  1.0  0.0  0.0  -20.0    0.0    0.0    0.0    0.0    0.0    0.0    0.0    0.0    0.0    0.0    0.0
6      0.0  0.0  0.0  0.0  0.0  0.0    0.9    0.0    0.0    0.0    0.0    1.0    0.0    0.0   -1.0    0.0    0.0    0.0     0.0  0.0  0.0  0.0  0.0  0.0    0.9    0.0    0.0    0.0    0.0    1.0    0.0    0.0    0.0   -1.0    0.0    0.0
7      0.0  0.0  0.0  0.0  0.0  0.0    0.0    0.0    0.0    0.0    0.0    0.0    1.0    0.0    0.9   -1.0    0.0    0.0     0.0  0.0  0.0  0.0  0.0  0.0    0.0    0.0    0.0    0.0    0.0    0.0    1.0    0.0    0.0    0.9    0.0   -1.0
8      0.0  0.0  0.0  0.0  0.0  0.0    0.0    0.0    1.0    0.0    0.0    0.0    0.0    0.0    0.0    0.9   -1.0    0.0     0.0  0.0  0.0  0.0  0.0  0.0    0.0    0.0    1.0    0.0    0.0    0.0    0.0    0.0   -1.0    0.0    0.0    0.9
9      0.0  0.0  0.0  0.0  0.0  0.0    0.0    0.0    0.0    1.0    0.0    0.0    0.0    0.0    0.0    0.0    0.9   -1.0     0.0  0.0  0.0  0.0  0.0  0.0    0.0    0.0    0.0    0.0    1.0    0.0    0.0    0.0    0.9    0.0   -1.0    0.0
10     0.0  0.0  0.0  0.0  0.0  0.0    0.0    0.0    0.0    0.0    1.0    0.0    0.0   -1.0    0.0    0.0    0.0    0.9     0.0  0.0  0.0  0.0  0.0  0.0    0.0    0.0    0.0    1.0    0.0    0.0    0.0   -1.0    0.0    0.0    0.9    0.0
11     0.0  0.0  0.0  0.0  0.0  0.0    1.0    0.0    0.0    0.0    0.0    0.0    0.0    0.0    0.0    0.0    0.0    0.0     0.0  0.0  0.0  0.0  0.0  0.0    1.0    0.0    0.0    0.0    0.0    0.0    0.0    0.0    0.0    0.0    0.0    0.0
12     1.0  0.0  0.0  0.0  0.0  0.0    0.0    0.0 -100.0    0.0    0.0    0.0    0.0    0.0    0.0  150.0    0.0    0.0     0.0  1.0  0.0  0.0  0.0  0.0    0.0    0.0 -100.0    0.0    0.0    0.0    0.0    0.0    0.0    0.0    0.0  150.0
13     0.0  0.0  0.0  0.0  0.0  1.0  150.0    0.0    0.0    0.0    0.0 -100.0    0.0    0.0    0.0    0.0    0.0    0.0     0.0  0.0  0.0  1.0  0.0  0.0  150.0    0.0    0.0    0.0    0.0 -100.0    0.0    0.0    0.0    0.0    0.0    0.0
14     0.0  1.0  0.0  0.0  0.0  0.0    0.0    0.0    0.0    0.0 -100.0    0.0    0.0    0.0    0.0    0.0    0.0  150.0     0.0  0.0  0.0  0.0  0.0  1.0    0.0    0.0    0.0 -100.0    0.0    0.0    0.0    0.0    0.0    0.0  150.0    0.0
15     0.0  0.0  0.0  1.0  0.0  0.0    0.0    0.0    0.0    0.0    0.0    0.0 -100.0    0.0  150.0    0.0    0.0    0.0     0.0  0.0  0.0  0.0  1.0  0.0    0.0    0.0    0.0    0.0    0.0    0.0 -100.0    0.0    0.0  150.0    0.0    0.0
16     0.0  0.0  1.0  0.0  0.0  0.0    0.0    0.0    0.0 -100.0    0.0    0.0    0.0    0.0    0.0    0.0  150.0    0.0     0.0  0.0  1.0  0.0  0.0  0.0    0.0    0.0    0.0    0.0 -100.0    0.0    0.0    0.0  150.0    0.0    0.0    0.0
17     0.0  0.0  0.0  0.0  1.0  0.0    0.0 -100.0    0.0    0.0    0.0    0.0    0.0  150.0    0.0    0.0    0.0    0.0     1.0  0.0  0.0  0.0  0.0  0.0    0.0 -100.0    0.0    0.0    0.0    0.0    0.0  150.0    0.0    0.0    0.0    0.0
2025-01-29 12:16:43,383 - INFO: Iteration 1 Results:
2025-01-29 12:16:43,383 - INFO: - Models equivalent: False
2025-01-29 12:16:43,384 - INFO: - Variable counts match: True
2025-01-29 12:16:43,385 - INFO: - Constraint counts match: True
2025-01-29 12:16:43,385 - INFO: - Original Objective Value: 1201500.0
2025-01-29 12:16:43,385 - INFO: - Permuted Objective Value: 1201500.0
2025-01-29 12:16:43,386 - INFO: - Canonical from Original Objective Value: 1201500.0
2025-01-29 12:16:43,386 - INFO: - Canonical from Permuted Objective Value: 1201500.0
2025-01-29 12:16:43,387 - INFO: - Original Solve Time: 0.0080072880 seconds
2025-01-29 12:16:43,387 - INFO: - Permuted Solve Time: 0.0059912205 seconds
2025-01-29 12:16:43,388 - INFO: - Canonical from Original Solve Time: 0.0079853535 seconds
2025-01-29 12:16:43,389 - INFO: - Canonical from Permuted Solve Time: 0.0060138702 seconds
2025-01-29 12:16:43,390 - INFO: Running iteration 2/4
2025-01-29 12:16:43,390 - DEBUG: Starting new iteration...
2025-01-29 12:16:43,391 - INFO: Creating Permuted Problem
2025-01-29 12:16:43,397 - DEBUG: 
Objective:
    +30 x0 + +1500 x1 + +1500 x2 + +30 x3 + +30 x4 + +2700 x5 + +2700 x6 + +30 x7 + +1500 x8 + +1500 x9 + +1500 x10 + +1500 x11 + +2700 x12 + +30 x13 + +2700 x14 + +2700 x15 + +30 x16 + +2700 x17 (minimize)

Variables:
    x0 [0, inf] (Continuous)
    x1 [-0, 18] (Integer)
    x2 [-0, 18] (Integer)
    x3 [0, inf] (Continuous)
    x4 [0, inf] (Continuous)
    x5 [57, 75] (Integer)
    x6 [57, 75] (Integer)
    x7 [0, inf] (Continuous)
    x8 [-0, 18] (Integer)
    x9 [-0, 18] (Integer)
    x10 [-0, 18] (Integer)
    x11 [-0, 18] (Integer)
    x12 [57, 75] (Integer)
    x13 [0, inf] (Continuous)
    x14 [0, inf] (Continuous)
    x15 [57, 75] (Integer)
    x16 [0, inf] (Continuous)
    x17 [57, 75] (Integer)

Constraints:
    +1 x14 = 60
    +1 x4 - 100 x9 + +150 x14 >= 8000
    +1 x4 - 20 x14 <= 0
    -1 x5 + +1 x9 + +0.9 x14 = 0
    +150 x5 + +1 x7 - 100 x10 >= 9000
    -20 x5 + +1 x7 <= 0
    +0.9 x5 + +1 x10 - 1 x12 = 0
    -100 x2 + +150 x12 + +1 x13 >= 8000
    -20 x12 + +1 x13 <= 0
    +1 x2 - 1 x6 + +0.9 x12 = 0
    +1 x0 - 100 x1 + +150 x6 >= 10000
    +1 x0 - 20 x6 <= 0
    +1 x1 + +0.9 x6 - 1 x15 = 0
    -100 x11 + +150 x15 + +1 x16 >= 9000
    -20 x15 + +1 x16 <= 0
    +1 x11 + +0.9 x15 - 1 x17 = 0
    +1 x3 - 100 x8 + +150 x17 >= 12000
    +1 x3 - 20 x17 <= 0
2025-01-29 12:16:43,407 - INFO: Solving Permuted Problem
2025-01-29 12:16:43,418 - INFO: Solve Status: Optimal solution found
2025-01-29 12:16:43,418 - INFO: Solve Time: 0.0100 seconds
2025-01-29 12:16:43,419 - INFO: Objective Value: 1201500.0
2025-01-29 12:16:43,420 - INFO: Permuted Problem Results:
2025-01-29 12:16:43,421 - INFO: - Objective Value: 1201500.0
2025-01-29 12:16:43,421 - INFO: - Solve Time: 0.0099892616 seconds
2025-01-29 12:16:43,422 - DEBUG: Before canonicalization:
2025-01-29 12:16:43,423 - DEBUG: Original matrix: shape=(18, 18), nnz=46
2025-01-29 12:16:43,425 - DEBUG: Permuted matrix: shape=(18, 18), nnz=46
2025-01-29 12:16:43,425 - DEBUG: Generating canonical form for permuted model...
2025-01-29 12:16:43,428 - DEBUG: Variable scores before ordering:
2025-01-29 12:16:43,429 - DEBUG: Var 0 score: 1359.2616640597137
2025-01-29 12:16:43,429 - DEBUG: Var 1 score: 2786.4713601373583
2025-01-29 12:16:43,430 - DEBUG: Var 2 score: 2786.4713601373583
2025-01-29 12:16:43,430 - DEBUG: Var 3 score: 1359.2616640597137
2025-01-29 12:16:43,431 - DEBUG: Var 4 score: 1359.2616640597137
2025-01-29 12:16:43,431 - DEBUG: Var 5 score: 2888.1057687919683
2025-01-29 12:16:43,432 - DEBUG: Var 6 score: 2888.1057687919683
2025-01-29 12:16:43,432 - DEBUG: Var 7 score: 1359.2616640597137
2025-01-29 12:16:43,433 - DEBUG: Var 8 score: 2778.539888331759
2025-01-29 12:16:43,434 - DEBUG: Var 9 score: 2786.4713601373583
2025-01-29 12:16:43,434 - DEBUG: Var 10 score: 2786.4713601373583
2025-01-29 12:16:43,434 - DEBUG: Var 11 score: 2786.4713601373583
2025-01-29 12:16:43,435 - DEBUG: Var 12 score: 2888.1057687919683
2025-01-29 12:16:43,435 - DEBUG: Var 13 score: 1359.2616640597137
2025-01-29 12:16:43,436 - DEBUG: Var 14 score: 1888.1057687919686
2025-01-29 12:16:43,436 - DEBUG: Var 15 score: 2888.1057687919683
2025-01-29 12:16:43,437 - DEBUG: Var 16 score: 1359.2616640597137
2025-01-29 12:16:43,438 - DEBUG: Var 17 score: 2880.6872299302445
2025-01-29 12:16:43,439 - DEBUG: Variable ordering:
2025-01-29 12:16:43,440 - DEBUG: Order: [ 0 13  3  4 16  7 14  8  9 10 11  2  1 17  5 12 15  6]
2025-01-29 12:16:43,441 - DEBUG: Original bounds before reordering:
2025-01-29 12:16:43,441 - DEBUG: Var 0 (Type: Continuous): [0.0, inf]
2025-01-29 12:16:43,442 - DEBUG: Var 1 (Type: Integer): [-0.0, 18.0]
2025-01-29 12:16:43,442 - DEBUG: Var 2 (Type: Integer): [-0.0, 18.0]
2025-01-29 12:16:43,442 - DEBUG: Var 3 (Type: Continuous): [0.0, inf]
2025-01-29 12:16:43,443 - DEBUG: Var 4 (Type: Continuous): [0.0, inf]
2025-01-29 12:16:43,444 - DEBUG: Var 5 (Type: Integer): [57.0, 75.0]
2025-01-29 12:16:43,444 - DEBUG: Var 6 (Type: Integer): [57.0, 75.0]
2025-01-29 12:16:43,444 - DEBUG: Var 7 (Type: Continuous): [0.0, inf]
2025-01-29 12:16:43,445 - DEBUG: Var 8 (Type: Integer): [-0.0, 18.0]
2025-01-29 12:16:43,445 - DEBUG: Var 9 (Type: Integer): [-0.0, 18.0]
2025-01-29 12:16:43,446 - DEBUG: Var 10 (Type: Integer): [-0.0, 18.0]
2025-01-29 12:16:43,446 - DEBUG: Var 11 (Type: Integer): [-0.0, 18.0]
2025-01-29 12:16:43,447 - DEBUG: Var 12 (Type: Integer): [57.0, 75.0]
2025-01-29 12:16:43,447 - DEBUG: Var 13 (Type: Continuous): [0.0, inf]
2025-01-29 12:16:43,448 - DEBUG: Var 14 (Type: Continuous): [0.0, inf]
2025-01-29 12:16:43,448 - DEBUG: Var 15 (Type: Integer): [57.0, 75.0]
2025-01-29 12:16:43,448 - DEBUG: Var 16 (Type: Continuous): [0.0, inf]
2025-01-29 12:16:43,449 - DEBUG: Var 17 (Type: Integer): [57.0, 75.0]
2025-01-29 12:16:43,451 - DEBUG: Constraint scores before ordering:
2025-01-29 12:16:43,452 - DEBUG: Constr 0: Score: 2418.7120054034904
2025-01-29 12:16:43,452 - DEBUG: Constr 1: Score: 4007.5131095663055
2025-01-29 12:16:43,453 - DEBUG: Constr 2: Score: 1040.467738636192
2025-01-29 12:16:43,453 - DEBUG: Constr 3: Score: 2021.380094761591
2025-01-29 12:16:43,454 - DEBUG: Constr 4: Score: 4019.2900244070015
2025-01-29 12:16:43,455 - DEBUG: Constr 5: Score: 1040.467738636192
2025-01-29 12:16:43,456 - DEBUG: Constr 6: Score: 2021.380094761591
2025-01-29 12:16:43,457 - DEBUG: Constr 7: Score: 4007.5131095663055
2025-01-29 12:16:43,457 - DEBUG: Constr 8: Score: 1040.467738636192
2025-01-29 12:16:43,457 - DEBUG: Constr 9: Score: 2021.380094761591
2025-01-29 12:16:43,458 - DEBUG: Constr 10: Score: 4029.824964978945
2025-01-29 12:16:43,458 - DEBUG: Constr 11: Score: 1040.467738636192
2025-01-29 12:16:43,459 - DEBUG: Constr 12: Score: 2021.380094761591
2025-01-29 12:16:43,459 - DEBUG: Constr 13: Score: 4019.2900244070015
2025-01-29 12:16:43,460 - DEBUG: Constr 14: Score: 1040.467738636192
2025-01-29 12:16:43,460 - DEBUG: Constr 15: Score: 2021.380094761591
2025-01-29 12:16:43,461 - DEBUG: Constr 16: Score: 4048.055454144437
2025-01-29 12:16:43,461 - DEBUG: Constr 17: Score: 1040.467738636192
2025-01-29 12:16:43,461 - DEBUG: Constraint ordering:
2025-01-29 12:16:43,462 - DEBUG: Order: [ 8 14 11  5 17  2  3  6  9 12 15  0  7  1 13  4 10 16]
2025-01-29 12:16:43,462 - DEBUG: Original constraints before reordering:
2025-01-29 12:16:43,463 - DEBUG: Constr 0: = 60.0
2025-01-29 12:16:43,463 - DEBUG: Constr 1: >= 8000.0
2025-01-29 12:16:43,463 - DEBUG: Constr 2: <= 0.0
2025-01-29 12:16:43,464 - DEBUG: Constr 3: = 0.0
2025-01-29 12:16:43,464 - DEBUG: Constr 4: >= 9000.0
2025-01-29 12:16:43,465 - DEBUG: Constr 5: <= 0.0
2025-01-29 12:16:43,465 - DEBUG: Constr 6: = 0.0
2025-01-29 12:16:43,466 - DEBUG: Constr 7: >= 8000.0
2025-01-29 12:16:43,466 - DEBUG: Constr 8: <= 0.0
2025-01-29 12:16:43,466 - DEBUG: Constr 9: = 0.0
2025-01-29 12:16:43,467 - DEBUG: Constr 10: >= 10000.0
2025-01-29 12:16:43,467 - DEBUG: Constr 11: <= 0.0
2025-01-29 12:16:43,467 - DEBUG: Constr 12: = 0.0
2025-01-29 12:16:43,468 - DEBUG: Constr 13: >= 9000.0
2025-01-29 12:16:43,468 - DEBUG: Constr 14: <= 0.0
2025-01-29 12:16:43,469 - DEBUG: Constr 15: = 0.0
2025-01-29 12:16:43,469 - DEBUG: Constr 16: >= 12000.0
2025-01-29 12:16:43,469 - DEBUG: Constr 17: <= 0.0
2025-01-29 12:16:43,474 - DEBUG: 
Objective:
    +30 x1 + +30 x2 + +30 x3 + +30 x4 + +30 x5 + +30 x6 + +2700 x7 + +1500 x8 + +1500 x9 + +1500 x10 + +1500 x11 + +1500 x12 + +1500 x13 + +2700 x14 + +2700 x15 + +2700 x16 + +2700 x17 + +2700 x18 (minimize)

Variables:
    x1 [0, inf] (Continuous)
    x2 [0, inf] (Continuous)
    x3 [0, inf] (Continuous)
    x4 [0, inf] (Continuous)
    x5 [0, inf] (Continuous)
    x6 [0, inf] (Continuous)
    x7 [0, inf] (Continuous)
    x8 [-0, 18] (Integer)
    x9 [-0, 18] (Integer)
    x10 [-0, 18] (Integer)
    x11 [-0, 18] (Integer)
    x12 [-0, 18] (Integer)
    x13 [-0, 18] (Integer)
    x14 [57, 75] (Integer)
    x15 [57, 75] (Integer)
    x16 [57, 75] (Integer)
    x17 [57, 75] (Integer)
    x18 [57, 75] (Integer)

Constraints:
    +1 x2 - 20 x16 <= 0
    +1 x5 - 20 x17 <= 0
    +1 x1 - 20 x18 <= 0
    +1 x6 - 20 x15 <= 0
    +1 x3 - 20 x14 <= 0
    +1 x4 - 20 x7 <= 0
    +0.9 x7 + +1 x9 - 1 x15 = 0
    +1 x10 + +0.9 x15 - 1 x16 = 0
    +1 x12 + +0.9 x16 - 1 x18 = 0
    +1 x13 - 1 x17 + +0.9 x18 = 0
    +1 x11 - 1 x14 + +0.9 x17 = 0
    +1 x7 = 60
    +1 x2 - 100 x12 + +150 x16 >= 8000
    +1 x4 + +150 x7 - 100 x9 >= 8000
    +1 x5 - 100 x11 + +150 x17 >= 9000
    +1 x6 - 100 x10 + +150 x15 >= 9000
    +1 x1 - 100 x13 + +150 x18 >= 10000
    +1 x3 - 100 x8 + +150 x14 >= 12000
2025-01-29 12:16:43,481 - INFO: Solving Canonical Form from Original Model
2025-01-29 12:16:43,490 - INFO: Solve Status: Optimal solution found
2025-01-29 12:16:43,491 - INFO: Solve Time: 0.0080 seconds
2025-01-29 12:16:43,491 - INFO: Objective Value: 1201500.0
2025-01-29 12:16:43,492 - INFO: Solving Canonical Form from Permuted Model
2025-01-29 12:16:43,501 - INFO: Solve Status: Optimal solution found
2025-01-29 12:16:43,502 - INFO: Solve Time: 0.0090 seconds
2025-01-29 12:16:43,502 - INFO: Objective Value: 1201500.0
2025-01-29 12:16:43,503 - DEBUG: Starting model validation...
2025-01-29 12:16:43,504 - DEBUG: Original canonical matrix: shape=(18, 18), nnz=46
2025-01-29 12:16:43,505 - DEBUG: Permuted canonical matrix: shape=(18, 18), nnz=46
2025-01-29 12:16:43,506 - DEBUG: Starting detailed model comparison...
2025-01-29 12:16:43,507 - DEBUG: Matrix coefficient differences found:
2025-01-29 12:16:43,508 - DEBUG: Position 22: 0.9 vs -1.0
2025-01-29 12:16:43,508 - DEBUG: Position 23: -1.0 vs 0.9
2025-01-29 12:16:43,509 - DEBUG: Validation result: False
2025-01-29 12:16:43,509 - DEBUG: Detailed model comparison:
2025-01-29 12:16:43,510 - DEBUG: Matrix coefficient differences found:
2025-01-29 12:16:43,562 - DEBUG: 
   Model 1                                                                                                              Model 2                                                                                                             
        x0   x1   x2   x3   x4   x5     x6     x7     x8     x9    x10    x11    x12    x13    x14    x15    x16    x17      x0   x1   x2   x3   x4   x5     x6     x7     x8     x9    x10    x11    x12    x13    x14    x15    x16    x17
0      1.0  0.0  0.0  0.0  0.0  0.0    0.0    0.0    0.0    0.0    0.0    0.0    0.0    0.0    0.0  -20.0    0.0    0.0     0.0  1.0  0.0  0.0  0.0  0.0    0.0    0.0    0.0    0.0    0.0    0.0    0.0    0.0    0.0  -20.0    0.0    0.0
1      0.0  1.0  0.0  0.0  0.0  0.0    0.0    0.0    0.0    0.0    0.0    0.0    0.0    0.0    0.0    0.0    0.0  -20.0     0.0  0.0  0.0  0.0  1.0  0.0    0.0    0.0    0.0    0.0    0.0    0.0    0.0    0.0    0.0    0.0  -20.0    0.0
2      0.0  0.0  1.0  0.0  0.0  0.0    0.0    0.0    0.0    0.0    0.0    0.0    0.0    0.0    0.0    0.0  -20.0    0.0     1.0  0.0  0.0  0.0  0.0  0.0    0.0    0.0    0.0    0.0    0.0    0.0    0.0    0.0    0.0    0.0    0.0  -20.0
3      0.0  0.0  0.0  1.0  0.0  0.0    0.0    0.0    0.0    0.0    0.0    0.0    0.0    0.0  -20.0    0.0    0.0    0.0     0.0  0.0  0.0  0.0  0.0  1.0    0.0    0.0    0.0    0.0    0.0    0.0    0.0    0.0  -20.0    0.0    0.0    0.0
4      0.0  0.0  0.0  0.0  1.0  0.0    0.0    0.0    0.0    0.0    0.0    0.0    0.0  -20.0    0.0    0.0    0.0    0.0     0.0  0.0  1.0  0.0  0.0  0.0    0.0    0.0    0.0    0.0    0.0    0.0    0.0  -20.0    0.0    0.0    0.0    0.0
5      0.0  0.0  0.0  0.0  0.0  1.0  -20.0    0.0    0.0    0.0    0.0    0.0    0.0    0.0    0.0    0.0    0.0    0.0     0.0  0.0  0.0  1.0  0.0  0.0  -20.0    0.0    0.0    0.0    0.0    0.0    0.0    0.0    0.0    0.0    0.0    0.0
6      0.0  0.0  0.0  0.0  0.0  0.0    0.9    0.0    0.0    0.0    0.0    1.0    0.0    0.0   -1.0    0.0    0.0    0.0     0.0  0.0  0.0  0.0  0.0  0.0    0.9    0.0    1.0    0.0    0.0    0.0    0.0    0.0   -1.0    0.0    0.0    0.0
7      0.0  0.0  0.0  0.0  0.0  0.0    0.0    0.0    0.0    0.0    0.0    0.0    1.0    0.0    0.9   -1.0    0.0    0.0     0.0  0.0  0.0  0.0  0.0  0.0    0.0    0.0    0.0    1.0    0.0    0.0    0.0    0.0    0.9   -1.0    0.0    0.0
8      0.0  0.0  0.0  0.0  0.0  0.0    0.0    0.0    1.0    0.0    0.0    0.0    0.0    0.0    0.0    0.9   -1.0    0.0     0.0  0.0  0.0  0.0  0.0  0.0    0.0    0.0    0.0    0.0    0.0    1.0    0.0    0.0    0.0    0.9    0.0   -1.0
9      0.0  0.0  0.0  0.0  0.0  0.0    0.0    0.0    0.0    1.0    0.0    0.0    0.0    0.0    0.0    0.0    0.9   -1.0     0.0  0.0  0.0  0.0  0.0  0.0    0.0    0.0    0.0    0.0    0.0    0.0    1.0    0.0    0.0    0.0   -1.0    0.9
10     0.0  0.0  0.0  0.0  0.0  0.0    0.0    0.0    0.0    0.0    1.0    0.0    0.0   -1.0    0.0    0.0    0.0    0.9     0.0  0.0  0.0  0.0  0.0  0.0    0.0    0.0    0.0    0.0    1.0    0.0    0.0   -1.0    0.0    0.0    0.9    0.0
11     0.0  0.0  0.0  0.0  0.0  0.0    1.0    0.0    0.0    0.0    0.0    0.0    0.0    0.0    0.0    0.0    0.0    0.0     0.0  0.0  0.0  0.0  0.0  0.0    1.0    0.0    0.0    0.0    0.0    0.0    0.0    0.0    0.0    0.0    0.0    0.0
12     1.0  0.0  0.0  0.0  0.0  0.0    0.0    0.0 -100.0    0.0    0.0    0.0    0.0    0.0    0.0  150.0    0.0    0.0     0.0  1.0  0.0  0.0  0.0  0.0    0.0    0.0    0.0    0.0    0.0 -100.0    0.0    0.0    0.0  150.0    0.0    0.0
13     0.0  0.0  0.0  0.0  0.0  1.0  150.0    0.0    0.0    0.0    0.0 -100.0    0.0    0.0    0.0    0.0    0.0    0.0     0.0  0.0  0.0  1.0  0.0  0.0  150.0    0.0 -100.0    0.0    0.0    0.0    0.0    0.0    0.0    0.0    0.0    0.0
14     0.0  1.0  0.0  0.0  0.0  0.0    0.0    0.0    0.0    0.0 -100.0    0.0    0.0    0.0    0.0    0.0    0.0  150.0     0.0  0.0  0.0  0.0  1.0  0.0    0.0    0.0    0.0    0.0 -100.0    0.0    0.0    0.0    0.0    0.0  150.0    0.0
15     0.0  0.0  0.0  1.0  0.0  0.0    0.0    0.0    0.0    0.0    0.0    0.0 -100.0    0.0  150.0    0.0    0.0    0.0     0.0  0.0  0.0  0.0  0.0  1.0    0.0    0.0    0.0 -100.0    0.0    0.0    0.0    0.0  150.0    0.0    0.0    0.0
16     0.0  0.0  1.0  0.0  0.0  0.0    0.0    0.0    0.0 -100.0    0.0    0.0    0.0    0.0    0.0    0.0  150.0    0.0     1.0  0.0  0.0  0.0  0.0  0.0    0.0    0.0    0.0    0.0    0.0    0.0 -100.0    0.0    0.0    0.0    0.0  150.0
17     0.0  0.0  0.0  0.0  1.0  0.0    0.0 -100.0    0.0    0.0    0.0    0.0    0.0  150.0    0.0    0.0    0.0    0.0     0.0  0.0  1.0  0.0  0.0  0.0    0.0 -100.0    0.0    0.0    0.0    0.0    0.0  150.0    0.0    0.0    0.0    0.0
2025-01-29 12:16:43,572 - INFO: Iteration 2 Results:
2025-01-29 12:16:43,573 - INFO: - Models equivalent: False
2025-01-29 12:16:43,575 - INFO: - Variable counts match: True
2025-01-29 12:16:43,575 - INFO: - Constraint counts match: True
2025-01-29 12:16:43,576 - INFO: - Original Objective Value: 1201500.0
2025-01-29 12:16:43,576 - INFO: - Permuted Objective Value: 1201500.0
2025-01-29 12:16:43,577 - INFO: - Canonical from Original Objective Value: 1201500.0
2025-01-29 12:16:43,577 - INFO: - Canonical from Permuted Objective Value: 1201500.0
2025-01-29 12:16:43,578 - INFO: - Original Solve Time: 0.0080072880 seconds
2025-01-29 12:16:43,578 - INFO: - Permuted Solve Time: 0.0099892616 seconds
2025-01-29 12:16:43,579 - INFO: - Canonical from Original Solve Time: 0.0080027580 seconds
2025-01-29 12:16:43,579 - INFO: - Canonical from Permuted Solve Time: 0.0090000629 seconds
2025-01-29 12:16:43,580 - INFO: Running iteration 3/4
2025-01-29 12:16:43,580 - DEBUG: Starting new iteration...
2025-01-29 12:16:43,580 - INFO: Creating Permuted Problem
2025-01-29 12:16:43,586 - DEBUG: 
Objective:
    +1500 x0 + +30 x1 + +1500 x2 + +2700 x3 + +1500 x4 + +30 x5 + +1500 x6 + +2700 x7 + +1500 x8 + +2700 x9 + +2700 x10 + +30 x11 + +2700 x12 + +2700 x13 + +30 x14 + +1500 x15 + +30 x16 + +30 x17 (minimize)

Variables:
    x0 [-0, 18] (Integer)
    x1 [0, inf] (Continuous)
    x2 [-0, 18] (Integer)
    x3 [57, 75] (Integer)
    x4 [-0, 18] (Integer)
    x5 [0, inf] (Continuous)
    x6 [-0, 18] (Integer)
    x7 [57, 75] (Integer)
    x8 [-0, 18] (Integer)
    x9 [57, 75] (Integer)
    x10 [57, 75] (Integer)
    x11 [0, inf] (Continuous)
    x12 [0, inf] (Continuous)
    x13 [57, 75] (Integer)
    x14 [0, inf] (Continuous)
    x15 [-0, 18] (Integer)
    x16 [0, inf] (Continuous)
    x17 [0, inf] (Continuous)

Constraints:
    +1 x12 = 60
    -100 x0 + +150 x12 + +1 x16 >= 8000
    -20 x12 + +1 x16 <= 0
    +1 x0 - 1 x9 + +0.9 x12 = 0
    +1 x1 - 100 x6 + +150 x9 >= 9000
    +1 x1 - 20 x9 <= 0
    -1 x3 + +1 x6 + +0.9 x9 = 0
    +150 x3 - 100 x8 + +1 x14 >= 8000
    -20 x3 + +1 x14 <= 0
    +0.9 x3 - 1 x7 + +1 x8 = 0
    -100 x4 + +150 x7 + +1 x17 >= 10000
    -20 x7 + +1 x17 <= 0
    +1 x4 + +0.9 x7 - 1 x10 = 0
    -100 x2 + +150 x10 + +1 x11 >= 9000
    -20 x10 + +1 x11 <= 0
    +1 x2 + +0.9 x10 - 1 x13 = 0
    +1 x5 + +150 x13 - 100 x15 >= 12000
    +1 x5 - 20 x13 <= 0
2025-01-29 12:16:43,597 - INFO: Solving Permuted Problem
2025-01-29 12:16:43,611 - INFO: Solve Status: Optimal solution found
2025-01-29 12:16:43,612 - INFO: Solve Time: 0.0130 seconds
2025-01-29 12:16:43,612 - INFO: Objective Value: 1201500.0
2025-01-29 12:16:43,613 - INFO: Permuted Problem Results:
2025-01-29 12:16:43,613 - INFO: - Objective Value: 1201500.0
2025-01-29 12:16:43,613 - INFO: - Solve Time: 0.0130019188 seconds
2025-01-29 12:16:43,614 - DEBUG: Before canonicalization:
2025-01-29 12:16:43,615 - DEBUG: Original matrix: shape=(18, 18), nnz=46
2025-01-29 12:16:43,615 - DEBUG: Permuted matrix: shape=(18, 18), nnz=46
2025-01-29 12:16:43,615 - DEBUG: Generating canonical form for permuted model...
2025-01-29 12:16:43,617 - DEBUG: Variable scores before ordering:
2025-01-29 12:16:43,618 - DEBUG: Var 0 score: 2786.4713601373583
2025-01-29 12:16:43,618 - DEBUG: Var 1 score: 1359.2616640597137
2025-01-29 12:16:43,619 - DEBUG: Var 2 score: 2786.4713601373583
2025-01-29 12:16:43,619 - DEBUG: Var 3 score: 2888.1057687919683
2025-01-29 12:16:43,619 - DEBUG: Var 4 score: 2786.4713601373583
2025-01-29 12:16:43,620 - DEBUG: Var 5 score: 1359.2616640597137
2025-01-29 12:16:43,621 - DEBUG: Var 6 score: 2786.4713601373583
2025-01-29 12:16:43,622 - DEBUG: Var 7 score: 2888.1057687919683
2025-01-29 12:16:43,623 - DEBUG: Var 8 score: 2786.4713601373583
2025-01-29 12:16:43,624 - DEBUG: Var 9 score: 2888.1057687919683
2025-01-29 12:16:43,625 - DEBUG: Var 10 score: 2888.1057687919683
2025-01-29 12:16:43,626 - DEBUG: Var 11 score: 1359.2616640597137
2025-01-29 12:16:43,626 - DEBUG: Var 12 score: 1888.1057687919686
2025-01-29 12:16:43,627 - DEBUG: Var 13 score: 2880.6872299302445
2025-01-29 12:16:43,627 - DEBUG: Var 14 score: 1359.2616640597137
2025-01-29 12:16:43,627 - DEBUG: Var 15 score: 2778.539888331759
2025-01-29 12:16:43,628 - DEBUG: Var 16 score: 1359.2616640597137
2025-01-29 12:16:43,628 - DEBUG: Var 17 score: 1359.2616640597137
2025-01-29 12:16:43,629 - DEBUG: Variable ordering:
2025-01-29 12:16:43,630 - DEBUG: Order: [17  1 14  5 11 16 12 15  0  6  4  2  8 13  9 10  3  7]
2025-01-29 12:16:43,630 - DEBUG: Original bounds before reordering:
2025-01-29 12:16:43,631 - DEBUG: Var 0 (Type: Integer): [-0.0, 18.0]
2025-01-29 12:16:43,631 - DEBUG: Var 1 (Type: Continuous): [0.0, inf]
2025-01-29 12:16:43,631 - DEBUG: Var 2 (Type: Integer): [-0.0, 18.0]
2025-01-29 12:16:43,632 - DEBUG: Var 3 (Type: Integer): [57.0, 75.0]
2025-01-29 12:16:43,632 - DEBUG: Var 4 (Type: Integer): [-0.0, 18.0]
2025-01-29 12:16:43,633 - DEBUG: Var 5 (Type: Continuous): [0.0, inf]
2025-01-29 12:16:43,633 - DEBUG: Var 6 (Type: Integer): [-0.0, 18.0]
2025-01-29 12:16:43,634 - DEBUG: Var 7 (Type: Integer): [57.0, 75.0]
2025-01-29 12:16:43,634 - DEBUG: Var 8 (Type: Integer): [-0.0, 18.0]
2025-01-29 12:16:43,634 - DEBUG: Var 9 (Type: Integer): [57.0, 75.0]
2025-01-29 12:16:43,635 - DEBUG: Var 10 (Type: Integer): [57.0, 75.0]
2025-01-29 12:16:43,635 - DEBUG: Var 11 (Type: Continuous): [0.0, inf]
2025-01-29 12:16:43,636 - DEBUG: Var 12 (Type: Continuous): [0.0, inf]
2025-01-29 12:16:43,636 - DEBUG: Var 13 (Type: Integer): [57.0, 75.0]
2025-01-29 12:16:43,637 - DEBUG: Var 14 (Type: Continuous): [0.0, inf]
2025-01-29 12:16:43,637 - DEBUG: Var 15 (Type: Integer): [-0.0, 18.0]
2025-01-29 12:16:43,638 - DEBUG: Var 16 (Type: Continuous): [0.0, inf]
2025-01-29 12:16:43,639 - DEBUG: Var 17 (Type: Continuous): [0.0, inf]
2025-01-29 12:16:43,644 - DEBUG: Constraint scores before ordering:
2025-01-29 12:16:43,644 - DEBUG: Constr 0: Score: 2418.7120054034904
2025-01-29 12:16:43,645 - DEBUG: Constr 1: Score: 4007.5131095663055
2025-01-29 12:16:43,645 - DEBUG: Constr 2: Score: 1040.467738636192
2025-01-29 12:16:43,646 - DEBUG: Constr 3: Score: 2021.380094761591
2025-01-29 12:16:43,646 - DEBUG: Constr 4: Score: 4019.2900244070015
2025-01-29 12:16:43,646 - DEBUG: Constr 5: Score: 1040.467738636192
2025-01-29 12:16:43,647 - DEBUG: Constr 6: Score: 2021.380094761591
2025-01-29 12:16:43,647 - DEBUG: Constr 7: Score: 4007.5131095663055
2025-01-29 12:16:43,647 - DEBUG: Constr 8: Score: 1040.467738636192
2025-01-29 12:16:43,648 - DEBUG: Constr 9: Score: 2021.380094761591
2025-01-29 12:16:43,649 - DEBUG: Constr 10: Score: 4029.824964978945
2025-01-29 12:16:43,649 - DEBUG: Constr 11: Score: 1040.467738636192
2025-01-29 12:16:43,649 - DEBUG: Constr 12: Score: 2021.380094761591
2025-01-29 12:16:43,650 - DEBUG: Constr 13: Score: 4019.2900244070015
2025-01-29 12:16:43,650 - DEBUG: Constr 14: Score: 1040.467738636192
2025-01-29 12:16:43,651 - DEBUG: Constr 15: Score: 2021.380094761591
2025-01-29 12:16:43,651 - DEBUG: Constr 16: Score: 4048.055454144437
2025-01-29 12:16:43,652 - DEBUG: Constr 17: Score: 1040.467738636192
2025-01-29 12:16:43,652 - DEBUG: Constraint ordering:
2025-01-29 12:16:43,652 - DEBUG: Order: [ 8 14 11  5 17  2  3  6  9 12 15  0  7  1 13  4 10 16]
2025-01-29 12:16:43,653 - DEBUG: Original constraints before reordering:
2025-01-29 12:16:43,653 - DEBUG: Constr 0: = 60.0
2025-01-29 12:16:43,654 - DEBUG: Constr 1: >= 8000.0
2025-01-29 12:16:43,655 - DEBUG: Constr 2: <= 0.0
2025-01-29 12:16:43,656 - DEBUG: Constr 3: = 0.0
2025-01-29 12:16:43,657 - DEBUG: Constr 4: >= 9000.0
2025-01-29 12:16:43,659 - DEBUG: Constr 5: <= 0.0
2025-01-29 12:16:43,659 - DEBUG: Constr 6: = 0.0
2025-01-29 12:16:43,660 - DEBUG: Constr 7: >= 8000.0
2025-01-29 12:16:43,660 - DEBUG: Constr 8: <= 0.0
2025-01-29 12:16:43,661 - DEBUG: Constr 9: = 0.0
2025-01-29 12:16:43,661 - DEBUG: Constr 10: >= 10000.0
2025-01-29 12:16:43,661 - DEBUG: Constr 11: <= 0.0
2025-01-29 12:16:43,662 - DEBUG: Constr 12: = 0.0
2025-01-29 12:16:43,662 - DEBUG: Constr 13: >= 9000.0
2025-01-29 12:16:43,663 - DEBUG: Constr 14: <= 0.0
2025-01-29 12:16:43,663 - DEBUG: Constr 15: = 0.0
2025-01-29 12:16:43,663 - DEBUG: Constr 16: >= 12000.0
2025-01-29 12:16:43,664 - DEBUG: Constr 17: <= 0.0
2025-01-29 12:16:43,667 - DEBUG: 
Objective:
    +30 x1 + +30 x2 + +30 x3 + +30 x4 + +30 x5 + +30 x6 + +2700 x7 + +1500 x8 + +1500 x9 + +1500 x10 + +1500 x11 + +1500 x12 + +1500 x13 + +2700 x14 + +2700 x15 + +2700 x16 + +2700 x17 + +2700 x18 (minimize)

Variables:
    x1 [0, inf] (Continuous)
    x2 [0, inf] (Continuous)
    x3 [0, inf] (Continuous)
    x4 [0, inf] (Continuous)
    x5 [0, inf] (Continuous)
    x6 [0, inf] (Continuous)
    x7 [0, inf] (Continuous)
    x8 [-0, 18] (Integer)
    x9 [-0, 18] (Integer)
    x10 [-0, 18] (Integer)
    x11 [-0, 18] (Integer)
    x12 [-0, 18] (Integer)
    x13 [-0, 18] (Integer)
    x14 [57, 75] (Integer)
    x15 [57, 75] (Integer)
    x16 [57, 75] (Integer)
    x17 [57, 75] (Integer)
    x18 [57, 75] (Integer)

Constraints:
    +1 x3 - 20 x17 <= 0
    +1 x5 - 20 x16 <= 0
    +1 x1 - 20 x18 <= 0
    +1 x2 - 20 x15 <= 0
    +1 x4 - 20 x14 <= 0
    +1 x6 - 20 x7 <= 0
    +0.9 x7 + +1 x9 - 1 x15 = 0
    +1 x10 + +0.9 x15 - 1 x17 = 0
    +1 x13 + +0.9 x17 - 1 x18 = 0
    +1 x11 - 1 x16 + +0.9 x18 = 0
    +1 x12 - 1 x14 + +0.9 x16 = 0
    +1 x7 = 60
    +1 x3 - 100 x13 + +150 x17 >= 8000
    +1 x6 + +150 x7 - 100 x9 >= 8000
    +1 x5 - 100 x12 + +150 x16 >= 9000
    +1 x2 - 100 x10 + +150 x15 >= 9000
    +1 x1 - 100 x11 + +150 x18 >= 10000
    +1 x4 - 100 x8 + +150 x14 >= 12000
2025-01-29 12:16:43,677 - INFO: Solving Canonical Form from Original Model
2025-01-29 12:16:43,685 - INFO: Solve Status: Optimal solution found
2025-01-29 12:16:43,685 - INFO: Solve Time: 0.0080 seconds
2025-01-29 12:16:43,685 - INFO: Objective Value: 1201500.0
2025-01-29 12:16:43,686 - INFO: Solving Canonical Form from Permuted Model
2025-01-29 12:16:43,696 - INFO: Solve Status: Optimal solution found
2025-01-29 12:16:43,697 - INFO: Solve Time: 0.0100 seconds
2025-01-29 12:16:43,697 - INFO: Objective Value: 1201500.0
2025-01-29 12:16:43,698 - DEBUG: Starting model validation...
2025-01-29 12:16:43,698 - DEBUG: Original canonical matrix: shape=(18, 18), nnz=46
2025-01-29 12:16:43,699 - DEBUG: Permuted canonical matrix: shape=(18, 18), nnz=46
2025-01-29 12:16:43,699 - DEBUG: Starting detailed model comparison...
2025-01-29 12:16:43,700 - DEBUG: Matrix coefficient differences found:
2025-01-29 12:16:43,700 - DEBUG: Position 22: 0.9 vs -1.0
2025-01-29 12:16:43,701 - DEBUG: Position 23: -1.0 vs 0.9
2025-01-29 12:16:43,701 - DEBUG: Validation result: False
2025-01-29 12:16:43,702 - DEBUG: Detailed model comparison:
2025-01-29 12:16:43,703 - DEBUG: Matrix coefficient differences found:
2025-01-29 12:16:43,745 - DEBUG: 
   Model 1                                                                                                              Model 2                                                                                                             
        x0   x1   x2   x3   x4   x5     x6     x7     x8     x9    x10    x11    x12    x13    x14    x15    x16    x17      x0   x1   x2   x3   x4   x5     x6     x7     x8     x9    x10    x11    x12    x13    x14    x15    x16    x17
0      1.0  0.0  0.0  0.0  0.0  0.0    0.0    0.0    0.0    0.0    0.0    0.0    0.0    0.0    0.0  -20.0    0.0    0.0     0.0  0.0  1.0  0.0  0.0  0.0    0.0    0.0    0.0    0.0    0.0    0.0    0.0    0.0    0.0    0.0  -20.0    0.0
1      0.0  1.0  0.0  0.0  0.0  0.0    0.0    0.0    0.0    0.0    0.0    0.0    0.0    0.0    0.0    0.0    0.0  -20.0     0.0  0.0  0.0  0.0  1.0  0.0    0.0    0.0    0.0    0.0    0.0    0.0    0.0    0.0    0.0  -20.0    0.0    0.0
2      0.0  0.0  1.0  0.0  0.0  0.0    0.0    0.0    0.0    0.0    0.0    0.0    0.0    0.0    0.0    0.0  -20.0    0.0     1.0  0.0  0.0  0.0  0.0  0.0    0.0    0.0    0.0    0.0    0.0    0.0    0.0    0.0    0.0    0.0    0.0  -20.0
3      0.0  0.0  0.0  1.0  0.0  0.0    0.0    0.0    0.0    0.0    0.0    0.0    0.0    0.0  -20.0    0.0    0.0    0.0     0.0  1.0  0.0  0.0  0.0  0.0    0.0    0.0    0.0    0.0    0.0    0.0    0.0    0.0  -20.0    0.0    0.0    0.0
4      0.0  0.0  0.0  0.0  1.0  0.0    0.0    0.0    0.0    0.0    0.0    0.0    0.0  -20.0    0.0    0.0    0.0    0.0     0.0  0.0  0.0  1.0  0.0  0.0    0.0    0.0    0.0    0.0    0.0    0.0    0.0  -20.0    0.0    0.0    0.0    0.0
5      0.0  0.0  0.0  0.0  0.0  1.0  -20.0    0.0    0.0    0.0    0.0    0.0    0.0    0.0    0.0    0.0    0.0    0.0     0.0  0.0  0.0  0.0  0.0  1.0  -20.0    0.0    0.0    0.0    0.0    0.0    0.0    0.0    0.0    0.0    0.0    0.0
6      0.0  0.0  0.0  0.0  0.0  0.0    0.9    0.0    0.0    0.0    0.0    1.0    0.0    0.0   -1.0    0.0    0.0    0.0     0.0  0.0  0.0  0.0  0.0  0.0    0.9    0.0    1.0    0.0    0.0    0.0    0.0    0.0   -1.0    0.0    0.0    0.0
7      0.0  0.0  0.0  0.0  0.0  0.0    0.0    0.0    0.0    0.0    0.0    0.0    1.0    0.0    0.9   -1.0    0.0    0.0     0.0  0.0  0.0  0.0  0.0  0.0    0.0    0.0    0.0    1.0    0.0    0.0    0.0    0.0    0.9    0.0   -1.0    0.0
8      0.0  0.0  0.0  0.0  0.0  0.0    0.0    0.0    1.0    0.0    0.0    0.0    0.0    0.0    0.0    0.9   -1.0    0.0     0.0  0.0  0.0  0.0  0.0  0.0    0.0    0.0    0.0    0.0    0.0    0.0    1.0    0.0    0.0    0.0    0.9   -1.0
9      0.0  0.0  0.0  0.0  0.0  0.0    0.0    0.0    0.0    1.0    0.0    0.0    0.0    0.0    0.0    0.0    0.9   -1.0     0.0  0.0  0.0  0.0  0.0  0.0    0.0    0.0    0.0    0.0    1.0    0.0    0.0    0.0    0.0   -1.0    0.0    0.9
10     0.0  0.0  0.0  0.0  0.0  0.0    0.0    0.0    0.0    0.0    1.0    0.0    0.0   -1.0    0.0    0.0    0.0    0.9     0.0  0.0  0.0  0.0  0.0  0.0    0.0    0.0    0.0    0.0    0.0    1.0    0.0   -1.0    0.0    0.9    0.0    0.0
11     0.0  0.0  0.0  0.0  0.0  0.0    1.0    0.0    0.0    0.0    0.0    0.0    0.0    0.0    0.0    0.0    0.0    0.0     0.0  0.0  0.0  0.0  0.0  0.0    1.0    0.0    0.0    0.0    0.0    0.0    0.0    0.0    0.0    0.0    0.0    0.0
12     1.0  0.0  0.0  0.0  0.0  0.0    0.0    0.0 -100.0    0.0    0.0    0.0    0.0    0.0    0.0  150.0    0.0    0.0     0.0  0.0  1.0  0.0  0.0  0.0    0.0    0.0    0.0    0.0    0.0    0.0 -100.0    0.0    0.0    0.0  150.0    0.0
13     0.0  0.0  0.0  0.0  0.0  1.0  150.0    0.0    0.0    0.0    0.0 -100.0    0.0    0.0    0.0    0.0    0.0    0.0     0.0  0.0  0.0  0.0  0.0  1.0  150.0    0.0 -100.0    0.0    0.0    0.0    0.0    0.0    0.0    0.0    0.0    0.0
14     0.0  1.0  0.0  0.0  0.0  0.0    0.0    0.0    0.0    0.0 -100.0    0.0    0.0    0.0    0.0    0.0    0.0  150.0     0.0  0.0  0.0  0.0  1.0  0.0    0.0    0.0    0.0    0.0    0.0 -100.0    0.0    0.0    0.0  150.0    0.0    0.0
15     0.0  0.0  0.0  1.0  0.0  0.0    0.0    0.0    0.0    0.0    0.0    0.0 -100.0    0.0  150.0    0.0    0.0    0.0     0.0  1.0  0.0  0.0  0.0  0.0    0.0    0.0    0.0 -100.0    0.0    0.0    0.0    0.0  150.0    0.0    0.0    0.0
16     0.0  0.0  1.0  0.0  0.0  0.0    0.0    0.0    0.0 -100.0    0.0    0.0    0.0    0.0    0.0    0.0  150.0    0.0     1.0  0.0  0.0  0.0  0.0  0.0    0.0    0.0    0.0    0.0 -100.0    0.0    0.0    0.0    0.0    0.0    0.0  150.0
17     0.0  0.0  0.0  0.0  1.0  0.0    0.0 -100.0    0.0    0.0    0.0    0.0    0.0  150.0    0.0    0.0    0.0    0.0     0.0  0.0  0.0  1.0  0.0  0.0    0.0 -100.0    0.0    0.0    0.0    0.0    0.0  150.0    0.0    0.0    0.0    0.0
2025-01-29 12:16:43,757 - INFO: Iteration 3 Results:
2025-01-29 12:16:43,758 - INFO: - Models equivalent: False
2025-01-29 12:16:43,759 - INFO: - Variable counts match: True
2025-01-29 12:16:43,759 - INFO: - Constraint counts match: True
2025-01-29 12:16:43,760 - INFO: - Original Objective Value: 1201500.0
2025-01-29 12:16:43,760 - INFO: - Permuted Objective Value: 1201500.0
2025-01-29 12:16:43,761 - INFO: - Canonical from Original Objective Value: 1201500.0
2025-01-29 12:16:43,761 - INFO: - Canonical from Permuted Objective Value: 1201500.0
2025-01-29 12:16:43,762 - INFO: - Original Solve Time: 0.0080072880 seconds
2025-01-29 12:16:43,763 - INFO: - Permuted Solve Time: 0.0130019188 seconds
2025-01-29 12:16:43,763 - INFO: - Canonical from Original Solve Time: 0.0080125332 seconds
2025-01-29 12:16:43,764 - INFO: - Canonical from Permuted Solve Time: 0.0100004673 seconds
2025-01-29 12:16:43,764 - INFO: Running iteration 4/4
2025-01-29 12:16:43,765 - DEBUG: Starting new iteration...
2025-01-29 12:16:43,765 - INFO: Creating Permuted Problem
2025-01-29 12:16:43,771 - DEBUG: 
Objective:
    +1500 x0 + +30 x1 + +2700 x2 + +2700 x3 + +30 x4 + +1500 x5 + +1500 x6 + +2700 x7 + +30 x8 + +1500 x9 + +30 x10 + +1500 x11 + +2700 x12 + +1500 x13 + +30 x14 + +2700 x15 + +2700 x16 + +30 x17 (minimize)

Variables:
    x0 [-0, 18] (Integer)
    x1 [0, inf] (Continuous)
    x2 [57, 75] (Integer)
    x3 [57, 75] (Integer)
    x4 [0, inf] (Continuous)
    x5 [-0, 18] (Integer)
    x6 [-0, 18] (Integer)
    x7 [57, 75] (Integer)
    x8 [0, inf] (Continuous)
    x9 [-0, 18] (Integer)
    x10 [0, inf] (Continuous)
    x11 [-0, 18] (Integer)
    x12 [0, inf] (Continuous)
    x13 [-0, 18] (Integer)
    x14 [0, inf] (Continuous)
    x15 [57, 75] (Integer)
    x16 [57, 75] (Integer)
    x17 [0, inf] (Continuous)

Constraints:
    +1 x12 = 60
    -100 x9 + +150 x12 + +1 x17 >= 8000
    -20 x12 + +1 x17 <= 0
    -1 x2 + +1 x9 + +0.9 x12 = 0
    +150 x2 + +1 x4 - 100 x6 >= 9000
    -20 x2 + +1 x4 <= 0
    +0.9 x2 + +1 x6 - 1 x16 = 0
    -100 x13 + +1 x14 + +150 x16 >= 8000
    +1 x14 - 20 x16 <= 0
    +1 x13 - 1 x15 + +0.9 x16 = 0
    -100 x0 + +1 x10 + +150 x15 >= 10000
    +1 x10 - 20 x15 <= 0
    +1 x0 - 1 x3 + +0.9 x15 = 0
    +1 x1 + +150 x3 - 100 x5 >= 9000
    +1 x1 - 20 x3 <= 0
    +0.9 x3 + +1 x5 - 1 x7 = 0
    +150 x7 + +1 x8 - 100 x11 >= 12000
    -20 x7 + +1 x8 <= 0
2025-01-29 12:16:43,780 - INFO: Solving Permuted Problem
2025-01-29 12:16:43,787 - INFO: Solve Status: Optimal solution found
2025-01-29 12:16:43,788 - INFO: Solve Time: 0.0060 seconds
2025-01-29 12:16:43,788 - INFO: Objective Value: 1201500.0
2025-01-29 12:16:43,789 - INFO: Permuted Problem Results:
2025-01-29 12:16:43,790 - INFO: - Objective Value: 1201500.0
2025-01-29 12:16:43,791 - INFO: - Solve Time: 0.0060017109 seconds
2025-01-29 12:16:43,791 - DEBUG: Before canonicalization:
2025-01-29 12:16:43,792 - DEBUG: Original matrix: shape=(18, 18), nnz=46
2025-01-29 12:16:43,792 - DEBUG: Permuted matrix: shape=(18, 18), nnz=46
2025-01-29 12:16:43,792 - DEBUG: Generating canonical form for permuted model...
2025-01-29 12:16:43,795 - DEBUG: Variable scores before ordering:
2025-01-29 12:16:43,795 - DEBUG: Var 0 score: 2786.4713601373583
2025-01-29 12:16:43,796 - DEBUG: Var 1 score: 1359.2616640597137
2025-01-29 12:16:43,796 - DEBUG: Var 2 score: 2888.1057687919683
2025-01-29 12:16:43,797 - DEBUG: Var 3 score: 2888.1057687919683
2025-01-29 12:16:43,797 - DEBUG: Var 4 score: 1359.2616640597137
2025-01-29 12:16:43,797 - DEBUG: Var 5 score: 2786.4713601373583
2025-01-29 12:16:43,798 - DEBUG: Var 6 score: 2786.4713601373583
2025-01-29 12:16:43,798 - DEBUG: Var 7 score: 2880.6872299302445
2025-01-29 12:16:43,799 - DEBUG: Var 8 score: 1359.2616640597137
2025-01-29 12:16:43,799 - DEBUG: Var 9 score: 2786.4713601373583
2025-01-29 12:16:43,799 - DEBUG: Var 10 score: 1359.2616640597137
2025-01-29 12:16:43,800 - DEBUG: Var 11 score: 2778.539888331759
2025-01-29 12:16:43,800 - DEBUG: Var 12 score: 1888.1057687919686
2025-01-29 12:16:43,801 - DEBUG: Var 13 score: 2786.4713601373583
2025-01-29 12:16:43,801 - DEBUG: Var 14 score: 1359.2616640597137
2025-01-29 12:16:43,801 - DEBUG: Var 15 score: 2888.1057687919683
2025-01-29 12:16:43,802 - DEBUG: Var 16 score: 2888.1057687919683
2025-01-29 12:16:43,802 - DEBUG: Var 17 score: 1359.2616640597137
2025-01-29 12:16:43,803 - DEBUG: Variable ordering:
2025-01-29 12:16:43,804 - DEBUG: Order: [ 8 14 10  4 17  1 12 11  5  6  9 13  0  7 16  2 15  3]
2025-01-29 12:16:43,805 - DEBUG: Original bounds before reordering:
2025-01-29 12:16:43,805 - DEBUG: Var 0 (Type: Integer): [-0.0, 18.0]
2025-01-29 12:16:43,807 - DEBUG: Var 1 (Type: Continuous): [0.0, inf]
2025-01-29 12:16:43,807 - DEBUG: Var 2 (Type: Integer): [57.0, 75.0]
2025-01-29 12:16:43,808 - DEBUG: Var 3 (Type: Integer): [57.0, 75.0]
2025-01-29 12:16:43,809 - DEBUG: Var 4 (Type: Continuous): [0.0, inf]
2025-01-29 12:16:43,809 - DEBUG: Var 5 (Type: Integer): [-0.0, 18.0]
2025-01-29 12:16:43,810 - DEBUG: Var 6 (Type: Integer): [-0.0, 18.0]
2025-01-29 12:16:43,812 - DEBUG: Var 7 (Type: Integer): [57.0, 75.0]
2025-01-29 12:16:43,819 - DEBUG: Var 8 (Type: Continuous): [0.0, inf]
2025-01-29 12:16:43,821 - DEBUG: Var 9 (Type: Integer): [-0.0, 18.0]
2025-01-29 12:16:43,821 - DEBUG: Var 10 (Type: Continuous): [0.0, inf]
2025-01-29 12:16:43,822 - DEBUG: Var 11 (Type: Integer): [-0.0, 18.0]
2025-01-29 12:16:43,823 - DEBUG: Var 12 (Type: Continuous): [0.0, inf]
2025-01-29 12:16:43,824 - DEBUG: Var 13 (Type: Integer): [-0.0, 18.0]
2025-01-29 12:16:43,825 - DEBUG: Var 14 (Type: Continuous): [0.0, inf]
2025-01-29 12:16:43,826 - DEBUG: Var 15 (Type: Integer): [57.0, 75.0]
2025-01-29 12:16:43,827 - DEBUG: Var 16 (Type: Integer): [57.0, 75.0]
2025-01-29 12:16:43,827 - DEBUG: Var 17 (Type: Continuous): [0.0, inf]
2025-01-29 12:16:43,830 - DEBUG: Constraint scores before ordering:
2025-01-29 12:16:43,831 - DEBUG: Constr 0: Score: 2418.7120054034904
2025-01-29 12:16:43,831 - DEBUG: Constr 1: Score: 4007.5131095663055
2025-01-29 12:16:43,832 - DEBUG: Constr 2: Score: 1040.467738636192
2025-01-29 12:16:43,832 - DEBUG: Constr 3: Score: 2021.380094761591
2025-01-29 12:16:43,833 - DEBUG: Constr 4: Score: 4019.2900244070015
2025-01-29 12:16:43,833 - DEBUG: Constr 5: Score: 1040.467738636192
2025-01-29 12:16:43,834 - DEBUG: Constr 6: Score: 2021.380094761591
2025-01-29 12:16:43,834 - DEBUG: Constr 7: Score: 4007.5131095663055
2025-01-29 12:16:43,835 - DEBUG: Constr 8: Score: 1040.467738636192
2025-01-29 12:16:43,835 - DEBUG: Constr 9: Score: 2021.380094761591
2025-01-29 12:16:43,836 - DEBUG: Constr 10: Score: 4029.824964978945
2025-01-29 12:16:43,836 - DEBUG: Constr 11: Score: 1040.467738636192
2025-01-29 12:16:43,836 - DEBUG: Constr 12: Score: 2021.380094761591
2025-01-29 12:16:43,837 - DEBUG: Constr 13: Score: 4019.2900244070015
2025-01-29 12:16:43,838 - DEBUG: Constr 14: Score: 1040.467738636192
2025-01-29 12:16:43,838 - DEBUG: Constr 15: Score: 2021.380094761591
2025-01-29 12:16:43,840 - DEBUG: Constr 16: Score: 4048.055454144437
2025-01-29 12:16:43,840 - DEBUG: Constr 17: Score: 1040.467738636192
2025-01-29 12:16:43,841 - DEBUG: Constraint ordering:
2025-01-29 12:16:43,842 - DEBUG: Order: [ 8 14 11  5 17  2  3  6  9 12 15  0  7  1 13  4 10 16]
2025-01-29 12:16:43,842 - DEBUG: Original constraints before reordering:
2025-01-29 12:16:43,843 - DEBUG: Constr 0: = 60.0
2025-01-29 12:16:43,843 - DEBUG: Constr 1: >= 8000.0
2025-01-29 12:16:43,843 - DEBUG: Constr 2: <= 0.0
2025-01-29 12:16:43,844 - DEBUG: Constr 3: = 0.0
2025-01-29 12:16:43,844 - DEBUG: Constr 4: >= 9000.0
2025-01-29 12:16:43,845 - DEBUG: Constr 5: <= 0.0
2025-01-29 12:16:43,845 - DEBUG: Constr 6: = 0.0
2025-01-29 12:16:43,846 - DEBUG: Constr 7: >= 8000.0
2025-01-29 12:16:43,846 - DEBUG: Constr 8: <= 0.0
2025-01-29 12:16:43,847 - DEBUG: Constr 9: = 0.0
2025-01-29 12:16:43,847 - DEBUG: Constr 10: >= 10000.0
2025-01-29 12:16:43,847 - DEBUG: Constr 11: <= 0.0
2025-01-29 12:16:43,848 - DEBUG: Constr 12: = 0.0
2025-01-29 12:16:43,849 - DEBUG: Constr 13: >= 9000.0
2025-01-29 12:16:43,849 - DEBUG: Constr 14: <= 0.0
2025-01-29 12:16:43,849 - DEBUG: Constr 15: = 0.0
2025-01-29 12:16:43,850 - DEBUG: Constr 16: >= 12000.0
2025-01-29 12:16:43,850 - DEBUG: Constr 17: <= 0.0
2025-01-29 12:16:43,854 - DEBUG: 
Objective:
    +30 x1 + +30 x2 + +30 x3 + +30 x4 + +30 x5 + +30 x6 + +2700 x7 + +1500 x8 + +1500 x9 + +1500 x10 + +1500 x11 + +1500 x12 + +1500 x13 + +2700 x14 + +2700 x15 + +2700 x16 + +2700 x17 + +2700 x18 (minimize)

Variables:
    x1 [0, inf] (Continuous)
    x2 [0, inf] (Continuous)
    x3 [0, inf] (Continuous)
    x4 [0, inf] (Continuous)
    x5 [0, inf] (Continuous)
    x6 [0, inf] (Continuous)
    x7 [0, inf] (Continuous)
    x8 [-0, 18] (Integer)
    x9 [-0, 18] (Integer)
    x10 [-0, 18] (Integer)
    x11 [-0, 18] (Integer)
    x12 [-0, 18] (Integer)
    x13 [-0, 18] (Integer)
    x14 [57, 75] (Integer)
    x15 [57, 75] (Integer)
    x16 [57, 75] (Integer)
    x17 [57, 75] (Integer)
    x18 [57, 75] (Integer)

Constraints:
    +1 x2 - 20 x15 <= 0
    +1 x6 - 20 x18 <= 0
    +1 x3 - 20 x17 <= 0
    +1 x4 - 20 x16 <= 0
    +1 x1 - 20 x14 <= 0
    +1 x5 - 20 x7 <= 0
    +0.9 x7 + +1 x11 - 1 x16 = 0
    +1 x10 - 1 x15 + +0.9 x16 = 0
    +1 x12 + +0.9 x15 - 1 x17 = 0
    +1 x13 + +0.9 x17 - 1 x18 = 0
    +1 x9 - 1 x14 + +0.9 x18 = 0
    +1 x7 = 60
    +1 x2 - 100 x12 + +150 x15 >= 8000
    +1 x5 + +150 x7 - 100 x11 >= 8000
    +1 x6 - 100 x9 + +150 x18 >= 9000
    +1 x4 - 100 x10 + +150 x16 >= 9000
    +1 x3 - 100 x13 + +150 x17 >= 10000
    +1 x1 - 100 x8 + +150 x14 >= 12000
2025-01-29 12:16:43,864 - INFO: Solving Canonical Form from Original Model
2025-01-29 12:16:43,873 - INFO: Solve Status: Optimal solution found
2025-01-29 12:16:43,874 - INFO: Solve Time: 0.0090 seconds
2025-01-29 12:16:43,874 - INFO: Objective Value: 1201500.0
2025-01-29 12:16:43,875 - INFO: Solving Canonical Form from Permuted Model
2025-01-29 12:16:43,883 - INFO: Solve Status: Optimal solution found
2025-01-29 12:16:43,883 - INFO: Solve Time: 0.0080 seconds
2025-01-29 12:16:43,883 - INFO: Objective Value: 1201500.0
2025-01-29 12:16:43,884 - DEBUG: Starting model validation...
2025-01-29 12:16:43,884 - DEBUG: Original canonical matrix: shape=(18, 18), nnz=46
2025-01-29 12:16:43,885 - DEBUG: Permuted canonical matrix: shape=(18, 18), nnz=46
2025-01-29 12:16:43,885 - DEBUG: Starting detailed model comparison...
2025-01-29 12:16:43,886 - DEBUG: Matrix coefficient differences found:
2025-01-29 12:16:43,886 - DEBUG: Position 16: 0.9 vs -1.0
2025-01-29 12:16:43,887 - DEBUG: Position 17: -1.0 vs 0.9
2025-01-29 12:16:43,887 - DEBUG: Validation result: False
2025-01-29 12:16:43,888 - DEBUG: Detailed model comparison:
2025-01-29 12:16:43,891 - DEBUG: Matrix coefficient differences found:
2025-01-29 12:16:43,932 - DEBUG: 
   Model 1                                                                                                              Model 2                                                                                                             
        x0   x1   x2   x3   x4   x5     x6     x7     x8     x9    x10    x11    x12    x13    x14    x15    x16    x17      x0   x1   x2   x3   x4   x5     x6     x7     x8     x9    x10    x11    x12    x13    x14    x15    x16    x17
0      1.0  0.0  0.0  0.0  0.0  0.0    0.0    0.0    0.0    0.0    0.0    0.0    0.0    0.0    0.0  -20.0    0.0    0.0     0.0  1.0  0.0  0.0  0.0  0.0    0.0    0.0    0.0    0.0    0.0    0.0    0.0    0.0  -20.0    0.0    0.0    0.0
1      0.0  1.0  0.0  0.0  0.0  0.0    0.0    0.0    0.0    0.0    0.0    0.0    0.0    0.0    0.0    0.0    0.0  -20.0     0.0  0.0  0.0  0.0  0.0  1.0    0.0    0.0    0.0    0.0    0.0    0.0    0.0    0.0    0.0    0.0    0.0  -20.0
2      0.0  0.0  1.0  0.0  0.0  0.0    0.0    0.0    0.0    0.0    0.0    0.0    0.0    0.0    0.0    0.0  -20.0    0.0     0.0  0.0  1.0  0.0  0.0  0.0    0.0    0.0    0.0    0.0    0.0    0.0    0.0    0.0    0.0    0.0  -20.0    0.0
3      0.0  0.0  0.0  1.0  0.0  0.0    0.0    0.0    0.0    0.0    0.0    0.0    0.0    0.0  -20.0    0.0    0.0    0.0     0.0  0.0  0.0  1.0  0.0  0.0    0.0    0.0    0.0    0.0    0.0    0.0    0.0    0.0    0.0  -20.0    0.0    0.0
4      0.0  0.0  0.0  0.0  1.0  0.0    0.0    0.0    0.0    0.0    0.0    0.0    0.0  -20.0    0.0    0.0    0.0    0.0     1.0  0.0  0.0  0.0  0.0  0.0    0.0    0.0    0.0    0.0    0.0    0.0    0.0  -20.0    0.0    0.0    0.0    0.0
5      0.0  0.0  0.0  0.0  0.0  1.0  -20.0    0.0    0.0    0.0    0.0    0.0    0.0    0.0    0.0    0.0    0.0    0.0     0.0  0.0  0.0  0.0  1.0  0.0  -20.0    0.0    0.0    0.0    0.0    0.0    0.0    0.0    0.0    0.0    0.0    0.0
6      0.0  0.0  0.0  0.0  0.0  0.0    0.9    0.0    0.0    0.0    0.0    1.0    0.0    0.0   -1.0    0.0    0.0    0.0     0.0  0.0  0.0  0.0  0.0  0.0    0.9    0.0    0.0    0.0    1.0    0.0    0.0    0.0    0.0   -1.0    0.0    0.0
7      0.0  0.0  0.0  0.0  0.0  0.0    0.0    0.0    0.0    0.0    0.0    0.0    1.0    0.0    0.9   -1.0    0.0    0.0     0.0  0.0  0.0  0.0  0.0  0.0    0.0    0.0    0.0    1.0    0.0    0.0    0.0    0.0   -1.0    0.9    0.0    0.0
8      0.0  0.0  0.0  0.0  0.0  0.0    0.0    0.0    1.0    0.0    0.0    0.0    0.0    0.0    0.0    0.9   -1.0    0.0     0.0  0.0  0.0  0.0  0.0  0.0    0.0    0.0    0.0    0.0    0.0    1.0    0.0    0.0    0.9    0.0   -1.0    0.0
9      0.0  0.0  0.0  0.0  0.0  0.0    0.0    0.0    0.0    1.0    0.0    0.0    0.0    0.0    0.0    0.0    0.9   -1.0     0.0  0.0  0.0  0.0  0.0  0.0    0.0    0.0    0.0    0.0    0.0    0.0    1.0    0.0    0.0    0.0    0.9   -1.0
10     0.0  0.0  0.0  0.0  0.0  0.0    0.0    0.0    0.0    0.0    1.0    0.0    0.0   -1.0    0.0    0.0    0.0    0.9     0.0  0.0  0.0  0.0  0.0  0.0    0.0    0.0    1.0    0.0    0.0    0.0    0.0   -1.0    0.0    0.0    0.0    0.9
11     0.0  0.0  0.0  0.0  0.0  0.0    1.0    0.0    0.0    0.0    0.0    0.0    0.0    0.0    0.0    0.0    0.0    0.0     0.0  0.0  0.0  0.0  0.0  0.0    1.0    0.0    0.0    0.0    0.0    0.0    0.0    0.0    0.0    0.0    0.0    0.0
12     1.0  0.0  0.0  0.0  0.0  0.0    0.0    0.0 -100.0    0.0    0.0    0.0    0.0    0.0    0.0  150.0    0.0    0.0     0.0  1.0  0.0  0.0  0.0  0.0    0.0    0.0    0.0    0.0    0.0 -100.0    0.0    0.0  150.0    0.0    0.0    0.0
13     0.0  0.0  0.0  0.0  0.0  1.0  150.0    0.0    0.0    0.0    0.0 -100.0    0.0    0.0    0.0    0.0    0.0    0.0     0.0  0.0  0.0  0.0  1.0  0.0  150.0    0.0    0.0    0.0 -100.0    0.0    0.0    0.0    0.0    0.0    0.0    0.0
14     0.0  1.0  0.0  0.0  0.0  0.0    0.0    0.0    0.0    0.0 -100.0    0.0    0.0    0.0    0.0    0.0    0.0  150.0     0.0  0.0  0.0  0.0  0.0  1.0    0.0    0.0 -100.0    0.0    0.0    0.0    0.0    0.0    0.0    0.0    0.0  150.0
15     0.0  0.0  0.0  1.0  0.0  0.0    0.0    0.0    0.0    0.0    0.0    0.0 -100.0    0.0  150.0    0.0    0.0    0.0     0.0  0.0  0.0  1.0  0.0  0.0    0.0    0.0    0.0 -100.0    0.0    0.0    0.0    0.0    0.0  150.0    0.0    0.0
16     0.0  0.0  1.0  0.0  0.0  0.0    0.0    0.0    0.0 -100.0    0.0    0.0    0.0    0.0    0.0    0.0  150.0    0.0     0.0  0.0  1.0  0.0  0.0  0.0    0.0    0.0    0.0    0.0    0.0    0.0 -100.0    0.0    0.0    0.0  150.0    0.0
17     0.0  0.0  0.0  0.0  1.0  0.0    0.0 -100.0    0.0    0.0    0.0    0.0    0.0  150.0    0.0    0.0    0.0    0.0     1.0  0.0  0.0  0.0  0.0  0.0    0.0 -100.0    0.0    0.0    0.0    0.0    0.0  150.0    0.0    0.0    0.0    0.0
2025-01-29 12:16:43,944 - INFO: Iteration 4 Results:
2025-01-29 12:16:43,945 - INFO: - Models equivalent: False
2025-01-29 12:16:43,945 - INFO: - Variable counts match: True
2025-01-29 12:16:43,946 - INFO: - Constraint counts match: True
2025-01-29 12:16:43,946 - INFO: - Original Objective Value: 1201500.0
2025-01-29 12:16:43,947 - INFO: - Permuted Objective Value: 1201500.0
2025-01-29 12:16:43,947 - INFO: - Canonical from Original Objective Value: 1201500.0
2025-01-29 12:16:43,948 - INFO: - Canonical from Permuted Objective Value: 1201500.0
2025-01-29 12:16:43,948 - INFO: - Original Solve Time: 0.0080072880 seconds
2025-01-29 12:16:43,948 - INFO: - Permuted Solve Time: 0.0060017109 seconds
2025-01-29 12:16:43,949 - INFO: - Canonical from Original Solve Time: 0.0090069771 seconds
2025-01-29 12:16:43,949 - INFO: - Canonical from Permuted Solve Time: 0.0079984665 seconds
