2025-01-29 17:36:35,413 - INFO: Successfully loaded problem from input/neos-4306827-ravan.mps
2025-01-29 17:36:35,414 - INFO: Problem Details:
2025-01-29 17:36:35,414 - INFO: - Variables: 162291
2025-01-29 17:36:35,415 - INFO: - Constraints: 261877
2025-01-29 17:36:35,416 - INFO: - Objective Sense: Minimize
2025-01-29 17:36:51,186 - INFO: Solving Original Problem
2025-01-29 17:38:29,867 - INFO: Solve Status: Optimal solution found
2025-01-29 17:38:29,868 - INFO: Solve Time: 98.5422 seconds
2025-01-29 17:38:29,868 - INFO: Objective Value: 10186.574257425744
2025-01-29 17:38:29,869 - INFO: Original Problem Results:
2025-01-29 17:38:29,870 - INFO: - Objective Value: 10186.574257425744
2025-01-29 17:38:29,870 - INFO: - Solve Time: 98.5422053337 seconds
2025-01-29 17:39:28,406 - INFO: Running iteration 1/1
2025-01-29 17:39:28,409 - INFO: Creating Permuted Problem
2025-01-29 17:40:05,210 - INFO: Solving Permuted Problem
2025-01-29 17:42:39,748 - INFO: Solve Status: Optimal solution found
2025-01-29 17:42:39,749 - INFO: Solve Time: 154.4098 seconds
2025-01-29 17:42:39,750 - INFO: Objective Value: 10186.574233847174
2025-01-29 17:42:39,750 - INFO: Permuted Problem Results:
2025-01-29 17:42:39,750 - INFO: - Objective Value: 10186.574233847174
2025-01-29 17:42:39,751 - INFO: - Solve Time: 154.4098293781 seconds
2025-01-29 17:43:44,307 - INFO: Solving Canonical Form from Original Model
2025-01-29 17:45:08,864 - INFO: Solve Status: Optimal solution found
2025-01-29 17:45:08,864 - INFO: Solve Time: 84.4150 seconds
2025-01-29 17:45:08,865 - INFO: Objective Value: 10186.57372982501
2025-01-29 17:45:08,865 - INFO: Solving Canonical Form from Permuted Model
2025-01-29 17:46:09,728 - INFO: Solve Status: Optimal solution found
2025-01-29 17:46:09,728 - INFO: Solve Time: 60.7430 seconds
2025-01-29 17:46:09,729 - INFO: Objective Value: 10186.574257425744
2025-01-29 17:46:10,247 - INFO: Iteration 1 Results:
2025-01-29 17:46:10,248 - INFO: - Models equivalent: False
2025-01-29 17:46:10,249 - INFO: - Variable counts match: True
2025-01-29 17:46:10,249 - INFO: - Constraint counts match: True
2025-01-29 17:46:10,250 - INFO: - Original Objective Value: 10186.574257425744
2025-01-29 17:46:10,251 - INFO: - Permuted Objective Value: 10186.574233847174
2025-01-29 17:46:10,251 - INFO: - Canonical from Original Objective Value: 10186.57372982501
2025-01-29 17:46:10,252 - INFO: - Canonical from Permuted Objective Value: 10186.574257425744
2025-01-29 17:46:10,252 - INFO: - Original Solve Time: 98.5422053337 seconds
2025-01-29 17:46:10,253 - INFO: - Permuted Solve Time: 154.4098293781 seconds
2025-01-29 17:46:10,254 - INFO: - Canonical from Original Solve Time: 84.4150035381 seconds
2025-01-29 17:46:10,254 - INFO: - Canonical from Permuted Solve Time: 60.7429969311 seconds
