2025-02-24 10:11:56,133 - INFO: Successfully loaded local problem from input/example-min.mps
2025-02-24 10:11:56,134 - INFO: Experiment Settings:
2025-02-24 10:11:56,135 - INFO: - INPUT_DIR: input/
2025-02-24 10:11:56,136 - INFO: - LOG_LEVEL: 20
2025-02-24 10:11:56,137 - INFO: - OUTPUT_DIR: experiments/
2025-02-24 10:11:56,138 - INFO: - INPUT_PROBLEM: example-min.mps
2025-02-24 10:11:56,138 - INFO: - NUMBER_OF_PERMUTATIONS: 1
2025-02-24 10:11:56,139 - INFO: - NORMALIZATION_ACTIVE: False
2025-02-24 10:11:56,140 - INFO: - MATRICES_TO_CSV: False
2025-02-24 10:11:56,141 - INFO: - LOG_MATRIX: False
2025-02-24 10:11:56,141 - INFO: - LOG_MODEL_COMPARISON: False
2025-02-24 10:11:56,142 - INFO: - PRODUCTION: False
2025-02-24 10:11:56,143 - INFO: - RECURSIVE_RULES: True
2025-02-24 10:11:56,143 - INFO: - DISABLE_SOLVING: True
2025-02-24 10:11:56,144 - INFO: Successfully loaded problem from input/example-min.mps
2025-02-24 10:11:56,144 - INFO: Problem Details:
2025-02-24 10:11:56,145 - INFO: - Variables: 18
2025-02-24 10:11:56,146 - INFO: - Constraints: 18
2025-02-24 10:11:56,146 - INFO: - Objective Sense: Minimize
2025-02-24 10:11:56,148 - INFO: Solving Original Problem
2025-02-24 10:11:56,149 - INFO: Solving is disabled via environment variable. Returning placeholder result.
2025-02-24 10:11:57,073 - INFO: Solving Canonical from Original Problem
2025-02-24 10:11:57,074 - INFO: Solving is disabled via environment variable. Returning placeholder result.
2025-02-24 10:11:57,075 - INFO: Running iteration 1/1
2025-02-24 10:11:57,077 - INFO: Creating Permuted Problem
2025-02-24 10:11:57,081 - INFO: Computing Permutation Distance before Canonicalization...
2025-02-24 10:11:57,083 - INFO: Permutation Distance Before Canonicalization: 148.0
2025-02-24 10:11:57,084 - INFO: Solving Permuted Problem
2025-02-24 10:11:57,085 - INFO: Solving is disabled via environment variable. Returning placeholder result.
2025-02-24 10:11:57,086 - INFO: Scaling is disabled. Using unscaled permuted model.
2025-02-24 10:11:57,087 - INFO: Normalization is disabled. Using the intermediate model as is.
2025-02-24 10:11:58,106 - INFO: Computing Permutation Distance after Canonicalization...
2025-02-24 10:11:58,108 - INFO: Permutation Distance After Canonicalization: 63.0
2025-02-24 10:11:58,109 - INFO: Applying final canonical ordering to permuted model and solving it
2025-02-24 10:11:58,112 - INFO: Solving Reordering Form from Permuted Model
2025-02-24 10:11:58,113 - INFO: Solving is disabled via environment variable. Returning placeholder result.
2025-02-24 10:11:58,116 - INFO: Iteration 1 Results:
2025-02-24 10:11:58,117 - INFO: - Models equivalent: False
2025-02-24 10:11:58,118 - INFO: - Variable counts match: True
2025-02-24 10:11:58,119 - INFO: - Constraint counts match: True
2025-02-24 10:11:58,121 - INFO: - Original Objective Value: None
2025-02-24 10:11:58,122 - INFO: - Permuted Objective Value: None
2025-02-24 10:11:58,123 - INFO: - Canonical from Original Objective Value: None
2025-02-24 10:11:58,124 - INFO: - Canonical from Permuted Objective Value: None
2025-02-24 10:11:58,125 - INFO: - Original Solve Time: 0.0000000000 seconds
2025-02-24 10:11:58,125 - INFO: - Permuted Solve Time: 0.0000000000 seconds
2025-02-24 10:11:58,126 - INFO: - Canonical from Original Solve Time: 0.0000000000 seconds
2025-02-24 10:11:58,127 - INFO: - Canonical from Permuted Solve Time: 0.0000000000 seconds
2025-02-24 10:11:58,128 - INFO: - Original Work Units: 0.0000000000
2025-02-24 10:11:58,129 - INFO: - Permuted Work Units: 0.0000000000
2025-02-24 10:11:58,131 - INFO: - Canonical from Original Work Units: 0.0000000000
2025-02-24 10:11:58,132 - INFO: - Canonical from Permuted Work Units: 0.0000000000
2025-02-24 10:11:58,133 - INFO: - Permutation Distance Before Canonicalization: 148.0
2025-02-24 10:11:58,134 - INFO: - Permutation Distance After Canonicalization: 63.0
2025-02-24 10:11:58,135 - WARNING: Not enough runs to compute standard deviation of solve times.
2025-02-24 10:11:58,136 - WARNING: Not enough runs to compute standard deviation of work units.
2025-02-24 10:11:58,137 - WARNING: Not enough runs to compute standard deviation of permutation distances.
2025-02-24 10:11:58,138 - INFO: Granularity Statistics:
2025-02-24 10:11:58,139 - INFO:  - Total Blocks: 58
2025-02-24 10:11:58,140 - INFO:  - Avg(Block Size): 5.5862
2025-02-24 10:11:58,141 - INFO:  - Min(Block Size): 1
2025-02-24 10:11:58,142 - INFO:  - Max(Block Size): 50
2025-02-24 10:11:58,143 - INFO:  - Sum of SubBlocks sizes: 324
2025-02-24 10:11:58,144 - INFO:  - Original matrix size: 324
