2025-02-12 17:41:05,156 - INFO: Successfully loaded local problem from input/dummy.mps
2025-02-12 17:41:05,157 - INFO: Successfully loaded problem from input/dummy.mps
2025-02-12 17:41:05,158 - INFO: Problem Details:
2025-02-12 17:41:05,160 - INFO: - Variables: 4
2025-02-12 17:41:05,161 - INFO: - Constraints: 3
2025-02-12 17:41:05,162 - INFO: - Objective Sense: Minimize
2025-02-12 17:41:05,164 - DEBUG: 
Objective:
    +4 x1 + +5 x2 + +2 x3 + +3 x4 (minimize)

Variables:
    x1 [0, inf] (Integer)
    x2 [0, inf] (Integer)
    x3 [0, inf] (Continuous)
    x4 [0, inf] (Continuous)

Constraints:
    +2 x1 + +3 x3 <= 6
    +1 x2 - 1 x4 <= 0
    +1 x1 + +1 x2 + +1 x3 + +1 x4 <= 10
2025-02-12 17:41:05,173 - INFO: Solving Original Problem
2025-02-12 17:41:05,190 - INFO: Solve Status: Optimal solution found
2025-02-12 17:41:05,191 - INFO: Solve Time: 0.0160 seconds
2025-02-12 17:41:05,191 - INFO: Objective Value: 0.0
2025-02-12 17:41:05,192 - DEBUG: Generating canonical form for the original model...
2025-02-12 17:41:05,194 - DEBUG: Variable scores before ordering:
2025-02-12 17:41:05,194 - DEBUG: Var 0 score: (2, 2, 164.7355507126381)
2025-02-12 17:41:05,195 - DEBUG: Var 1 score: (2, 2, 182.5622412839254)
2025-02-12 17:41:05,196 - DEBUG: Var 2 score: (1, 2, 113.94067040849082)
2025-02-12 17:41:05,197 - DEBUG: Var 3 score: (1, 2, 142.01573047310896)
2025-02-12 17:41:05,198 - DEBUG: Variable ordering:
2025-02-12 17:41:05,200 - DEBUG: Order: [2 3 0 1]
2025-02-12 17:41:05,201 - DEBUG: Original bounds before reordering:
2025-02-12 17:41:05,202 - DEBUG: Var 0 (Type: Integer): [0.0, inf]
2025-02-12 17:41:05,202 - DEBUG: Var 1 (Type: Integer): [0.0, inf]
2025-02-12 17:41:05,203 - DEBUG: Var 2 (Type: Continuous): [0.0, inf]
2025-02-12 17:41:05,204 - DEBUG: Var 3 (Type: Continuous): [0.0, inf]
2025-02-12 17:41:05,206 - DEBUG: Constraint scores before ordering:
2025-02-12 17:41:05,207 - DEBUG: Constr 0: Score: (1, 3, 198.46221591643922)
2025-02-12 17:41:05,208 - DEBUG: Constr 1: Score: (1, 3, 2.4849066497880004)
2025-02-12 17:41:05,209 - DEBUG: Constr 2: Score: (1, 3, 242.56211600207686)
2025-02-12 17:41:05,210 - DEBUG: Constraint ordering:
2025-02-12 17:41:05,211 - DEBUG: Order: [1 0 2]
2025-02-12 17:41:05,211 - DEBUG: Original constraints before reordering:
2025-02-12 17:41:05,212 - DEBUG: Constr 0: <= 6.0
2025-02-12 17:41:05,213 - DEBUG: Constr 1: <= 0.0
2025-02-12 17:41:05,214 - DEBUG: Constr 2: <= 10.0
2025-02-12 17:41:05,218 - DEBUG: 
Objective:
    +2 x1 + +3 x2 + +4 x3 + +5 x4 (minimize)

Variables:
    x1 [0, inf] (Continuous)
    x2 [0, inf] (Continuous)
    x3 [-0, inf] (Integer)
    x4 [-0, inf] (Integer)

Constraints:
    -1 x2 + +1 x4 <= 0
    +3 x1 + +2 x3 <= 6
    +1 x1 + +1 x2 + +1 x3 + +1 x4 <= 10
2025-02-12 17:41:05,224 - INFO: Solving Canonical from Original Problem
2025-02-12 17:41:05,245 - INFO: Solve Status: Optimal solution found
2025-02-12 17:41:05,246 - INFO: Solve Time: 0.0200 seconds
2025-02-12 17:41:05,247 - INFO: Objective Value: 0.0
2025-02-12 17:41:05,248 - INFO: Running iteration 1/3
2025-02-12 17:41:05,250 - DEBUG: Starting new iteration...
2025-02-12 17:41:05,251 - INFO: Creating Permuted Problem
2025-02-12 17:41:05,254 - DEBUG: 
Objective:
    +2 x1 + +4 x2 + +5 x3 + +3 x4 (minimize)

Variables:
    x1 [0, inf] (Continuous)
    x2 [-0, inf] (Integer)
    x3 [-0, inf] (Integer)
    x4 [0, inf] (Continuous)

Constraints:
    +3 x1 + +2 x2 <= 6
    +1 x3 - 1 x4 <= 0
    +1 x1 + +1 x2 + +1 x3 + +1 x4 <= 10
2025-02-12 17:41:05,260 - INFO: Computing Permutation Distance before Canonicalization...
2025-02-12 17:41:05,261 - DEBUG: Original Constraint Order: [0, 1, 2]
2025-02-12 17:41:05,262 - DEBUG: Permuted Constraint Order: [0 1 2]
2025-02-12 17:41:05,263 - DEBUG: Original Variable Order: [0, 1, 2, 3]
2025-02-12 17:41:05,264 - DEBUG: Permuted Variable Order: [2 0 1 3]
2025-02-12 17:41:05,266 - INFO: Permutation Distance Before Canonicalization: 2.0
2025-02-12 17:41:05,268 - INFO: Solving Permuted Problem
2025-02-12 17:41:05,286 - INFO: Solve Status: Optimal solution found
2025-02-12 17:41:05,287 - INFO: Solve Time: 0.0170 seconds
2025-02-12 17:41:05,288 - INFO: Objective Value: 0.0
2025-02-12 17:41:05,289 - INFO: Scaling is enabled. Scaling the Permuted Problem.
2025-02-12 17:41:05,292 - DEBUG: 
Objective:
    +4 y1 + +4 y2 + +5 y3 + +6 y4 (minimize)

Variables:
    y1 [0, inf] (Continuous)
    y2 [-0, inf] (Integer)
    y3 [-0, inf] (Integer)
    y4 [0, inf] (Continuous)

Constraints:
    +3 y1 + +4 y2 <= 12
    +1 y3 - 0.5 y4 <= 0
    +1 y1 + +2 y2 + +2 y3 + +1 y4 <= 20
2025-02-12 17:41:05,297 - INFO: Normalization is enabled. Normalizing the problem.
2025-02-12 17:41:05,299 - DEBUG: Starting normalization of the Gurobi model.
2025-02-12 17:41:05,300 - DEBUG: Extracting problem data from the input Gurobi model.
2025-02-12 17:41:05,303 - DEBUG: Extraction complete: 3 constraints, 4 variables.
2025-02-12 17:41:05,304 - DEBUG: Starting normalization of problem data.
2025-02-12 17:41:05,305 - DEBUG: Row norms: [5.         1.11803399 3.16227766]
2025-02-12 17:41:05,307 - DEBUG: Column norms: [3.16227766 4.47213595 2.23606798 1.11803399]
2025-02-12 17:41:05,308 - DEBUG: Row scaling factors: [0.2        0.89442719 0.31622777]
2025-02-12 17:41:05,310 - DEBUG: Column scaling factors: [0.31622777 0.2236068  0.4472136  0.89442719]
2025-02-12 17:41:05,313 - DEBUG: Normalization complete.
2025-02-12 17:41:05,315 - DEBUG: Building new Gurobi model from normalized data.
2025-02-12 17:41:05,322 - DEBUG: New Gurobi model built successfully.
2025-02-12 17:41:05,324 - DEBUG: Gurobi model normalization complete.
2025-02-12 17:41:05,325 - DEBUG: 
Objective:
    +12.6491 x1 + +17.8885 x2 + +11.1803 x3 + +6.7082 x4 (minimize)

Variables:
    x1 [0, inf] (Continuous)
    x2 [-0, inf] (Integer)
    x3 [-0, inf] (Integer)
    x4 [0, inf] (Continuous)

Constraints:
    +0.189737 x1 + +0.178885 x2 = 2.4
    +0.4 x3 - 0.4 x4 = 0
    +0.1 x1 + +0.141421 x2 + +0.282843 x3 + +0.282843 x4 = 6.32456
2025-02-12 17:41:05,331 - DEBUG: Generating canonical form for the final model...
2025-02-12 17:41:05,335 - DEBUG: Variable scores before ordering:
2025-02-12 17:41:05,335 - DEBUG: Var 0 score: (1, 2, 263.636478665884)
2025-02-12 17:41:05,336 - DEBUG: Var 1 score: (2, 2, 296.15240285714003)
2025-02-12 17:41:05,337 - DEBUG: Var 2 score: (2, 2, 252.56786744818746)
2025-02-12 17:41:05,337 - DEBUG: Var 3 score: (1, 2, 206.81407146661462)
2025-02-12 17:41:05,338 - DEBUG: Variable ordering:
2025-02-12 17:41:05,339 - DEBUG: Order: [3 0 2 1]
2025-02-12 17:41:05,339 - DEBUG: Original bounds before reordering:
2025-02-12 17:41:05,340 - DEBUG: Var 0 (Type: Continuous): [0.0, inf]
2025-02-12 17:41:05,341 - DEBUG: Var 1 (Type: Integer): [-0.0, inf]
2025-02-12 17:41:05,342 - DEBUG: Var 2 (Type: Integer): [-0.0, inf]
2025-02-12 17:41:05,343 - DEBUG: Var 3 (Type: Continuous): [0.0, inf]
2025-02-12 17:41:05,345 - DEBUG: Constraint scores before ordering:
2025-02-12 17:41:05,346 - DEBUG: Constr 0: Score: (2, 2, 122.889576586806)
2025-02-12 17:41:05,348 - DEBUG: Constr 1: Score: (2, 2, 1.260731138144545)
2025-02-12 17:41:05,349 - DEBUG: Constr 2: Score: (2, 2, 200.01690665202926)
2025-02-12 17:41:05,351 - DEBUG: Constraint ordering:
2025-02-12 17:41:05,352 - DEBUG: Order: [1 0 2]
2025-02-12 17:41:05,353 - DEBUG: Original constraints before reordering:
2025-02-12 17:41:05,354 - DEBUG: Constr 0: = 2.4000000000000004
2025-02-12 17:41:05,354 - DEBUG: Constr 1: = 0.0
2025-02-12 17:41:05,355 - DEBUG: Constr 2: = 6.324555320336759
2025-02-12 17:41:05,357 - INFO: Computing Permutation Distance after Canonicalization...
2025-02-12 17:41:05,358 - DEBUG: Original Canonical Constraint Order: [1 0 2]
2025-02-12 17:41:05,359 - DEBUG: Permuted Canonical Constraint Order: [1 0 2]
2025-02-12 17:41:05,360 - DEBUG: Original Canonical Variable Order: [2 3 0 1]
2025-02-12 17:41:05,361 - DEBUG: Permuted Canonical Variable Order: [3 2 1 0]
2025-02-12 17:41:05,361 - INFO: Permutation Distance After Canonicalization: 2.0
2025-02-12 17:41:05,362 - INFO: Applying final canonical ordering to permuted model and solving it
2025-02-12 17:41:05,367 - INFO: Solving Reordering Form from Permuted Model
2025-02-12 17:41:05,385 - INFO: Solve Status: Optimal solution found
2025-02-12 17:41:05,385 - INFO: Solve Time: 0.0170 seconds
2025-02-12 17:41:05,386 - INFO: Objective Value: 0.0
2025-02-12 17:41:05,386 - DEBUG: 
Objective:
    +3 x1 + +2 x2 + +5 x3 + +4 x4 (minimize)

Variables:
    x1 [0, inf] (Continuous)
    x2 [0, inf] (Continuous)
    x3 [-0, inf] (Integer)
    x4 [-0, inf] (Integer)

Constraints:
    -1 x1 + +1 x3 <= 0
    +3 x2 + +2 x4 <= 6
    +1 x1 + +1 x2 + +1 x3 + +1 x4 <= 10
2025-02-12 17:41:05,390 - DEBUG: Starting model validation...
2025-02-12 17:41:05,391 - DEBUG: Original canonical matrix: shape=(3, 4), nnz=8
2025-02-12 17:41:05,392 - DEBUG: Permuted canonical matrix: shape=(3, 4), nnz=8
2025-02-12 17:41:05,392 - DEBUG: Starting detailed model comparison...
2025-02-12 17:41:05,393 - DEBUG: Matrix coefficient differences found:
2025-02-12 17:41:05,394 - DEBUG: Position 0: -1.0 vs -0.39999999999999997
2025-02-12 17:41:05,394 - DEBUG: Position 1: 1.0 vs 0.39999999999999997
2025-02-12 17:41:05,395 - DEBUG: Position 2: 3.0 vs 0.1897366596101028
2025-02-12 17:41:05,395 - DEBUG: Position 3: 2.0 vs 0.17888543819998318
2025-02-12 17:41:05,396 - DEBUG: Position 4: 1.0 vs 0.282842712474619
2025-02-12 17:41:05,397 - DEBUG: Validation result: False
2025-02-12 17:41:05,399 - INFO: Iteration 1 Results:
2025-02-12 17:41:05,400 - INFO: - Models equivalent: False
2025-02-12 17:41:05,401 - INFO: - Variable counts match: True
2025-02-12 17:41:05,401 - INFO: - Constraint counts match: True
2025-02-12 17:41:05,402 - INFO: - Original Objective Value: 0.0
2025-02-12 17:41:05,402 - INFO: - Permuted Objective Value: 0.0
2025-02-12 17:41:05,403 - INFO: - Canonical from Original Objective Value: 0.0
2025-02-12 17:41:05,403 - INFO: - Canonical from Permuted Objective Value: 0.0
2025-02-12 17:41:05,404 - INFO: - Original Solve Time: 0.0159976482 seconds
2025-02-12 17:41:05,404 - INFO: - Permuted Solve Time: 0.0169959068 seconds
2025-02-12 17:41:05,405 - INFO: - Canonical from Original Solve Time: 0.0199911594 seconds
2025-02-12 17:41:05,406 - INFO: - Canonical from Permuted Solve Time: 0.0169978142 seconds
2025-02-12 17:41:05,406 - INFO: - Permutation Distance Before Canonicalization: 2.0
2025-02-12 17:41:05,407 - INFO: - Permutation Distance After Canonicalization: 2.0
2025-02-12 17:41:05,407 - INFO: Running iteration 2/3
2025-02-12 17:41:05,408 - DEBUG: Starting new iteration...
2025-02-12 17:41:05,408 - INFO: Creating Permuted Problem
2025-02-12 17:41:05,411 - DEBUG: 
Objective:
    +4 x1 + +5 x2 + +2 x3 + +3 x4 (minimize)

Variables:
    x1 [-0, inf] (Integer)
    x2 [-0, inf] (Integer)
    x3 [0, inf] (Continuous)
    x4 [0, inf] (Continuous)

Constraints:
    +1 x1 + +1 x2 + +1 x3 + +1 x4 <= 10
    +1 x2 - 1 x4 <= 0
    +2 x1 + +3 x3 <= 6
2025-02-12 17:41:05,416 - INFO: Computing Permutation Distance before Canonicalization...
2025-02-12 17:41:05,417 - DEBUG: Original Constraint Order: [0, 1, 2]
2025-02-12 17:41:05,418 - DEBUG: Permuted Constraint Order: [2 1 0]
2025-02-12 17:41:05,418 - DEBUG: Original Variable Order: [0, 1, 2, 3]
2025-02-12 17:41:05,419 - DEBUG: Permuted Variable Order: [0 1 2 3]
2025-02-12 17:41:05,420 - INFO: Permutation Distance Before Canonicalization: 3.0
2025-02-12 17:41:05,420 - INFO: Solving Permuted Problem
2025-02-12 17:41:05,434 - INFO: Solve Status: Optimal solution found
2025-02-12 17:41:05,434 - INFO: Solve Time: 0.0130 seconds
2025-02-12 17:41:05,435 - INFO: Objective Value: 0.0
2025-02-12 17:41:05,436 - INFO: Scaling is enabled. Scaling the Permuted Problem.
2025-02-12 17:41:05,438 - DEBUG: 
Objective:
    +8 y1 + +10 y2 + +2 y3 + +3 y4 (minimize)

Variables:
    y1 [-0, inf] (Integer)
    y2 [-0, inf] (Integer)
    y3 [0, inf] (Continuous)
    y4 [0, inf] (Continuous)

Constraints:
    +1 y1 + +1 y2 + +2 y3 + +2 y4 <= 20
    +0.5 y2 - 1 y4 <= 0
    +2 y1 + +6 y3 <= 12
2025-02-12 17:41:05,442 - INFO: Normalization is enabled. Normalizing the problem.
2025-02-12 17:41:05,443 - DEBUG: Starting normalization of the Gurobi model.
2025-02-12 17:41:05,443 - DEBUG: Extracting problem data from the input Gurobi model.
2025-02-12 17:41:05,444 - DEBUG: Extraction complete: 3 constraints, 4 variables.
2025-02-12 17:41:05,445 - DEBUG: Starting normalization of problem data.
2025-02-12 17:41:05,447 - DEBUG: Row norms: [3.16227766 1.11803399 6.32455532]
2025-02-12 17:41:05,449 - DEBUG: Column norms: [2.23606798 1.11803399 6.32455532 2.23606798]
2025-02-12 17:41:05,451 - DEBUG: Row scaling factors: [0.31622777 0.89442719 0.15811388]
2025-02-12 17:41:05,452 - DEBUG: Column scaling factors: [0.4472136  0.89442719 0.15811388 0.4472136 ]
2025-02-12 17:41:05,454 - DEBUG: Normalization complete.
2025-02-12 17:41:05,455 - DEBUG: Building new Gurobi model from normalized data.
2025-02-12 17:41:05,456 - DEBUG: New Gurobi model built successfully.
2025-02-12 17:41:05,456 - DEBUG: Gurobi model normalization complete.
2025-02-12 17:41:05,457 - DEBUG: 
Objective:
    +17.8885 x1 + +11.1803 x2 + +12.6491 x3 + +6.7082 x4 (minimize)

Variables:
    x1 [-0, inf] (Integer)
    x2 [-0, inf] (Integer)
    x3 [0, inf] (Continuous)
    x4 [0, inf] (Continuous)

Constraints:
    +0.141421 x1 + +0.282843 x2 + +0.1 x3 + +0.282843 x4 = 6.32456
    +0.4 x2 - 0.4 x4 = 0
    +0.141421 x1 + +0.15 x3 = 1.89737
2025-02-12 17:41:05,461 - DEBUG: Generating canonical form for the final model...
2025-02-12 17:41:05,464 - DEBUG: Variable scores before ordering:
2025-02-12 17:41:05,466 - DEBUG: Var 0 score: (2, 2, 296.1201076984325)
2025-02-12 17:41:05,467 - DEBUG: Var 1 score: (2, 2, 252.56786744818746)
2025-02-12 17:41:05,468 - DEBUG: Var 2 score: (1, 2, 263.60250862007024)
2025-02-12 17:41:05,468 - DEBUG: Var 3 score: (1, 2, 206.81407146661462)
2025-02-12 17:41:05,469 - DEBUG: Variable ordering:
2025-02-12 17:41:05,470 - DEBUG: Order: [3 2 1 0]
2025-02-12 17:41:05,470 - DEBUG: Original bounds before reordering:
2025-02-12 17:41:05,471 - DEBUG: Var 0 (Type: Integer): [-0.0, inf]
2025-02-12 17:41:05,471 - DEBUG: Var 1 (Type: Integer): [-0.0, inf]
2025-02-12 17:41:05,472 - DEBUG: Var 2 (Type: Continuous): [0.0, inf]
2025-02-12 17:41:05,473 - DEBUG: Var 3 (Type: Continuous): [0.0, inf]
2025-02-12 17:41:05,475 - DEBUG: Constraint scores before ordering:
2025-02-12 17:41:05,475 - DEBUG: Constr 0: Score: (2, 3, 200.01690665202926)
2025-02-12 17:41:05,476 - DEBUG: Constr 1: Score: (2, 3, 1.260731138144545)
2025-02-12 17:41:05,477 - DEBUG: Constr 2: Score: (2, 3, 106.79202358794215)
2025-02-12 17:41:05,477 - DEBUG: Constraint ordering:
2025-02-12 17:41:05,478 - DEBUG: Order: [1 2 0]
2025-02-12 17:41:05,479 - DEBUG: Original constraints before reordering:
2025-02-12 17:41:05,479 - DEBUG: Constr 0: = 6.324555320336759
2025-02-12 17:41:05,480 - DEBUG: Constr 1: = 0.0
2025-02-12 17:41:05,481 - DEBUG: Constr 2: = 1.8973665961010275
2025-02-12 17:41:05,484 - INFO: Computing Permutation Distance after Canonicalization...
2025-02-12 17:41:05,484 - DEBUG: Original Canonical Constraint Order: [1 0 2]
2025-02-12 17:41:05,485 - DEBUG: Permuted Canonical Constraint Order: [1 0 2]
2025-02-12 17:41:05,485 - DEBUG: Original Canonical Variable Order: [2 3 0 1]
2025-02-12 17:41:05,486 - DEBUG: Permuted Canonical Variable Order: [3 2 1 0]
2025-02-12 17:41:05,487 - INFO: Permutation Distance After Canonicalization: 2.0
2025-02-12 17:41:05,487 - INFO: Applying final canonical ordering to permuted model and solving it
2025-02-12 17:41:05,489 - INFO: Solving Reordering Form from Permuted Model
2025-02-12 17:41:05,502 - INFO: Solve Status: Optimal solution found
2025-02-12 17:41:05,503 - INFO: Solve Time: 0.0130 seconds
2025-02-12 17:41:05,503 - INFO: Objective Value: 0.0
2025-02-12 17:41:05,504 - DEBUG: 
Objective:
    +3 x1 + +2 x2 + +5 x3 + +4 x4 (minimize)

Variables:
    x1 [0, inf] (Continuous)
    x2 [0, inf] (Continuous)
    x3 [-0, inf] (Integer)
    x4 [-0, inf] (Integer)

Constraints:
    -1 x1 + +1 x3 <= 0
    +3 x2 + +2 x4 <= 6
    +1 x1 + +1 x2 + +1 x3 + +1 x4 <= 10
2025-02-12 17:41:05,508 - DEBUG: Starting model validation...
2025-02-12 17:41:05,509 - DEBUG: Original canonical matrix: shape=(3, 4), nnz=8
2025-02-12 17:41:05,509 - DEBUG: Permuted canonical matrix: shape=(3, 4), nnz=8
2025-02-12 17:41:05,510 - DEBUG: Starting detailed model comparison...
2025-02-12 17:41:05,511 - DEBUG: Matrix coefficient differences found:
2025-02-12 17:41:05,511 - DEBUG: Position 0: -1.0 vs -0.39999999999999997
2025-02-12 17:41:05,512 - DEBUG: Position 1: 1.0 vs 0.39999999999999997
2025-02-12 17:41:05,513 - DEBUG: Position 2: 3.0 vs 0.15
2025-02-12 17:41:05,514 - DEBUG: Position 3: 2.0 vs 0.1414213562373095
2025-02-12 17:41:05,516 - DEBUG: Position 4: 1.0 vs 0.282842712474619
2025-02-12 17:41:05,517 - DEBUG: Validation result: False
2025-02-12 17:41:05,518 - INFO: Iteration 2 Results:
2025-02-12 17:41:05,518 - INFO: - Models equivalent: False
2025-02-12 17:41:05,519 - INFO: - Variable counts match: True
2025-02-12 17:41:05,519 - INFO: - Constraint counts match: True
2025-02-12 17:41:05,519 - INFO: - Original Objective Value: 0.0
2025-02-12 17:41:05,520 - INFO: - Permuted Objective Value: 0.0
2025-02-12 17:41:05,521 - INFO: - Canonical from Original Objective Value: 0.0
2025-02-12 17:41:05,521 - INFO: - Canonical from Permuted Objective Value: 0.0
2025-02-12 17:41:05,522 - INFO: - Original Solve Time: 0.0159976482 seconds
2025-02-12 17:41:05,523 - INFO: - Permuted Solve Time: 0.0130012035 seconds
2025-02-12 17:41:05,523 - INFO: - Canonical from Original Solve Time: 0.0199911594 seconds
2025-02-12 17:41:05,524 - INFO: - Canonical from Permuted Solve Time: 0.0130035877 seconds
2025-02-12 17:41:05,524 - INFO: - Permutation Distance Before Canonicalization: 3.0
2025-02-12 17:41:05,525 - INFO: - Permutation Distance After Canonicalization: 2.0
2025-02-12 17:41:05,525 - INFO: Running iteration 3/3
2025-02-12 17:41:05,526 - DEBUG: Starting new iteration...
2025-02-12 17:41:05,526 - INFO: Creating Permuted Problem
2025-02-12 17:41:05,529 - DEBUG: 
Objective:
    +2 x1 + +5 x2 + +3 x3 + +4 x4 (minimize)

Variables:
    x1 [0, inf] (Continuous)
    x2 [-0, inf] (Integer)
    x3 [0, inf] (Continuous)
    x4 [-0, inf] (Integer)

Constraints:
    +3 x1 + +2 x4 <= 6
    +1 x2 - 1 x3 <= 0
    +1 x1 + +1 x2 + +1 x3 + +1 x4 <= 10
2025-02-12 17:41:05,534 - INFO: Computing Permutation Distance before Canonicalization...
2025-02-12 17:41:05,535 - DEBUG: Original Constraint Order: [0, 1, 2]
2025-02-12 17:41:05,535 - DEBUG: Permuted Constraint Order: [0 1 2]
2025-02-12 17:41:05,536 - DEBUG: Original Variable Order: [0, 1, 2, 3]
2025-02-12 17:41:05,537 - DEBUG: Permuted Variable Order: [2 1 3 0]
2025-02-12 17:41:05,537 - INFO: Permutation Distance Before Canonicalization: 4.0
2025-02-12 17:41:05,538 - INFO: Solving Permuted Problem
2025-02-12 17:41:05,552 - INFO: Solve Status: Optimal solution found
2025-02-12 17:41:05,552 - INFO: Solve Time: 0.0130 seconds
2025-02-12 17:41:05,553 - INFO: Objective Value: 0.0
2025-02-12 17:41:05,553 - INFO: Scaling is enabled. Scaling the Permuted Problem.
2025-02-12 17:41:05,556 - DEBUG: 
Objective:
    +4 y1 + +10 y2 + +3 y3 + +4 y4 (minimize)

Variables:
    y1 [0, inf] (Continuous)
    y2 [-0, inf] (Integer)
    y3 [0, inf] (Continuous)
    y4 [-0, inf] (Integer)

Constraints:
    +1.5 y1 + +2 y4 <= 6
    +1 y2 - 2 y3 <= 0
    +1 y1 + +1 y2 + +2 y3 + +2 y4 <= 20
2025-02-12 17:41:05,560 - INFO: Normalization is enabled. Normalizing the problem.
2025-02-12 17:41:05,560 - DEBUG: Starting normalization of the Gurobi model.
2025-02-12 17:41:05,561 - DEBUG: Extracting problem data from the input Gurobi model.
2025-02-12 17:41:05,562 - DEBUG: Extraction complete: 3 constraints, 4 variables.
2025-02-12 17:41:05,562 - DEBUG: Starting normalization of problem data.
2025-02-12 17:41:05,564 - DEBUG: Row norms: [2.5        2.23606798 3.16227766]
2025-02-12 17:41:05,567 - DEBUG: Column norms: [1.80277564 1.41421356 2.82842712 2.82842712]
2025-02-12 17:41:05,568 - DEBUG: Row scaling factors: [0.4        0.4472136  0.31622777]
2025-02-12 17:41:05,569 - DEBUG: Column scaling factors: [0.5547002  0.70710678 0.35355339 0.35355339]
2025-02-12 17:41:05,571 - DEBUG: Normalization complete.
2025-02-12 17:41:05,571 - DEBUG: Building new Gurobi model from normalized data.
2025-02-12 17:41:05,573 - DEBUG: New Gurobi model built successfully.
2025-02-12 17:41:05,573 - DEBUG: Gurobi model normalization complete.
2025-02-12 17:41:05,574 - DEBUG: 
Objective:
    +7.2111 x1 + +14.1421 x2 + +8.48528 x3 + +11.3137 x4 (minimize)

Variables:
    x1 [0, inf] (Continuous)
    x2 [-0, inf] (Integer)
    x3 [0, inf] (Continuous)
    x4 [-0, inf] (Integer)

Constraints:
    +0.33282 x1 + +0.282843 x4 = 2.4
    +0.316228 x2 - 0.316228 x3 = 0
    +0.175412 x1 + +0.223607 x2 + +0.223607 x3 + +0.223607 x4 = 6.32456
2025-02-12 17:41:05,578 - DEBUG: Generating canonical form for the final model...
2025-02-12 17:41:05,581 - DEBUG: Variable scores before ordering:
2025-02-12 17:41:05,582 - DEBUG: Var 0 score: (1, 2, 212.9976362845932)
2025-02-12 17:41:05,583 - DEBUG: Var 1 score: (2, 2, 274.2247024244314)
2025-02-12 17:41:05,585 - DEBUG: Var 2 score: (1, 2, 227.45069959398396)
2025-02-12 17:41:05,589 - DEBUG: Var 3 score: (2, 2, 253.52219676172)
2025-02-12 17:41:05,590 - DEBUG: Variable ordering:
2025-02-12 17:41:05,591 - DEBUG: Order: [0 2 3 1]
2025-02-12 17:41:05,591 - DEBUG: Original bounds before reordering:
2025-02-12 17:41:05,591 - DEBUG: Var 0 (Type: Continuous): [0.0, inf]
2025-02-12 17:41:05,592 - DEBUG: Var 1 (Type: Integer): [-0.0, inf]
2025-02-12 17:41:05,593 - DEBUG: Var 2 (Type: Continuous): [0.0, inf]
2025-02-12 17:41:05,593 - DEBUG: Var 3 (Type: Integer): [-0.0, inf]
2025-02-12 17:41:05,595 - DEBUG: Constraint scores before ordering:
2025-02-12 17:41:05,596 - DEBUG: Constr 0: Score: (2, 2, 123.20121582009054)
2025-02-12 17:41:05,597 - DEBUG: Constr 1: Score: (2, 2, 1.0396251274310992)
2025-02-12 17:41:05,598 - DEBUG: Constr 2: Score: (2, 2, 199.9373414700277)
2025-02-12 17:41:05,600 - DEBUG: Constraint ordering:
2025-02-12 17:41:05,601 - DEBUG: Order: [1 0 2]
2025-02-12 17:41:05,602 - DEBUG: Original constraints before reordering:
2025-02-12 17:41:05,602 - DEBUG: Constr 0: = 2.4000000000000004
2025-02-12 17:41:05,603 - DEBUG: Constr 1: = 0.0
2025-02-12 17:41:05,604 - DEBUG: Constr 2: = 6.324555320336759
2025-02-12 17:41:05,605 - INFO: Computing Permutation Distance after Canonicalization...
2025-02-12 17:41:05,605 - DEBUG: Original Canonical Constraint Order: [1 0 2]
2025-02-12 17:41:05,606 - DEBUG: Permuted Canonical Constraint Order: [1 0 2]
2025-02-12 17:41:05,607 - DEBUG: Original Canonical Variable Order: [2 3 0 1]
2025-02-12 17:41:05,607 - DEBUG: Permuted Canonical Variable Order: [2 3 0 1]
2025-02-12 17:41:05,608 - INFO: Permutation Distance After Canonicalization: 0.0
2025-02-12 17:41:05,608 - INFO: Applying final canonical ordering to permuted model and solving it
2025-02-12 17:41:05,610 - INFO: Solving Reordering Form from Permuted Model
2025-02-12 17:41:05,625 - INFO: Solve Status: Optimal solution found
2025-02-12 17:41:05,625 - INFO: Solve Time: 0.0140 seconds
2025-02-12 17:41:05,626 - INFO: Objective Value: 0.0
2025-02-12 17:41:05,627 - DEBUG: 
Objective:
    +2 x1 + +3 x2 + +4 x3 + +5 x4 (minimize)

Variables:
    x1 [0, inf] (Continuous)
    x2 [0, inf] (Continuous)
    x3 [-0, inf] (Integer)
    x4 [-0, inf] (Integer)

Constraints:
    -1 x2 + +1 x4 <= 0
    +3 x1 + +2 x3 <= 6
    +1 x1 + +1 x2 + +1 x3 + +1 x4 <= 10
2025-02-12 17:41:05,632 - DEBUG: Starting model validation...
2025-02-12 17:41:05,634 - DEBUG: Original canonical matrix: shape=(3, 4), nnz=8
2025-02-12 17:41:05,634 - DEBUG: Permuted canonical matrix: shape=(3, 4), nnz=8
2025-02-12 17:41:05,635 - DEBUG: Starting detailed model comparison...
2025-02-12 17:41:05,636 - DEBUG: Matrix coefficient differences found:
2025-02-12 17:41:05,637 - DEBUG: Position 0: -1.0 vs -0.3162277660168379
2025-02-12 17:41:05,638 - DEBUG: Position 1: 1.0 vs 0.3162277660168379
2025-02-12 17:41:05,638 - DEBUG: Position 2: 3.0 vs 0.33282011773513753
2025-02-12 17:41:05,639 - DEBUG: Position 3: 2.0 vs 0.282842712474619
2025-02-12 17:41:05,639 - DEBUG: Position 4: 1.0 vs 0.17541160386140586
2025-02-12 17:41:05,640 - DEBUG: Validation result: False
2025-02-12 17:41:05,641 - INFO: Iteration 3 Results:
2025-02-12 17:41:05,642 - INFO: - Models equivalent: False
2025-02-12 17:41:05,642 - INFO: - Variable counts match: True
2025-02-12 17:41:05,643 - INFO: - Constraint counts match: True
2025-02-12 17:41:05,644 - INFO: - Original Objective Value: 0.0
2025-02-12 17:41:05,645 - INFO: - Permuted Objective Value: 0.0
2025-02-12 17:41:05,645 - INFO: - Canonical from Original Objective Value: 0.0
2025-02-12 17:41:05,646 - INFO: - Canonical from Permuted Objective Value: 0.0
2025-02-12 17:41:05,647 - INFO: - Original Solve Time: 0.0159976482 seconds
2025-02-12 17:41:05,650 - INFO: - Permuted Solve Time: 0.0130016804 seconds
2025-02-12 17:41:05,651 - INFO: - Canonical from Original Solve Time: 0.0199911594 seconds
2025-02-12 17:41:05,652 - INFO: - Canonical from Permuted Solve Time: 0.0140147209 seconds
2025-02-12 17:41:05,652 - INFO: - Permutation Distance Before Canonicalization: 4.0
2025-02-12 17:41:05,653 - INFO: - Permutation Distance After Canonicalization: 0.0
2025-02-12 17:41:05,654 - INFO: Solve-Time Variability (Standard Deviation):
2025-02-12 17:41:05,655 - INFO:  - Std(Original + Permuted Solve Times): 0.002059
2025-02-12 17:41:05,655 - INFO:  - Std(Canonical-from-Original + Canonical-from-Permuted Solve Times): 0.003154
2025-02-12 17:41:05,656 - WARNING: Canonical form does NOT sufficiently reduce solve-time variability across permutations.
2025-02-12 17:41:05,657 - INFO: Permutation Distance Variability (Standard Deviation):
2025-02-12 17:41:05,658 - INFO:  - Std(Permutation Distance Before Canonicalization): 1.000000
2025-02-12 17:41:05,659 - INFO:  - Std(Permutation Distance After Canonicalization): 1.154701
2025-02-12 17:41:05,659 - WARNING: Canonicalization does NOT sufficiently reduce permutation distance variability.
