2025-02-12 17:39:12,776 - INFO: Successfully loaded local problem from input/dummy.mps
2025-02-12 17:39:12,777 - INFO: Successfully loaded problem from input/dummy.mps
2025-02-12 17:39:12,778 - INFO: Problem Details:
2025-02-12 17:39:12,781 - INFO: - Variables: 4
2025-02-12 17:39:12,782 - INFO: - Constraints: 3
2025-02-12 17:39:12,782 - INFO: - Objective Sense: Minimize
2025-02-12 17:39:12,794 - DEBUG: 
Objective:
    +4 x1 + +5 x2 + +2 x3 + +3 x4 (minimize)

Variables:
    x1 [0, inf] (Integer)
    x2 [0, inf] (Integer)
    x3 [0, inf] (Continuous)
    x4 [0, inf] (Continuous)

Constraints:
    +2 x1 + +3 x3 <= 6
    +1 x2 - 1 x4 <= 0
    +1 x1 + +1 x2 + +1 x3 + +1 x4 <= 10
2025-02-12 17:39:12,800 - INFO: Solving Original Problem
2025-02-12 17:39:12,833 - INFO: Solve Status: Optimal solution found
2025-02-12 17:39:12,834 - INFO: Solve Time: 0.0316 seconds
2025-02-12 17:39:12,834 - INFO: Objective Value: 0.0
2025-02-12 17:39:12,835 - DEBUG: Generating canonical form for the original model...
2025-02-12 17:39:12,848 - DEBUG: Variable scores before ordering:
2025-02-12 17:39:12,850 - DEBUG: Var 0 score: (2, 2, 164.7355507126381)
2025-02-12 17:39:12,851 - DEBUG: Var 1 score: (2, 2, 182.5622412839254)
2025-02-12 17:39:12,852 - DEBUG: Var 2 score: (1, 2, 113.94067040849082)
2025-02-12 17:39:12,853 - DEBUG: Var 3 score: (1, 2, 142.01573047310896)
2025-02-12 17:39:12,854 - DEBUG: Variable ordering:
2025-02-12 17:39:12,855 - DEBUG: Order: [2 3 0 1]
2025-02-12 17:39:12,856 - DEBUG: Original bounds before reordering:
2025-02-12 17:39:12,857 - DEBUG: Var 0 (Type: Integer): [0.0, inf]
2025-02-12 17:39:12,858 - DEBUG: Var 1 (Type: Integer): [0.0, inf]
2025-02-12 17:39:12,859 - DEBUG: Var 2 (Type: Continuous): [0.0, inf]
2025-02-12 17:39:12,859 - DEBUG: Var 3 (Type: Continuous): [0.0, inf]
2025-02-12 17:39:12,870 - DEBUG: Constraint scores before ordering:
2025-02-12 17:39:12,871 - DEBUG: Constr 0: Score: (1, 3, 198.46221591643922)
2025-02-12 17:39:12,872 - DEBUG: Constr 1: Score: (1, 3, 2.4849066497880004)
2025-02-12 17:39:12,873 - DEBUG: Constr 2: Score: (1, 3, 242.56211600207686)
2025-02-12 17:39:12,873 - DEBUG: Constraint ordering:
2025-02-12 17:39:12,874 - DEBUG: Order: [1 0 2]
2025-02-12 17:39:12,875 - DEBUG: Original constraints before reordering:
2025-02-12 17:39:12,876 - DEBUG: Constr 0: <= 6.0
2025-02-12 17:39:12,877 - DEBUG: Constr 1: <= 0.0
2025-02-12 17:39:12,878 - DEBUG: Constr 2: <= 10.0
2025-02-12 17:39:12,891 - DEBUG: 
Objective:
    +2 x1 + +3 x2 + +4 x3 + +5 x4 (minimize)

Variables:
    x1 [0, inf] (Continuous)
    x2 [0, inf] (Continuous)
    x3 [-0, inf] (Integer)
    x4 [-0, inf] (Integer)

Constraints:
    -1 x2 + +1 x4 <= 0
    +3 x1 + +2 x3 <= 6
    +1 x1 + +1 x2 + +1 x3 + +1 x4 <= 10
2025-02-12 17:39:12,897 - INFO: Solving Canonical from Original Problem
2025-02-12 17:39:12,918 - INFO: Solve Status: Optimal solution found
2025-02-12 17:39:12,918 - INFO: Solve Time: 0.0190 seconds
2025-02-12 17:39:12,919 - INFO: Objective Value: 0.0
2025-02-12 17:39:12,920 - INFO: Running iteration 1/3
2025-02-12 17:39:12,921 - DEBUG: Starting new iteration...
2025-02-12 17:39:12,921 - INFO: Creating Permuted Problem
2025-02-12 17:39:12,927 - DEBUG: 
Objective:
    +2 x1 + +3 x2 + +5 x3 + +4 x4 (minimize)

Variables:
    x1 [0, inf] (Continuous)
    x2 [0, inf] (Continuous)
    x3 [-0, inf] (Integer)
    x4 [-0, inf] (Integer)

Constraints:
    -1 x2 + +1 x3 <= 0
    +3 x1 + +2 x4 <= 6
    +1 x1 + +1 x2 + +1 x3 + +1 x4 <= 10
2025-02-12 17:39:12,934 - INFO: Computing Permutation Distance before Canonicalization...
2025-02-12 17:39:12,935 - DEBUG: Original Constraint Order: [0, 1, 2]
2025-02-12 17:39:12,936 - DEBUG: Permuted Constraint Order: [1 0 2]
2025-02-12 17:39:12,937 - DEBUG: Original Variable Order: [0, 1, 2, 3]
2025-02-12 17:39:12,937 - DEBUG: Permuted Variable Order: [2 3 1 0]
2025-02-12 17:39:12,938 - INFO: Permutation Distance Before Canonicalization: 6.0
2025-02-12 17:39:12,939 - INFO: Solving Permuted Problem
2025-02-12 17:39:12,956 - INFO: Solve Status: Optimal solution found
2025-02-12 17:39:12,956 - INFO: Solve Time: 0.0170 seconds
2025-02-12 17:39:12,957 - INFO: Objective Value: 0.0
2025-02-12 17:39:12,957 - INFO: Scaling is enabled. Scaling the Permuted Problem.
2025-02-12 17:39:12,964 - DEBUG: 
Objective:
    +1 y1 + +1.5 y2 + +5 y3 + +4 y4 (minimize)

Variables:
    y1 [0, inf] (Continuous)
    y2 [0, inf] (Continuous)
    y3 [-0, inf] (Integer)
    y4 [-0, inf] (Integer)

Constraints:
    -0.5 y2 + +1 y3 <= 0
    +3 y1 + +4 y4 <= 12
    +1 y1 + +1 y2 + +2 y3 + +2 y4 <= 20
2025-02-12 17:39:12,970 - INFO: Normalization is enabled. Normalizing the problem.
2025-02-12 17:39:12,970 - DEBUG: Starting normalization of the Gurobi model.
2025-02-12 17:39:12,971 - DEBUG: Extracting problem data from the input Gurobi model.
2025-02-12 17:39:12,973 - DEBUG: Extraction complete: 3 constraints, 4 variables.
2025-02-12 17:39:12,974 - DEBUG: Starting normalization of problem data.
2025-02-12 17:39:12,975 - DEBUG: Row norms: [1.11803399 5.         3.16227766]
2025-02-12 17:39:12,976 - DEBUG: Column norms: [3.16227766 1.11803399 2.23606798 4.47213595]
2025-02-12 17:39:12,978 - DEBUG: Row scaling factors: [0.89442719 0.2        0.31622777]
2025-02-12 17:39:12,980 - DEBUG: Column scaling factors: [0.31622777 0.89442719 0.4472136  0.2236068 ]
2025-02-12 17:39:12,985 - DEBUG: Normalization complete.
2025-02-12 17:39:12,986 - DEBUG: Building new Gurobi model from normalized data.
2025-02-12 17:39:12,993 - DEBUG: New Gurobi model built successfully.
2025-02-12 17:39:12,994 - DEBUG: Gurobi model normalization complete.
2025-02-12 17:39:12,996 - DEBUG: 
Objective:
    +3.16228 x1 + +1.67705 x2 + +11.1803 x3 + +17.8885 x4 (minimize)

Variables:
    x1 [0, inf] (Continuous)
    x2 [0, inf] (Continuous)
    x3 [-0, inf] (Integer)
    x4 [-0, inf] (Integer)

Constraints:
    -0.4 x2 + +0.4 x3 = 0
    +0.189737 x1 + +0.178885 x4 = 2.4
    +0.1 x1 + +0.282843 x2 + +0.282843 x3 + +0.141421 x4 = 6.32456
2025-02-12 17:39:13,004 - DEBUG: Generating canonical form for the final model...
2025-02-12 17:39:13,006 - DEBUG: Variable scores before ordering:
2025-02-12 17:39:13,007 - DEBUG: Var 0 score: (1, 2, 144.87528605853004)
2025-02-12 17:39:13,008 - DEBUG: Var 1 score: (1, 2, 101.05713164416868)
2025-02-12 17:39:13,008 - DEBUG: Var 2 score: (2, 2, 252.56786744818746)
2025-02-12 17:39:13,009 - DEBUG: Var 3 score: (2, 2, 296.15240285714003)
2025-02-12 17:39:13,010 - DEBUG: Variable ordering:
2025-02-12 17:39:13,011 - DEBUG: Order: [1 0 2 3]
2025-02-12 17:39:13,012 - DEBUG: Original bounds before reordering:
2025-02-12 17:39:13,014 - DEBUG: Var 0 (Type: Continuous): [0.0, inf]
2025-02-12 17:39:13,015 - DEBUG: Var 1 (Type: Continuous): [0.0, inf]
2025-02-12 17:39:13,016 - DEBUG: Var 2 (Type: Integer): [-0.0, inf]
2025-02-12 17:39:13,017 - DEBUG: Var 3 (Type: Integer): [-0.0, inf]
2025-02-12 17:39:13,020 - DEBUG: Constraint scores before ordering:
2025-02-12 17:39:13,021 - DEBUG: Constr 0: Score: (2, 2, 1.260731138144545)
2025-02-12 17:39:13,021 - DEBUG: Constr 1: Score: (2, 2, 122.889576586806)
2025-02-12 17:39:13,022 - DEBUG: Constr 2: Score: (2, 2, 200.01690665202926)
2025-02-12 17:39:13,023 - DEBUG: Constraint ordering:
2025-02-12 17:39:13,024 - DEBUG: Order: [0 1 2]
2025-02-12 17:39:13,025 - DEBUG: Original constraints before reordering:
2025-02-12 17:39:13,026 - DEBUG: Constr 0: = 0.0
2025-02-12 17:39:13,027 - DEBUG: Constr 1: = 2.4000000000000004
2025-02-12 17:39:13,028 - DEBUG: Constr 2: = 6.324555320336759
2025-02-12 17:39:13,031 - INFO: Computing Permutation Distance after Canonicalization...
2025-02-12 17:39:13,032 - DEBUG: Original Canonical Constraint Order: [1 0 2]
2025-02-12 17:39:13,033 - DEBUG: Permuted Canonical Constraint Order: [1 0 2]
2025-02-12 17:39:13,034 - DEBUG: Original Canonical Variable Order: [2 3 0 1]
2025-02-12 17:39:13,035 - DEBUG: Permuted Canonical Variable Order: [3 2 1 0]
2025-02-12 17:39:13,036 - INFO: Permutation Distance After Canonicalization: 2.0
2025-02-12 17:39:13,037 - INFO: Applying final canonical ordering to permuted model and solving it
2025-02-12 17:39:13,039 - INFO: Solving Reordering Form from Permuted Model
2025-02-12 17:39:13,056 - INFO: Solve Status: Optimal solution found
2025-02-12 17:39:13,057 - INFO: Solve Time: 0.0158 seconds
2025-02-12 17:39:13,057 - INFO: Objective Value: 0.0
2025-02-12 17:39:13,058 - DEBUG: 
Objective:
    +3 x1 + +2 x2 + +5 x3 + +4 x4 (minimize)

Variables:
    x1 [0, inf] (Continuous)
    x2 [0, inf] (Continuous)
    x3 [-0, inf] (Integer)
    x4 [-0, inf] (Integer)

Constraints:
    -1 x1 + +1 x3 <= 0
    +3 x2 + +2 x4 <= 6
    +1 x1 + +1 x2 + +1 x3 + +1 x4 <= 10
2025-02-12 17:39:13,063 - DEBUG: Starting model validation...
2025-02-12 17:39:13,064 - DEBUG: Original canonical matrix: shape=(3, 4), nnz=8
2025-02-12 17:39:13,065 - DEBUG: Permuted canonical matrix: shape=(3, 4), nnz=8
2025-02-12 17:39:13,066 - DEBUG: Starting detailed model comparison...
2025-02-12 17:39:13,067 - DEBUG: Matrix coefficient differences found:
2025-02-12 17:39:13,068 - DEBUG: Position 0: -1.0 vs -0.39999999999999997
2025-02-12 17:39:13,069 - DEBUG: Position 1: 1.0 vs 0.39999999999999997
2025-02-12 17:39:13,070 - DEBUG: Position 2: 3.0 vs 0.1897366596101028
2025-02-12 17:39:13,070 - DEBUG: Position 3: 2.0 vs 0.17888543819998318
2025-02-12 17:39:13,071 - DEBUG: Position 4: 1.0 vs 0.282842712474619
2025-02-12 17:39:13,072 - DEBUG: Validation result: False
2025-02-12 17:39:13,078 - INFO: Iteration 1 Results:
2025-02-12 17:39:13,079 - INFO: - Models equivalent: False
2025-02-12 17:39:13,081 - INFO: - Variable counts match: True
2025-02-12 17:39:13,081 - INFO: - Constraint counts match: True
2025-02-12 17:39:13,082 - INFO: - Original Objective Value: 0.0
2025-02-12 17:39:13,083 - INFO: - Permuted Objective Value: 0.0
2025-02-12 17:39:13,084 - INFO: - Canonical from Original Objective Value: 0.0
2025-02-12 17:39:13,084 - INFO: - Canonical from Permuted Objective Value: 0.0
2025-02-12 17:39:13,085 - INFO: - Original Solve Time: 0.0315845013 seconds
2025-02-12 17:39:13,086 - INFO: - Permuted Solve Time: 0.0169999599 seconds
2025-02-12 17:39:13,087 - INFO: - Canonical from Original Solve Time: 0.0189776421 seconds
2025-02-12 17:39:13,088 - INFO: - Canonical from Permuted Solve Time: 0.0157887936 seconds
2025-02-12 17:39:13,088 - INFO: - Permutation Distance Before Canonicalization: 6.0
2025-02-12 17:39:13,089 - INFO: - Permutation Distance After Canonicalization: 2.0
2025-02-12 17:39:13,089 - INFO: Running iteration 2/3
2025-02-12 17:39:13,090 - DEBUG: Starting new iteration...
2025-02-12 17:39:13,092 - INFO: Creating Permuted Problem
2025-02-12 17:39:13,095 - DEBUG: 
Objective:
    +5 x1 + +4 x2 + +3 x3 + +2 x4 (minimize)

Variables:
    x1 [-0, inf] (Integer)
    x2 [-0, inf] (Integer)
    x3 [0, inf] (Continuous)
    x4 [0, inf] (Continuous)

Constraints:
    +1 x1 + +1 x2 + +1 x3 + +1 x4 <= 10
    +1 x1 - 1 x3 <= 0
    +2 x2 + +3 x4 <= 6
2025-02-12 17:39:13,101 - INFO: Computing Permutation Distance before Canonicalization...
2025-02-12 17:39:13,102 - DEBUG: Original Constraint Order: [0, 1, 2]
2025-02-12 17:39:13,103 - DEBUG: Permuted Constraint Order: [2 1 0]
2025-02-12 17:39:13,104 - DEBUG: Original Variable Order: [0, 1, 2, 3]
2025-02-12 17:39:13,105 - DEBUG: Permuted Variable Order: [1 0 3 2]
2025-02-12 17:39:13,105 - INFO: Permutation Distance Before Canonicalization: 5.0
2025-02-12 17:39:13,106 - INFO: Solving Permuted Problem
2025-02-12 17:39:13,121 - INFO: Solve Status: Optimal solution found
2025-02-12 17:39:13,121 - INFO: Solve Time: 0.0150 seconds
2025-02-12 17:39:13,122 - INFO: Objective Value: 0.0
2025-02-12 17:39:13,122 - INFO: Scaling is enabled. Scaling the Permuted Problem.
2025-02-12 17:39:13,125 - DEBUG: 
Objective:
    +5 y1 + +4 y2 + +1.5 y3 + +1 y4 (minimize)

Variables:
    y1 [-0, inf] (Integer)
    y2 [-0, inf] (Integer)
    y3 [0, inf] (Continuous)
    y4 [0, inf] (Continuous)

Constraints:
    +2 y1 + +2 y2 + +1 y3 + +1 y4 <= 20
    +1 y1 - 0.5 y3 <= 0
    +4 y2 + +3 y4 <= 12
2025-02-12 17:39:13,131 - INFO: Normalization is enabled. Normalizing the problem.
2025-02-12 17:39:13,132 - DEBUG: Starting normalization of the Gurobi model.
2025-02-12 17:39:13,132 - DEBUG: Extracting problem data from the input Gurobi model.
2025-02-12 17:39:13,134 - DEBUG: Extraction complete: 3 constraints, 4 variables.
2025-02-12 17:39:13,134 - DEBUG: Starting normalization of problem data.
2025-02-12 17:39:13,135 - DEBUG: Row norms: [3.16227766 1.11803399 5.        ]
2025-02-12 17:39:13,136 - DEBUG: Column norms: [2.23606798 4.47213595 1.11803399 3.16227766]
2025-02-12 17:39:13,139 - DEBUG: Row scaling factors: [0.31622777 0.89442719 0.2       ]
2025-02-12 17:39:13,140 - DEBUG: Column scaling factors: [0.4472136  0.2236068  0.89442719 0.31622777]
2025-02-12 17:39:13,142 - DEBUG: Normalization complete.
2025-02-12 17:39:13,142 - DEBUG: Building new Gurobi model from normalized data.
2025-02-12 17:39:13,144 - DEBUG: New Gurobi model built successfully.
2025-02-12 17:39:13,145 - DEBUG: Gurobi model normalization complete.
2025-02-12 17:39:13,147 - DEBUG: 
Objective:
    +11.1803 x1 + +17.8885 x2 + +1.67705 x3 + +3.16228 x4 (minimize)

Variables:
    x1 [-0, inf] (Integer)
    x2 [-0, inf] (Integer)
    x3 [0, inf] (Continuous)
    x4 [0, inf] (Continuous)

Constraints:
    +0.282843 x1 + +0.141421 x2 + +0.282843 x3 + +0.1 x4 = 6.32456
    +0.4 x1 - 0.4 x3 = 0
    +0.178885 x2 + +0.189737 x4 = 2.4
2025-02-12 17:39:13,153 - DEBUG: Generating canonical form for the final model...
2025-02-12 17:39:13,155 - DEBUG: Variable scores before ordering:
2025-02-12 17:39:13,156 - DEBUG: Var 0 score: (2, 2, 252.56786744818746)
2025-02-12 17:39:13,157 - DEBUG: Var 1 score: (2, 2, 296.15240285714003)
2025-02-12 17:39:13,157 - DEBUG: Var 2 score: (1, 2, 101.05713164416868)
2025-02-12 17:39:13,158 - DEBUG: Var 3 score: (1, 2, 144.87528605853004)
2025-02-12 17:39:13,158 - DEBUG: Variable ordering:
2025-02-12 17:39:13,160 - DEBUG: Order: [2 3 0 1]
2025-02-12 17:39:13,160 - DEBUG: Original bounds before reordering:
2025-02-12 17:39:13,162 - DEBUG: Var 0 (Type: Integer): [-0.0, inf]
2025-02-12 17:39:13,163 - DEBUG: Var 1 (Type: Integer): [-0.0, inf]
2025-02-12 17:39:13,164 - DEBUG: Var 2 (Type: Continuous): [0.0, inf]
2025-02-12 17:39:13,165 - DEBUG: Var 3 (Type: Continuous): [0.0, inf]
2025-02-12 17:39:13,167 - DEBUG: Constraint scores before ordering:
2025-02-12 17:39:13,168 - DEBUG: Constr 0: Score: (2, 3, 200.01690665202926)
2025-02-12 17:39:13,169 - DEBUG: Constr 1: Score: (2, 3, 1.260731138144545)
2025-02-12 17:39:13,170 - DEBUG: Constr 2: Score: (2, 3, 122.889576586806)
2025-02-12 17:39:13,170 - DEBUG: Constraint ordering:
2025-02-12 17:39:13,171 - DEBUG: Order: [1 2 0]
2025-02-12 17:39:13,172 - DEBUG: Original constraints before reordering:
2025-02-12 17:39:13,172 - DEBUG: Constr 0: = 6.324555320336759
2025-02-12 17:39:13,173 - DEBUG: Constr 1: = 0.0
2025-02-12 17:39:13,174 - DEBUG: Constr 2: = 2.4000000000000004
2025-02-12 17:39:13,175 - INFO: Computing Permutation Distance after Canonicalization...
2025-02-12 17:39:13,176 - DEBUG: Original Canonical Constraint Order: [1 0 2]
2025-02-12 17:39:13,177 - DEBUG: Permuted Canonical Constraint Order: [1 0 2]
2025-02-12 17:39:13,178 - DEBUG: Original Canonical Variable Order: [2 3 0 1]
2025-02-12 17:39:13,180 - DEBUG: Permuted Canonical Variable Order: [3 2 1 0]
2025-02-12 17:39:13,181 - INFO: Permutation Distance After Canonicalization: 2.0
2025-02-12 17:39:13,182 - INFO: Applying final canonical ordering to permuted model and solving it
2025-02-12 17:39:13,184 - INFO: Solving Reordering Form from Permuted Model
2025-02-12 17:39:13,201 - INFO: Solve Status: Optimal solution found
2025-02-12 17:39:13,201 - INFO: Solve Time: 0.0145 seconds
2025-02-12 17:39:13,202 - INFO: Objective Value: 0.0
2025-02-12 17:39:13,203 - DEBUG: 
Objective:
    +3 x1 + +2 x2 + +5 x3 + +4 x4 (minimize)

Variables:
    x1 [0, inf] (Continuous)
    x2 [0, inf] (Continuous)
    x3 [-0, inf] (Integer)
    x4 [-0, inf] (Integer)

Constraints:
    -1 x1 + +1 x3 <= 0
    +3 x2 + +2 x4 <= 6
    +1 x1 + +1 x2 + +1 x3 + +1 x4 <= 10
2025-02-12 17:39:13,207 - DEBUG: Starting model validation...
2025-02-12 17:39:13,208 - DEBUG: Original canonical matrix: shape=(3, 4), nnz=8
2025-02-12 17:39:13,208 - DEBUG: Permuted canonical matrix: shape=(3, 4), nnz=8
2025-02-12 17:39:13,209 - DEBUG: Starting detailed model comparison...
2025-02-12 17:39:13,210 - DEBUG: Matrix coefficient differences found:
2025-02-12 17:39:13,211 - DEBUG: Position 0: -1.0 vs -0.39999999999999997
2025-02-12 17:39:13,213 - DEBUG: Position 1: 1.0 vs 0.39999999999999997
2025-02-12 17:39:13,214 - DEBUG: Position 2: 3.0 vs 0.1897366596101028
2025-02-12 17:39:13,215 - DEBUG: Position 3: 2.0 vs 0.17888543819998318
2025-02-12 17:39:13,216 - DEBUG: Position 4: 1.0 vs 0.282842712474619
2025-02-12 17:39:13,217 - DEBUG: Validation result: False
2025-02-12 17:39:13,218 - INFO: Iteration 2 Results:
2025-02-12 17:39:13,218 - INFO: - Models equivalent: False
2025-02-12 17:39:13,219 - INFO: - Variable counts match: True
2025-02-12 17:39:13,219 - INFO: - Constraint counts match: True
2025-02-12 17:39:13,220 - INFO: - Original Objective Value: 0.0
2025-02-12 17:39:13,221 - INFO: - Permuted Objective Value: 0.0
2025-02-12 17:39:13,221 - INFO: - Canonical from Original Objective Value: 0.0
2025-02-12 17:39:13,222 - INFO: - Canonical from Permuted Objective Value: 0.0
2025-02-12 17:39:13,222 - INFO: - Original Solve Time: 0.0315845013 seconds
2025-02-12 17:39:13,223 - INFO: - Permuted Solve Time: 0.0150005817 seconds
2025-02-12 17:39:13,223 - INFO: - Canonical from Original Solve Time: 0.0189776421 seconds
2025-02-12 17:39:13,224 - INFO: - Canonical from Permuted Solve Time: 0.0144860744 seconds
2025-02-12 17:39:13,224 - INFO: - Permutation Distance Before Canonicalization: 5.0
2025-02-12 17:39:13,225 - INFO: - Permutation Distance After Canonicalization: 2.0
2025-02-12 17:39:13,226 - INFO: Running iteration 3/3
2025-02-12 17:39:13,226 - DEBUG: Starting new iteration...
2025-02-12 17:39:13,227 - INFO: Creating Permuted Problem
2025-02-12 17:39:13,237 - DEBUG: 
Objective:
    +5 x1 + +4 x2 + +3 x3 + +2 x4 (minimize)

Variables:
    x1 [-0, inf] (Integer)
    x2 [-0, inf] (Integer)
    x3 [0, inf] (Continuous)
    x4 [0, inf] (Continuous)

Constraints:
    +1 x1 + +1 x2 + +1 x3 + +1 x4 <= 10
    +1 x1 - 1 x3 <= 0
    +2 x2 + +3 x4 <= 6
2025-02-12 17:39:13,269 - INFO: Computing Permutation Distance before Canonicalization...
2025-02-12 17:39:13,276 - DEBUG: Original Constraint Order: [0, 1, 2]
2025-02-12 17:39:13,278 - DEBUG: Permuted Constraint Order: [2 1 0]
2025-02-12 17:39:13,280 - DEBUG: Original Variable Order: [0, 1, 2, 3]
2025-02-12 17:39:13,282 - DEBUG: Permuted Variable Order: [1 0 3 2]
2025-02-12 17:39:13,283 - INFO: Permutation Distance Before Canonicalization: 5.0
2025-02-12 17:39:13,284 - INFO: Solving Permuted Problem
2025-02-12 17:39:13,317 - INFO: Solve Status: Optimal solution found
2025-02-12 17:39:13,318 - INFO: Solve Time: 0.0320 seconds
2025-02-12 17:39:13,319 - INFO: Objective Value: 0.0
2025-02-12 17:39:13,320 - INFO: Scaling is enabled. Scaling the Permuted Problem.
2025-02-12 17:39:13,324 - DEBUG: 
Objective:
    +2.5 y1 + +2 y2 + +3 y3 + +2 y4 (minimize)

Variables:
    y1 [-0, inf] (Integer)
    y2 [-0, inf] (Integer)
    y3 [0, inf] (Continuous)
    y4 [0, inf] (Continuous)

Constraints:
    +1 y1 + +1 y2 + +2 y3 + +2 y4 <= 20
    +1 y1 - 2 y3 <= 0
    +1 y2 + +3 y4 <= 6
2025-02-12 17:39:13,330 - INFO: Normalization is enabled. Normalizing the problem.
2025-02-12 17:39:13,331 - DEBUG: Starting normalization of the Gurobi model.
2025-02-12 17:39:13,331 - DEBUG: Extracting problem data from the input Gurobi model.
2025-02-12 17:39:13,333 - DEBUG: Extraction complete: 3 constraints, 4 variables.
2025-02-12 17:39:13,333 - DEBUG: Starting normalization of problem data.
2025-02-12 17:39:13,334 - DEBUG: Row norms: [3.16227766 2.23606798 3.16227766]
2025-02-12 17:39:13,335 - DEBUG: Column norms: [1.41421356 1.41421356 2.82842712 3.60555128]
2025-02-12 17:39:13,337 - DEBUG: Row scaling factors: [0.31622777 0.4472136  0.31622777]
2025-02-12 17:39:13,338 - DEBUG: Column scaling factors: [0.70710678 0.70710678 0.35355339 0.2773501 ]
2025-02-12 17:39:13,340 - DEBUG: Normalization complete.
2025-02-12 17:39:13,341 - DEBUG: Building new Gurobi model from normalized data.
2025-02-12 17:39:13,342 - DEBUG: New Gurobi model built successfully.
2025-02-12 17:39:13,343 - DEBUG: Gurobi model normalization complete.
2025-02-12 17:39:13,344 - DEBUG: 
Objective:
    +3.53553 x1 + +2.82843 x2 + +8.48528 x3 + +7.2111 x4 (minimize)

Variables:
    x1 [-0, inf] (Integer)
    x2 [-0, inf] (Integer)
    x3 [0, inf] (Continuous)
    x4 [0, inf] (Continuous)

Constraints:
    +0.223607 x1 + +0.223607 x2 + +0.223607 x3 + +0.175412 x4 = 6.32456
    +0.316228 x1 - 0.316228 x3 = 0
    +0.223607 x2 + +0.263117 x4 = 1.89737
2025-02-12 17:39:13,348 - DEBUG: Generating canonical form for the final model...
2025-02-12 17:39:13,351 - DEBUG: Variable scores before ordering:
2025-02-12 17:39:13,353 - DEBUG: Var 0 score: (2, 2, 153.67085345340575)
2025-02-12 17:39:13,354 - DEBUG: Var 1 score: (2, 2, 136.64901042297663)
2025-02-12 17:39:13,354 - DEBUG: Var 2 score: (1, 2, 227.45069959398396)
2025-02-12 17:39:13,356 - DEBUG: Var 3 score: (1, 2, 212.94392199485745)
2025-02-12 17:39:13,358 - DEBUG: Variable ordering:
2025-02-12 17:39:13,358 - DEBUG: Order: [3 2 1 0]
2025-02-12 17:39:13,359 - DEBUG: Original bounds before reordering:
2025-02-12 17:39:13,359 - DEBUG: Var 0 (Type: Integer): [-0.0, inf]
2025-02-12 17:39:13,360 - DEBUG: Var 1 (Type: Integer): [-0.0, inf]
2025-02-12 17:39:13,362 - DEBUG: Var 2 (Type: Continuous): [0.0, inf]
2025-02-12 17:39:13,363 - DEBUG: Var 3 (Type: Continuous): [0.0, inf]
2025-02-12 17:39:13,366 - DEBUG: Constraint scores before ordering:
2025-02-12 17:39:13,368 - DEBUG: Constr 0: Score: (2, 3, 199.9373414700277)
2025-02-12 17:39:13,369 - DEBUG: Constr 1: Score: (2, 3, 1.0396251274310992)
2025-02-12 17:39:13,370 - DEBUG: Constr 2: Score: (2, 3, 107.04919389633453)
2025-02-12 17:39:13,371 - DEBUG: Constraint ordering:
2025-02-12 17:39:13,372 - DEBUG: Order: [1 2 0]
2025-02-12 17:39:13,372 - DEBUG: Original constraints before reordering:
2025-02-12 17:39:13,373 - DEBUG: Constr 0: = 6.324555320336759
2025-02-12 17:39:13,374 - DEBUG: Constr 1: = 0.0
2025-02-12 17:39:13,375 - DEBUG: Constr 2: = 1.8973665961010275
2025-02-12 17:39:13,377 - INFO: Computing Permutation Distance after Canonicalization...
2025-02-12 17:39:13,379 - DEBUG: Original Canonical Constraint Order: [1 0 2]
2025-02-12 17:39:13,380 - DEBUG: Permuted Canonical Constraint Order: [1 0 2]
2025-02-12 17:39:13,383 - DEBUG: Original Canonical Variable Order: [2 3 0 1]
2025-02-12 17:39:13,384 - DEBUG: Permuted Canonical Variable Order: [2 3 0 1]
2025-02-12 17:39:13,385 - INFO: Permutation Distance After Canonicalization: 0.0
2025-02-12 17:39:13,386 - INFO: Applying final canonical ordering to permuted model and solving it
2025-02-12 17:39:13,387 - INFO: Solving Reordering Form from Permuted Model
2025-02-12 17:39:13,403 - INFO: Solve Status: Optimal solution found
2025-02-12 17:39:13,404 - INFO: Solve Time: 0.0150 seconds
2025-02-12 17:39:13,405 - INFO: Objective Value: 0.0
2025-02-12 17:39:13,406 - DEBUG: 
Objective:
    +2 x1 + +3 x2 + +4 x3 + +5 x4 (minimize)

Variables:
    x1 [0, inf] (Continuous)
    x2 [0, inf] (Continuous)
    x3 [-0, inf] (Integer)
    x4 [-0, inf] (Integer)

Constraints:
    -1 x2 + +1 x4 <= 0
    +3 x1 + +2 x3 <= 6
    +1 x1 + +1 x2 + +1 x3 + +1 x4 <= 10
2025-02-12 17:39:13,409 - DEBUG: Starting model validation...
2025-02-12 17:39:13,410 - DEBUG: Original canonical matrix: shape=(3, 4), nnz=8
2025-02-12 17:39:13,413 - DEBUG: Permuted canonical matrix: shape=(3, 4), nnz=8
2025-02-12 17:39:13,414 - DEBUG: Starting detailed model comparison...
2025-02-12 17:39:13,417 - DEBUG: Matrix coefficient differences found:
2025-02-12 17:39:13,417 - DEBUG: Position 0: -1.0 vs -0.3162277660168379
2025-02-12 17:39:13,418 - DEBUG: Position 1: 1.0 vs 0.3162277660168379
2025-02-12 17:39:13,419 - DEBUG: Position 2: 3.0 vs 0.2631174057921088
2025-02-12 17:39:13,419 - DEBUG: Position 3: 2.0 vs 0.22360679774997896
2025-02-12 17:39:13,420 - DEBUG: Position 4: 1.0 vs 0.17541160386140586
2025-02-12 17:39:13,420 - DEBUG: Validation result: False
2025-02-12 17:39:13,421 - INFO: Iteration 3 Results:
2025-02-12 17:39:13,422 - INFO: - Models equivalent: False
2025-02-12 17:39:13,423 - INFO: - Variable counts match: True
2025-02-12 17:39:13,423 - INFO: - Constraint counts match: True
2025-02-12 17:39:13,424 - INFO: - Original Objective Value: 0.0
2025-02-12 17:39:13,424 - INFO: - Permuted Objective Value: 0.0
2025-02-12 17:39:13,425 - INFO: - Canonical from Original Objective Value: 0.0
2025-02-12 17:39:13,426 - INFO: - Canonical from Permuted Objective Value: 0.0
2025-02-12 17:39:13,426 - INFO: - Original Solve Time: 0.0315845013 seconds
2025-02-12 17:39:13,427 - INFO: - Permuted Solve Time: 0.0319626331 seconds
2025-02-12 17:39:13,428 - INFO: - Canonical from Original Solve Time: 0.0189776421 seconds
2025-02-12 17:39:13,429 - INFO: - Canonical from Permuted Solve Time: 0.0149984360 seconds
2025-02-12 17:39:13,430 - INFO: - Permutation Distance Before Canonicalization: 5.0
2025-02-12 17:39:13,432 - INFO: - Permutation Distance After Canonicalization: 0.0
2025-02-12 17:39:13,435 - INFO: Solve-Time Variability (Standard Deviation):
2025-02-12 17:39:13,436 - INFO:  - Std(Original + Permuted Solve Times): 0.009145
2025-02-12 17:39:13,436 - INFO:  - Std(Canonical-from-Original + Canonical-from-Permuted Solve Times): 0.002016
2025-02-12 17:39:13,437 - INFO: Canonical form reduces solve-time variability across permutations.
2025-02-12 17:39:13,438 - INFO: Permutation Distance Variability (Standard Deviation):
2025-02-12 17:39:13,438 - INFO:  - Std(Permutation Distance Before Canonicalization): 0.577350
2025-02-12 17:39:13,439 - INFO:  - Std(Permutation Distance After Canonicalization): 1.154701
2025-02-12 17:39:13,440 - WARNING: Canonicalization does NOT sufficiently reduce permutation distance variability.
