2025-01-27 16:09:45,495 - INFO: Successfully loaded problem from input/dummy.mps
2025-01-27 16:09:45,495 - INFO: Problem Details:
2025-01-27 16:09:45,496 - INFO: - Variables: 4
2025-01-27 16:09:45,496 - INFO: - Constraints: 3
2025-01-27 16:09:45,497 - INFO: - Objective Sense: Minimize
2025-01-27 16:09:45,500 - DEBUG: 
Objective:
    +4 x1 + +5 x2 + +2 x3 + +3 x4 (minimize)

Variables:
    x1 [0, inf] (Integer)
    x2 [0, inf] (Integer)
    x3 [0, inf] (Continuous)
    x4 [0, inf] (Continuous)

Constraints:
    +2 x1 + +3 x3 <= 6
    +1 x2 - 1 x4 <= 0
    +1 x1 + +1 x2 + +1 x3 + +1 x4 <= 10
2025-01-27 16:09:45,504 - INFO: Solving Original Problem
2025-01-27 16:09:45,510 - INFO: Solve Status: Optimal solution found
2025-01-27 16:09:45,510 - INFO: Solve Time: 0.0060 seconds
2025-01-27 16:09:45,511 - INFO: Objective Value: 0.0
2025-01-27 16:09:45,511 - INFO: Original Problem Results:
2025-01-27 16:09:45,512 - INFO: - Objective Value: 0.0
2025-01-27 16:09:45,512 - INFO: - Solve Time: 0.0059940815 seconds
2025-01-27 16:09:45,512 - DEBUG: Generating canonical form for the original model...
2025-01-27 16:09:45,513 - DEBUG: Starting normalization...
2025-01-27 16:09:45,515 - DEBUG: Normalization completed.
2025-01-27 16:09:45,515 - DEBUG: Normalized matrix shape: (3, 4), nnz: 8
2025-01-27 16:09:45,519 - DEBUG: 
Objective:
    +4.24264 x1 + +6.32456 x2 + +7.07107 x3 + +8.94427 x4 (minimize)

Variables:
    x1 [0, inf] (Continuous)
    x2 [0, inf] (Continuous)
    x3 [-0, inf] (Integer)
    x4 [-0, inf] (Integer)

Constraints:
    +0.263117 x2 + +0.248069 x4 <= 1.6641
    -0.5 x1 + +0.5 x3 <= 0
    +0.353553 x1 + +0.158114 x2 + +0.353553 x3 + +0.223607 x4 <= 5
2025-01-27 16:09:45,522 - INFO: Running iteration 1/4
2025-01-27 16:09:45,523 - DEBUG: Starting new iteration...
2025-01-27 16:09:45,524 - INFO: Creating Permuted Problem
2025-01-27 16:09:45,525 - DEBUG: 
Objective:
    +5 x0 + +2 x1 + +4 x2 + +3 x3 (minimize)

Variables:
    x0 [-0, inf] (Integer)
    x1 [0, inf] (Continuous)
    x2 [-0, inf] (Integer)
    x3 [0, inf] (Continuous)

Constraints:
    +3 x1 + +2 x2 <= 6
    +1 x0 - 1 x3 <= 0
    +1 x0 + +1 x1 + +1 x2 + +1 x3 <= 10
2025-01-27 16:09:45,528 - INFO: Solving Permuted Problem
2025-01-27 16:09:45,535 - INFO: Solve Status: Optimal solution found
2025-01-27 16:09:45,536 - INFO: Solve Time: 0.0070 seconds
2025-01-27 16:09:45,536 - INFO: Objective Value: 0.0
2025-01-27 16:09:45,537 - INFO: Permuted Problem Results:
2025-01-27 16:09:45,537 - INFO: - Objective Value: 0.0
2025-01-27 16:09:45,537 - INFO: - Solve Time: 0.0070159435 seconds
2025-01-27 16:09:45,538 - DEBUG: Before canonicalization:
2025-01-27 16:09:45,538 - DEBUG: Original matrix: shape=(3, 4), nnz=8
2025-01-27 16:09:45,538 - DEBUG: Permuted matrix: shape=(3, 4), nnz=8
2025-01-27 16:09:45,539 - DEBUG: Generating canonical form for permuted model...
2025-01-27 16:09:45,539 - DEBUG: Starting normalization...
2025-01-27 16:09:45,541 - DEBUG: Normalization completed.
2025-01-27 16:09:45,541 - DEBUG: Normalized matrix shape: (3, 4), nnz: 8
2025-01-27 16:09:45,543 - DEBUG: 
Objective:
    +4.24264 x1 + +6.32456 x2 + +7.07107 x3 + +8.94427 x4 (minimize)

Variables:
    x1 [-0, inf] (Continuous)
    x2 [0, inf] (Continuous)
    x3 [-0, inf] (Integer)
    x4 [-0, inf] (Integer)

Constraints:
    +0.263117 x2 + +0.248069 x4 <= 1.6641
    -0.5 x1 + +0.5 x3 <= 0
    +0.353553 x1 + +0.158114 x2 + +0.353553 x3 + +0.223607 x4 <= 5
2025-01-27 16:09:45,546 - INFO: Solving Canonical Form from Original Model
2025-01-27 16:09:45,552 - INFO: Solve Status: Optimal solution found
2025-01-27 16:09:45,552 - INFO: Solve Time: 0.0050 seconds
2025-01-27 16:09:45,553 - INFO: Objective Value: 0.0
2025-01-27 16:09:45,553 - INFO: Solving Canonical Form from Permuted Model
2025-01-27 16:09:45,557 - INFO: Solve Status: Optimal solution found
2025-01-27 16:09:45,557 - INFO: Solve Time: 0.0040 seconds
2025-01-27 16:09:45,558 - INFO: Objective Value: 0.0
2025-01-27 16:09:45,558 - DEBUG: Starting model validation...
2025-01-27 16:09:45,559 - DEBUG: Original canonical matrix: shape=(3, 4), nnz=8
2025-01-27 16:09:45,559 - DEBUG: Permuted canonical matrix: shape=(3, 4), nnz=8
2025-01-27 16:09:45,560 - DEBUG: Starting detailed model comparison...
2025-01-27 16:09:45,562 - DEBUG: Models are equivalent within tolerance
2025-01-27 16:09:45,563 - DEBUG: Validation result: True
2025-01-27 16:09:45,564 - INFO: Iteration 1 Results:
2025-01-27 16:09:45,565 - INFO: - Models equivalent: True
2025-01-27 16:09:45,565 - INFO: - Variable counts match: True
2025-01-27 16:09:45,566 - INFO: - Constraint counts match: True
2025-01-27 16:09:45,566 - INFO: - Original Objective Value: 0.0
2025-01-27 16:09:45,567 - INFO: - Permuted Objective Value: 0.0
2025-01-27 16:09:45,568 - INFO: - Canonical from Original Objective Value: 0.0
2025-01-27 16:09:45,568 - INFO: - Canonical from Permuted Objective Value: 0.0
2025-01-27 16:09:45,569 - INFO: - Original Solve Time: 0.0059940815 seconds
2025-01-27 16:09:45,569 - INFO: - Permuted Solve Time: 0.0070159435 seconds
2025-01-27 16:09:45,570 - INFO: - Canonical from Original Solve Time: 0.0049955845 seconds
2025-01-27 16:09:45,570 - INFO: - Canonical from Permuted Solve Time: 0.0039999485 seconds
2025-01-27 16:09:45,571 - INFO: Running iteration 2/4
2025-01-27 16:09:45,571 - DEBUG: Starting new iteration...
2025-01-27 16:09:45,572 - INFO: Creating Permuted Problem
2025-01-27 16:09:45,573 - DEBUG: 
Objective:
    +3 x0 + +5 x1 + +4 x2 + +2 x3 (minimize)

Variables:
    x0 [0, inf] (Continuous)
    x1 [-0, inf] (Integer)
    x2 [-0, inf] (Integer)
    x3 [0, inf] (Continuous)

Constraints:
    +2 x2 + +3 x3 <= 6
    -1 x0 + +1 x1 <= 0
    +1 x0 + +1 x1 + +1 x2 + +1 x3 <= 10
2025-01-27 16:09:45,576 - INFO: Solving Permuted Problem
2025-01-27 16:09:45,586 - INFO: Solve Status: Optimal solution found
2025-01-27 16:09:45,586 - INFO: Solve Time: 0.0080 seconds
2025-01-27 16:09:45,587 - INFO: Objective Value: 0.0
2025-01-27 16:09:45,587 - INFO: Permuted Problem Results:
2025-01-27 16:09:45,588 - INFO: - Objective Value: 0.0
2025-01-27 16:09:45,588 - INFO: - Solve Time: 0.0079998970 seconds
2025-01-27 16:09:45,588 - DEBUG: Before canonicalization:
2025-01-27 16:09:45,589 - DEBUG: Original matrix: shape=(3, 4), nnz=8
2025-01-27 16:09:45,589 - DEBUG: Permuted matrix: shape=(3, 4), nnz=8
2025-01-27 16:09:45,590 - DEBUG: Generating canonical form for permuted model...
2025-01-27 16:09:45,591 - DEBUG: Starting normalization...
2025-01-27 16:09:45,592 - DEBUG: Normalization completed.
2025-01-27 16:09:45,593 - DEBUG: Normalized matrix shape: (3, 4), nnz: 8
2025-01-27 16:09:45,595 - DEBUG: 
Objective:
    +4.24264 x1 + +6.32456 x2 + +7.07107 x3 + +8.94427 x4 (minimize)

Variables:
    x1 [0, inf] (Continuous)
    x2 [-0, inf] (Continuous)
    x3 [-0, inf] (Integer)
    x4 [-0, inf] (Integer)

Constraints:
    +0.263117 x2 + +0.248069 x4 <= 1.6641
    -0.5 x1 + +0.5 x3 <= 0
    +0.353553 x1 + +0.158114 x2 + +0.353553 x3 + +0.223607 x4 <= 5
2025-01-27 16:09:45,599 - INFO: Solving Canonical Form from Original Model
2025-01-27 16:09:45,606 - INFO: Solve Status: Optimal solution found
2025-01-27 16:09:45,606 - INFO: Solve Time: 0.0050 seconds
2025-01-27 16:09:45,606 - INFO: Objective Value: 0.0
2025-01-27 16:09:45,606 - INFO: Solving Canonical Form from Permuted Model
2025-01-27 16:09:45,612 - INFO: Solve Status: Optimal solution found
2025-01-27 16:09:45,613 - INFO: Solve Time: 0.0050 seconds
2025-01-27 16:09:45,614 - INFO: Objective Value: 0.0
2025-01-27 16:09:45,615 - DEBUG: Starting model validation...
2025-01-27 16:09:45,615 - DEBUG: Original canonical matrix: shape=(3, 4), nnz=8
2025-01-27 16:09:45,615 - DEBUG: Permuted canonical matrix: shape=(3, 4), nnz=8
2025-01-27 16:09:45,616 - DEBUG: Starting detailed model comparison...
2025-01-27 16:09:45,617 - DEBUG: Models are equivalent within tolerance
2025-01-27 16:09:45,617 - DEBUG: Validation result: True
2025-01-27 16:09:45,618 - INFO: Iteration 2 Results:
2025-01-27 16:09:45,618 - INFO: - Models equivalent: True
2025-01-27 16:09:45,619 - INFO: - Variable counts match: True
2025-01-27 16:09:45,619 - INFO: - Constraint counts match: True
2025-01-27 16:09:45,619 - INFO: - Original Objective Value: 0.0
2025-01-27 16:09:45,620 - INFO: - Permuted Objective Value: 0.0
2025-01-27 16:09:45,620 - INFO: - Canonical from Original Objective Value: 0.0
2025-01-27 16:09:45,620 - INFO: - Canonical from Permuted Objective Value: 0.0
2025-01-27 16:09:45,621 - INFO: - Original Solve Time: 0.0059940815 seconds
2025-01-27 16:09:45,621 - INFO: - Permuted Solve Time: 0.0079998970 seconds
2025-01-27 16:09:45,622 - INFO: - Canonical from Original Solve Time: 0.0049989223 seconds
2025-01-27 16:09:45,622 - INFO: - Canonical from Permuted Solve Time: 0.0050094128 seconds
2025-01-27 16:09:45,623 - INFO: Running iteration 3/4
2025-01-27 16:09:45,623 - DEBUG: Starting new iteration...
2025-01-27 16:09:45,623 - INFO: Creating Permuted Problem
2025-01-27 16:09:45,626 - DEBUG: 
Objective:
    +3 x0 + +2 x1 + +5 x2 + +4 x3 (minimize)

Variables:
    x0 [0, inf] (Continuous)
    x1 [0, inf] (Continuous)
    x2 [-0, inf] (Integer)
    x3 [-0, inf] (Integer)

Constraints:
    +3 x1 + +2 x3 <= 6
    -1 x0 + +1 x2 <= 0
    +1 x0 + +1 x1 + +1 x2 + +1 x3 <= 10
2025-01-27 16:09:45,629 - INFO: Solving Permuted Problem
2025-01-27 16:09:45,638 - INFO: Solve Status: Optimal solution found
2025-01-27 16:09:45,638 - INFO: Solve Time: 0.0080 seconds
2025-01-27 16:09:45,639 - INFO: Objective Value: 0.0
2025-01-27 16:09:45,639 - INFO: Permuted Problem Results:
2025-01-27 16:09:45,641 - INFO: - Objective Value: 0.0
2025-01-27 16:09:45,641 - INFO: - Solve Time: 0.0079917908 seconds
2025-01-27 16:09:45,642 - DEBUG: Before canonicalization:
2025-01-27 16:09:45,643 - DEBUG: Original matrix: shape=(3, 4), nnz=8
2025-01-27 16:09:45,643 - DEBUG: Permuted matrix: shape=(3, 4), nnz=8
2025-01-27 16:09:45,644 - DEBUG: Generating canonical form for permuted model...
2025-01-27 16:09:45,645 - DEBUG: Starting normalization...
2025-01-27 16:09:45,648 - DEBUG: Normalization completed.
2025-01-27 16:09:45,649 - DEBUG: Normalized matrix shape: (3, 4), nnz: 8
2025-01-27 16:09:45,650 - DEBUG: 
Objective:
    +4.24264 x1 + +6.32456 x2 + +7.07107 x3 + +8.94427 x4 (minimize)

Variables:
    x1 [0, inf] (Continuous)
    x2 [0, inf] (Continuous)
    x3 [-0, inf] (Integer)
    x4 [-0, inf] (Integer)

Constraints:
    +0.263117 x2 + +0.248069 x4 <= 1.6641
    -0.5 x1 + +0.5 x3 <= 0
    +0.353553 x1 + +0.158114 x2 + +0.353553 x3 + +0.223607 x4 <= 5
2025-01-27 16:09:45,653 - INFO: Solving Canonical Form from Original Model
2025-01-27 16:09:45,659 - INFO: Solve Status: Optimal solution found
2025-01-27 16:09:45,660 - INFO: Solve Time: 0.0060 seconds
2025-01-27 16:09:45,660 - INFO: Objective Value: 0.0
2025-01-27 16:09:45,661 - INFO: Solving Canonical Form from Permuted Model
2025-01-27 16:09:45,666 - INFO: Solve Status: Optimal solution found
2025-01-27 16:09:45,666 - INFO: Solve Time: 0.0050 seconds
2025-01-27 16:09:45,667 - INFO: Objective Value: 0.0
2025-01-27 16:09:45,667 - DEBUG: Starting model validation...
2025-01-27 16:09:45,668 - DEBUG: Original canonical matrix: shape=(3, 4), nnz=8
2025-01-27 16:09:45,668 - DEBUG: Permuted canonical matrix: shape=(3, 4), nnz=8
2025-01-27 16:09:45,668 - DEBUG: Starting detailed model comparison...
2025-01-27 16:09:45,669 - DEBUG: Models are equivalent within tolerance
2025-01-27 16:09:45,670 - DEBUG: Validation result: True
2025-01-27 16:09:45,670 - INFO: Iteration 3 Results:
2025-01-27 16:09:45,670 - INFO: - Models equivalent: True
2025-01-27 16:09:45,671 - INFO: - Variable counts match: True
2025-01-27 16:09:45,671 - INFO: - Constraint counts match: True
2025-01-27 16:09:45,671 - INFO: - Original Objective Value: 0.0
2025-01-27 16:09:45,671 - INFO: - Permuted Objective Value: 0.0
2025-01-27 16:09:45,672 - INFO: - Canonical from Original Objective Value: 0.0
2025-01-27 16:09:45,672 - INFO: - Canonical from Permuted Objective Value: 0.0
2025-01-27 16:09:45,672 - INFO: - Original Solve Time: 0.0059940815 seconds
2025-01-27 16:09:45,673 - INFO: - Permuted Solve Time: 0.0079917908 seconds
2025-01-27 16:09:45,673 - INFO: - Canonical from Original Solve Time: 0.0060012341 seconds
2025-01-27 16:09:45,674 - INFO: - Canonical from Permuted Solve Time: 0.0049941540 seconds
2025-01-27 16:09:45,674 - INFO: Running iteration 4/4
2025-01-27 16:09:45,674 - DEBUG: Starting new iteration...
2025-01-27 16:09:45,674 - INFO: Creating Permuted Problem
2025-01-27 16:09:45,676 - DEBUG: 
Objective:
    +2 x0 + +5 x1 + +3 x2 + +4 x3 (minimize)

Variables:
    x0 [0, inf] (Continuous)
    x1 [-0, inf] (Integer)
    x2 [0, inf] (Continuous)
    x3 [-0, inf] (Integer)

Constraints:
    +3 x0 + +2 x3 <= 6
    +1 x1 - 1 x2 <= 0
    +1 x0 + +1 x1 + +1 x2 + +1 x3 <= 10
2025-01-27 16:09:45,679 - INFO: Solving Permuted Problem
2025-01-27 16:09:45,686 - INFO: Solve Status: Optimal solution found
2025-01-27 16:09:45,686 - INFO: Solve Time: 0.0060 seconds
2025-01-27 16:09:45,687 - INFO: Objective Value: 0.0
2025-01-27 16:09:45,687 - INFO: Permuted Problem Results:
2025-01-27 16:09:45,687 - INFO: - Objective Value: 0.0
2025-01-27 16:09:45,688 - INFO: - Solve Time: 0.0059783459 seconds
2025-01-27 16:09:45,688 - DEBUG: Before canonicalization:
2025-01-27 16:09:45,689 - DEBUG: Original matrix: shape=(3, 4), nnz=8
2025-01-27 16:09:45,689 - DEBUG: Permuted matrix: shape=(3, 4), nnz=8
2025-01-27 16:09:45,689 - DEBUG: Generating canonical form for permuted model...
2025-01-27 16:09:45,690 - DEBUG: Starting normalization...
2025-01-27 16:09:45,691 - DEBUG: Normalization completed.
2025-01-27 16:09:45,691 - DEBUG: Normalized matrix shape: (3, 4), nnz: 8
2025-01-27 16:09:45,694 - DEBUG: 
Objective:
    +4.24264 x1 + +6.32456 x2 + +7.07107 x3 + +8.94427 x4 (minimize)

Variables:
    x1 [-0, inf] (Continuous)
    x2 [0, inf] (Continuous)
    x3 [-0, inf] (Integer)
    x4 [-0, inf] (Integer)

Constraints:
    +0.263117 x2 + +0.248069 x4 <= 1.6641
    -0.5 x1 + +0.5 x3 <= 0
    +0.353553 x1 + +0.158114 x2 + +0.353553 x3 + +0.223607 x4 <= 5
2025-01-27 16:09:45,698 - INFO: Solving Canonical Form from Original Model
2025-01-27 16:09:45,704 - INFO: Solve Status: Optimal solution found
2025-01-27 16:09:45,704 - INFO: Solve Time: 0.0050 seconds
2025-01-27 16:09:45,704 - INFO: Objective Value: 0.0
2025-01-27 16:09:45,704 - INFO: Solving Canonical Form from Permuted Model
2025-01-27 16:09:45,710 - INFO: Solve Status: Optimal solution found
2025-01-27 16:09:45,711 - INFO: Solve Time: 0.0050 seconds
2025-01-27 16:09:45,711 - INFO: Objective Value: 0.0
2025-01-27 16:09:45,711 - DEBUG: Starting model validation...
2025-01-27 16:09:45,712 - DEBUG: Original canonical matrix: shape=(3, 4), nnz=8
2025-01-27 16:09:45,713 - DEBUG: Permuted canonical matrix: shape=(3, 4), nnz=8
2025-01-27 16:09:45,714 - DEBUG: Starting detailed model comparison...
2025-01-27 16:09:45,715 - DEBUG: Models are equivalent within tolerance
2025-01-27 16:09:45,715 - DEBUG: Validation result: True
2025-01-27 16:09:45,716 - INFO: Iteration 4 Results:
2025-01-27 16:09:45,716 - INFO: - Models equivalent: True
2025-01-27 16:09:45,716 - INFO: - Variable counts match: True
2025-01-27 16:09:45,717 - INFO: - Constraint counts match: True
2025-01-27 16:09:45,717 - INFO: - Original Objective Value: 0.0
2025-01-27 16:09:45,717 - INFO: - Permuted Objective Value: 0.0
2025-01-27 16:09:45,718 - INFO: - Canonical from Original Objective Value: 0.0
2025-01-27 16:09:45,718 - INFO: - Canonical from Permuted Objective Value: 0.0
2025-01-27 16:09:45,718 - INFO: - Original Solve Time: 0.0059940815 seconds
2025-01-27 16:09:45,719 - INFO: - Permuted Solve Time: 0.0059783459 seconds
2025-01-27 16:09:45,719 - INFO: - Canonical from Original Solve Time: 0.0049986839 seconds
2025-01-27 16:09:45,719 - INFO: - Canonical from Permuted Solve Time: 0.0050034523 seconds
