2025-02-10 10:14:51,428 - INFO: Successfully loaded problem from S3: s3://lucapolimi-experiments/input/gen-ip054.mps
2025-02-10 10:14:51,429 - INFO: Successfully loaded problem from input/gen-ip054.mps
2025-02-10 10:14:51,429 - INFO: Problem Details:
2025-02-10 10:14:51,429 - INFO: - Variables: 30
2025-02-10 10:14:51,429 - INFO: - Constraints: 27
2025-02-10 10:14:51,429 - INFO: - Objective Sense: Minimize
2025-02-10 10:14:51,433 - INFO: Solving Original Problem
2025-02-10 10:23:45,276 - INFO: Solve Status: Optimal solution found
2025-02-10 10:23:45,277 - INFO: Solve Time: 533.8435 seconds
2025-02-10 10:23:45,277 - INFO: Objective Value: 6840.965641792
2025-02-10 10:23:45,291 - INFO: Solving Canonical from Original Problem
2025-02-10 10:31:58,876 - INFO: Solve Status: Optimal solution found
2025-02-10 10:31:58,876 - INFO: Solve Time: 493.5850 seconds
2025-02-10 10:31:58,876 - INFO: Objective Value: 6840.965641792001
2025-02-10 10:31:58,876 - INFO: Running iteration 1/5
2025-02-10 10:31:58,877 - INFO: Creating Permuted Problem
2025-02-10 10:31:58,882 - INFO: Computing Permutation Distance before Canonicalization...
2025-02-10 10:31:58,883 - INFO: Permutation Distance Before Canonicalization: 382.0
2025-02-10 10:31:58,883 - INFO: Solving Permuted Problem
2025-02-10 10:40:44,208 - INFO: Solve Status: Optimal solution found
2025-02-10 10:40:44,208 - INFO: Solve Time: 525.3253 seconds
2025-02-10 10:40:44,209 - INFO: Objective Value: 6840.965641792
2025-02-10 10:40:44,223 - INFO: Solving Canonical Form from Permuted Model
2025-02-10 10:48:48,909 - INFO: Solve Status: Optimal solution found
2025-02-10 10:48:48,909 - INFO: Solve Time: 484.6855 seconds
2025-02-10 10:48:48,909 - INFO: Objective Value: 6840.965641792001
2025-02-10 10:48:48,909 - INFO: Computing Adjusted Permuted Canonical Order...
2025-02-10 10:48:48,909 - INFO: Computing Permutation Distance after Canonicalization...
2025-02-10 10:48:48,910 - INFO: Permutation Distance After Canonicalization: 0.0
2025-02-10 10:48:49,059 - INFO: Iteration 1 Results:
2025-02-10 10:48:49,060 - INFO: - Models equivalent: True
2025-02-10 10:48:49,060 - INFO: - Variable counts match: True
2025-02-10 10:48:49,061 - INFO: - Constraint counts match: True
2025-02-10 10:48:49,062 - INFO: - Original Objective Value: 6840.965641792
2025-02-10 10:48:49,063 - INFO: - Permuted Objective Value: 6840.965641792
2025-02-10 10:48:49,063 - INFO: - Canonical from Original Objective Value: 6840.965641792001
2025-02-10 10:48:49,063 - INFO: - Canonical from Permuted Objective Value: 6840.965641792001
2025-02-10 10:48:49,063 - INFO: - Original Solve Time: 533.8435237408 seconds
2025-02-10 10:48:49,063 - INFO: - Permuted Solve Time: 525.3252940178 seconds
2025-02-10 10:48:49,064 - INFO: - Canonical from Original Solve Time: 493.5849571228 seconds
2025-02-10 10:48:49,064 - INFO: - Canonical from Permuted Solve Time: 484.6854898930 seconds
2025-02-10 10:48:49,064 - INFO: - Permutation Distance Before Canonicalization: 382.0
2025-02-10 10:48:49,065 - INFO: - Permutation Distance After Canonicalization: 0.0
2025-02-10 10:48:49,065 - INFO: Running iteration 2/5
2025-02-10 10:48:49,066 - INFO: Creating Permuted Problem
2025-02-10 10:48:49,076 - INFO: Computing Permutation Distance before Canonicalization...
2025-02-10 10:48:49,077 - INFO: Permutation Distance Before Canonicalization: 395.0
2025-02-10 10:48:49,077 - INFO: Solving Permuted Problem
2025-02-10 11:00:34,936 - INFO: Solve Status: Optimal solution found
2025-02-10 11:00:34,936 - INFO: Solve Time: 705.8588 seconds
2025-02-10 11:00:34,936 - INFO: Objective Value: 6840.965641791999
2025-02-10 11:00:34,950 - INFO: Solving Canonical Form from Permuted Model
2025-02-10 11:09:04,442 - INFO: Solve Status: Optimal solution found
2025-02-10 11:09:04,442 - INFO: Solve Time: 509.4914 seconds
2025-02-10 11:09:04,442 - INFO: Objective Value: 6840.965641792001
2025-02-10 11:09:04,442 - INFO: Computing Adjusted Permuted Canonical Order...
2025-02-10 11:09:04,442 - INFO: Computing Permutation Distance after Canonicalization...
2025-02-10 11:09:04,443 - INFO: Permutation Distance After Canonicalization: 0.0
2025-02-10 11:09:04,669 - INFO: Iteration 2 Results:
2025-02-10 11:09:04,670 - INFO: - Models equivalent: True
2025-02-10 11:09:04,670 - INFO: - Variable counts match: True
2025-02-10 11:09:04,670 - INFO: - Constraint counts match: True
2025-02-10 11:09:04,671 - INFO: - Original Objective Value: 6840.965641792
2025-02-10 11:09:04,671 - INFO: - Permuted Objective Value: 6840.965641791999
2025-02-10 11:09:04,672 - INFO: - Canonical from Original Objective Value: 6840.965641792001
2025-02-10 11:09:04,672 - INFO: - Canonical from Permuted Objective Value: 6840.965641792001
2025-02-10 11:09:04,673 - INFO: - Original Solve Time: 533.8435237408 seconds
2025-02-10 11:09:04,674 - INFO: - Permuted Solve Time: 705.8587601185 seconds
2025-02-10 11:09:04,674 - INFO: - Canonical from Original Solve Time: 493.5849571228 seconds
2025-02-10 11:09:04,674 - INFO: - Canonical from Permuted Solve Time: 509.4913566113 seconds
2025-02-10 11:09:04,674 - INFO: - Permutation Distance Before Canonicalization: 395.0
2025-02-10 11:09:04,675 - INFO: - Permutation Distance After Canonicalization: 0.0
2025-02-10 11:09:04,675 - INFO: Running iteration 3/5
2025-02-10 11:09:04,676 - INFO: Creating Permuted Problem
2025-02-10 11:09:04,686 - INFO: Computing Permutation Distance before Canonicalization...
2025-02-10 11:09:04,687 - INFO: Permutation Distance Before Canonicalization: 410.0
2025-02-10 11:09:04,687 - INFO: Solving Permuted Problem
2025-02-10 11:17:55,807 - INFO: Solve Status: Optimal solution found
2025-02-10 11:17:55,807 - INFO: Solve Time: 531.1201 seconds
2025-02-10 11:17:55,807 - INFO: Objective Value: 6840.9656417920005
2025-02-10 11:17:55,821 - INFO: Solving Canonical Form from Permuted Model
2025-02-10 11:26:11,138 - INFO: Solve Status: Optimal solution found
2025-02-10 11:26:11,138 - INFO: Solve Time: 495.3171 seconds
2025-02-10 11:26:11,138 - INFO: Objective Value: 6840.965641792001
2025-02-10 11:26:11,138 - INFO: Computing Adjusted Permuted Canonical Order...
2025-02-10 11:26:11,138 - INFO: Computing Permutation Distance after Canonicalization...
2025-02-10 11:26:11,139 - INFO: Permutation Distance After Canonicalization: 0.0
2025-02-10 11:26:11,276 - INFO: Iteration 3 Results:
2025-02-10 11:26:11,277 - INFO: - Models equivalent: True
2025-02-10 11:26:11,277 - INFO: - Variable counts match: True
2025-02-10 11:26:11,278 - INFO: - Constraint counts match: True
2025-02-10 11:26:11,278 - INFO: - Original Objective Value: 6840.965641792
2025-02-10 11:26:11,279 - INFO: - Permuted Objective Value: 6840.9656417920005
2025-02-10 11:26:11,279 - INFO: - Canonical from Original Objective Value: 6840.965641792001
2025-02-10 11:26:11,279 - INFO: - Canonical from Permuted Objective Value: 6840.965641792001
2025-02-10 11:26:11,280 - INFO: - Original Solve Time: 533.8435237408 seconds
2025-02-10 11:26:11,280 - INFO: - Permuted Solve Time: 531.1200654507 seconds
2025-02-10 11:26:11,280 - INFO: - Canonical from Original Solve Time: 493.5849571228 seconds
2025-02-10 11:26:11,280 - INFO: - Canonical from Permuted Solve Time: 495.3171265125 seconds
2025-02-10 11:26:11,280 - INFO: - Permutation Distance Before Canonicalization: 410.0
2025-02-10 11:26:11,280 - INFO: - Permutation Distance After Canonicalization: 0.0
2025-02-10 11:26:11,281 - INFO: Running iteration 4/5
2025-02-10 11:26:11,281 - INFO: Creating Permuted Problem
2025-02-10 11:26:11,293 - INFO: Computing Permutation Distance before Canonicalization...
2025-02-10 11:26:11,294 - INFO: Permutation Distance Before Canonicalization: 389.0
2025-02-10 11:26:11,294 - INFO: Solving Permuted Problem
2025-02-10 11:35:29,045 - INFO: Solve Status: Optimal solution found
2025-02-10 11:35:29,045 - INFO: Solve Time: 557.7514 seconds
2025-02-10 11:35:29,046 - INFO: Objective Value: 6840.965641792
2025-02-10 11:35:29,059 - INFO: Solving Canonical Form from Permuted Model
2025-02-10 11:43:39,078 - INFO: Solve Status: Optimal solution found
2025-02-10 11:43:39,079 - INFO: Solve Time: 490.0189 seconds
2025-02-10 11:43:39,079 - INFO: Objective Value: 6840.965641792001
2025-02-10 11:43:39,079 - INFO: Computing Adjusted Permuted Canonical Order...
2025-02-10 11:43:39,079 - INFO: Computing Permutation Distance after Canonicalization...
2025-02-10 11:43:39,080 - INFO: Permutation Distance After Canonicalization: 0.0
2025-02-10 11:43:39,221 - INFO: Iteration 4 Results:
2025-02-10 11:43:39,221 - INFO: - Models equivalent: True
2025-02-10 11:43:39,221 - INFO: - Variable counts match: True
2025-02-10 11:43:39,222 - INFO: - Constraint counts match: True
2025-02-10 11:43:39,222 - INFO: - Original Objective Value: 6840.965641792
2025-02-10 11:43:39,223 - INFO: - Permuted Objective Value: 6840.965641792
2025-02-10 11:43:39,223 - INFO: - Canonical from Original Objective Value: 6840.965641792001
2025-02-10 11:43:39,223 - INFO: - Canonical from Permuted Objective Value: 6840.965641792001
2025-02-10 11:43:39,223 - INFO: - Original Solve Time: 533.8435237408 seconds
2025-02-10 11:43:39,224 - INFO: - Permuted Solve Time: 557.7514491081 seconds
2025-02-10 11:43:39,224 - INFO: - Canonical from Original Solve Time: 493.5849571228 seconds
2025-02-10 11:43:39,224 - INFO: - Canonical from Permuted Solve Time: 490.0188901424 seconds
2025-02-10 11:43:39,225 - INFO: - Permutation Distance Before Canonicalization: 389.0
2025-02-10 11:43:39,225 - INFO: - Permutation Distance After Canonicalization: 0.0
2025-02-10 11:43:39,226 - INFO: Running iteration 5/5
2025-02-10 11:43:39,226 - INFO: Creating Permuted Problem
2025-02-10 11:43:39,237 - INFO: Computing Permutation Distance before Canonicalization...
2025-02-10 11:43:39,237 - INFO: Permutation Distance Before Canonicalization: 424.0
2025-02-10 11:43:39,237 - INFO: Solving Permuted Problem
2025-02-10 11:52:53,378 - INFO: Solve Status: Optimal solution found
2025-02-10 11:52:53,378 - INFO: Solve Time: 554.1402 seconds
2025-02-10 11:52:53,378 - INFO: Objective Value: 6840.9656417920005
2025-02-10 11:52:53,392 - INFO: Solving Canonical Form from Permuted Model
2025-02-10 12:01:10,314 - INFO: Solve Status: Optimal solution found
2025-02-10 12:01:10,314 - INFO: Solve Time: 496.9222 seconds
2025-02-10 12:01:10,314 - INFO: Objective Value: 6840.965641792001
2025-02-10 12:01:10,315 - INFO: Computing Adjusted Permuted Canonical Order...
2025-02-10 12:01:10,315 - INFO: Computing Permutation Distance after Canonicalization...
2025-02-10 12:01:10,315 - INFO: Permutation Distance After Canonicalization: 0.0
2025-02-10 12:01:10,451 - INFO: Iteration 5 Results:
2025-02-10 12:01:10,452 - INFO: - Models equivalent: True
2025-02-10 12:01:10,452 - INFO: - Variable counts match: True
2025-02-10 12:01:10,452 - INFO: - Constraint counts match: True
2025-02-10 12:01:10,453 - INFO: - Original Objective Value: 6840.965641792
2025-02-10 12:01:10,453 - INFO: - Permuted Objective Value: 6840.9656417920005
2025-02-10 12:01:10,453 - INFO: - Canonical from Original Objective Value: 6840.965641792001
2025-02-10 12:01:10,453 - INFO: - Canonical from Permuted Objective Value: 6840.965641792001
2025-02-10 12:01:10,454 - INFO: - Original Solve Time: 533.8435237408 seconds
2025-02-10 12:01:10,454 - INFO: - Permuted Solve Time: 554.1402001381 seconds
2025-02-10 12:01:10,454 - INFO: - Canonical from Original Solve Time: 493.5849571228 seconds
2025-02-10 12:01:10,455 - INFO: - Canonical from Permuted Solve Time: 496.9221549034 seconds
2025-02-10 12:01:10,455 - INFO: - Permutation Distance Before Canonicalization: 424.0
2025-02-10 12:01:10,455 - INFO: - Permutation Distance After Canonicalization: 0.0
2025-02-10 12:01:10,455 - INFO: Solve-Time Variability Metrics:
2025-02-10 12:01:10,456 - INFO: - Mean Solve-Time Variability (Original vs Permuted): 0.068849
2025-02-10 12:01:10,456 - INFO: - Mean Solve-Time Variability (Canonical vs Canonical): 0.013338
2025-02-10 12:01:10,456 - INFO: Canonical form has improved solve-time consistency across permutations.
