2025-02-24 10:13:53,588 - INFO: Successfully loaded local problem from input/example-min.mps
2025-02-24 10:13:53,589 - INFO: Experiment Settings:
2025-02-24 10:13:53,589 - INFO: - INPUT_DIR: input/
2025-02-24 10:13:53,590 - INFO: - LOG_LEVEL: 20
2025-02-24 10:13:53,591 - INFO: - OUTPUT_DIR: experiments/
2025-02-24 10:13:53,592 - INFO: - INPUT_PROBLEM: example-min.mps
2025-02-24 10:13:53,593 - INFO: - NUMBER_OF_PERMUTATIONS: 1
2025-02-24 10:13:53,593 - INFO: - NORMALIZATION_ACTIVE: False
2025-02-24 10:13:53,594 - INFO: - MATRICES_TO_CSV: False
2025-02-24 10:13:53,595 - INFO: - LOG_MATRIX: False
2025-02-24 10:13:53,596 - INFO: - LOG_MODEL_COMPARISON: False
2025-02-24 10:13:53,597 - INFO: - PRODUCTION: False
2025-02-24 10:13:53,597 - INFO: - RECURSIVE_RULES: True
2025-02-24 10:13:53,598 - INFO: - DISABLE_SOLVING: True
2025-02-24 10:13:53,599 - INFO: Successfully loaded problem from input/example-min.mps
2025-02-24 10:13:53,600 - INFO: Problem Details:
2025-02-24 10:13:53,601 - INFO: - Variables: 18
2025-02-24 10:13:53,602 - INFO: - Constraints: 18
2025-02-24 10:13:53,603 - INFO: - Objective Sense: Minimize
2025-02-24 10:13:53,605 - INFO: Solving Original Problem
2025-02-24 10:13:53,606 - INFO: Solving is disabled via environment variable. Returning placeholder result.
2025-02-24 10:13:54,678 - INFO: Solving Canonical from Original Problem
2025-02-24 10:13:54,679 - INFO: Solving is disabled via environment variable. Returning placeholder result.
2025-02-24 10:13:54,680 - INFO: Running iteration 1/1
2025-02-24 10:13:54,681 - INFO: Creating Permuted Problem
2025-02-24 10:13:54,686 - INFO: Computing Permutation Distance before Canonicalization...
2025-02-24 10:13:54,688 - INFO: Permutation Distance Before Canonicalization: 157.0
2025-02-24 10:13:54,689 - INFO: Solving Permuted Problem
2025-02-24 10:13:54,690 - INFO: Solving is disabled via environment variable. Returning placeholder result.
2025-02-24 10:13:54,691 - INFO: Scaling is disabled. Using unscaled permuted model.
2025-02-24 10:13:54,692 - INFO: Normalization is disabled. Using the intermediate model as is.
2025-02-24 10:13:55,646 - INFO: Computing Permutation Distance after Canonicalization...
2025-02-24 10:13:55,649 - INFO: Permutation Distance After Canonicalization: 71.0
2025-02-24 10:13:55,650 - INFO: Applying final canonical ordering to permuted model and solving it
2025-02-24 10:13:55,652 - INFO: Solving Reordering Form from Permuted Model
2025-02-24 10:13:55,653 - INFO: Solving is disabled via environment variable. Returning placeholder result.
2025-02-24 10:13:55,656 - INFO: Iteration 1 Results:
2025-02-24 10:13:55,657 - INFO: - Models equivalent: False
2025-02-24 10:13:55,658 - INFO: - Variable counts match: True
2025-02-24 10:13:55,659 - INFO: - Constraint counts match: True
2025-02-24 10:13:55,660 - INFO: - Original Objective Value: None
2025-02-24 10:13:55,661 - INFO: - Permuted Objective Value: None
2025-02-24 10:13:55,662 - INFO: - Canonical from Original Objective Value: None
2025-02-24 10:13:55,663 - INFO: - Canonical from Permuted Objective Value: None
2025-02-24 10:13:55,664 - INFO: - Original Solve Time: 0.0000000000 seconds
2025-02-24 10:13:55,665 - INFO: - Permuted Solve Time: 0.0000000000 seconds
2025-02-24 10:13:55,666 - INFO: - Canonical from Original Solve Time: 0.0000000000 seconds
2025-02-24 10:13:55,667 - INFO: - Canonical from Permuted Solve Time: 0.0000000000 seconds
2025-02-24 10:13:55,668 - INFO: - Original Work Units: 0.0000000000
2025-02-24 10:13:55,669 - INFO: - Permuted Work Units: 0.0000000000
2025-02-24 10:13:55,670 - INFO: - Canonical from Original Work Units: 0.0000000000
2025-02-24 10:13:55,671 - INFO: - Canonical from Permuted Work Units: 0.0000000000
2025-02-24 10:13:55,673 - INFO: - Permutation Distance Before Canonicalization: 157.0
2025-02-24 10:13:55,674 - INFO: - Permutation Distance After Canonicalization: 71.0
2025-02-24 10:13:55,675 - WARNING: Not enough runs to compute standard deviation of solve times.
2025-02-24 10:13:55,676 - WARNING: Not enough runs to compute standard deviation of work units.
2025-02-24 10:13:55,677 - WARNING: Not enough runs to compute standard deviation of permutation distances.
2025-02-24 10:13:55,678 - INFO: Granularity Statistics:
2025-02-24 10:13:55,679 - INFO:  - Total Blocks: 58
2025-02-24 10:13:55,680 - INFO:  - Avg(Block Size): 5.5862
2025-02-24 10:13:55,681 - INFO:  - Min(Block Size): 1
2025-02-24 10:13:55,681 - INFO:  - Max(Block Size): 50
2025-02-24 10:13:55,682 - INFO:  - Sum of SubBlocks sizes: 324
2025-02-24 10:13:55,684 - INFO:  - Original matrix size: 324
